[2026-06-04 06:21:03]
    PID     TID STAT %CPU %MEM COMMAND
     39      39 SN    6.6  0.2 agent-leak-app-

[2026-06-04 06:21:04]
    PID     TID STAT %CPU %MEM COMMAND
     39      39 SN    1.8  0.2 agent-leak-app-

[2026-06-04 06:21:05]
    PID     TID STAT %CPU %MEM COMMAND
     39      39 SN    1.0  0.2 agent-leak-app-

[2026-06-04 06:21:07]
    PID     TID STAT %CPU %MEM COMMAND
     39      39 SNl   0.7  0.5 agent-leak-app-
     39      86 SNl   0.0  0.5 agent-leak-app-
     39      87 SNl   0.0  0.5 agent-leak-app-

[2026-06-04 06:21:08]
    PID     TID STAT %CPU %MEM COMMAND
     39      39 SNl   0.5  0.5 agent-leak-app-
     39      86 SNl   0.0  0.5 agent-leak-app-
     39      87 SNl   0.0  0.5 agent-leak-app-

[2026-06-04 06:21:09]
    PID     TID STAT %CPU %MEM COMMAND
     39      39 SNl   0.4  0.8 agent-leak-app-
     39      86 SNl   0.2  0.8 agent-leak-app-
     39      87 SNl   0.2  0.8 agent-leak-app-

[2026-06-04 06:21:10]
    PID     TID STAT %CPU %MEM COMMAND
     39      39 SNl   0.3  0.8 agent-leak-app-
     39      86 SNl   0.2  0.8 agent-leak-app-
     39      87 SNl   0.2  0.8 agent-leak-app-

[2026-06-04 06:21:11]
    PID     TID STAT %CPU %MEM COMMAND
     39      39 SNl   0.3  0.8 agent-leak-app-
     39      86 SNl   0.1  0.8 agent-leak-app-
     39      87 SNl   0.1  0.8 agent-leak-app-

[2026-06-04 06:21:13]
    PID     TID STAT %CPU %MEM COMMAND
     39      39 SNl   0.2  1.1 agent-leak-app-
     39      86 SNl   0.1  1.1 agent-leak-app-
     39      87 SNl   0.2  1.1 agent-leak-app-

[2026-06-04 06:21:14]
    PID     TID STAT %CPU %MEM COMMAND
     39      39 SNl   0.2  1.1 agent-leak-app-
     39      86 SNl   0.1  1.1 agent-leak-app-
     39      87 SNl   0.2  1.1 agent-leak-app-

[2026-06-04 06:21:15]
    PID     TID STAT %CPU %MEM COMMAND
     39      39 SNl   0.2  1.4 agent-leak-app-
     39      86 SNl   0.2  1.4 agent-leak-app-
     39      87 SNl   0.2  1.4 agent-leak-app-

[2026-06-04 06:21:16]
    PID     TID STAT %CPU %MEM COMMAND
     39      39 SNl   0.2  1.4 agent-leak-app-
     39      86 SNl   0.1  1.4 agent-leak-app-
     39      87 SNl   0.1  1.4 agent-leak-app-

[2026-06-04 06:21:17]
    PID     TID STAT %CPU %MEM COMMAND
     39      39 SNl   0.1  1.4 agent-leak-app-
     39      86 SNl   0.1  1.4 agent-leak-app-
     39      87 SNl   0.1  1.4 agent-leak-app-

[2026-06-04 06:21:19]
    PID     TID STAT %CPU %MEM COMMAND
     39      39 SNl   0.1  1.7 agent-leak-app-
     39      86 SNl   0.1  1.7 agent-leak-app-
     39      87 SNl   0.2  1.7 agent-leak-app-

[2026-06-04 06:21:20]
    PID     TID STAT %CPU %MEM COMMAND
     39      39 SNl   0.1  1.7 agent-leak-app-
     39      86 SNl   0.1  1.7 agent-leak-app-
     39      87 SNl   0.2  1.7 agent-leak-app-

[2026-06-04 06:21:21]
    PID     TID STAT %CPU %MEM COMMAND
     39      39 SNl   0.1  2.0 agent-leak-app-
     39      86 SNl   0.1  2.0 agent-leak-app-
     39      87 SNl   0.2  2.0 agent-leak-app-

[2026-06-04 06:21:22]
    PID     TID STAT %CPU %MEM COMMAND
     39      39 SNl   0.1  2.0 agent-leak-app-
     39      86 SNl   0.1  2.0 agent-leak-app-
     39      87 SNl   0.2  2.0 agent-leak-app-

[2026-06-04 06:21:24]
    PID     TID STAT %CPU %MEM COMMAND
     39      39 SNl   0.1  2.0 agent-leak-app-
     39      86 SNl   0.1  2.0 agent-leak-app-
     39      87 SNl   0.2  2.0 agent-leak-app-

[2026-06-04 06:21:25]
    PID     TID STAT %CPU %MEM COMMAND
     39      39 SNl   0.1  2.4 agent-leak-app-
     39      86 SNl   0.1  2.4 agent-leak-app-
     39      87 SNl   0.2  2.4 agent-leak-app-

[2026-06-04 06:21:26]
    PID     TID STAT %CPU %MEM COMMAND
     39      39 SNl   0.1  2.4 agent-leak-app-
     39      86 SNl   0.1  2.4 agent-leak-app-
     39      87 SNl   0.2  2.4 agent-leak-app-

[2026-06-04 06:21:27]
    PID     TID STAT %CPU %MEM COMMAND
     39      39 SNl   0.1  2.7 agent-leak-app-
     39      86 SNl   0.2  2.7 agent-leak-app-
     39      87 SNl   0.2  2.7 agent-leak-app-

[2026-06-04 06:21:28]
    PID     TID STAT %CPU %MEM COMMAND
     39      39 SNl   0.1  2.7 agent-leak-app-
     39      86 SNl   0.2  2.7 agent-leak-app-
     39      87 SNl   0.2  2.7 agent-leak-app-

[2026-06-04 06:21:30]
    PID     TID STAT %CPU %MEM COMMAND
     39      39 SNl   0.1  2.9 agent-leak-app-
     39      86 RNl   0.2  2.9 agent-leak-app-
     39      87 SNl   0.2  2.9 agent-leak-app-

[2026-06-04 06:21:31]
    PID     TID STAT %CPU %MEM COMMAND
     39      39 SNl   0.1  3.0 agent-leak-app-
     39      86 SNl   0.1  3.0 agent-leak-app-
     39      87 SNl   0.2  3.0 agent-leak-app-

[2026-06-04 06:21:32]
    PID     TID STAT %CPU %MEM COMMAND
     39      39 SNl   0.1  3.0 agent-leak-app-
     39      86 SNl   0.1  3.0 agent-leak-app-
     39      87 SNl   0.2  3.0 agent-leak-app-

[2026-06-04 06:21:33]
    PID     TID STAT %CPU %MEM COMMAND
     39      39 SNl   0.0  3.3 agent-leak-app-
     39      86 SNl   0.2  3.3 agent-leak-app-
     39      87 SNl   0.2  3.3 agent-leak-app-

[2026-06-04 06:21:35]
    PID     TID STAT %CPU %MEM COMMAND
     39      39 SNl   0.0  3.3 agent-leak-app-
     39      86 SNl   0.2  3.3 agent-leak-app-
     39      87 SNl   0.2  3.3 agent-leak-app-

[2026-06-04 06:21:36]
    PID     TID STAT %CPU %MEM COMMAND
     39      39 SNl   0.0  3.6 agent-leak-app-
     39      86 SNl   0.1  3.6 agent-leak-app-
     39      87 SNl   0.2  3.6 agent-leak-app-

[2026-06-04 06:21:37]
    PID     TID STAT %CPU %MEM COMMAND
     39      39 SNl   0.0  3.6 agent-leak-app-
     39      86 SNl   0.1  3.6 agent-leak-app-
     39      87 SNl   0.2  3.6 agent-leak-app-

[2026-06-04 06:21:38]
    PID     TID STAT %CPU %MEM COMMAND
     39      39 SNl   0.0  3.6 agent-leak-app-
     39      86 SNl   0.1  3.6 agent-leak-app-
     39      87 SNl   0.2  3.6 agent-leak-app-

[2026-06-04 06:21:39]
    PID     TID STAT %CPU %MEM COMMAND
     39      39 SNl   0.0  3.9 agent-leak-app-
     39      86 SNl   0.2  3.9 agent-leak-app-
     39      87 SNl   0.2  3.9 agent-leak-app-

[2026-06-04 06:21:41]
    PID     TID STAT %CPU %MEM COMMAND
     39      39 SNl   0.0  3.9 agent-leak-app-
     39      86 SNl   0.1  3.9 agent-leak-app-
     39      87 SNl   0.2  3.9 agent-leak-app-

[2026-06-04 06:21:42]
    PID     TID STAT %CPU %MEM COMMAND
     39      39 SNl   0.0  4.2 agent-leak-app-
     39      86 SNl   0.1  4.2 agent-leak-app-
     39      87 SNl   0.2  4.2 agent-leak-app-

[2026-06-04 06:21:43]
    PID     TID STAT %CPU %MEM COMMAND
     39      39 SNl   0.0  4.2 agent-leak-app-
     39      86 SNl   0.1  4.2 agent-leak-app-
     39      87 SNl   0.2  4.2 agent-leak-app-

[2026-06-04 06:21:44]
    PID     TID STAT %CPU %MEM COMMAND
     39      39 SNl   0.0  4.2 agent-leak-app-
     39      86 SNl   0.1  4.2 agent-leak-app-
     39      87 SNl   0.2  4.2 agent-leak-app-

[2026-06-04 06:21:46]
    PID     TID STAT %CPU %MEM COMMAND
     39      39 SNl   0.0  4.5 agent-leak-app-
     39      86 SNl   0.1  4.5 agent-leak-app-
     39      87 SNl   0.2  4.5 agent-leak-app-

[2026-06-04 06:21:47]
    PID     TID STAT %CPU %MEM COMMAND
     39      39 SNl   0.0  4.5 agent-leak-app-
     39      86 SNl   0.1  4.5 agent-leak-app-
     39      87 SNl   0.2  4.5 agent-leak-app-

[2026-06-04 06:21:48]
    PID     TID STAT %CPU %MEM COMMAND
     39      39 SNl   0.0  4.9 agent-leak-app-
     39      86 SNl   0.1  4.9 agent-leak-app-
     39      87 SNl   0.2  4.9 agent-leak-app-

[2026-06-04 06:21:49]
    PID     TID STAT %CPU %MEM COMMAND
     39      39 SNl   0.0  4.9 agent-leak-app-
     39      86 SNl   0.1  4.9 agent-leak-app-
     39      87 SNl   0.2  4.9 agent-leak-app-

[2026-06-04 06:21:50]
    PID     TID STAT %CPU %MEM COMMAND
     39      39 SNl   0.0  4.9 agent-leak-app-
     39      86 SNl   0.1  4.9 agent-leak-app-
     39      87 SNl   0.2  4.9 agent-leak-app-

[2026-06-04 06:21:52]
    PID     TID STAT %CPU %MEM COMMAND
     39      39 SNl   0.0  5.2 agent-leak-app-
     39      86 SNl   0.2  5.2 agent-leak-app-
     39      87 SNl   0.2  5.2 agent-leak-app-

[2026-06-04 06:21:53]
    PID     TID STAT %CPU %MEM COMMAND
     39      39 SNl   0.0  5.2 agent-leak-app-
     39      86 SNl   0.2  5.2 agent-leak-app-
     39      87 SNl   0.2  5.2 agent-leak-app-

[2026-06-04 06:21:54]
    PID     TID STAT %CPU %MEM COMMAND
     39      39 SNl   0.0  5.5 agent-leak-app-
     39      86 SNl   0.2  5.5 agent-leak-app-
     39      87 SNl   0.2  5.5 agent-leak-app-

[2026-06-04 06:21:55]
    PID     TID STAT %CPU %MEM COMMAND
     39      39 SNl   0.0  5.5 agent-leak-app-
     39      86 SNl   0.2  5.5 agent-leak-app-
     39      87 SNl   0.2  5.5 agent-leak-app-

[2026-06-04 06:21:57]
    PID     TID STAT %CPU %MEM COMMAND
     39      39 SNl   0.0  5.5 agent-leak-app-
     39      86 SNl   0.2  5.5 agent-leak-app-
     39      87 SNl   0.2  5.5 agent-leak-app-

[2026-06-04 06:21:58]
    PID     TID STAT %CPU %MEM COMMAND
     39      39 SNl   0.0  5.8 agent-leak-app-
     39      86 SNl   0.2  5.8 agent-leak-app-
     39      87 SNl   0.2  5.8 agent-leak-app-

[2026-06-04 06:21:59]
    PID     TID STAT %CPU %MEM COMMAND
     39      39 SNl   0.0  5.8 agent-leak-app-
     39      86 SNl   0.2  5.8 agent-leak-app-
     39      87 SNl   0.2  5.8 agent-leak-app-

[2026-06-04 06:22:00]
    PID     TID STAT %CPU %MEM COMMAND
     39      39 SNl   0.0  6.1 agent-leak-app-
     39      86 SNl   0.2  6.1 agent-leak-app-
     39      87 SNl   0.2  6.1 agent-leak-app-

[2026-06-04 06:22:01]
    PID     TID STAT %CPU %MEM COMMAND
     39      39 SNl   0.0  6.1 agent-leak-app-
     39      86 SNl   0.2  6.1 agent-leak-app-
     39      87 SNl   0.2  6.1 agent-leak-app-

[2026-06-04 06:22:03]
    PID     TID STAT %CPU %MEM COMMAND
     39      39 SNl   0.0  6.1 agent-leak-app-
     39      86 SNl   0.2  6.1 agent-leak-app-
     39      87 SNl   0.2  6.1 agent-leak-app-

[2026-06-04 06:22:04]
    PID     TID STAT %CPU %MEM COMMAND
     39      39 SNl   0.0  6.4 agent-leak-app-
     39      86 SNl   0.2  6.4 agent-leak-app-
     39      87 SNl   0.2  6.4 agent-leak-app-

[2026-06-04 06:22:05]
    PID     TID STAT %CPU %MEM COMMAND
     39      39 SNl   0.0  6.4 agent-leak-app-
     39      86 SNl   0.2  6.4 agent-leak-app-
     39      87 SNl   0.2  6.4 agent-leak-app-

[2026-06-04 06:22:06]
    PID     TID STAT %CPU %MEM COMMAND
     39      39 SNl   0.0  0.1 agent-leak-app-
     39      86 SNl   0.2  0.1 agent-leak-app-
     39      87 SNl   0.2  0.1 agent-leak-app-

[2026-06-04 06:22:08]
    PID     TID STAT %CPU %MEM COMMAND
     39      39 SNl   0.0  0.1 agent-leak-app-
     39      86 SNl   0.2  0.1 agent-leak-app-
     39      87 SNl   0.2  0.1 agent-leak-app-

[2026-06-04 06:22:09]
    PID     TID STAT %CPU %MEM COMMAND
     39      39 SNl   0.0  0.1 agent-leak-app-
     39      86 SNl   0.2  0.1 agent-leak-app-
     39      87 SNl   0.2  0.1 agent-leak-app-

[2026-06-04 06:22:10]
    PID     TID STAT %CPU %MEM COMMAND
     39      39 SNl   0.0  0.1 agent-leak-app-
     39      86 SNl   0.2  0.1 agent-leak-app-
     39      87 SNl   0.2  0.1 agent-leak-app-

[2026-06-04 06:22:11]
    PID     TID STAT %CPU %MEM COMMAND
     39      39 SNl   0.0  0.5 agent-leak-app-
     39      86 SNl   0.2  0.5 agent-leak-app-
     39      87 SNl   0.2  0.5 agent-leak-app-

[2026-06-04 06:22:12]
    PID     TID STAT %CPU %MEM COMMAND
     39      39 SNl   0.0  0.5 agent-leak-app-
     39      86 SNl   0.2  0.5 agent-leak-app-
     39      87 SNl   0.2  0.5 agent-leak-app-

[2026-06-04 06:22:14]
    PID     TID STAT %CPU %MEM COMMAND
     39      39 SNl   0.0  0.5 agent-leak-app-
     39      86 SNl   0.2  0.5 agent-leak-app-
     39      87 SNl   0.2  0.5 agent-leak-app-

[2026-06-04 06:22:15]
    PID     TID STAT %CPU %MEM COMMAND
     39      39 SNl   0.0  0.8 agent-leak-app-
     39      86 SNl   0.2  0.8 agent-leak-app-
     39      87 SNl   0.2  0.8 agent-leak-app-

[2026-06-04 06:22:16]
    PID     TID STAT %CPU %MEM COMMAND
     39      39 SNl   0.0  0.8 agent-leak-app-
     39      86 SNl   0.2  0.8 agent-leak-app-
     39      87 SNl   0.2  0.8 agent-leak-app-

[2026-06-04 06:22:17]
    PID     TID STAT %CPU %MEM COMMAND
     39      39 SNl   0.0  1.1 agent-leak-app-
     39      86 SNl   0.2  1.1 agent-leak-app-
     39      87 SNl   0.2  1.1 agent-leak-app-

[2026-06-04 06:22:19]
    PID     TID STAT %CPU %MEM COMMAND
     39      39 SNl   0.0  1.1 agent-leak-app-
     39      86 SNl   0.2  1.1 agent-leak-app-
     39      87 SNl   0.2  1.1 agent-leak-app-

[2026-06-04 06:22:20]
    PID     TID STAT %CPU %MEM COMMAND
     39      39 SNl   0.0  1.1 agent-leak-app-
     39      86 SNl   0.2  1.1 agent-leak-app-
     39      87 SNl   0.2  1.1 agent-leak-app-

[2026-06-04 06:22:21]
    PID     TID STAT %CPU %MEM COMMAND
     39      39 SNl   0.0  1.4 agent-leak-app-
     39      86 SNl   0.2  1.4 agent-leak-app-
     39      87 SNl   0.2  1.4 agent-leak-app-

[2026-06-04 06:22:22]
    PID     TID STAT %CPU %MEM COMMAND
     39      39 SNl   0.0  1.4 agent-leak-app-
     39      86 SNl   0.2  1.4 agent-leak-app-
     39      87 SNl   0.2  1.4 agent-leak-app-

[2026-06-04 06:22:23]
    PID     TID STAT %CPU %MEM COMMAND
     39      39 SNl   0.0  1.7 agent-leak-app-
     39      86 SNl   0.2  1.7 agent-leak-app-
     39      87 SNl   0.2  1.7 agent-leak-app-

[2026-06-04 06:22:25]
    PID     TID STAT %CPU %MEM COMMAND
     39      39 SNl   0.0  1.7 agent-leak-app-
     39      86 SNl   0.2  1.7 agent-leak-app-
     39      87 SNl   0.2  1.7 agent-leak-app-

[2026-06-04 06:22:26]
    PID     TID STAT %CPU %MEM COMMAND
     39      39 SNl   0.0  1.7 agent-leak-app-
     39      86 SNl   0.2  1.7 agent-leak-app-
     39      87 SNl   0.2  1.7 agent-leak-app-

[2026-06-04 06:22:27]
    PID     TID STAT %CPU %MEM COMMAND
     39      39 SNl   0.0  2.0 agent-leak-app-
     39      86 SNl   0.2  2.0 agent-leak-app-
     39      87 SNl   0.2  2.0 agent-leak-app-

[2026-06-04 06:22:28]
    PID     TID STAT %CPU %MEM COMMAND
     39      39 SNl   0.0  2.0 agent-leak-app-
     39      86 SNl   0.2  2.0 agent-leak-app-
     39      87 SNl   0.2  2.0 agent-leak-app-

[2026-06-04 06:22:30]
    PID     TID STAT %CPU %MEM COMMAND
     39      39 SNl   0.0  2.3 agent-leak-app-
     39      86 SNl   0.2  2.3 agent-leak-app-
     39      87 SNl   0.2  2.3 agent-leak-app-

[2026-06-04 06:22:31]
    PID     TID STAT %CPU %MEM COMMAND
     39      39 SNl   0.0  2.3 agent-leak-app-
     39      86 SNl   0.2  2.3 agent-leak-app-
     39      87 SNl   0.2  2.3 agent-leak-app-

[2026-06-04 06:22:32]
    PID     TID STAT %CPU %MEM COMMAND
     39      39 SNl   0.0  2.3 agent-leak-app-
     39      86 SNl   0.2  2.3 agent-leak-app-
     39      87 SNl   0.2  2.3 agent-leak-app-

[2026-06-04 06:22:33]
    PID     TID STAT %CPU %MEM COMMAND
     39      39 SNl   0.0  2.6 agent-leak-app-
     39      86 SNl   0.2  2.6 agent-leak-app-
     39      87 SNl   0.2  2.6 agent-leak-app-

[2026-06-04 06:22:35]
    PID     TID STAT %CPU %MEM COMMAND
     39      39 SNl   0.0  2.6 agent-leak-app-
     39      86 SNl   0.2  2.6 agent-leak-app-
     39      87 SNl   0.2  2.6 agent-leak-app-

[2026-06-04 06:22:36]
    PID     TID STAT %CPU %MEM COMMAND
     39      39 SNl   0.0  3.0 agent-leak-app-
     39      86 SNl   0.2  3.0 agent-leak-app-
     39      87 SNl   0.2  3.0 agent-leak-app-

[2026-06-04 06:22:37]
    PID     TID STAT %CPU %MEM COMMAND
     39      39 SNl   0.0  3.0 agent-leak-app-
     39      86 SNl   0.2  3.0 agent-leak-app-
     39      87 SNl   0.2  3.0 agent-leak-app-

[2026-06-04 06:22:38]
    PID     TID STAT %CPU %MEM COMMAND
     39      39 SNl   0.0  3.3 agent-leak-app-
     39      86 SNl   0.2  3.3 agent-leak-app-
     39      87 SNl   0.2  3.3 agent-leak-app-

[2026-06-04 06:22:39]
    PID     TID STAT %CPU %MEM COMMAND
     39      39 SNl   0.0  3.3 agent-leak-app-
     39      86 SNl   0.2  3.3 agent-leak-app-
     39      87 SNl   0.2  3.3 agent-leak-app-

[2026-06-04 06:22:41]
    PID     TID STAT %CPU %MEM COMMAND
     39      39 SNl   0.0  3.3 agent-leak-app-
     39      86 SNl   0.2  3.3 agent-leak-app-
     39      87 SNl   0.2  3.3 agent-leak-app-

[2026-06-04 06:22:42]
    PID     TID STAT %CPU %MEM COMMAND
     39      39 SNl   0.0  3.6 agent-leak-app-
     39      86 SNl   0.2  3.6 agent-leak-app-
     39      87 SNl   0.2  3.6 agent-leak-app-

[2026-06-04 06:22:43]
    PID     TID STAT %CPU %MEM COMMAND
     39      39 SNl   0.0  3.6 agent-leak-app-
     39      86 SNl   0.2  3.6 agent-leak-app-
     39      87 SNl   0.2  3.6 agent-leak-app-

[2026-06-04 06:22:44]
    PID     TID STAT %CPU %MEM COMMAND
     39      39 SNl   0.0  3.9 agent-leak-app-
     39      86 SNl   0.2  3.9 agent-leak-app-
     39      87 SNl   0.2  3.9 agent-leak-app-

[2026-06-04 06:22:46]
    PID     TID STAT %CPU %MEM COMMAND
     39      39 SNl   0.0  3.9 agent-leak-app-
     39      86 SNl   0.2  3.9 agent-leak-app-
     39      87 SNl   0.2  3.9 agent-leak-app-

[2026-06-04 06:22:47]
    PID     TID STAT %CPU %MEM COMMAND
     39      39 SNl   0.0  3.9 agent-leak-app-
     39      86 SNl   0.2  3.9 agent-leak-app-
     39      87 SNl   0.2  3.9 agent-leak-app-

[2026-06-04 06:22:48]
    PID     TID STAT %CPU %MEM COMMAND
     39      39 SNl   0.0  4.2 agent-leak-app-
     39      86 SNl   0.2  4.2 agent-leak-app-
     39      87 SNl   0.2  4.2 agent-leak-app-

[2026-06-04 06:22:49]
    PID     TID STAT %CPU %MEM COMMAND
     39      39 SNl   0.0  4.2 agent-leak-app-
     39      86 SNl   0.2  4.2 agent-leak-app-
     39      87 SNl   0.2  4.2 agent-leak-app-

[2026-06-04 06:22:50]
    PID     TID STAT %CPU %MEM COMMAND
     39      39 SNl   0.0  4.5 agent-leak-app-
     39      86 SNl   0.2  4.5 agent-leak-app-
     39      87 SNl   0.2  4.5 agent-leak-app-

[2026-06-04 06:22:52]
    PID     TID STAT %CPU %MEM COMMAND
     39      39 SNl   0.0  4.5 agent-leak-app-
     39      86 SNl   0.2  4.5 agent-leak-app-
     39      87 SNl   0.2  4.5 agent-leak-app-

[2026-06-04 06:22:53]
    PID     TID STAT %CPU %MEM COMMAND
     39      39 SNl   0.0  4.5 agent-leak-app-
     39      86 SNl   0.2  4.5 agent-leak-app-
     39      87 SNl   0.2  4.5 agent-leak-app-

[2026-06-04 06:22:54]
    PID     TID STAT %CPU %MEM COMMAND
     39      39 SNl   0.0  4.8 agent-leak-app-
     39      86 SNl   0.2  4.8 agent-leak-app-
     39      87 SNl   0.2  4.8 agent-leak-app-

[2026-06-04 06:22:55]
    PID     TID STAT %CPU %MEM COMMAND
     39      39 SNl   0.0  4.8 agent-leak-app-
     39      86 SNl   0.2  4.8 agent-leak-app-
     39      87 SNl   0.2  4.8 agent-leak-app-

[2026-06-04 06:22:57]
    PID     TID STAT %CPU %MEM COMMAND
     39      39 SNl   0.0  5.1 agent-leak-app-
     39      86 SNl   0.2  5.1 agent-leak-app-
     39      87 SNl   0.2  5.1 agent-leak-app-

[2026-06-04 06:22:58]
    PID     TID STAT %CPU %MEM COMMAND
     39      39 SNl   0.0  5.1 agent-leak-app-
     39      86 SNl   0.2  5.1 agent-leak-app-
     39      87 SNl   0.2  5.1 agent-leak-app-

[2026-06-04 06:22:59]
    PID     TID STAT %CPU %MEM COMMAND
     39      39 SNl   0.0  5.1 agent-leak-app-
     39      86 SNl   0.2  5.1 agent-leak-app-
     39      87 SNl   0.2  5.1 agent-leak-app-

[2026-06-04 06:23:00]
    PID     TID STAT %CPU %MEM COMMAND
     39      39 SNl   0.0  5.4 agent-leak-app-
     39      86 SNl   0.2  5.4 agent-leak-app-
     39      87 SNl   0.2  5.4 agent-leak-app-

[2026-06-04 06:23:01]
    PID     TID STAT %CPU %MEM COMMAND
     39      39 SNl   0.0  5.4 agent-leak-app-
     39      86 SNl   0.2  5.4 agent-leak-app-
     39      87 SNl   0.2  5.4 agent-leak-app-

[2026-06-04 06:23:03]
    PID     TID STAT %CPU %MEM COMMAND
     39      39 SNl   0.0  5.7 agent-leak-app-
     39      86 SNl   0.2  5.7 agent-leak-app-
     39      87 SNl   0.2  5.7 agent-leak-app-

[2026-06-04 06:23:04]
    PID     TID STAT %CPU %MEM COMMAND
     39      39 SNl   0.0  5.7 agent-leak-app-
     39      86 SNl   0.2  5.7 agent-leak-app-
     39      87 SNl   0.2  5.7 agent-leak-app-

[2026-06-04 06:23:05]
    PID     TID STAT %CPU %MEM COMMAND
     39      39 SNl   0.0  5.7 agent-leak-app-
     39      86 SNl   0.2  5.7 agent-leak-app-
     39      87 SNl   0.2  5.7 agent-leak-app-

[2026-06-04 06:23:06]
    PID     TID STAT %CPU %MEM COMMAND
     39      39 SNl   0.0  6.0 agent-leak-app-
     39      86 SNl   0.2  6.0 agent-leak-app-
     39      87 SNl   0.2  6.0 agent-leak-app-

[2026-06-04 06:23:08]
    PID     TID STAT %CPU %MEM COMMAND
     39      39 SNl   0.0  6.0 agent-leak-app-
     39      86 SNl   0.2  6.0 agent-leak-app-
     39      87 SNl   0.2  6.0 agent-leak-app-

[2026-06-04 06:23:09]
    PID     TID STAT %CPU %MEM COMMAND
     39      39 SNl   0.0  6.4 agent-leak-app-
     39      86 SNl   0.2  6.4 agent-leak-app-
     39      87 SNl   0.2  6.4 agent-leak-app-

[2026-06-04 06:23:10]
    PID     TID STAT %CPU %MEM COMMAND
     39      39 SNl   0.0  6.4 agent-leak-app-
     39      86 SNl   0.2  6.4 agent-leak-app-
     39      87 SNl   0.2  6.4 agent-leak-app-

[2026-06-04 06:23:11]
    PID     TID STAT %CPU %MEM COMMAND
     39      39 SNl   0.0  6.4 agent-leak-app-
     39      86 SNl   0.2  6.4 agent-leak-app-
     39      87 SNl   0.2  6.4 agent-leak-app-

[2026-06-04 06:23:12]
    PID     TID STAT %CPU %MEM COMMAND
     39      39 SNl   0.0  0.7 agent-leak-app-
     39      86 SNl   0.2  0.7 agent-leak-app-
     39      87 SNl   0.2  0.7 agent-leak-app-

[2026-06-04 06:23:14]
    PID     TID STAT %CPU %MEM COMMAND
     39      39 SNl   0.0  0.7 agent-leak-app-
     39      86 SNl   0.2  0.7 agent-leak-app-
     39      87 SNl   0.2  0.7 agent-leak-app-

[2026-06-04 06:23:15]
    PID     TID STAT %CPU %MEM COMMAND
     39      39 SNl   0.0  0.7 agent-leak-app-
     39      86 SNl   0.2  0.7 agent-leak-app-
     39      87 SNl   0.2  0.7 agent-leak-app-

[2026-06-04 06:23:16]
    PID     TID STAT %CPU %MEM COMMAND
     39      39 SNl   0.0  0.7 agent-leak-app-
     39      86 SNl   0.2  0.7 agent-leak-app-
     39      87 SNl   0.2  0.7 agent-leak-app-

[2026-06-04 06:23:17]
    PID     TID STAT %CPU %MEM COMMAND
     39      39 SNl   0.0  0.7 agent-leak-app-
     39      86 SNl   0.2  0.7 agent-leak-app-
     39      87 SNl   0.2  0.7 agent-leak-app-

[2026-06-04 06:23:18]
    PID     TID STAT %CPU %MEM COMMAND
     39      39 SNl   0.0  0.7 agent-leak-app-
     39      86 SNl   0.2  0.7 agent-leak-app-
     39      87 SNl   0.2  0.7 agent-leak-app-

[2026-06-04 06:23:20]
    PID     TID STAT %CPU %MEM COMMAND
     39      39 SNl   0.0  0.7 agent-leak-app-
     39      86 SNl   0.2  0.7 agent-leak-app-
     39      87 SNl   0.2  0.7 agent-leak-app-

[2026-06-04 06:23:21]
    PID     TID STAT %CPU %MEM COMMAND
     39      39 SNl   0.0  0.7 agent-leak-app-
     39      86 SNl   0.2  0.7 agent-leak-app-
     39      87 SNl   0.2  0.7 agent-leak-app-

[2026-06-04 06:23:22]
    PID     TID STAT %CPU %MEM COMMAND
     39      39 SNl   0.0  0.7 agent-leak-app-
     39      86 SNl   0.2  0.7 agent-leak-app-
     39      87 SNl   0.2  0.7 agent-leak-app-

[2026-06-04 06:23:23]
    PID     TID STAT %CPU %MEM COMMAND
     39      39 SNl   0.0  1.0 agent-leak-app-
     39      86 SNl   0.2  1.0 agent-leak-app-
     39      87 SNl   0.2  1.0 agent-leak-app-

[2026-06-04 06:23:25]
    PID     TID STAT %CPU %MEM COMMAND
     39      39 SNl   0.0  1.0 agent-leak-app-
     39      86 SNl   0.2  1.0 agent-leak-app-
     39      87 SNl   0.2  1.0 agent-leak-app-

[2026-06-04 06:23:26]
    PID     TID STAT %CPU %MEM COMMAND
     39      39 SNl   0.0  1.4 agent-leak-app-
     39      86 SNl   0.2  1.4 agent-leak-app-
     39      87 SNl   0.2  1.4 agent-leak-app-

[2026-06-04 06:23:27]
    PID     TID STAT %CPU %MEM COMMAND
     39      39 SNl   0.0  1.4 agent-leak-app-
     39      86 SNl   0.2  1.4 agent-leak-app-
     39      87 SNl   0.2  1.4 agent-leak-app-

[2026-06-04 06:23:28]
    PID     TID STAT %CPU %MEM COMMAND
     39      39 SNl   0.0  1.4 agent-leak-app-
     39      86 SNl   0.2  1.4 agent-leak-app-
     39      87 SNl   0.2  1.4 agent-leak-app-

[2026-06-04 06:23:29]
    PID     TID STAT %CPU %MEM COMMAND
     39      39 SNl   0.0  1.7 agent-leak-app-
     39      86 SNl   0.2  1.7 agent-leak-app-
     39      87 SNl   0.2  1.7 agent-leak-app-

[2026-06-04 06:23:31]
    PID     TID STAT %CPU %MEM COMMAND
     39      39 SNl   0.0  1.7 agent-leak-app-
     39      86 SNl   0.2  1.7 agent-leak-app-
     39      87 SNl   0.2  1.7 agent-leak-app-

[2026-06-04 06:23:32]
    PID     TID STAT %CPU %MEM COMMAND
     39      39 SNl   0.0  2.0 agent-leak-app-
     39      86 SNl   0.2  2.0 agent-leak-app-
     39      87 SNl   0.2  2.0 agent-leak-app-

[2026-06-04 06:23:33]
    PID     TID STAT %CPU %MEM COMMAND
     39      39 SNl   0.0  2.0 agent-leak-app-
     39      86 SNl   0.2  2.0 agent-leak-app-
     39      87 SNl   0.2  2.0 agent-leak-app-

[2026-06-04 06:23:34]
    PID     TID STAT %CPU %MEM COMMAND
     39      39 SNl   0.0  2.0 agent-leak-app-
     39      86 SNl   0.2  2.0 agent-leak-app-
     39      87 SNl   0.2  2.0 agent-leak-app-

[2026-06-04 06:23:36]
    PID     TID STAT %CPU %MEM COMMAND
     39      39 SNl   0.0  2.3 agent-leak-app-
     39      86 SNl   0.2  2.3 agent-leak-app-
     39      87 SNl   0.2  2.3 agent-leak-app-

[2026-06-04 06:23:37]
    PID     TID STAT %CPU %MEM COMMAND
     39      39 SNl   0.0  2.3 agent-leak-app-
     39      86 SNl   0.2  2.3 agent-leak-app-
     39      87 SNl   0.2  2.3 agent-leak-app-

[2026-06-04 06:23:38]
    PID     TID STAT %CPU %MEM COMMAND
     39      39 SNl   0.0  2.6 agent-leak-app-
     39      86 SNl   0.2  2.6 agent-leak-app-
     39      87 SNl   0.2  2.6 agent-leak-app-

[2026-06-04 06:23:39]
    PID     TID STAT %CPU %MEM COMMAND
     39      39 SNl   0.0  2.6 agent-leak-app-
     39      86 SNl   0.2  2.6 agent-leak-app-
     39      87 SNl   0.2  2.6 agent-leak-app-

[2026-06-04 06:23:40]
    PID     TID STAT %CPU %MEM COMMAND
     39      39 SNl   0.0  2.6 agent-leak-app-
     39      86 SNl   0.2  2.6 agent-leak-app-
     39      87 SNl   0.2  2.6 agent-leak-app-

[2026-06-04 06:23:42]
    PID     TID STAT %CPU %MEM COMMAND
     39      39 SNl   0.0  2.9 agent-leak-app-
     39      86 SNl   0.2  2.9 agent-leak-app-
     39      87 SNl   0.2  2.9 agent-leak-app-

