[2026-06-04 06:21:03]
top - 06:21:03 up  1:26,  0 user,  load average: 0.12, 0.37, 0.31
Tasks:   1 total,   0 running,   1 sleeping,   0 stopped,   0 zombie
%Cpu(s):  0.0 us,  0.0 sy,  0.0 ni,100.0 id,  0.0 wa,  0.0 hi,  0.0 si,  0.0 st 
MiB Mem :   7993.6 total,   4537.8 free,   2959.2 used,    892.1 buff/cache     
MiB Swap:   9017.6 total,   9017.6 free,      0.0 used.   5034.4 avail Mem 

    PID USER      PR  NI    VIRT    RES    SHR S  %CPU  %MEM     TIME+ COMMAND
     39 agent     30  10   22288  17104   8620 S   0.0   0.2   0:00.03 agent-l+

[2026-06-04 06:21:04]
top - 06:21:04 up  1:26,  0 user,  load average: 0.12, 0.37, 0.31
Tasks:   1 total,   0 running,   1 sleeping,   0 stopped,   0 zombie
%Cpu(s):  0.0 us,  0.0 sy,  0.0 ni,100.0 id,  0.0 wa,  0.0 hi,  0.0 si,  0.0 st 
MiB Mem :   7993.6 total,   4537.3 free,   2959.7 used,    892.1 buff/cache     
MiB Swap:   9017.6 total,   9017.6 free,      0.0 used.   5033.9 avail Mem 

    PID USER      PR  NI    VIRT    RES    SHR S  %CPU  %MEM     TIME+ COMMAND
     39 agent     30  10   22288  17104   8620 S   0.0   0.2   0:00.03 agent-l+

[2026-06-04 06:21:05]
top - 06:21:05 up  1:26,  0 user,  load average: 0.12, 0.37, 0.31
Tasks:   1 total,   0 running,   1 sleeping,   0 stopped,   0 zombie
%Cpu(s):  5.8 us,  1.9 sy,  0.0 ni, 91.3 id,  0.0 wa,  0.0 hi,  1.0 si,  0.0 st 
MiB Mem :   7993.6 total,   4539.1 free,   2956.0 used,    894.0 buff/cache     
MiB Swap:   9017.6 total,   9017.6 free,      0.0 used.   5037.5 avail Mem 

    PID USER      PR  NI    VIRT    RES    SHR S  %CPU  %MEM     TIME+ COMMAND
     39 agent     30  10   22288  17104   8620 S   0.0   0.2   0:00.03 agent-l+

[2026-06-04 06:21:07]
top - 06:21:07 up  1:26,  0 user,  load average: 0.11, 0.37, 0.31
Tasks:   1 total,   0 running,   1 sleeping,   0 stopped,   0 zombie
%Cpu(s):  0.0 us,  0.0 sy,  0.0 ni,100.0 id,  0.0 wa,  0.0 hi,  0.0 si,  0.0 st 
MiB Mem :   7993.6 total,   4510.5 free,   2984.4 used,    894.2 buff/cache     
MiB Swap:   9017.6 total,   9017.6 free,      0.0 used.   5009.2 avail Mem 

    PID USER      PR  NI    VIRT    RES    SHR S  %CPU  %MEM     TIME+ COMMAND
     39 agent     30  10  196500  42940   8620 S   0.0   0.5   0:00.05 agent-l+

[2026-06-04 06:21:08]
top - 06:21:08 up  1:26,  0 user,  load average: 0.11, 0.37, 0.31
Tasks:   1 total,   0 running,   1 sleeping,   0 stopped,   0 zombie
%Cpu(s):  0.0 us,  0.0 sy,  0.0 ni,100.0 id,  0.0 wa,  0.0 hi,  0.0 si,  0.0 st 
MiB Mem :   7993.6 total,   4506.6 free,   2988.2 used,    894.2 buff/cache     
MiB Swap:   9017.6 total,   9017.6 free,      0.0 used.   5005.3 avail Mem 

    PID USER      PR  NI    VIRT    RES    SHR S  %CPU  %MEM     TIME+ COMMAND
     39 agent     30  10  196500  42940   8620 S   0.0   0.5   0:00.05 agent-l+

[2026-06-04 06:21:09]
top - 06:21:09 up  1:26,  0 user,  load average: 0.11, 0.37, 0.31
Tasks:   1 total,   0 running,   1 sleeping,   0 stopped,   0 zombie
%Cpu(s):  0.0 us,  0.0 sy,  0.0 ni,100.0 id,  0.0 wa,  0.0 hi,  0.0 si,  0.0 st 
MiB Mem :   7993.6 total,   4487.5 free,   3007.4 used,    894.2 buff/cache     
MiB Swap:   9017.6 total,   9017.6 free,      0.0 used.   4986.2 avail Mem 

    PID USER      PR  NI    VIRT    RES    SHR S  %CPU  %MEM     TIME+ COMMAND
     39 agent     30  10  222104  68544   8620 S   0.0   0.8   0:00.06 agent-l+

[2026-06-04 06:21:10]
top - 06:21:10 up  1:26,  0 user,  load average: 0.11, 0.37, 0.31
Tasks:   1 total,   0 running,   1 sleeping,   0 stopped,   0 zombie
%Cpu(s):  0.0 us,  0.0 sy,  0.0 ni,100.0 id,  0.0 wa,  0.0 hi,  0.0 si,  0.0 st 
MiB Mem :   7993.6 total,   4479.5 free,   3015.4 used,    894.3 buff/cache     
MiB Swap:   9017.6 total,   9017.6 free,      0.0 used.   4978.2 avail Mem 

    PID USER      PR  NI    VIRT    RES    SHR S  %CPU  %MEM     TIME+ COMMAND
     39 agent     30  10  222104  68544   8620 S   0.0   0.8   0:00.06 agent-l+

[2026-06-04 06:21:11]
top - 06:21:12 up  1:26,  0 user,  load average: 0.10, 0.36, 0.30
Tasks:   1 total,   0 running,   1 sleeping,   0 stopped,   0 zombie
%Cpu(s):  0.0 us,  0.0 sy,  0.0 ni,100.0 id,  0.0 wa,  0.0 hi,  0.0 si,  0.0 st 
MiB Mem :   7993.6 total,   4480.7 free,   3014.1 used,    894.3 buff/cache     
MiB Swap:   9017.6 total,   9017.6 free,      0.0 used.   4979.4 avail Mem 

    PID USER      PR  NI    VIRT    RES    SHR S  %CPU  %MEM     TIME+ COMMAND
     39 agent     30  10  247708  94148   8620 S  10.0   1.2   0:00.07 agent-l+

[2026-06-04 06:21:13]
top - 06:21:13 up  1:26,  0 user,  load average: 0.10, 0.36, 0.30
Tasks:   1 total,   0 running,   1 sleeping,   0 stopped,   0 zombie
%Cpu(s):  0.0 us,  1.0 sy,  0.0 ni, 99.0 id,  0.0 wa,  0.0 hi,  0.0 si,  0.0 st 
MiB Mem :   7993.6 total,   4462.7 free,   3032.1 used,    894.3 buff/cache     
MiB Swap:   9017.6 total,   9017.6 free,      0.0 used.   4961.4 avail Mem 

    PID USER      PR  NI    VIRT    RES    SHR S  %CPU  %MEM     TIME+ COMMAND
     39 agent     30  10  247708  94148   8620 S   0.0   1.2   0:00.08 agent-l+

[2026-06-04 06:21:14]
top - 06:21:14 up  1:26,  0 user,  load average: 0.10, 0.36, 0.30
Tasks:   1 total,   0 running,   1 sleeping,   0 stopped,   0 zombie
%Cpu(s):  0.0 us,  0.0 sy,  0.0 ni,100.0 id,  0.0 wa,  0.0 hi,  0.0 si,  0.0 st 
MiB Mem :   7993.6 total,   4464.1 free,   3030.7 used,    894.3 buff/cache     
MiB Swap:   9017.6 total,   9017.6 free,      0.0 used.   4962.9 avail Mem 

    PID USER      PR  NI    VIRT    RES    SHR S  %CPU  %MEM     TIME+ COMMAND
     39 agent     30  10  247708  94148   8620 S   0.0   1.2   0:00.08 agent-l+

[2026-06-04 06:21:15]
top - 06:21:15 up  1:26,  0 user,  load average: 0.10, 0.36, 0.30
Tasks:   1 total,   0 running,   1 sleeping,   0 stopped,   0 zombie
%Cpu(s):  0.0 us,  0.0 sy,  0.0 ni,100.0 id,  0.0 wa,  0.0 hi,  0.0 si,  0.0 st 
MiB Mem :   7993.6 total,   4433.5 free,   3061.3 used,    894.3 buff/cache     
MiB Swap:   9017.6 total,   9017.6 free,      0.0 used.   4932.3 avail Mem 

    PID USER      PR  NI    VIRT    RES    SHR S  %CPU  %MEM     TIME+ COMMAND
     39 agent     30  10  273312 119752   8620 S   0.0   1.5   0:00.09 agent-l+

[2026-06-04 06:21:16]
top - 06:21:16 up  1:26,  0 user,  load average: 0.09, 0.35, 0.30
Tasks:   1 total,   0 running,   1 sleeping,   0 stopped,   0 zombie
%Cpu(s):  1.0 us,  1.0 sy,  0.0 ni, 98.1 id,  0.0 wa,  0.0 hi,  0.0 si,  0.0 st 
MiB Mem :   7993.6 total,   4436.6 free,   3058.0 used,    894.5 buff/cache     
MiB Swap:   9017.6 total,   9017.6 free,      0.0 used.   4935.6 avail Mem 

    PID USER      PR  NI    VIRT    RES    SHR S  %CPU  %MEM     TIME+ COMMAND
     39 agent     30  10  273312 119752   8620 S   0.0   1.5   0:00.09 agent-l+

[2026-06-04 06:21:17]
top - 06:21:18 up  1:26,  0 user,  load average: 0.09, 0.35, 0.30
Tasks:   1 total,   0 running,   1 sleeping,   0 stopped,   0 zombie
%Cpu(s):  0.0 us,  0.0 sy,  0.0 ni,100.0 id,  0.0 wa,  0.0 hi,  0.0 si,  0.0 st 
MiB Mem :   7993.6 total,   4433.9 free,   3060.6 used,    894.5 buff/cache     
MiB Swap:   9017.6 total,   9017.6 free,      0.0 used.   4933.0 avail Mem 

    PID USER      PR  NI    VIRT    RES    SHR S  %CPU  %MEM     TIME+ COMMAND
     39 agent     30  10  298916 145356   8620 S   0.0   1.8   0:00.10 agent-l+

[2026-06-04 06:21:19]
top - 06:21:19 up  1:26,  0 user,  load average: 0.09, 0.35, 0.30
Tasks:   1 total,   0 running,   1 sleeping,   0 stopped,   0 zombie
%Cpu(s):  0.0 us,  0.0 sy,  0.0 ni,100.0 id,  0.0 wa,  0.0 hi,  0.0 si,  0.0 st 
MiB Mem :   7993.6 total,   4409.9 free,   3084.6 used,    894.5 buff/cache     
MiB Swap:   9017.6 total,   9017.6 free,      0.0 used.   4909.0 avail Mem 

    PID USER      PR  NI    VIRT    RES    SHR S  %CPU  %MEM     TIME+ COMMAND
     39 agent     30  10  298916 145356   8620 S   0.0   1.8   0:00.10 agent-l+

[2026-06-04 06:21:20]
top - 06:21:20 up  1:26,  0 user,  load average: 0.09, 0.35, 0.30
Tasks:   1 total,   0 running,   1 sleeping,   0 stopped,   0 zombie
%Cpu(s): 11.2 us,  5.6 sy,  0.0 ni, 83.2 id,  0.0 wa,  0.0 hi,  0.0 si,  0.0 st 
MiB Mem :   7993.6 total,   4498.1 free,   3132.8 used,    758.2 buff/cache     
MiB Swap:   9017.6 total,   9017.6 free,      0.0 used.   4860.8 avail Mem 

    PID USER      PR  NI    VIRT    RES    SHR S  %CPU  %MEM     TIME+ COMMAND
     39 agent     30  10  298916 145292   8556 S   0.0   1.8   0:00.10 agent-l+

[2026-06-04 06:21:21]
top - 06:21:21 up  1:26,  0 user,  load average: 0.08, 0.35, 0.30
Tasks:   1 total,   0 running,   1 sleeping,   0 stopped,   0 zombie
%Cpu(s):  0.0 us,  0.0 sy,  0.0 ni,100.0 id,  0.0 wa,  0.0 hi,  0.0 si,  0.0 st 
MiB Mem :   7993.6 total,   4508.6 free,   3114.0 used,    766.8 buff/cache     
MiB Swap:   9017.6 total,   9017.6 free,      0.0 used.   4879.6 avail Mem 

    PID USER      PR  NI    VIRT    RES    SHR S  %CPU  %MEM     TIME+ COMMAND
     39 agent     30  10  324520 170896   8556 S   0.0   2.1   0:00.12 agent-l+

[2026-06-04 06:21:22]
top - 06:21:23 up  1:26,  0 user,  load average: 0.08, 0.35, 0.30
Tasks:   1 total,   0 running,   1 sleeping,   0 stopped,   0 zombie
%Cpu(s):  0.0 us,  0.0 sy,  0.0 ni,100.0 id,  0.0 wa,  0.0 hi,  0.0 si,  0.0 st 
MiB Mem :   7993.6 total,   4506.5 free,   3108.0 used,    774.6 buff/cache     
MiB Swap:   9017.6 total,   9017.6 free,      0.0 used.   4885.6 avail Mem 

    PID USER      PR  NI    VIRT    RES    SHR S  %CPU  %MEM     TIME+ COMMAND
     39 agent     30  10  324520 170896   8556 S   0.0   2.1   0:00.12 agent-l+

[2026-06-04 06:21:24]
top - 06:21:24 up  1:26,  0 user,  load average: 0.08, 0.35, 0.30
Tasks:   1 total,   0 running,   1 sleeping,   0 stopped,   0 zombie
%Cpu(s):  3.8 us,  1.0 sy,  0.0 ni, 95.2 id,  0.0 wa,  0.0 hi,  0.0 si,  0.0 st 
MiB Mem :   7993.6 total,   4464.4 free,   3131.7 used,    793.0 buff/cache     
MiB Swap:   9017.6 total,   9017.6 free,      0.0 used.   4861.8 avail Mem 

    PID USER      PR  NI    VIRT    RES    SHR S  %CPU  %MEM     TIME+ COMMAND
     39 agent     30  10  350124 196500   8556 S   0.0   2.4   0:00.13 agent-l+

[2026-06-04 06:21:25]
top - 06:21:25 up  1:26,  0 user,  load average: 0.08, 0.35, 0.30
Tasks:   1 total,   0 running,   1 sleeping,   0 stopped,   0 zombie
%Cpu(s):  0.0 us,  0.0 sy,  0.0 ni,100.0 id,  0.0 wa,  0.0 hi,  0.0 si,  0.0 st 
MiB Mem :   7993.6 total,   4442.5 free,   3144.3 used,    802.4 buff/cache     
MiB Swap:   9017.6 total,   9017.6 free,      0.0 used.   4849.3 avail Mem 

    PID USER      PR  NI    VIRT    RES    SHR S  %CPU  %MEM     TIME+ COMMAND
     39 agent     30  10  350124 196500   8556 S   0.0   2.4   0:00.14 agent-l+

[2026-06-04 06:21:26]
top - 06:21:26 up  1:26,  0 user,  load average: 0.08, 0.34, 0.30
Tasks:   1 total,   0 running,   1 sleeping,   0 stopped,   0 zombie
%Cpu(s):  0.0 us,  0.0 sy,  0.0 ni,100.0 id,  0.0 wa,  0.0 hi,  0.0 si,  0.0 st 
MiB Mem :   7993.6 total,   4441.7 free,   3144.5 used,    802.9 buff/cache     
MiB Swap:   9017.6 total,   9017.6 free,      0.0 used.   4849.0 avail Mem 

    PID USER      PR  NI    VIRT    RES    SHR S  %CPU  %MEM     TIME+ COMMAND
     39 agent     30  10  350124 196500   8556 S   0.0   2.4   0:00.14 agent-l+

[2026-06-04 06:21:27]
top - 06:21:27 up  1:26,  0 user,  load average: 0.08, 0.34, 0.30
Tasks:   1 total,   0 running,   1 sleeping,   0 stopped,   0 zombie
%Cpu(s):  1.0 us,  0.0 sy,  0.0 ni, 99.0 id,  0.0 wa,  0.0 hi,  0.0 si,  0.0 st 
MiB Mem :   7993.6 total,   4412.6 free,   3172.4 used,    804.1 buff/cache     
MiB Swap:   9017.6 total,   9017.6 free,      0.0 used.   4821.2 avail Mem 

    PID USER      PR  NI    VIRT    RES    SHR S  %CPU  %MEM     TIME+ COMMAND
     39 agent     30  10  375728 222104   8556 S   0.0   2.7   0:00.15 agent-l+

[2026-06-04 06:21:28]
top - 06:21:29 up  1:26,  0 user,  load average: 0.08, 0.34, 0.30
Tasks:   1 total,   0 running,   1 sleeping,   0 stopped,   0 zombie
%Cpu(s):  0.9 us,  0.0 sy,  0.0 ni, 99.1 id,  0.0 wa,  0.0 hi,  0.0 si,  0.0 st 
MiB Mem :   7993.6 total,   4415.3 free,   3169.6 used,    804.2 buff/cache     
MiB Swap:   9017.6 total,   9017.6 free,      0.0 used.   4823.9 avail Mem 

    PID USER      PR  NI    VIRT    RES    SHR S  %CPU  %MEM     TIME+ COMMAND
     39 agent     30  10  375728 222104   8556 S   0.0   2.7   0:00.15 agent-l+

[2026-06-04 06:21:30]
top - 06:21:30 up  1:26,  0 user,  load average: 0.08, 0.34, 0.30
Tasks:   1 total,   0 running,   1 sleeping,   0 stopped,   0 zombie
%Cpu(s):  0.0 us,  0.0 sy,  0.0 ni,100.0 id,  0.0 wa,  0.0 hi,  0.0 si,  0.0 st 
MiB Mem :   7993.6 total,   4389.3 free,   3195.6 used,    804.2 buff/cache     
MiB Swap:   9017.6 total,   9017.6 free,      0.0 used.   4797.9 avail Mem 

    PID USER      PR  NI    VIRT    RES    SHR S  %CPU  %MEM     TIME+ COMMAND
     39 agent     30  10  401332 247708   8556 S   0.0   3.0   0:00.16 agent-l+

[2026-06-04 06:21:31]
top - 06:21:31 up  1:26,  0 user,  load average: 0.07, 0.34, 0.30
Tasks:   1 total,   0 running,   1 sleeping,   0 stopped,   0 zombie
%Cpu(s):  0.0 us,  1.0 sy,  0.0 ni, 99.0 id,  0.0 wa,  0.0 hi,  0.0 si,  0.0 st 
MiB Mem :   7993.6 total,   4386.1 free,   3198.6 used,    804.4 buff/cache     
MiB Swap:   9017.6 total,   9017.6 free,      0.0 used.   4795.0 avail Mem 

    PID USER      PR  NI    VIRT    RES    SHR S  %CPU  %MEM     TIME+ COMMAND
     39 agent     30  10  401332 247708   8556 S   0.0   3.0   0:00.16 agent-l+

[2026-06-04 06:21:32]
top - 06:21:32 up  1:26,  0 user,  load average: 0.07, 0.34, 0.30
Tasks:   1 total,   0 running,   1 sleeping,   0 stopped,   0 zombie
%Cpu(s):  2.0 us,  1.0 sy,  0.0 ni, 97.0 id,  0.0 wa,  0.0 hi,  0.0 si,  0.0 st 
MiB Mem :   7993.6 total,   4386.1 free,   3198.6 used,    804.4 buff/cache     
MiB Swap:   9017.6 total,   9017.6 free,      0.0 used.   4794.9 avail Mem 

    PID USER      PR  NI    VIRT    RES    SHR S  %CPU  %MEM     TIME+ COMMAND
     39 agent     30  10  401332 247708   8556 S   0.0   3.0   0:00.16 agent-l+

[2026-06-04 06:21:33]
top - 06:21:34 up  1:26,  0 user,  load average: 0.07, 0.34, 0.30
Tasks:   1 total,   0 running,   1 sleeping,   0 stopped,   0 zombie
%Cpu(s):  0.0 us,  0.0 sy,  0.0 ni,100.0 id,  0.0 wa,  0.0 hi,  0.0 si,  0.0 st 
MiB Mem :   7993.6 total,   4369.3 free,   3205.2 used,    814.6 buff/cache     
MiB Swap:   9017.6 total,   9017.6 free,      0.0 used.   4788.4 avail Mem 

    PID USER      PR  NI    VIRT    RES    SHR S  %CPU  %MEM     TIME+ COMMAND
     39 agent     30  10  426936 273312   8556 S   0.0   3.3   0:00.17 agent-l+

[2026-06-04 06:21:35]
top - 06:21:35 up  1:26,  0 user,  load average: 0.07, 0.34, 0.30
Tasks:   1 total,   0 running,   1 sleeping,   0 stopped,   0 zombie
%Cpu(s):  0.9 us,  0.0 sy,  0.0 ni, 99.1 id,  0.0 wa,  0.0 hi,  0.0 si,  0.0 st 
MiB Mem :   7993.6 total,   4363.2 free,   3211.3 used,    814.8 buff/cache     
MiB Swap:   9017.6 total,   9017.6 free,      0.0 used.   4782.3 avail Mem 

    PID USER      PR  NI    VIRT    RES    SHR S  %CPU  %MEM     TIME+ COMMAND
     39 agent     30  10  426936 273312   8556 S   0.0   3.3   0:00.18 agent-l+

[2026-06-04 06:21:36]
top - 06:21:36 up  1:26,  0 user,  load average: 0.06, 0.33, 0.29
Tasks:   1 total,   0 running,   1 sleeping,   0 stopped,   0 zombie
%Cpu(s):  0.0 us,  1.0 sy,  0.0 ni, 99.0 id,  0.0 wa,  0.0 hi,  0.0 si,  0.0 st 
MiB Mem :   7993.6 total,   4339.0 free,   3235.2 used,    814.9 buff/cache     
MiB Swap:   9017.6 total,   9017.6 free,      0.0 used.   4758.4 avail Mem 

    PID USER      PR  NI    VIRT    RES    SHR S  %CPU  %MEM     TIME+ COMMAND
     39 agent     30  10  452540 298916   8556 S   0.0   3.7   0:00.19 agent-l+

[2026-06-04 06:21:37]
top - 06:21:37 up  1:26,  0 user,  load average: 0.06, 0.33, 0.29
Tasks:   1 total,   0 running,   1 sleeping,   0 stopped,   0 zombie
%Cpu(s):  0.0 us,  0.0 sy,  0.0 ni,100.0 id,  0.0 wa,  0.0 hi,  0.0 si,  0.0 st 
MiB Mem :   7993.6 total,   4335.1 free,   3239.0 used,    814.9 buff/cache     
MiB Swap:   9017.6 total,   9017.6 free,      0.0 used.   4754.5 avail Mem 

    PID USER      PR  NI    VIRT    RES    SHR S  %CPU  %MEM     TIME+ COMMAND
     39 agent     30  10  452540 298916   8556 S   0.0   3.7   0:00.19 agent-l+

[2026-06-04 06:21:38]
top - 06:21:38 up  1:26,  0 user,  load average: 0.06, 0.33, 0.29
Tasks:   1 total,   0 running,   1 sleeping,   0 stopped,   0 zombie
%Cpu(s):  2.0 us,  2.0 sy,  0.0 ni, 95.0 id,  1.0 wa,  0.0 hi,  0.0 si,  0.0 st 
MiB Mem :   7993.6 total,   4341.9 free,   3232.2 used,    815.0 buff/cache     
MiB Swap:   9017.6 total,   9017.6 free,      0.0 used.   4761.3 avail Mem 

    PID USER      PR  NI    VIRT    RES    SHR S  %CPU  %MEM     TIME+ COMMAND
     39 agent     30  10  452540 298916   8556 S   0.0   3.7   0:00.19 agent-l+

[2026-06-04 06:21:39]
top - 06:21:40 up  1:26,  0 user,  load average: 0.06, 0.33, 0.29
Tasks:   1 total,   0 running,   1 sleeping,   0 stopped,   0 zombie
%Cpu(s):  1.0 us,  0.0 sy,  0.0 ni, 99.0 id,  0.0 wa,  0.0 hi,  0.0 si,  0.0 st 
MiB Mem :   7993.6 total,   4312.3 free,   3261.8 used,    815.1 buff/cache     
MiB Swap:   9017.6 total,   9017.6 free,      0.0 used.   4731.8 avail Mem 

    PID USER      PR  NI    VIRT    RES    SHR S  %CPU  %MEM     TIME+ COMMAND
     39 agent     30  10  478144 324520   8556 S   0.0   4.0   0:00.20 agent-l+

[2026-06-04 06:21:41]
top - 06:21:41 up  1:26,  0 user,  load average: 0.38, 0.39, 0.31
Tasks:   1 total,   0 running,   1 sleeping,   0 stopped,   0 zombie
%Cpu(s):  0.0 us,  0.0 sy,  0.0 ni,100.0 id,  0.0 wa,  0.0 hi,  0.0 si,  0.0 st 
MiB Mem :   7993.6 total,   4310.7 free,   3263.4 used,    815.1 buff/cache     
MiB Swap:   9017.6 total,   9017.6 free,      0.0 used.   4730.2 avail Mem 

    PID USER      PR  NI    VIRT    RES    SHR S  %CPU  %MEM     TIME+ COMMAND
     39 agent     30  10  478144 324520   8556 S   0.0   4.0   0:00.21 agent-l+

[2026-06-04 06:21:42]
top - 06:21:42 up  1:26,  0 user,  load average: 0.38, 0.39, 0.31
Tasks:   1 total,   0 running,   1 sleeping,   0 stopped,   0 zombie
%Cpu(s):  1.0 us,  0.0 sy,  0.0 ni, 99.0 id,  0.0 wa,  0.0 hi,  0.0 si,  0.0 st 
MiB Mem :   7993.6 total,   4280.3 free,   3293.7 used,    815.1 buff/cache     
MiB Swap:   9017.6 total,   9017.6 free,      0.0 used.   4699.8 avail Mem 

    PID USER      PR  NI    VIRT    RES    SHR S  %CPU  %MEM     TIME+ COMMAND
     39 agent     30  10  503748 350124   8556 S   0.0   4.3   0:00.21 agent-l+

[2026-06-04 06:21:43]
top - 06:21:43 up  1:26,  0 user,  load average: 0.38, 0.39, 0.31
Tasks:   1 total,   0 running,   1 sleeping,   0 stopped,   0 zombie
%Cpu(s):  0.0 us,  0.0 sy,  0.0 ni,100.0 id,  0.0 wa,  0.0 hi,  0.0 si,  0.0 st 
MiB Mem :   7993.6 total,   4293.5 free,   3280.6 used,    815.1 buff/cache     
MiB Swap:   9017.6 total,   9017.6 free,      0.0 used.   4713.0 avail Mem 

    PID USER      PR  NI    VIRT    RES    SHR S  %CPU  %MEM     TIME+ COMMAND
     39 agent     30  10  503748 350124   8556 S   0.0   4.3   0:00.22 agent-l+

[2026-06-04 06:21:44]
top - 06:21:45 up  1:26,  0 user,  load average: 0.38, 0.39, 0.31
Tasks:   1 total,   0 running,   1 sleeping,   0 stopped,   0 zombie
%Cpu(s):  0.0 us,  0.0 sy,  0.0 ni,100.0 id,  0.0 wa,  0.0 hi,  0.0 si,  0.0 st 
MiB Mem :   7993.6 total,   4279.8 free,   3287.5 used,    821.8 buff/cache     
MiB Swap:   9017.6 total,   9017.6 free,      0.0 used.   4706.0 avail Mem 

    PID USER      PR  NI    VIRT    RES    SHR S  %CPU  %MEM     TIME+ COMMAND
     39 agent     30  10  503748 350124   8556 S   0.0   4.3   0:00.22 agent-l+

[2026-06-04 06:21:46]
top - 06:21:46 up  1:26,  0 user,  load average: 0.35, 0.39, 0.31
Tasks:   1 total,   0 running,   1 sleeping,   0 stopped,   0 zombie
%Cpu(s):  0.0 us,  0.9 sy,  0.0 ni, 99.1 id,  0.0 wa,  0.0 hi,  0.0 si,  0.0 st 
MiB Mem :   7993.6 total,   4255.0 free,   3312.3 used,    821.9 buff/cache     
MiB Swap:   9017.6 total,   9017.6 free,      0.0 used.   4681.3 avail Mem 

    PID USER      PR  NI    VIRT    RES    SHR S  %CPU  %MEM     TIME+ COMMAND
     39 agent     30  10  529352 375728   8556 S   0.0   4.6   0:00.23 agent-l+

[2026-06-04 06:21:47]
top - 06:21:47 up  1:26,  0 user,  load average: 0.35, 0.39, 0.31
Tasks:   1 total,   0 running,   1 sleeping,   0 stopped,   0 zombie
%Cpu(s):  0.0 us,  0.0 sy,  0.0 ni,100.0 id,  0.0 wa,  0.0 hi,  0.0 si,  0.0 st 
MiB Mem :   7993.6 total,   4251.4 free,   3315.8 used,    821.9 buff/cache     
MiB Swap:   9017.6 total,   9017.6 free,      0.0 used.   4677.8 avail Mem 

    PID USER      PR  NI    VIRT    RES    SHR S  %CPU  %MEM     TIME+ COMMAND
     39 agent     30  10  529352 375728   8556 S   0.0   4.6   0:00.24 agent-l+

[2026-06-04 06:21:48]
top - 06:21:48 up  1:26,  0 user,  load average: 0.35, 0.39, 0.31
Tasks:   1 total,   0 running,   1 sleeping,   0 stopped,   0 zombie
%Cpu(s):  0.0 us,  0.0 sy,  0.0 ni,100.0 id,  0.0 wa,  0.0 hi,  0.0 si,  0.0 st 
MiB Mem :   7993.6 total,   4223.5 free,   3343.7 used,    821.9 buff/cache     
MiB Swap:   9017.6 total,   9017.6 free,      0.0 used.   4649.8 avail Mem 

    PID USER      PR  NI    VIRT    RES    SHR S  %CPU  %MEM     TIME+ COMMAND
     39 agent     30  10  554956 401332   8556 S   0.0   4.9   0:00.24 agent-l+

[2026-06-04 06:21:49]
top - 06:21:49 up  1:26,  0 user,  load average: 0.35, 0.39, 0.31
Tasks:   1 total,   0 running,   1 sleeping,   0 stopped,   0 zombie
%Cpu(s):  0.0 us,  0.0 sy,  1.0 ni, 99.0 id,  0.0 wa,  0.0 hi,  0.0 si,  0.0 st 
MiB Mem :   7993.6 total,   4224.0 free,   3343.1 used,    822.2 buff/cache     
MiB Swap:   9017.6 total,   9017.6 free,      0.0 used.   4650.5 avail Mem 

    PID USER      PR  NI    VIRT    RES    SHR S  %CPU  %MEM     TIME+ COMMAND
     39 agent     30  10  554956 401332   8556 S   0.0   4.9   0:00.26 agent-l+

[2026-06-04 06:21:50]
top - 06:21:51 up  1:26,  0 user,  load average: 0.35, 0.39, 0.31
Tasks:   1 total,   0 running,   1 sleeping,   0 stopped,   0 zombie
%Cpu(s):  8.7 us,  1.0 sy,  0.0 ni, 90.4 id,  0.0 wa,  0.0 hi,  0.0 si,  0.0 st 
MiB Mem :   7993.6 total,   4204.1 free,   3362.8 used,    822.2 buff/cache     
MiB Swap:   9017.6 total,   9017.6 free,      0.0 used.   4630.7 avail Mem 

    PID USER      PR  NI    VIRT    RES    SHR S  %CPU  %MEM     TIME+ COMMAND
     39 agent     30  10  554956 401332   8556 S   0.0   4.9   0:00.26 agent-l+

[2026-06-04 06:21:52]
top - 06:21:52 up  1:26,  0 user,  load average: 0.56, 0.43, 0.33
Tasks:   1 total,   0 running,   1 sleeping,   0 stopped,   0 zombie
%Cpu(s):  0.0 us,  1.0 sy,  0.0 ni, 99.0 id,  0.0 wa,  0.0 hi,  0.0 si,  0.0 st 
MiB Mem :   7993.6 total,   4206.9 free,   3359.6 used,    822.6 buff/cache     
MiB Swap:   9017.6 total,   9017.6 free,      0.0 used.   4633.9 avail Mem 

    PID USER      PR  NI    VIRT    RES    SHR S  %CPU  %MEM     TIME+ COMMAND
     39 agent     30  10  580560 426936   8556 S   0.0   5.2   0:00.27 agent-l+

[2026-06-04 06:21:53]
top - 06:21:53 up  1:26,  0 user,  load average: 0.56, 0.43, 0.33
Tasks:   1 total,   0 running,   1 sleeping,   0 stopped,   0 zombie
%Cpu(s):  1.0 us,  0.0 sy,  0.0 ni, 99.0 id,  0.0 wa,  0.0 hi,  0.0 si,  0.0 st 
MiB Mem :   7993.6 total,   4210.2 free,   3356.1 used,    822.9 buff/cache     
MiB Swap:   9017.6 total,   9017.6 free,      0.0 used.   4637.5 avail Mem 

    PID USER      PR  NI    VIRT    RES    SHR S  %CPU  %MEM     TIME+ COMMAND
     39 agent     30  10  580560 426936   8556 S   0.0   5.2   0:00.28 agent-l+

[2026-06-04 06:21:54]
top - 06:21:54 up  1:26,  0 user,  load average: 0.56, 0.43, 0.33
Tasks:   1 total,   0 running,   1 sleeping,   0 stopped,   0 zombie
%Cpu(s):  1.0 us,  0.0 sy,  0.0 ni, 99.0 id,  0.0 wa,  0.0 hi,  0.0 si,  0.0 st 
MiB Mem :   7993.6 total,   4182.9 free,   3383.3 used,    823.0 buff/cache     
MiB Swap:   9017.6 total,   9017.6 free,      0.0 used.   4610.2 avail Mem 

    PID USER      PR  NI    VIRT    RES    SHR S  %CPU  %MEM     TIME+ COMMAND
     39 agent     30  10  606164 452540   8556 S   0.0   5.5   0:00.31 agent-l+

[2026-06-04 06:21:55]
top - 06:21:56 up  1:26,  0 user,  load average: 0.56, 0.43, 0.33
Tasks:   1 total,   0 running,   1 sleeping,   0 stopped,   0 zombie
%Cpu(s):  0.9 us,  0.0 sy,  0.0 ni, 99.1 id,  0.0 wa,  0.0 hi,  0.0 si,  0.0 st 
MiB Mem :   7993.6 total,   4172.0 free,   3394.1 used,    823.0 buff/cache     
MiB Swap:   9017.6 total,   9017.6 free,      0.0 used.   4599.5 avail Mem 

    PID USER      PR  NI    VIRT    RES    SHR S  %CPU  %MEM     TIME+ COMMAND
     39 agent     30  10  606164 452540   8556 S  10.0   5.5   0:00.32 agent-l+

[2026-06-04 06:21:57]
top - 06:21:57 up  1:26,  0 user,  load average: 0.52, 0.42, 0.32
Tasks:   1 total,   0 running,   1 sleeping,   0 stopped,   0 zombie
%Cpu(s):  0.0 us,  0.0 sy,  0.0 ni,100.0 id,  0.0 wa,  0.0 hi,  0.0 si,  0.0 st 
MiB Mem :   7993.6 total,   4169.3 free,   3392.4 used,    827.5 buff/cache     
MiB Swap:   9017.6 total,   9017.6 free,      0.0 used.   4601.2 avail Mem 

    PID USER      PR  NI    VIRT    RES    SHR S  %CPU  %MEM     TIME+ COMMAND
     39 agent     30  10  606164 452540   8556 S   0.0   5.5   0:00.32 agent-l+

[2026-06-04 06:21:58]
top - 06:21:58 up  1:26,  0 user,  load average: 0.52, 0.42, 0.32
Tasks:   1 total,   0 running,   1 sleeping,   0 stopped,   0 zombie
%Cpu(s):  1.0 us,  0.0 sy,  0.0 ni, 99.0 id,  0.0 wa,  0.0 hi,  0.0 si,  0.0 st 
MiB Mem :   7993.6 total,   4141.8 free,   3419.8 used,    827.5 buff/cache     
MiB Swap:   9017.6 total,   9017.6 free,      0.0 used.   4573.7 avail Mem 

    PID USER      PR  NI    VIRT    RES    SHR S  %CPU  %MEM     TIME+ COMMAND
     39 agent     30  10  631768 478144   8556 S   0.0   5.8   0:00.32 agent-l+

[2026-06-04 06:21:59]
top - 06:21:59 up  1:26,  0 user,  load average: 0.52, 0.42, 0.32
Tasks:   1 total,   0 running,   1 sleeping,   0 stopped,   0 zombie
%Cpu(s):  0.0 us,  0.0 sy,  0.0 ni,100.0 id,  0.0 wa,  0.0 hi,  0.0 si,  0.0 st 
MiB Mem :   7993.6 total,   4144.7 free,   3416.9 used,    827.6 buff/cache     
MiB Swap:   9017.6 total,   9017.6 free,      0.0 used.   4576.6 avail Mem 

    PID USER      PR  NI    VIRT    RES    SHR S  %CPU  %MEM     TIME+ COMMAND
     39 agent     30  10  631768 478144   8556 S   0.0   5.8   0:00.32 agent-l+

[2026-06-04 06:22:00]
top - 06:22:00 up  1:27,  0 user,  load average: 0.52, 0.42, 0.32
Tasks:   1 total,   0 running,   1 sleeping,   0 stopped,   0 zombie
%Cpu(s):  1.0 us,  0.0 sy,  0.0 ni, 99.0 id,  0.0 wa,  0.0 hi,  0.0 si,  0.0 st 
MiB Mem :   7993.6 total,   4115.3 free,   3446.2 used,    827.7 buff/cache     
MiB Swap:   9017.6 total,   9017.6 free,      0.0 used.   4547.4 avail Mem 

    PID USER      PR  NI    VIRT    RES    SHR S  %CPU  %MEM     TIME+ COMMAND
     39 agent     30  10  657372 503748   8556 S   0.0   6.2   0:00.33 agent-l+

[2026-06-04 06:22:01]
top - 06:22:02 up  1:27,  0 user,  load average: 0.47, 0.41, 0.32
Tasks:   1 total,   0 running,   1 sleeping,   0 stopped,   0 zombie
%Cpu(s):  0.0 us,  1.0 sy,  0.0 ni, 99.0 id,  0.0 wa,  0.0 hi,  0.0 si,  0.0 st 
MiB Mem :   7993.6 total,   4113.5 free,   3448.0 used,    827.7 buff/cache     
MiB Swap:   9017.6 total,   9017.6 free,      0.0 used.   4545.6 avail Mem 

    PID USER      PR  NI    VIRT    RES    SHR S  %CPU  %MEM     TIME+ COMMAND
     39 agent     30  10  657372 503748   8556 S   0.0   6.2   0:00.33 agent-l+

[2026-06-04 06:22:03]
top - 06:22:03 up  1:27,  0 user,  load average: 0.47, 0.41, 0.32
Tasks:   1 total,   0 running,   1 sleeping,   0 stopped,   0 zombie
%Cpu(s):  4.9 us,  4.9 sy,  0.0 ni, 89.2 id,  0.0 wa,  0.0 hi,  1.0 si,  0.0 st 
MiB Mem :   7993.6 total,   4133.2 free,   3428.3 used,    827.7 buff/cache     
MiB Swap:   9017.6 total,   9017.6 free,      0.0 used.   4565.2 avail Mem 

    PID USER      PR  NI    VIRT    RES    SHR S  %CPU  %MEM     TIME+ COMMAND
     39 agent     30  10  657372 503748   8556 S   0.0   6.2   0:00.34 agent-l+

[2026-06-04 06:22:04]
top - 06:22:04 up  1:27,  0 user,  load average: 0.47, 0.41, 0.32
Tasks:   1 total,   0 running,   1 sleeping,   0 stopped,   0 zombie
%Cpu(s):  4.0 us,  1.0 sy,  0.0 ni, 94.1 id,  0.0 wa,  0.0 hi,  1.0 si,  0.0 st 
MiB Mem :   7993.6 total,   4099.9 free,   3461.6 used,    827.7 buff/cache     
MiB Swap:   9017.6 total,   9017.6 free,      0.0 used.   4532.0 avail Mem 

    PID USER      PR  NI    VIRT    RES    SHR S  %CPU  %MEM     TIME+ COMMAND
     39 agent     30  10  682976 529352   8556 S   0.0   6.5   0:00.35 agent-l+

[2026-06-04 06:22:05]
top - 06:22:05 up  1:27,  0 user,  load average: 0.47, 0.41, 0.32
Tasks:   1 total,   0 running,   1 sleeping,   0 stopped,   0 zombie
%Cpu(s):  1.0 us,  0.0 sy,  0.0 ni, 99.0 id,  0.0 wa,  0.0 hi,  0.0 si,  0.0 st 
MiB Mem :   7993.6 total,   4302.8 free,   3477.0 used,    609.4 buff/cache     
MiB Swap:   9017.6 total,   9017.6 free,      0.0 used.   4516.6 avail Mem 

    PID USER      PR  NI    VIRT    RES    SHR S  %CPU  %MEM     TIME+ COMMAND
     39 agent     30  10  682976 527324   6528 S   0.0   6.4   0:00.36 agent-l+

[2026-06-04 06:22:06]
top - 06:22:07 up  1:27,  0 user,  load average: 0.76, 0.47, 0.34
Tasks:   1 total,   0 running,   1 sleeping,   0 stopped,   0 zombie
%Cpu(s):  0.0 us,  0.0 sy,  0.0 ni,100.0 id,  0.0 wa,  0.0 hi,  0.0 si,  0.0 st 
MiB Mem :   7993.6 total,   4738.7 free,   2986.3 used,    664.2 buff/cache     
MiB Swap:   9017.6 total,   9017.6 free,      0.0 used.   5007.3 avail Mem 

    PID USER      PR  NI    VIRT    RES    SHR S  %CPU  %MEM     TIME+ COMMAND
     39 agent     30  10  170896  15436   6720 S   0.0   0.2   0:00.39 agent-l+

[2026-06-04 06:22:08]
top - 06:22:08 up  1:27,  0 user,  load average: 0.76, 0.47, 0.34
Tasks:   1 total,   0 running,   1 sleeping,   0 stopped,   0 zombie
%Cpu(s):  0.0 us,  0.0 sy,  0.0 ni,100.0 id,  0.0 wa,  0.0 hi,  0.0 si,  0.0 st 
MiB Mem :   7993.6 total,   4733.3 free,   2986.1 used,    669.8 buff/cache     
MiB Swap:   9017.6 total,   9017.6 free,      0.0 used.   5007.5 avail Mem 

    PID USER      PR  NI    VIRT    RES    SHR S  %CPU  %MEM     TIME+ COMMAND
     39 agent     30  10  170896  15436   6720 S   0.0   0.2   0:00.39 agent-l+

[2026-06-04 06:22:09]
top - 06:22:09 up  1:27,  0 user,  load average: 0.76, 0.47, 0.34
Tasks:   1 total,   0 running,   1 sleeping,   0 stopped,   0 zombie
%Cpu(s):  0.0 us,  0.0 sy,  0.0 ni,100.0 id,  0.0 wa,  0.0 hi,  0.0 si,  0.0 st 
MiB Mem :   7993.6 total,   4731.6 free,   2977.1 used,    680.5 buff/cache     
MiB Swap:   9017.6 total,   9017.6 free,      0.0 used.   5016.4 avail Mem 

    PID USER      PR  NI    VIRT    RES    SHR S  %CPU  %MEM     TIME+ COMMAND
     39 agent     30  10  170896  15436   6720 S   0.0   0.2   0:00.40 agent-l+

[2026-06-04 06:22:10]
top - 06:22:10 up  1:27,  0 user,  load average: 0.76, 0.47, 0.34
Tasks:   1 total,   0 running,   1 sleeping,   0 stopped,   0 zombie
%Cpu(s):  1.0 us,  0.0 sy,  0.0 ni, 99.0 id,  0.0 wa,  0.0 hi,  0.0 si,  0.0 st 
MiB Mem :   7993.6 total,   4729.2 free,   2979.4 used,    680.8 buff/cache     
MiB Swap:   9017.6 total,   9017.6 free,      0.0 used.   5014.1 avail Mem 

    PID USER      PR  NI    VIRT    RES    SHR S  %CPU  %MEM     TIME+ COMMAND
     39 agent     30  10  170896  15436   6720 S   0.0   0.2   0:00.40 agent-l+

[2026-06-04 06:22:11]
top - 06:22:11 up  1:27,  0 user,  load average: 0.70, 0.47, 0.34
Tasks:   1 total,   0 running,   1 sleeping,   0 stopped,   0 zombie
%Cpu(s):  0.0 us,  0.0 sy,  0.0 ni,100.0 id,  0.0 wa,  0.0 hi,  0.0 si,  0.0 st 
MiB Mem :   7993.6 total,   4698.8 free,   2991.8 used,    698.5 buff/cache     
MiB Swap:   9017.6 total,   9017.6 free,      0.0 used.   5001.7 avail Mem 

    PID USER      PR  NI    VIRT    RES    SHR S  %CPU  %MEM     TIME+ COMMAND
     39 agent     30  10  170896  41028   6720 S   0.0   0.5   0:00.41 agent-l+

[2026-06-04 06:22:12]
top - 06:22:13 up  1:27,  0 user,  load average: 0.70, 0.47, 0.34
Tasks:   1 total,   0 running,   1 sleeping,   0 stopped,   0 zombie
%Cpu(s):  2.9 us,  5.9 sy,  0.0 ni, 90.2 id,  0.0 wa,  0.0 hi,  1.0 si,  0.0 st 
MiB Mem :   7993.6 total,   4684.1 free,   2989.0 used,    716.2 buff/cache     
MiB Swap:   9017.6 total,   9017.6 free,      0.0 used.   5004.6 avail Mem 

    PID USER      PR  NI    VIRT    RES    SHR S  %CPU  %MEM     TIME+ COMMAND
     39 agent     30  10  170896  41028   6720 S   0.0   0.5   0:00.41 agent-l+

[2026-06-04 06:22:14]
top - 06:22:14 up  1:27,  0 user,  load average: 0.70, 0.47, 0.34
Tasks:   1 total,   0 running,   1 sleeping,   0 stopped,   0 zombie
%Cpu(s):  3.8 us,  2.8 sy,  0.0 ni, 93.4 id,  0.0 wa,  0.0 hi,  0.0 si,  0.0 st 
MiB Mem :   7993.6 total,   4487.4 free,   3152.8 used,    748.9 buff/cache     
MiB Swap:   9017.6 total,   9017.6 free,      0.0 used.   4840.7 avail Mem 

    PID USER      PR  NI    VIRT    RES    SHR S  %CPU  %MEM     TIME+ COMMAND
     39 agent     30  10  170896  41028   6720 S   0.0   0.5   0:00.41 agent-l+

[2026-06-04 06:22:15]
top - 06:22:15 up  1:27,  0 user,  load average: 0.70, 0.47, 0.34
Tasks:   1 total,   0 running,   1 sleeping,   0 stopped,   0 zombie
%Cpu(s):  0.0 us,  0.0 sy,  0.0 ni,100.0 id,  0.0 wa,  0.0 hi,  0.0 si,  0.0 st 
MiB Mem :   7993.6 total,   4606.0 free,   3017.1 used,    766.0 buff/cache     
MiB Swap:   9017.6 total,   9017.6 free,      0.0 used.   4976.5 avail Mem 

    PID USER      PR  NI    VIRT    RES    SHR S  %CPU  %MEM     TIME+ COMMAND
     39 agent     30  10  170896  66628   6720 S   0.0   0.8   0:00.43 agent-l+

[2026-06-04 06:22:16]
top - 06:22:16 up  1:27,  0 user,  load average: 0.64, 0.46, 0.34
Tasks:   1 total,   0 running,   1 sleeping,   0 stopped,   0 zombie
%Cpu(s):  0.0 us,  1.0 sy,  0.0 ni, 99.0 id,  0.0 wa,  0.0 hi,  0.0 si,  0.0 st 
MiB Mem :   7993.6 total,   4604.6 free,   3018.3 used,    766.3 buff/cache     
MiB Swap:   9017.6 total,   9017.6 free,      0.0 used.   4975.3 avail Mem 

    PID USER      PR  NI    VIRT    RES    SHR S  %CPU  %MEM     TIME+ COMMAND
     39 agent     30  10  170896  66628   6720 S   0.0   0.8   0:00.43 agent-l+

[2026-06-04 06:22:17]
top - 06:22:18 up  1:27,  0 user,  load average: 0.64, 0.46, 0.34
Tasks:   1 total,   0 running,   1 sleeping,   0 stopped,   0 zombie
%Cpu(s):  0.0 us,  0.0 sy,  1.0 ni, 99.0 id,  0.0 wa,  0.0 hi,  0.0 si,  0.0 st 
MiB Mem :   7993.6 total,   4570.7 free,   3048.3 used,    770.2 buff/cache     
MiB Swap:   9017.6 total,   9017.6 free,      0.0 used.   4945.3 avail Mem 

    PID USER      PR  NI    VIRT    RES    SHR S  %CPU  %MEM     TIME+ COMMAND
     39 agent     30  10  236432  92244   6720 S   0.0   1.1   0:00.47 agent-l+

[2026-06-04 06:22:19]
top - 06:22:19 up  1:27,  0 user,  load average: 0.64, 0.46, 0.34
Tasks:   1 total,   0 running,   1 sleeping,   0 stopped,   0 zombie
%Cpu(s):  0.9 us,  0.0 sy,  0.0 ni, 99.1 id,  0.0 wa,  0.0 hi,  0.0 si,  0.0 st 
MiB Mem :   7993.6 total,   4569.2 free,   3049.7 used,    770.2 buff/cache     
MiB Swap:   9017.6 total,   9017.6 free,      0.0 used.   4943.9 avail Mem 

    PID USER      PR  NI    VIRT    RES    SHR S  %CPU  %MEM     TIME+ COMMAND
     39 agent     30  10  236432  92244   6720 S   0.0   1.1   0:00.47 agent-l+

[2026-06-04 06:22:20]
top - 06:22:20 up  1:27,  0 user,  load average: 0.64, 0.46, 0.34
Tasks:   1 total,   0 running,   1 sleeping,   0 stopped,   0 zombie
%Cpu(s):  0.0 us,  0.0 sy,  0.0 ni,100.0 id,  0.0 wa,  0.0 hi,  0.0 si,  0.0 st 
MiB Mem :   7993.6 total,   4572.2 free,   3046.7 used,    770.3 buff/cache     
MiB Swap:   9017.6 total,   9017.6 free,      0.0 used.   4946.9 avail Mem 

    PID USER      PR  NI    VIRT    RES    SHR S  %CPU  %MEM     TIME+ COMMAND
     39 agent     30  10  236432  92244   6720 S   0.0   1.1   0:00.47 agent-l+

[2026-06-04 06:22:21]
top - 06:22:21 up  1:27,  0 user,  load average: 0.59, 0.45, 0.34
Tasks:   1 total,   0 running,   1 sleeping,   0 stopped,   0 zombie
%Cpu(s):  5.0 us,  2.0 sy,  0.0 ni, 93.0 id,  0.0 wa,  0.0 hi,  0.0 si,  0.0 st 
MiB Mem :   7993.6 total,   4543.6 free,   3075.2 used,    770.3 buff/cache     
MiB Swap:   9017.6 total,   9017.6 free,      0.0 used.   4918.4 avail Mem 

    PID USER      PR  NI    VIRT    RES    SHR S  %CPU  %MEM     TIME+ COMMAND
     39 agent     30  10  236432 117832   6720 S   0.0   1.4   0:00.49 agent-l+

[2026-06-04 06:22:22]
top - 06:22:22 up  1:27,  0 user,  load average: 0.59, 0.45, 0.34
Tasks:   1 total,   0 running,   1 sleeping,   0 stopped,   0 zombie
%Cpu(s):  2.0 us,  2.0 sy,  0.0 ni, 96.1 id,  0.0 wa,  0.0 hi,  0.0 si,  0.0 st 
MiB Mem :   7993.6 total,   4552.7 free,   3066.2 used,    770.3 buff/cache     
MiB Swap:   9017.6 total,   9017.6 free,      0.0 used.   4927.4 avail Mem 

    PID USER      PR  NI    VIRT    RES    SHR S  %CPU  %MEM     TIME+ COMMAND
     39 agent     30  10  236432 117832   6720 S   0.0   1.4   0:00.49 agent-l+

[2026-06-04 06:22:23]
top - 06:22:24 up  1:27,  0 user,  load average: 0.59, 0.45, 0.34
Tasks:   1 total,   0 running,   1 sleeping,   0 stopped,   0 zombie
%Cpu(s):  0.0 us,  0.0 sy,  0.0 ni,100.0 id,  0.0 wa,  0.0 hi,  0.0 si,  0.0 st 
MiB Mem :   7993.6 total,   4531.2 free,   3083.2 used,    774.8 buff/cache     
MiB Swap:   9017.6 total,   9017.6 free,      0.0 used.   4910.4 avail Mem 

    PID USER      PR  NI    VIRT    RES    SHR S  %CPU  %MEM     TIME+ COMMAND
     39 agent     30  10  301968 143448   6720 S   0.0   1.8   0:00.50 agent-l+

[2026-06-04 06:22:25]
top - 06:22:25 up  1:27,  0 user,  load average: 0.59, 0.45, 0.34
Tasks:   1 total,   0 running,   1 sleeping,   0 stopped,   0 zombie
%Cpu(s):  0.0 us,  0.0 sy,  0.0 ni,100.0 id,  0.0 wa,  0.0 hi,  0.0 si,  0.0 st 
MiB Mem :   7993.6 total,   4525.4 free,   3088.9 used,    774.9 buff/cache     
MiB Swap:   9017.6 total,   9017.6 free,      0.0 used.   4904.7 avail Mem 

    PID USER      PR  NI    VIRT    RES    SHR S  %CPU  %MEM     TIME+ COMMAND
     39 agent     30  10  301968 143448   6720 S   0.0   1.8   0:00.50 agent-l+

[2026-06-04 06:22:26]
top - 06:22:26 up  1:27,  0 user,  load average: 0.54, 0.44, 0.33
Tasks:   1 total,   0 running,   1 sleeping,   0 stopped,   0 zombie
%Cpu(s):  0.0 us,  0.0 sy,  0.0 ni,100.0 id,  0.0 wa,  0.0 hi,  0.0 si,  0.0 st 
MiB Mem :   7993.6 total,   4520.2 free,   3091.6 used,    777.4 buff/cache     
MiB Swap:   9017.6 total,   9017.6 free,      0.0 used.   4902.0 avail Mem 

    PID USER      PR  NI    VIRT    RES    SHR S  %CPU  %MEM     TIME+ COMMAND
     39 agent     30  10  301968 143448   6720 S   0.0   1.8   0:00.50 agent-l+

[2026-06-04 06:22:27]
top - 06:22:27 up  1:27,  0 user,  load average: 0.54, 0.44, 0.33
Tasks:   1 total,   0 running,   1 sleeping,   0 stopped,   0 zombie
%Cpu(s):  0.0 us,  0.0 sy,  0.0 ni,100.0 id,  0.0 wa,  0.0 hi,  0.0 si,  0.0 st 
MiB Mem :   7993.6 total,   4491.6 free,   3120.1 used,    777.5 buff/cache     
MiB Swap:   9017.6 total,   9017.6 free,      0.0 used.   4873.5 avail Mem 

    PID USER      PR  NI    VIRT    RES    SHR S  %CPU  %MEM     TIME+ COMMAND
     39 agent     30  10  301968 169036   6720 S   0.0   2.1   0:00.53 agent-l+

[2026-06-04 06:22:28]
top - 06:22:29 up  1:27,  0 user,  load average: 0.54, 0.44, 0.33
Tasks:   1 total,   0 running,   1 sleeping,   0 stopped,   0 zombie
%Cpu(s):  0.0 us,  0.0 sy,  0.0 ni,100.0 id,  0.0 wa,  0.0 hi,  0.0 si,  0.0 st 
MiB Mem :   7993.6 total,   4483.6 free,   3120.5 used,    785.2 buff/cache     
MiB Swap:   9017.6 total,   9017.6 free,      0.0 used.   4873.1 avail Mem 

    PID USER      PR  NI    VIRT    RES    SHR S  %CPU  %MEM     TIME+ COMMAND
     39 agent     30  10  301968 169036   6720 S   0.0   2.1   0:00.53 agent-l+

[2026-06-04 06:22:30]
top - 06:22:30 up  1:27,  0 user,  load average: 0.54, 0.44, 0.33
Tasks:   1 total,   0 running,   1 sleeping,   0 stopped,   0 zombie
%Cpu(s):  0.0 us,  0.0 sy,  0.0 ni,100.0 id,  0.0 wa,  0.0 hi,  0.0 si,  0.0 st 
MiB Mem :   7993.6 total,   4456.8 free,   3147.2 used,    785.3 buff/cache     
MiB Swap:   9017.6 total,   9017.6 free,      0.0 used.   4846.4 avail Mem 

    PID USER      PR  NI    VIRT    RES    SHR S  %CPU  %MEM     TIME+ COMMAND
     39 agent     30  10  367504 194652   6720 S   0.0   2.4   0:00.54 agent-l+

[2026-06-04 06:22:31]
top - 06:22:31 up  1:27,  0 user,  load average: 0.50, 0.43, 0.33
Tasks:   1 total,   0 running,   1 sleeping,   0 stopped,   0 zombie
%Cpu(s):  0.0 us,  0.0 sy,  0.0 ni,100.0 id,  0.0 wa,  0.0 hi,  0.0 si,  0.0 st 
MiB Mem :   7993.6 total,   4453.0 free,   3150.6 used,    785.7 buff/cache     
MiB Swap:   9017.6 total,   9017.6 free,      0.0 used.   4842.9 avail Mem 

    PID USER      PR  NI    VIRT    RES    SHR S  %CPU  %MEM     TIME+ COMMAND
     39 agent     30  10  367504 194652   6720 S   0.0   2.4   0:00.54 agent-l+

[2026-06-04 06:22:32]
top - 06:22:32 up  1:27,  0 user,  load average: 0.50, 0.43, 0.33
Tasks:   1 total,   0 running,   1 sleeping,   0 stopped,   0 zombie
%Cpu(s):  0.0 us,  0.0 sy,  0.0 ni,100.0 id,  0.0 wa,  0.0 hi,  0.0 si,  0.0 st 
MiB Mem :   7993.6 total,   4461.0 free,   3141.3 used,    786.9 buff/cache     
MiB Swap:   9017.6 total,   9017.6 free,      0.0 used.   4852.3 avail Mem 

    PID USER      PR  NI    VIRT    RES    SHR S  %CPU  %MEM     TIME+ COMMAND
     39 agent     30  10  367504 220240   6720 S  10.0   2.7   0:00.55 agent-l+

[2026-06-04 06:22:33]
top - 06:22:33 up  1:27,  0 user,  load average: 0.50, 0.43, 0.33
Tasks:   1 total,   0 running,   1 sleeping,   0 stopped,   0 zombie
%Cpu(s):  0.0 us,  0.0 sy,  0.0 ni,100.0 id,  0.0 wa,  0.0 hi,  0.0 si,  0.0 st 
MiB Mem :   7993.6 total,   4405.8 free,   3179.4 used,    804.1 buff/cache     
MiB Swap:   9017.6 total,   9017.6 free,      0.0 used.   4814.2 avail Mem 

    PID USER      PR  NI    VIRT    RES    SHR S  %CPU  %MEM     TIME+ COMMAND
     39 agent     30  10  367504 220240   6720 S   0.0   2.7   0:00.55 agent-l+

[2026-06-04 06:22:35]
top - 06:22:35 up  1:27,  0 user,  load average: 0.50, 0.43, 0.33
Tasks:   1 total,   0 running,   1 sleeping,   0 stopped,   0 zombie
%Cpu(s):  0.0 us,  0.0 sy,  0.0 ni,100.0 id,  0.0 wa,  0.0 hi,  0.0 si,  0.0 st 
MiB Mem :   7993.6 total,   4412.1 free,   3173.0 used,    804.1 buff/cache     
MiB Swap:   9017.6 total,   9017.6 free,      0.0 used.   4820.6 avail Mem 

    PID USER      PR  NI    VIRT    RES    SHR S  %CPU  %MEM     TIME+ COMMAND
     39 agent     30  10  367504 220240   6720 S   0.0   2.7   0:00.55 agent-l+

[2026-06-04 06:22:36]
top - 06:22:36 up  1:27,  0 user,  load average: 0.46, 0.43, 0.33
Tasks:   1 total,   0 running,   1 sleeping,   0 stopped,   0 zombie
%Cpu(s):  5.9 us,  8.8 sy,  0.0 ni, 82.4 id,  2.0 wa,  0.0 hi,  1.0 si,  0.0 st 
MiB Mem :   7993.6 total,   4391.7 free,   3192.4 used,    805.2 buff/cache     
MiB Swap:   9017.6 total,   9017.6 free,      0.0 used.   4801.2 avail Mem 

    PID USER      PR  NI    VIRT    RES    SHR S  %CPU  %MEM     TIME+ COMMAND
     39 agent     30  10  433040 245856   6720 S   0.0   3.0   0:00.57 agent-l+

[2026-06-04 06:22:37]
top - 06:22:37 up  1:27,  0 user,  load average: 0.46, 0.43, 0.33
Tasks:   1 total,   0 running,   1 sleeping,   0 stopped,   0 zombie
%Cpu(s):  0.0 us,  0.0 sy,  0.0 ni,100.0 id,  0.0 wa,  0.0 hi,  0.0 si,  0.0 st 
MiB Mem :   7993.6 total,   4387.9 free,   3196.2 used,    805.2 buff/cache     
MiB Swap:   9017.6 total,   9017.6 free,      0.0 used.   4797.3 avail Mem 

    PID USER      PR  NI    VIRT    RES    SHR S  %CPU  %MEM     TIME+ COMMAND
     39 agent     30  10  433040 245856   6720 S   0.0   3.0   0:00.58 agent-l+

[2026-06-04 06:22:38]
top - 06:22:38 up  1:27,  0 user,  load average: 0.46, 0.43, 0.33
Tasks:   1 total,   0 running,   1 sleeping,   0 stopped,   0 zombie
%Cpu(s):  0.0 us,  0.0 sy,  0.0 ni,100.0 id,  0.0 wa,  0.0 hi,  0.0 si,  0.0 st 
MiB Mem :   7993.6 total,   4361.6 free,   3222.5 used,    805.2 buff/cache     
MiB Swap:   9017.6 total,   9017.6 free,      0.0 used.   4771.0 avail Mem 

    PID USER      PR  NI    VIRT    RES    SHR S  %CPU  %MEM     TIME+ COMMAND
     39 agent     30  10  433040 271444   6720 S   0.0   3.3   0:00.60 agent-l+

[2026-06-04 06:22:39]
top - 06:22:40 up  1:27,  0 user,  load average: 0.46, 0.43, 0.33
Tasks:   1 total,   0 running,   1 sleeping,   0 stopped,   0 zombie
%Cpu(s):  0.0 us,  1.0 sy,  0.0 ni, 99.0 id,  0.0 wa,  0.0 hi,  0.0 si,  0.0 st 
MiB Mem :   7993.6 total,   4368.2 free,   3215.8 used,    805.2 buff/cache     
MiB Swap:   9017.6 total,   9017.6 free,      0.0 used.   4777.8 avail Mem 

    PID USER      PR  NI    VIRT    RES    SHR S  %CPU  %MEM     TIME+ COMMAND
     39 agent     30  10  433040 271444   6720 S   0.0   3.3   0:00.60 agent-l+

[2026-06-04 06:22:41]
top - 06:22:41 up  1:27,  0 user,  load average: 0.50, 0.44, 0.33
Tasks:   1 total,   0 running,   1 sleeping,   0 stopped,   0 zombie
%Cpu(s):  0.0 us,  0.0 sy,  0.0 ni,100.0 id,  0.0 wa,  0.0 hi,  0.0 si,  0.0 st 
MiB Mem :   7993.6 total,   4367.2 free,   3216.7 used,    805.3 buff/cache     
MiB Swap:   9017.6 total,   9017.6 free,      0.0 used.   4776.9 avail Mem 

    PID USER      PR  NI    VIRT    RES    SHR S  %CPU  %MEM     TIME+ COMMAND
     39 agent     30  10  433040 271444   6720 S   0.0   3.3   0:00.60 agent-l+

[2026-06-04 06:22:42]
top - 06:22:42 up  1:27,  0 user,  load average: 0.50, 0.44, 0.33
Tasks:   1 total,   0 running,   1 sleeping,   0 stopped,   0 zombie
%Cpu(s):  0.9 us,  0.0 sy,  0.0 ni, 99.1 id,  0.0 wa,  0.0 hi,  0.0 si,  0.0 st 
MiB Mem :   7993.6 total,   4344.4 free,   3238.4 used,    806.5 buff/cache     
MiB Swap:   9017.6 total,   9017.6 free,      0.0 used.   4755.2 avail Mem 

    PID USER      PR  NI    VIRT    RES    SHR S  %CPU  %MEM     TIME+ COMMAND
     39 agent     30  10  498576 297060   6720 S   0.0   3.6   0:00.60 agent-l+

[2026-06-04 06:22:43]
top - 06:22:43 up  1:27,  0 user,  load average: 0.50, 0.44, 0.33
Tasks:   1 total,   0 running,   1 sleeping,   0 stopped,   0 zombie
%Cpu(s):  1.0 us,  1.0 sy,  0.0 ni, 98.1 id,  0.0 wa,  0.0 hi,  0.0 si,  0.0 st 
MiB Mem :   7993.6 total,   4353.5 free,   3229.3 used,    806.5 buff/cache     
MiB Swap:   9017.6 total,   9017.6 free,      0.0 used.   4764.3 avail Mem 

    PID USER      PR  NI    VIRT    RES    SHR S  %CPU  %MEM     TIME+ COMMAND
     39 agent     30  10  498576 297060   6720 S   0.0   3.6   0:00.61 agent-l+

[2026-06-04 06:22:44]
top - 06:22:45 up  1:27,  0 user,  load average: 0.50, 0.44, 0.33
Tasks:   1 total,   0 running,   1 sleeping,   0 stopped,   0 zombie
%Cpu(s):  0.0 us,  0.0 sy,  0.0 ni,100.0 id,  0.0 wa,  0.0 hi,  0.0 si,  0.0 st 
MiB Mem :   7993.6 total,   4323.4 free,   3259.4 used,    806.5 buff/cache     
MiB Swap:   9017.6 total,   9017.6 free,      0.0 used.   4734.2 avail Mem 

    PID USER      PR  NI    VIRT    RES    SHR S  %CPU  %MEM     TIME+ COMMAND
     39 agent     30  10  498576 322648   6720 S   0.0   3.9   0:00.62 agent-l+

[2026-06-04 06:22:46]
top - 06:22:46 up  1:27,  0 user,  load average: 0.46, 0.43, 0.33
Tasks:   1 total,   0 running,   1 sleeping,   0 stopped,   0 zombie
%Cpu(s):  0.0 us,  0.0 sy,  0.0 ni,100.0 id,  0.0 wa,  0.0 hi,  0.0 si,  0.0 st 
MiB Mem :   7993.6 total,   4318.3 free,   3264.3 used,    806.6 buff/cache     
MiB Swap:   9017.6 total,   9017.6 free,      0.0 used.   4729.2 avail Mem 

    PID USER      PR  NI    VIRT    RES    SHR S  %CPU  %MEM     TIME+ COMMAND
     39 agent     30  10  498576 322648   6720 S   0.0   3.9   0:00.63 agent-l+

[2026-06-04 06:22:47]
top - 06:22:47 up  1:27,  0 user,  load average: 0.46, 0.43, 0.33
Tasks:   1 total,   0 running,   1 sleeping,   0 stopped,   0 zombie
%Cpu(s):  1.0 us,  0.0 sy,  0.0 ni, 99.0 id,  0.0 wa,  0.0 hi,  0.0 si,  0.0 st 
MiB Mem :   7993.6 total,   4316.1 free,   3266.5 used,    806.6 buff/cache     
MiB Swap:   9017.6 total,   9017.6 free,      0.0 used.   4727.1 avail Mem 

    PID USER      PR  NI    VIRT    RES    SHR S  %CPU  %MEM     TIME+ COMMAND
     39 agent     30  10  498576 322648   6720 S   0.0   3.9   0:00.63 agent-l+

[2026-06-04 06:22:48]
top - 06:22:48 up  1:27,  0 user,  load average: 0.46, 0.43, 0.33
Tasks:   1 total,   0 running,   1 sleeping,   0 stopped,   0 zombie
%Cpu(s):  0.0 us,  0.0 sy,  0.0 ni,100.0 id,  0.0 wa,  0.0 hi,  0.0 si,  0.0 st 
MiB Mem :   7993.6 total,   4290.5 free,   3292.1 used,    806.6 buff/cache     
MiB Swap:   9017.6 total,   9017.6 free,      0.0 used.   4701.5 avail Mem 

    PID USER      PR  NI    VIRT    RES    SHR S  %CPU  %MEM     TIME+ COMMAND
     39 agent     30  10  564112 348264   6720 S   0.0   4.3   0:00.64 agent-l+

[2026-06-04 06:22:49]
top - 06:22:49 up  1:27,  0 user,  load average: 0.46, 0.43, 0.33
Tasks:   1 total,   0 running,   1 sleeping,   0 stopped,   0 zombie
%Cpu(s):  3.0 us,  1.0 sy,  0.0 ni, 96.0 id,  0.0 wa,  0.0 hi,  0.0 si,  0.0 st 
MiB Mem :   7993.6 total,   4291.5 free,   3291.0 used,    806.7 buff/cache     
MiB Swap:   9017.6 total,   9017.6 free,      0.0 used.   4702.5 avail Mem 

    PID USER      PR  NI    VIRT    RES    SHR S  %CPU  %MEM     TIME+ COMMAND
     39 agent     30  10  564112 348264   6720 S   0.0   4.3   0:00.65 agent-l+

[2026-06-04 06:22:50]
top - 06:22:51 up  1:27,  0 user,  load average: 0.42, 0.42, 0.33
Tasks:   1 total,   0 running,   1 sleeping,   0 stopped,   0 zombie
%Cpu(s):  0.0 us,  0.0 sy,  0.0 ni,100.0 id,  0.0 wa,  0.0 hi,  0.0 si,  0.0 st 
MiB Mem :   7993.6 total,   4379.0 free,   3324.9 used,    685.4 buff/cache     
MiB Swap:   9017.6 total,   9017.6 free,      0.0 used.   4668.7 avail Mem 

    PID USER      PR  NI    VIRT    RES    SHR S  %CPU  %MEM     TIME+ COMMAND
     39 agent     30  10  564112 371008   3876 S   0.0   4.5   0:00.66 agent-l+

[2026-06-04 06:22:52]
top - 06:22:52 up  1:27,  0 user,  load average: 0.42, 0.42, 0.33
Tasks:   1 total,   0 running,   1 sleeping,   0 stopped,   0 zombie
%Cpu(s):  8.6 us,  2.9 sy,  0.0 ni, 88.6 id,  0.0 wa,  0.0 hi,  0.0 si,  0.0 st 
MiB Mem :   7993.6 total,   4315.3 free,   3346.1 used,    728.1 buff/cache     
MiB Swap:   9017.6 total,   9017.6 free,      0.0 used.   4647.5 avail Mem 

    PID USER      PR  NI    VIRT    RES    SHR S  %CPU  %MEM     TIME+ COMMAND
     39 agent     30  10  564112 371008   3876 S   0.0   4.5   0:00.67 agent-l+

[2026-06-04 06:22:53]
top - 06:22:53 up  1:27,  0 user,  load average: 0.42, 0.42, 0.33
Tasks:   1 total,   0 running,   1 sleeping,   0 stopped,   0 zombie
%Cpu(s):  5.8 us,  6.7 sy,  0.0 ni, 86.5 id,  0.0 wa,  0.0 hi,  1.0 si,  0.0 st 
MiB Mem :   7993.6 total,   4319.9 free,   3322.5 used,    746.9 buff/cache     
MiB Swap:   9017.6 total,   9017.6 free,      0.0 used.   4671.1 avail Mem 

    PID USER      PR  NI    VIRT    RES    SHR S  %CPU  %MEM     TIME+ COMMAND
     39 agent     30  10  564112 371008   3876 S   0.0   4.5   0:00.67 agent-l+

[2026-06-04 06:22:54]
top - 06:22:54 up  1:27,  0 user,  load average: 0.42, 0.42, 0.33
Tasks:   1 total,   0 running,   1 sleeping,   0 stopped,   0 zombie
%Cpu(s):  1.0 us,  0.0 sy,  0.0 ni, 99.0 id,  0.0 wa,  0.0 hi,  0.0 si,  0.0 st 
MiB Mem :   7993.6 total,   4294.7 free,   3347.4 used,    747.1 buff/cache     
MiB Swap:   9017.6 total,   9017.6 free,      0.0 used.   4646.1 avail Mem 

    PID USER      PR  NI    VIRT    RES    SHR S  %CPU  %MEM     TIME+ COMMAND
     39 agent     30  10  629648 396624   3876 S   0.0   4.8   0:00.67 agent-l+

[2026-06-04 06:22:55]
top - 06:22:56 up  1:27,  0 user,  load average: 0.42, 0.42, 0.33
Tasks:   1 total,   0 running,   1 sleeping,   0 stopped,   0 zombie
%Cpu(s):  0.9 us,  0.0 sy,  0.0 ni, 99.1 id,  0.0 wa,  0.0 hi,  0.0 si,  0.0 st 
MiB Mem :   7993.6 total,   4289.9 free,   3347.1 used,    752.2 buff/cache     
MiB Swap:   9017.6 total,   9017.6 free,      0.0 used.   4646.4 avail Mem 

    PID USER      PR  NI    VIRT    RES    SHR S  %CPU  %MEM     TIME+ COMMAND
     39 agent     30  10  629648 396624   3876 S   0.0   4.8   0:00.67 agent-l+

[2026-06-04 06:22:57]
top - 06:22:57 up  1:27,  0 user,  load average: 0.39, 0.41, 0.33
Tasks:   1 total,   0 running,   1 sleeping,   0 stopped,   0 zombie
%Cpu(s):  0.0 us,  0.0 sy,  0.0 ni,100.0 id,  0.0 wa,  0.0 hi,  0.0 si,  0.0 st 
MiB Mem :   7993.6 total,   4264.4 free,   3372.6 used,    752.2 buff/cache     
MiB Swap:   9017.6 total,   9017.6 free,      0.0 used.   4621.0 avail Mem 

    PID USER      PR  NI    VIRT    RES    SHR S  %CPU  %MEM     TIME+ COMMAND
     39 agent     30  10  629648 422212   3876 S   0.0   5.2   0:00.69 agent-l+

[2026-06-04 06:22:58]
top - 06:22:58 up  1:27,  0 user,  load average: 0.39, 0.41, 0.33
Tasks:   1 total,   0 running,   1 sleeping,   0 stopped,   0 zombie
%Cpu(s):  0.0 us,  0.0 sy,  0.0 ni,100.0 id,  0.0 wa,  0.0 hi,  0.0 si,  0.0 st 
MiB Mem :   7993.6 total,   4260.8 free,   3375.7 used,    752.9 buff/cache     
MiB Swap:   9017.6 total,   9017.6 free,      0.0 used.   4617.9 avail Mem 

    PID USER      PR  NI    VIRT    RES    SHR S  %CPU  %MEM     TIME+ COMMAND
     39 agent     30  10  629648 422212   3876 S   0.0   5.2   0:00.69 agent-l+

[2026-06-04 06:22:59]
top - 06:22:59 up  1:27,  0 user,  load average: 0.39, 0.41, 0.33
Tasks:   1 total,   0 running,   1 sleeping,   0 stopped,   0 zombie
%Cpu(s):  0.0 us,  0.0 sy,  0.0 ni,100.0 id,  0.0 wa,  0.0 hi,  0.0 si,  0.0 st 
MiB Mem :   7993.6 total,   4258.1 free,   3378.2 used,    752.9 buff/cache     
MiB Swap:   9017.6 total,   9017.6 free,      0.0 used.   4615.3 avail Mem 

    PID USER      PR  NI    VIRT    RES    SHR S  %CPU  %MEM     TIME+ COMMAND
     39 agent     30  10  629648 422212   3876 S   0.0   5.2   0:00.69 agent-l+

[2026-06-04 06:23:00]
top - 06:23:00 up  1:28,  0 user,  load average: 0.39, 0.41, 0.33
Tasks:   1 total,   0 running,   1 sleeping,   0 stopped,   0 zombie
%Cpu(s):  0.0 us,  0.0 sy,  0.0 ni,100.0 id,  0.0 wa,  0.0 hi,  0.0 si,  0.0 st 
MiB Mem :   7993.6 total,   4236.1 free,   3400.1 used,    753.1 buff/cache     
MiB Swap:   9017.6 total,   9017.6 free,      0.0 used.   4593.4 avail Mem 

    PID USER      PR  NI    VIRT    RES    SHR S  %CPU  %MEM     TIME+ COMMAND
     39 agent     30  10  695184 447828   3876 S   0.0   5.5   0:00.69 agent-l+

[2026-06-04 06:23:01]
top - 06:23:02 up  1:28,  0 user,  load average: 0.36, 0.41, 0.33
Tasks:   1 total,   0 running,   1 sleeping,   0 stopped,   0 zombie
%Cpu(s):  0.0 us,  0.0 sy,  0.0 ni,100.0 id,  0.0 wa,  0.0 hi,  0.0 si,  0.0 st 
MiB Mem :   7993.6 total,   4236.4 free,   3399.8 used,    753.1 buff/cache     
MiB Swap:   9017.6 total,   9017.6 free,      0.0 used.   4593.7 avail Mem 

    PID USER      PR  NI    VIRT    RES    SHR S  %CPU  %MEM     TIME+ COMMAND
     39 agent     30  10  695184 447828   3876 S   0.0   5.5   0:00.70 agent-l+

[2026-06-04 06:23:03]
top - 06:23:03 up  1:28,  0 user,  load average: 0.36, 0.41, 0.33
Tasks:   1 total,   0 running,   1 sleeping,   0 stopped,   0 zombie
%Cpu(s):  1.0 us,  1.0 sy,  0.0 ni, 97.1 id,  0.0 wa,  0.0 hi,  1.0 si,  0.0 st 
MiB Mem :   7993.6 total,   4228.4 free,   3397.1 used,    763.8 buff/cache     
MiB Swap:   9017.6 total,   9017.6 free,      0.0 used.   4596.5 avail Mem 

    PID USER      PR  NI    VIRT    RES    SHR S  %CPU  %MEM     TIME+ COMMAND
     39 agent     30  10  695184 473416   3876 S   0.0   5.8   0:00.71 agent-l+

[2026-06-04 06:23:04]
top - 06:23:04 up  1:28,  0 user,  load average: 0.36, 0.41, 0.33
Tasks:   1 total,   0 running,   1 sleeping,   0 stopped,   0 zombie
%Cpu(s):  0.0 us,  0.0 sy,  0.0 ni,100.0 id,  0.0 wa,  0.0 hi,  0.0 si,  0.0 st 
MiB Mem :   7993.6 total,   4200.6 free,   3403.3 used,    785.4 buff/cache     
MiB Swap:   9017.6 total,   9017.6 free,      0.0 used.   4590.3 avail Mem 

    PID USER      PR  NI    VIRT    RES    SHR S  %CPU  %MEM     TIME+ COMMAND
     39 agent     30  10  695184 473416   3876 S   0.0   5.8   0:00.71 agent-l+

[2026-06-04 06:23:05]
top - 06:23:05 up  1:28,  0 user,  load average: 0.36, 0.41, 0.33
Tasks:   1 total,   0 running,   1 sleeping,   0 stopped,   0 zombie
%Cpu(s):  0.9 us,  1.9 sy,  0.0 ni, 96.3 id,  0.0 wa,  0.0 hi,  0.9 si,  0.0 st 
MiB Mem :   7993.6 total,   4186.7 free,   3406.6 used,    796.0 buff/cache     
MiB Swap:   9017.6 total,   9017.6 free,      0.0 used.   4586.9 avail Mem 

    PID USER      PR  NI    VIRT    RES    SHR S  %CPU  %MEM     TIME+ COMMAND
     39 agent     30  10  695184 473416   3876 S   0.0   5.8   0:00.72 agent-l+

[2026-06-04 06:23:06]
top - 06:23:07 up  1:28,  0 user,  load average: 0.33, 0.40, 0.32
Tasks:   1 total,   0 running,   1 sleeping,   0 stopped,   0 zombie
%Cpu(s):  0.0 us,  0.0 sy,  0.0 ni, 99.0 id,  0.0 wa,  0.0 hi,  1.0 si,  0.0 st 
MiB Mem :   7993.6 total,   4150.6 free,   3436.0 used,    802.7 buff/cache     
MiB Swap:   9017.6 total,   9017.6 free,      0.0 used.   4557.6 avail Mem 

    PID USER      PR  NI    VIRT    RES    SHR S  %CPU  %MEM     TIME+ COMMAND
     39 agent     30  10  760720 499032   3876 S   0.0   6.1   0:00.73 agent-l+

[2026-06-04 06:23:08]
top - 06:23:08 up  1:28,  0 user,  load average: 0.33, 0.40, 0.32
Tasks:   1 total,   0 running,   1 sleeping,   0 stopped,   0 zombie
%Cpu(s):  0.0 us,  0.0 sy,  0.0 ni,100.0 id,  0.0 wa,  0.0 hi,  0.0 si,  0.0 st 
MiB Mem :   7993.6 total,   4146.8 free,   3439.7 used,    802.8 buff/cache     
MiB Swap:   9017.6 total,   9017.6 free,      0.0 used.   4553.8 avail Mem 

    PID USER      PR  NI    VIRT    RES    SHR S  %CPU  %MEM     TIME+ COMMAND
     39 agent     30  10  760720 499032   3876 S   0.0   6.1   0:00.73 agent-l+

[2026-06-04 06:23:09]
top - 06:23:09 up  1:28,  0 user,  load average: 0.33, 0.40, 0.32
Tasks:   1 total,   0 running,   1 sleeping,   0 stopped,   0 zombie
%Cpu(s):  0.0 us,  1.0 sy,  0.0 ni, 99.0 id,  0.0 wa,  0.0 hi,  0.0 si,  0.0 st 
MiB Mem :   7993.6 total,   4116.9 free,   3468.0 used,    804.4 buff/cache     
MiB Swap:   9017.6 total,   9017.6 free,      0.0 used.   4525.6 avail Mem 

    PID USER      PR  NI    VIRT    RES    SHR S  %CPU  %MEM     TIME+ COMMAND
     39 agent     30  10  760720 524620   3876 S   0.0   6.4   0:00.73 agent-l+

[2026-06-04 06:23:10]
top - 06:23:10 up  1:28,  0 user,  load average: 0.33, 0.40, 0.32
Tasks:   1 total,   0 running,   1 sleeping,   0 stopped,   0 zombie
%Cpu(s):  0.0 us,  0.0 sy,  0.0 ni,100.0 id,  0.0 wa,  0.0 hi,  0.0 si,  0.0 st 
MiB Mem :   7993.6 total,   4119.4 free,   3464.7 used,    805.2 buff/cache     
MiB Swap:   9017.6 total,   9017.6 free,      0.0 used.   4528.9 avail Mem 

    PID USER      PR  NI    VIRT    RES    SHR S  %CPU  %MEM     TIME+ COMMAND
     39 agent     30  10  760720 524620   3876 S   0.0   6.4   0:00.73 agent-l+

[2026-06-04 06:23:11]
top - 06:23:11 up  1:28,  0 user,  load average: 0.30, 0.39, 0.32
Tasks:   1 total,   0 running,   1 sleeping,   0 stopped,   0 zombie
%Cpu(s):  0.0 us,  0.0 sy,  0.0 ni,100.0 id,  0.0 wa,  0.0 hi,  0.0 si,  0.0 st 
MiB Mem :   7993.6 total,   4118.9 free,   3465.2 used,    805.2 buff/cache     
MiB Swap:   9017.6 total,   9017.6 free,      0.0 used.   4528.4 avail Mem 

    PID USER      PR  NI    VIRT    RES    SHR S  %CPU  %MEM     TIME+ COMMAND
     39 agent     30  10  760720 524620   3876 S   0.0   6.4   0:00.74 agent-l+

[2026-06-04 06:23:12]
top - 06:23:13 up  1:28,  0 user,  load average: 0.30, 0.39, 0.32
Tasks:   1 total,   0 running,   1 sleeping,   0 stopped,   0 zombie
%Cpu(s):  1.0 us,  1.0 sy,  0.0 ni, 97.1 id,  0.0 wa,  0.0 hi,  1.0 si,  0.0 st 
MiB Mem :   7993.6 total,   4579.2 free,   3004.5 used,    805.5 buff/cache     
MiB Swap:   9017.6 total,   9017.6 free,      0.0 used.   4989.0 avail Mem 

    PID USER      PR  NI    VIRT    RES    SHR S  %CPU  %MEM     TIME+ COMMAND
     39 agent     30  10  170896  63784   3876 S   0.0   0.8   0:00.76 agent-l+

[2026-06-04 06:23:14]
top - 06:23:14 up  1:28,  0 user,  load average: 0.30, 0.39, 0.32
Tasks:   1 total,   0 running,   1 sleeping,   0 stopped,   0 zombie
%Cpu(s):  0.0 us,  1.0 sy,  0.0 ni, 99.0 id,  0.0 wa,  0.0 hi,  0.0 si,  0.0 st 
MiB Mem :   7993.6 total,   4586.0 free,   2997.6 used,    805.6 buff/cache     
MiB Swap:   9017.6 total,   9017.6 free,      0.0 used.   4996.0 avail Mem 

    PID USER      PR  NI    VIRT    RES    SHR S  %CPU  %MEM     TIME+ COMMAND
     39 agent     30  10  170896  63784   3876 S   0.0   0.8   0:00.77 agent-l+

[2026-06-04 06:23:15]
top - 06:23:15 up  1:28,  0 user,  load average: 0.30, 0.39, 0.32
Tasks:   1 total,   0 running,   1 sleeping,   0 stopped,   0 zombie
%Cpu(s):  1.0 us,  0.0 sy,  0.0 ni, 99.0 id,  0.0 wa,  0.0 hi,  0.0 si,  0.0 st 
MiB Mem :   7993.6 total,   4580.4 free,   3003.2 used,    805.6 buff/cache     
MiB Swap:   9017.6 total,   9017.6 free,      0.0 used.   4990.4 avail Mem 

    PID USER      PR  NI    VIRT    RES    SHR S  %CPU  %MEM     TIME+ COMMAND
     39 agent     30  10  170896  63784   3876 S   0.0   0.8   0:00.77 agent-l+

[2026-06-04 06:23:16]
top - 06:23:16 up  1:28,  0 user,  load average: 0.28, 0.39, 0.32
Tasks:   1 total,   0 running,   1 sleeping,   0 stopped,   0 zombie
%Cpu(s):  0.0 us,  0.0 sy,  0.0 ni,100.0 id,  0.0 wa,  0.0 hi,  0.0 si,  0.0 st 
MiB Mem :   7993.6 total,   4576.1 free,   3007.0 used,    806.1 buff/cache     
MiB Swap:   9017.6 total,   9017.6 free,      0.0 used.   4986.6 avail Mem 

    PID USER      PR  NI    VIRT    RES    SHR S  %CPU  %MEM     TIME+ COMMAND
     39 agent     30  10  170896  63784   3876 S   0.0   0.8   0:00.78 agent-l+

[2026-06-04 06:23:17]
top - 06:23:17 up  1:28,  0 user,  load average: 0.28, 0.39, 0.32
Tasks:   1 total,   0 running,   1 sleeping,   0 stopped,   0 zombie
%Cpu(s):  1.0 us,  1.0 sy,  0.0 ni, 98.1 id,  0.0 wa,  0.0 hi,  0.0 si,  0.0 st 
MiB Mem :   7993.6 total,   4571.1 free,   3012.0 used,    806.1 buff/cache     
MiB Swap:   9017.6 total,   9017.6 free,      0.0 used.   4981.6 avail Mem 

    PID USER      PR  NI    VIRT    RES    SHR S  %CPU  %MEM     TIME+ COMMAND
     39 agent     30  10  170896  63784   3876 S   0.0   0.8   0:00.79 agent-l+

[2026-06-04 06:23:18]
top - 06:23:19 up  1:28,  0 user,  load average: 0.28, 0.39, 0.32
Tasks:   1 total,   0 running,   1 sleeping,   0 stopped,   0 zombie
%Cpu(s):  0.0 us,  0.0 sy,  0.0 ni,100.0 id,  0.0 wa,  0.0 hi,  0.0 si,  0.0 st 
MiB Mem :   7993.6 total,   4568.7 free,   3014.3 used,    806.2 buff/cache     
MiB Swap:   9017.6 total,   9017.6 free,      0.0 used.   4979.2 avail Mem 

    PID USER      PR  NI    VIRT    RES    SHR S  %CPU  %MEM     TIME+ COMMAND
     39 agent     30  10  170896  63784   3876 S   0.0   0.8   0:00.79 agent-l+

[2026-06-04 06:23:20]
top - 06:23:20 up  1:28,  0 user,  load average: 0.28, 0.39, 0.32
Tasks:   1 total,   0 running,   1 sleeping,   0 stopped,   0 zombie
%Cpu(s):  0.0 us,  0.0 sy,  1.0 ni, 99.0 id,  0.0 wa,  0.0 hi,  0.0 si,  0.0 st 
MiB Mem :   7993.6 total,   4576.5 free,   3006.5 used,    806.2 buff/cache     
MiB Swap:   9017.6 total,   9017.6 free,      0.0 used.   4987.1 avail Mem 

    PID USER      PR  NI    VIRT    RES    SHR S  %CPU  %MEM     TIME+ COMMAND
     39 agent     30  10  170896  63784   3876 S   0.0   0.8   0:00.81 agent-l+

[2026-06-04 06:23:21]
top - 06:23:21 up  1:28,  0 user,  load average: 0.26, 0.38, 0.32
Tasks:   1 total,   0 running,   1 sleeping,   0 stopped,   0 zombie
%Cpu(s):  0.0 us,  0.0 sy,  0.0 ni,100.0 id,  0.0 wa,  0.0 hi,  0.0 si,  0.0 st 
MiB Mem :   7993.6 total,   4569.6 free,   3013.3 used,    806.2 buff/cache     
MiB Swap:   9017.6 total,   9017.6 free,      0.0 used.   4980.2 avail Mem 

    PID USER      PR  NI    VIRT    RES    SHR S  %CPU  %MEM     TIME+ COMMAND
     39 agent     30  10  170896  63784   3876 S   0.0   0.8   0:00.81 agent-l+

[2026-06-04 06:23:22]
top - 06:23:22 up  1:28,  0 user,  load average: 0.26, 0.38, 0.32
Tasks:   1 total,   0 running,   1 sleeping,   0 stopped,   0 zombie
%Cpu(s):  9.0 us,  2.0 sy,  0.0 ni, 89.0 id,  0.0 wa,  0.0 hi,  0.0 si,  0.0 st 
MiB Mem :   7993.6 total,   4549.9 free,   3033.1 used,    806.3 buff/cache     
MiB Swap:   9017.6 total,   9017.6 free,      0.0 used.   4960.5 avail Mem 

    PID USER      PR  NI    VIRT    RES    SHR S  %CPU  %MEM     TIME+ COMMAND
     39 agent     30  10  170896  63784   3876 S   0.0   0.8   0:00.81 agent-l+

[2026-06-04 06:23:23]
top - 06:23:24 up  1:28,  0 user,  load average: 0.26, 0.38, 0.32
Tasks:   1 total,   0 running,   1 sleeping,   0 stopped,   0 zombie
%Cpu(s):  0.0 us,  0.0 sy,  0.0 ni,100.0 id,  0.0 wa,  0.0 hi,  0.0 si,  0.0 st 
MiB Mem :   7993.6 total,   4555.3 free,   3023.9 used,    810.1 buff/cache     
MiB Swap:   9017.6 total,   9017.6 free,      0.0 used.   4969.6 avail Mem 

    PID USER      PR  NI    VIRT    RES    SHR S  %CPU  %MEM     TIME+ COMMAND
     39 agent     30  10  236432  89400   3876 S   0.0   1.1   0:00.82 agent-l+

[2026-06-04 06:23:25]
top - 06:23:25 up  1:28,  0 user,  load average: 0.26, 0.38, 0.32
Tasks:   1 total,   0 running,   1 sleeping,   0 stopped,   0 zombie
%Cpu(s):  0.0 us,  0.0 sy,  0.0 ni,100.0 id,  0.0 wa,  0.0 hi,  0.0 si,  0.0 st 
MiB Mem :   7993.6 total,   4552.4 free,   3026.8 used,    810.1 buff/cache     
MiB Swap:   9017.6 total,   9017.6 free,      0.0 used.   4966.8 avail Mem 

    PID USER      PR  NI    VIRT    RES    SHR S  %CPU  %MEM     TIME+ COMMAND
     39 agent     30  10  236432  89400   3876 S   0.0   1.1   0:00.82 agent-l+

[2026-06-04 06:23:26]
top - 06:23:26 up  1:28,  0 user,  load average: 0.24, 0.37, 0.32
Tasks:   1 total,   0 running,   1 sleeping,   0 stopped,   0 zombie
%Cpu(s):  0.0 us,  0.0 sy,  0.0 ni,100.0 id,  0.0 wa,  0.0 hi,  0.0 si,  0.0 st 
MiB Mem :   7993.6 total,   4523.1 free,   3055.7 used,    810.4 buff/cache     
MiB Swap:   9017.6 total,   9017.6 free,      0.0 used.   4937.8 avail Mem 

    PID USER      PR  NI    VIRT    RES    SHR S  %CPU  %MEM     TIME+ COMMAND
     39 agent     30  10  236432 114988   3876 S   0.0   1.4   0:00.83 agent-l+

[2026-06-04 06:23:27]
top - 06:23:27 up  1:28,  0 user,  load average: 0.24, 0.37, 0.32
Tasks:   1 total,   0 running,   1 sleeping,   0 stopped,   0 zombie
%Cpu(s):  0.0 us,  0.0 sy,  0.0 ni,100.0 id,  0.0 wa,  0.0 hi,  0.0 si,  0.0 st 
MiB Mem :   7993.6 total,   4522.5 free,   3056.3 used,    810.5 buff/cache     
MiB Swap:   9017.6 total,   9017.6 free,      0.0 used.   4937.3 avail Mem 

    PID USER      PR  NI    VIRT    RES    SHR S  %CPU  %MEM     TIME+ COMMAND
     39 agent     30  10  236432 114988   3876 S   0.0   1.4   0:00.84 agent-l+

[2026-06-04 06:23:28]
top - 06:23:28 up  1:28,  0 user,  load average: 0.24, 0.37, 0.32
Tasks:   1 total,   0 running,   1 sleeping,   0 stopped,   0 zombie
%Cpu(s):  0.0 us,  0.0 sy,  0.0 ni,100.0 id,  0.0 wa,  0.0 hi,  0.0 si,  0.0 st 
MiB Mem :   7993.6 total,   4520.6 free,   3058.2 used,    810.5 buff/cache     
MiB Swap:   9017.6 total,   9017.6 free,      0.0 used.   4935.4 avail Mem 

    PID USER      PR  NI    VIRT    RES    SHR S  %CPU  %MEM     TIME+ COMMAND
     39 agent     30  10  236432 114988   3876 S   0.0   1.4   0:00.84 agent-l+

[2026-06-04 06:23:29]
top - 06:23:30 up  1:28,  0 user,  load average: 0.24, 0.37, 0.32
Tasks:   1 total,   0 running,   1 sleeping,   0 stopped,   0 zombie
%Cpu(s):  0.0 us,  0.0 sy,  0.0 ni,100.0 id,  0.0 wa,  0.0 hi,  0.0 si,  0.0 st 
MiB Mem :   7993.6 total,   4491.1 free,   3086.1 used,    812.1 buff/cache     
MiB Swap:   9017.6 total,   9017.6 free,      0.0 used.   4907.4 avail Mem 

    PID USER      PR  NI    VIRT    RES    SHR S  %CPU  %MEM     TIME+ COMMAND
     39 agent     30  10  301968 140604   3876 S   0.0   1.7   0:00.86 agent-l+

[2026-06-04 06:23:31]
top - 06:23:31 up  1:28,  0 user,  load average: 0.22, 0.37, 0.31
Tasks:   1 total,   0 running,   1 sleeping,   0 stopped,   0 zombie
%Cpu(s):  0.0 us,  0.0 sy,  0.0 ni,100.0 id,  0.0 wa,  0.0 hi,  0.0 si,  0.0 st 
MiB Mem :   7993.6 total,   4493.1 free,   3084.0 used,    812.1 buff/cache     
MiB Swap:   9017.6 total,   9017.6 free,      0.0 used.   4909.5 avail Mem 

    PID USER      PR  NI    VIRT    RES    SHR S  %CPU  %MEM     TIME+ COMMAND
     39 agent     30  10  301968 140604   3876 S   0.0   1.7   0:00.86 agent-l+

[2026-06-04 06:23:32]
top - 06:23:32 up  1:28,  0 user,  load average: 0.22, 0.37, 0.31
Tasks:   1 total,   0 running,   1 sleeping,   0 stopped,   0 zombie
%Cpu(s):  1.0 us,  0.0 sy,  0.0 ni, 99.0 id,  0.0 wa,  0.0 hi,  0.0 si,  0.0 st 
MiB Mem :   7993.6 total,   4471.5 free,   3105.5 used,    812.3 buff/cache     
MiB Swap:   9017.6 total,   9017.6 free,      0.0 used.   4888.0 avail Mem 

    PID USER      PR  NI    VIRT    RES    SHR S  %CPU  %MEM     TIME+ COMMAND
     39 agent     30  10  301968 166192   3876 S   0.0   2.0   0:00.86 agent-l+

[2026-06-04 06:23:33]
top - 06:23:33 up  1:28,  0 user,  load average: 0.22, 0.37, 0.31
Tasks:   1 total,   0 running,   1 sleeping,   0 stopped,   0 zombie
%Cpu(s):  2.0 us,  1.0 sy,  0.0 ni, 97.0 id,  0.0 wa,  0.0 hi,  0.0 si,  0.0 st 
MiB Mem :   7993.6 total,   4471.0 free,   3106.0 used,    812.3 buff/cache     
MiB Swap:   9017.6 total,   9017.6 free,      0.0 used.   4887.6 avail Mem 

    PID USER      PR  NI    VIRT    RES    SHR S  %CPU  %MEM     TIME+ COMMAND
     39 agent     30  10  301968 166192   3876 S   0.0   2.0   0:00.87 agent-l+

[2026-06-04 06:23:34]
top - 06:23:35 up  1:28,  0 user,  load average: 0.22, 0.37, 0.31
Tasks:   1 total,   0 running,   1 sleeping,   0 stopped,   0 zombie
%Cpu(s):  3.0 us,  1.0 sy,  0.0 ni, 96.0 id,  0.0 wa,  0.0 hi,  0.0 si,  0.0 st 
MiB Mem :   7993.6 total,   4469.6 free,   3107.3 used,    812.3 buff/cache     
MiB Swap:   9017.6 total,   9017.6 free,      0.0 used.   4886.2 avail Mem 

    PID USER      PR  NI    VIRT    RES    SHR S  %CPU  %MEM     TIME+ COMMAND
     39 agent     30  10  301968 166192   3876 S   0.0   2.0   0:00.87 agent-l+

[2026-06-04 06:23:36]
top - 06:23:36 up  1:28,  0 user,  load average: 0.60, 0.44, 0.34
Tasks:   1 total,   0 running,   1 sleeping,   0 stopped,   0 zombie
%Cpu(s):  0.0 us,  0.9 sy,  0.0 ni, 99.1 id,  0.0 wa,  0.0 hi,  0.0 si,  0.0 st 
MiB Mem :   7993.6 total,   4625.1 free,   3132.7 used,    631.6 buff/cache     
MiB Swap:   9017.6 total,   9017.6 free,      0.0 used.   4860.8 avail Mem 

    PID USER      PR  NI    VIRT    RES    SHR S  %CPU  %MEM     TIME+ COMMAND
     39 agent     30  10  367504 191504   3572 S   0.0   2.3   0:00.90 agent-l+

[2026-06-04 06:23:37]
top - 06:23:37 up  1:28,  0 user,  load average: 0.60, 0.44, 0.34
Tasks:   1 total,   0 running,   1 sleeping,   0 stopped,   0 zombie
%Cpu(s):  0.0 us,  1.0 sy,  0.0 ni, 99.0 id,  0.0 wa,  0.0 hi,  0.0 si,  0.0 st 
MiB Mem :   7993.6 total,   4578.2 free,   3136.8 used,    674.2 buff/cache     
MiB Swap:   9017.6 total,   9017.6 free,      0.0 used.   4856.7 avail Mem 

    PID USER      PR  NI    VIRT    RES    SHR S  %CPU  %MEM     TIME+ COMMAND
     39 agent     30  10  367504 191504   3572 S   0.0   2.3   0:00.90 agent-l+

[2026-06-04 06:23:38]
top - 06:23:38 up  1:28,  0 user,  load average: 0.60, 0.44, 0.34
Tasks:   1 total,   0 running,   1 sleeping,   0 stopped,   0 zombie
%Cpu(s):  0.0 us,  1.0 sy,  0.0 ni, 99.0 id,  0.0 wa,  0.0 hi,  0.0 si,  0.0 st 
MiB Mem :   7993.6 total,   4535.0 free,   3168.7 used,    685.6 buff/cache     
MiB Swap:   9017.6 total,   9017.6 free,      0.0 used.   4824.9 avail Mem 

    PID USER      PR  NI    VIRT    RES    SHR S  %CPU  %MEM     TIME+ COMMAND
     39 agent     30  10  367504 217092   3572 S   0.0   2.7   0:00.90 agent-l+

[2026-06-04 06:23:39]
top - 06:23:39 up  1:28,  0 user,  load average: 0.60, 0.44, 0.34
Tasks:   1 total,   0 running,   1 sleeping,   0 stopped,   0 zombie
%Cpu(s):  0.0 us,  1.0 sy,  0.0 ni, 99.0 id,  0.0 wa,  0.0 hi,  0.0 si,  0.0 st 
MiB Mem :   7993.6 total,   4532.1 free,   3167.1 used,    690.1 buff/cache     
MiB Swap:   9017.6 total,   9017.6 free,      0.0 used.   4826.5 avail Mem 

    PID USER      PR  NI    VIRT    RES    SHR S  %CPU  %MEM     TIME+ COMMAND
     39 agent     30  10  367504 217092   3572 S   0.0   2.7   0:00.90 agent-l+

[2026-06-04 06:23:40]
top - 06:23:41 up  1:28,  0 user,  load average: 0.60, 0.44, 0.34
Tasks:   1 total,   0 running,   1 sleeping,   0 stopped,   0 zombie
%Cpu(s):  0.0 us,  0.0 sy,  0.0 ni,100.0 id,  0.0 wa,  0.0 hi,  0.0 si,  0.0 st 
MiB Mem :   7993.6 total,   4530.3 free,   3153.2 used,    705.8 buff/cache     
MiB Swap:   9017.6 total,   9017.6 free,      0.0 used.   4840.4 avail Mem 

    PID USER      PR  NI    VIRT    RES    SHR S  %CPU  %MEM     TIME+ COMMAND
     39 agent     30  10  367504 217092   3572 S   0.0   2.7   0:00.90 agent-l+

[2026-06-04 06:23:42]
top - 06:23:42 up  1:28,  0 user,  load average: 0.55, 0.44, 0.34
Tasks:   1 total,   0 running,   1 sleeping,   0 stopped,   0 zombie
%Cpu(s):  0.0 us,  1.0 sy,  1.0 ni, 97.1 id,  0.0 wa,  0.0 hi,  1.0 si,  0.0 st 
MiB Mem :   7993.6 total,   4492.1 free,   3181.8 used,    715.4 buff/cache     
MiB Swap:   9017.6 total,   9017.6 free,      0.0 used.   4811.8 avail Mem 

    PID USER      PR  NI    VIRT    RES    SHR S  %CPU  %MEM     TIME+ COMMAND
     39 agent     30  10  433040 242708   3572 S   0.0   3.0   0:00.92 agent-l+

