[2026-06-04 06:17:21]
top - 06:17:21 up  1:22,  0 user,  load average: 0.78, 0.46, 0.30
Tasks:   1 total,   0 running,   1 sleeping,   0 stopped,   0 zombie
%Cpu(s):  8.7 us,  3.9 sy,  0.0 ni, 86.4 id,  0.0 wa,  0.0 hi,  1.0 si,  0.0 st 
MiB Mem :   7993.6 total,   4581.8 free,   2935.1 used,    872.3 buff/cache     
MiB Swap:   9017.6 total,   9017.6 free,      0.0 used.   5058.5 avail Mem 

    PID USER      PR  NI    VIRT    RES    SHR S  %CPU  %MEM     TIME+ COMMAND
     29 agent     20   0    2800   1828   1604 S   0.0   0.0   0:00.08 agent-l+

[2026-06-04 06:17:22]
top - 06:17:22 up  1:22,  0 user,  load average: 0.78, 0.46, 0.30
Tasks:   1 total,   0 running,   1 sleeping,   0 stopped,   0 zombie
%Cpu(s):  1.0 us,  0.0 sy,  0.0 ni, 98.0 id,  0.0 wa,  0.0 hi,  1.0 si,  0.0 st 
MiB Mem :   7993.6 total,   4563.4 free,   2944.9 used,    880.4 buff/cache     
MiB Swap:   9017.6 total,   9017.6 free,      0.0 used.   5048.6 avail Mem 

    PID USER      PR  NI    VIRT    RES    SHR S  %CPU  %MEM     TIME+ COMMAND
     29 agent     20   0    2800   1828   1604 S   0.0   0.0   0:00.08 agent-l+

[2026-06-04 06:17:23]
top - 06:17:24 up  1:22,  0 user,  load average: 0.78, 0.46, 0.30
Tasks:   1 total,   0 running,   1 sleeping,   0 stopped,   0 zombie
%Cpu(s):  0.0 us,  0.0 sy,  0.0 ni,100.0 id,  0.0 wa,  0.0 hi,  0.0 si,  0.0 st 
MiB Mem :   7993.6 total,   4535.0 free,   2973.3 used,    880.4 buff/cache     
MiB Swap:   9017.6 total,   9017.6 free,      0.0 used.   5020.3 avail Mem 

    PID USER      PR  NI    VIRT    RES    SHR S  %CPU  %MEM     TIME+ COMMAND
     29 agent     20   0    2800   1828   1604 S   0.0   0.0   0:00.08 agent-l+

[2026-06-04 06:17:25]
top - 06:17:25 up  1:22,  0 user,  load average: 0.78, 0.46, 0.30
Tasks:   1 total,   0 running,   1 sleeping,   0 stopped,   0 zombie
%Cpu(s):  0.0 us,  0.0 sy,  0.0 ni,100.0 id,  0.0 wa,  0.0 hi,  0.0 si,  0.0 st 
MiB Mem :   7993.6 total,   4533.6 free,   2974.7 used,    880.5 buff/cache     
MiB Swap:   9017.6 total,   9017.6 free,      0.0 used.   5018.8 avail Mem 

    PID USER      PR  NI    VIRT    RES    SHR S  %CPU  %MEM     TIME+ COMMAND
     29 agent     20   0    2800   1828   1604 S   0.0   0.0   0:00.08 agent-l+

[2026-06-04 06:17:26]
top - 06:17:26 up  1:22,  0 user,  load average: 1.04, 0.52, 0.32
Tasks:   1 total,   0 running,   1 sleeping,   0 stopped,   0 zombie
%Cpu(s):  1.0 us,  0.0 sy,  0.0 ni, 99.0 id,  0.0 wa,  0.0 hi,  0.0 si,  0.0 st 
MiB Mem :   7993.6 total,   4533.6 free,   2974.7 used,    880.5 buff/cache     
MiB Swap:   9017.6 total,   9017.6 free,      0.0 used.   5018.8 avail Mem 

    PID USER      PR  NI    VIRT    RES    SHR S  %CPU  %MEM     TIME+ COMMAND
     29 agent     20   0    2800   1828   1604 S   0.0   0.0   0:00.08 agent-l+

