[2026-06-04 06:25:42]
top - 06:25:42 up  1:30,  0 user,  load average: 0.28, 0.37, 0.33
Tasks:   1 total,   0 running,   1 sleeping,   0 stopped,   0 zombie
%Cpu(s):  0.0 us,  0.0 sy,  0.0 ni,100.0 id,  0.0 wa,  0.0 hi,  0.0 si,  0.0 st 
MiB Mem :   7993.6 total,   4542.8 free,   2962.3 used,    884.2 buff/cache     
MiB Swap:   9017.6 total,   9017.6 free,      0.0 used.   5031.2 avail Mem 

    PID USER      PR  NI    VIRT    RES    SHR S  %CPU  %MEM     TIME+ COMMAND
     39 agent     30  10   22288  17096   8620 S   0.0   0.2   0:00.04 agent-l+

[2026-06-04 06:25:43]
top - 06:25:43 up  1:30,  0 user,  load average: 0.28, 0.37, 0.33
Tasks:   1 total,   0 running,   1 sleeping,   0 stopped,   0 zombie
%Cpu(s):  2.0 us,  1.0 sy,  0.0 ni, 97.0 id,  0.0 wa,  0.0 hi,  0.0 si,  0.0 st 
MiB Mem :   7993.6 total,   4547.2 free,   2957.9 used,    884.2 buff/cache     
MiB Swap:   9017.6 total,   9017.6 free,      0.0 used.   5035.7 avail Mem 

    PID USER      PR  NI    VIRT    RES    SHR S  %CPU  %MEM     TIME+ COMMAND
     39 agent     30  10   22288  17096   8620 S   0.0   0.2   0:00.04 agent-l+

[2026-06-04 06:25:44]
top - 06:25:44 up  1:30,  0 user,  load average: 0.28, 0.37, 0.33
Tasks:   1 total,   0 running,   1 sleeping,   0 stopped,   0 zombie
%Cpu(s):  0.0 us,  0.0 sy,  0.0 ni,100.0 id,  0.0 wa,  0.0 hi,  0.0 si,  0.0 st 
MiB Mem :   7993.6 total,   4549.9 free,   2955.1 used,    884.3 buff/cache     
MiB Swap:   9017.6 total,   9017.6 free,      0.0 used.   5038.4 avail Mem 

    PID USER      PR  NI    VIRT    RES    SHR S  %CPU  %MEM     TIME+ COMMAND
     39 agent     30  10   22288  17096   8620 S   0.0   0.2   0:00.04 agent-l+

[2026-06-04 06:25:45]
top - 06:25:45 up  1:30,  0 user,  load average: 0.28, 0.37, 0.33
Tasks:   1 total,   0 running,   1 sleeping,   0 stopped,   0 zombie
%Cpu(s):  2.0 us,  2.0 sy,  0.0 ni, 95.1 id,  0.0 wa,  0.0 hi,  1.0 si,  0.0 st 
MiB Mem :   7993.6 total,   4523.2 free,   2981.8 used,    884.3 buff/cache     
MiB Swap:   9017.6 total,   9017.6 free,      0.0 used.   5011.7 avail Mem 

    PID USER      PR  NI    VIRT    RES    SHR S  %CPU  %MEM     TIME+ COMMAND
     39 agent     30  10  196500  42932   8620 S   0.0   0.5   0:00.05 agent-l+

[2026-06-04 06:25:46]
top - 06:25:47 up  1:30,  0 user,  load average: 0.26, 0.36, 0.32
Tasks:   1 total,   0 running,   1 sleeping,   0 stopped,   0 zombie
%Cpu(s):  0.0 us,  0.0 sy,  0.0 ni,100.0 id,  0.0 wa,  0.0 hi,  0.0 si,  0.0 st 
MiB Mem :   7993.6 total,   4521.9 free,   2983.1 used,    884.3 buff/cache     
MiB Swap:   9017.6 total,   9017.6 free,      0.0 used.   5010.4 avail Mem 

    PID USER      PR  NI    VIRT    RES    SHR S  %CPU  %MEM     TIME+ COMMAND
     39 agent     30  10  196500  42932   8620 S   0.0   0.5   0:00.06 agent-l+

[2026-06-04 06:25:48]
top - 06:25:48 up  1:30,  0 user,  load average: 0.26, 0.36, 0.32
Tasks:   1 total,   0 running,   1 sleeping,   0 stopped,   0 zombie
%Cpu(s):  0.0 us,  0.0 sy,  0.0 ni,100.0 id,  0.0 wa,  0.0 hi,  0.0 si,  0.0 st 
MiB Mem :   7993.6 total,   4493.8 free,   3011.2 used,    884.3 buff/cache     
MiB Swap:   9017.6 total,   9017.6 free,      0.0 used.   4982.3 avail Mem 

    PID USER      PR  NI    VIRT    RES    SHR S  %CPU  %MEM     TIME+ COMMAND
     39 agent     30  10  222104  68536   8620 S   0.0   0.8   0:00.08 agent-l+

[2026-06-04 06:25:49]
top - 06:25:49 up  1:30,  0 user,  load average: 0.26, 0.36, 0.32
Tasks:   1 total,   0 running,   1 sleeping,   0 stopped,   0 zombie
%Cpu(s):  0.0 us,  0.0 sy,  0.0 ni,100.0 id,  0.0 wa,  0.0 hi,  0.0 si,  0.0 st 
MiB Mem :   7993.6 total,   4490.2 free,   3014.8 used,    884.3 buff/cache     
MiB Swap:   9017.6 total,   9017.6 free,      0.0 used.   4978.7 avail Mem 

    PID USER      PR  NI    VIRT    RES    SHR S  %CPU  %MEM     TIME+ COMMAND
     39 agent     30  10  222104  68536   8620 S   0.0   0.8   0:00.08 agent-l+

[2026-06-04 06:25:50]
top - 06:25:50 up  1:30,  0 user,  load average: 0.26, 0.36, 0.32
Tasks:   1 total,   0 running,   1 sleeping,   0 stopped,   0 zombie
%Cpu(s):  0.0 us,  0.0 sy,  0.0 ni, 99.0 id,  1.0 wa,  0.0 hi,  0.0 si,  0.0 st 
MiB Mem :   7993.6 total,   4634.3 free,   3018.2 used,    737.0 buff/cache     
MiB Swap:   9017.6 total,   9017.6 free,      0.0 used.   4975.3 avail Mem 

    PID USER      PR  NI    VIRT    RES    SHR S  %CPU  %MEM     TIME+ COMMAND
     39 agent     30  10  222104  68460   8544 S   0.0   0.8   0:00.08 agent-l+

[2026-06-04 06:25:51]
top - 06:25:52 up  1:30,  0 user,  load average: 0.24, 0.36, 0.32
Tasks:   1 total,   0 running,   1 sleeping,   0 stopped,   0 zombie
%Cpu(s):  0.0 us,  0.0 sy,  0.0 ni,100.0 id,  0.0 wa,  0.0 hi,  0.0 si,  0.0 st 
MiB Mem :   7993.6 total,   4591.9 free,   3039.1 used,    758.3 buff/cache     
MiB Swap:   9017.6 total,   9017.6 free,      0.0 used.   4954.4 avail Mem 

    PID USER      PR  NI    VIRT    RES    SHR S  %CPU  %MEM     TIME+ COMMAND
     39 agent     30  10  247708  94064   8544 S   0.0   1.1   0:00.09 agent-l+

[2026-06-04 06:25:53]
top - 06:25:53 up  1:30,  0 user,  load average: 0.24, 0.36, 0.32
Tasks:   1 total,   0 running,   1 sleeping,   0 stopped,   0 zombie
%Cpu(s):  0.0 us,  0.0 sy,  0.0 ni,100.0 id,  0.0 wa,  0.0 hi,  0.0 si,  0.0 st 
MiB Mem :   7993.6 total,   4578.9 free,   3038.3 used,    772.3 buff/cache     
MiB Swap:   9017.6 total,   9017.6 free,      0.0 used.   4955.3 avail Mem 

    PID USER      PR  NI    VIRT    RES    SHR S  %CPU  %MEM     TIME+ COMMAND
     39 agent     30  10  247708  94064   8544 S  10.0   1.1   0:00.10 agent-l+

[2026-06-04 06:25:54]
top - 06:25:54 up  1:30,  0 user,  load average: 0.24, 0.36, 0.32
Tasks:   1 total,   0 running,   1 sleeping,   0 stopped,   0 zombie
%Cpu(s):  3.0 us,  6.9 sy,  0.0 ni, 90.1 id,  0.0 wa,  0.0 hi,  0.0 si,  0.0 st 
MiB Mem :   7993.6 total,   4536.6 free,   3062.4 used,    790.4 buff/cache     
MiB Swap:   9017.6 total,   9017.6 free,      0.0 used.   4931.2 avail Mem 

    PID USER      PR  NI    VIRT    RES    SHR S  %CPU  %MEM     TIME+ COMMAND
     39 agent     30  10  273312 119668   8544 S   0.0   1.5   0:00.10 agent-l+

[2026-06-04 06:25:55]
top - 06:25:55 up  1:30,  0 user,  load average: 0.24, 0.36, 0.32
Tasks:   1 total,   0 running,   1 sleeping,   0 stopped,   0 zombie
%Cpu(s):  0.0 us,  1.0 sy,  0.0 ni, 99.0 id,  0.0 wa,  0.0 hi,  0.0 si,  0.0 st 
MiB Mem :   7993.6 total,   4537.8 free,   3061.1 used,    790.5 buff/cache     
MiB Swap:   9017.6 total,   9017.6 free,      0.0 used.   4932.5 avail Mem 

    PID USER      PR  NI    VIRT    RES    SHR S  %CPU  %MEM     TIME+ COMMAND
     39 agent     30  10  273312 119668   8544 S   0.0   1.5   0:00.10 agent-l+

[2026-06-04 06:25:56]
top - 06:25:56 up  1:30,  0 user,  load average: 0.22, 0.35, 0.32
Tasks:   1 total,   0 running,   1 sleeping,   0 stopped,   0 zombie
%Cpu(s):  0.0 us,  1.0 sy,  0.0 ni, 99.0 id,  0.0 wa,  0.0 hi,  0.0 si,  0.0 st 
MiB Mem :   7993.6 total,   4532.0 free,   3066.9 used,    790.5 buff/cache     
MiB Swap:   9017.6 total,   9017.6 free,      0.0 used.   4926.7 avail Mem 

    PID USER      PR  NI    VIRT    RES    SHR S  %CPU  %MEM     TIME+ COMMAND
     39 agent     30  10  298916 145272   8544 S   0.0   1.8   0:00.10 agent-l+

[2026-06-04 06:25:57]
top - 06:25:58 up  1:30,  0 user,  load average: 0.22, 0.35, 0.32
Tasks:   1 total,   0 running,   1 sleeping,   0 stopped,   0 zombie
%Cpu(s):  1.0 us,  1.0 sy,  0.0 ni, 98.1 id,  0.0 wa,  0.0 hi,  0.0 si,  0.0 st 
MiB Mem :   7993.6 total,   4514.1 free,   3081.4 used,    793.8 buff/cache     
MiB Swap:   9017.6 total,   9017.6 free,      0.0 used.   4912.2 avail Mem 

    PID USER      PR  NI    VIRT    RES    SHR S  %CPU  %MEM     TIME+ COMMAND
     39 agent     30  10  298916 145272   8544 S   0.0   1.8   0:00.11 agent-l+

[2026-06-04 06:25:59]
top - 06:25:59 up  1:30,  0 user,  load average: 0.22, 0.35, 0.32
Tasks:   1 total,   0 running,   1 sleeping,   0 stopped,   0 zombie
%Cpu(s):  0.0 us,  1.0 sy,  0.0 ni, 99.0 id,  0.0 wa,  0.0 hi,  0.0 si,  0.0 st 
MiB Mem :   7993.6 total,   4509.0 free,   3086.6 used,    793.8 buff/cache     
MiB Swap:   9017.6 total,   9017.6 free,      0.0 used.   4907.0 avail Mem 

    PID USER      PR  NI    VIRT    RES    SHR S  %CPU  %MEM     TIME+ COMMAND
     39 agent     30  10  298916 145272   8544 S   0.0   1.8   0:00.11 agent-l+

[2026-06-04 06:26:00]
top - 06:26:00 up  1:31,  0 user,  load average: 0.22, 0.35, 0.32
Tasks:   1 total,   0 running,   1 sleeping,   0 stopped,   0 zombie
%Cpu(s):  0.0 us,  0.0 sy,  1.0 ni, 99.0 id,  0.0 wa,  0.0 hi,  0.0 si,  0.0 st 
MiB Mem :   7993.6 total,   4482.7 free,   3112.5 used,    794.2 buff/cache     
MiB Swap:   9017.6 total,   9017.6 free,      0.0 used.   4881.1 avail Mem 

    PID USER      PR  NI    VIRT    RES    SHR S  %CPU  %MEM     TIME+ COMMAND
     39 agent     30  10  324520 170876   8544 S   0.0   2.1   0:00.13 agent-l+

[2026-06-04 06:26:01]
top - 06:26:01 up  1:31,  0 user,  load average: 0.20, 0.35, 0.32
Tasks:   1 total,   0 running,   1 sleeping,   0 stopped,   0 zombie
%Cpu(s):  0.0 us,  1.0 sy,  0.0 ni, 99.0 id,  0.0 wa,  0.0 hi,  0.0 si,  0.0 st 
MiB Mem :   7993.6 total,   4480.6 free,   3114.6 used,    794.2 buff/cache     
MiB Swap:   9017.6 total,   9017.6 free,      0.0 used.   4879.0 avail Mem 

    PID USER      PR  NI    VIRT    RES    SHR S  %CPU  %MEM     TIME+ COMMAND
     39 agent     30  10  324520 170876   8544 S   0.0   2.1   0:00.13 agent-l+

[2026-06-04 06:26:02]
top - 06:26:03 up  1:31,  0 user,  load average: 0.20, 0.35, 0.32
Tasks:   1 total,   0 running,   1 sleeping,   0 stopped,   0 zombie
%Cpu(s):  1.9 us,  1.0 sy,  0.0 ni, 96.2 id,  0.0 wa,  0.0 hi,  1.0 si,  0.0 st 
MiB Mem :   7993.6 total,   4482.3 free,   3112.9 used,    794.2 buff/cache     
MiB Swap:   9017.6 total,   9017.6 free,      0.0 used.   4880.7 avail Mem 

    PID USER      PR  NI    VIRT    RES    SHR S  %CPU  %MEM     TIME+ COMMAND
     39 agent     30  10  350124 196480   8544 S   0.0   2.4   0:00.13 agent-l+

[2026-06-04 06:26:04]
top - 06:26:04 up  1:31,  0 user,  load average: 0.20, 0.35, 0.32
Tasks:   1 total,   0 running,   1 sleeping,   0 stopped,   0 zombie
%Cpu(s):  0.0 us,  1.0 sy,  0.0 ni, 99.0 id,  0.0 wa,  0.0 hi,  0.0 si,  0.0 st 
MiB Mem :   7993.6 total,   4467.8 free,   3127.3 used,    794.2 buff/cache     
MiB Swap:   9017.6 total,   9017.6 free,      0.0 used.   4866.2 avail Mem 

    PID USER      PR  NI    VIRT    RES    SHR S  %CPU  %MEM     TIME+ COMMAND
     39 agent     30  10  350124 196480   8544 S   0.0   2.4   0:00.14 agent-l+

[2026-06-04 06:26:05]
top - 06:26:05 up  1:31,  0 user,  load average: 0.20, 0.35, 0.32
Tasks:   1 total,   0 running,   1 sleeping,   0 stopped,   0 zombie
%Cpu(s):  0.9 us,  0.9 sy,  0.0 ni, 98.1 id,  0.0 wa,  0.0 hi,  0.0 si,  0.0 st 
MiB Mem :   7993.6 total,   4455.4 free,   3131.3 used,    802.7 buff/cache     
MiB Swap:   9017.6 total,   9017.6 free,      0.0 used.   4862.3 avail Mem 

    PID USER      PR  NI    VIRT    RES    SHR S  %CPU  %MEM     TIME+ COMMAND
     39 agent     30  10  350124 196480   8544 S   0.0   2.4   0:00.14 agent-l+

[2026-06-04 06:26:06]
top - 06:26:06 up  1:31,  0 user,  load average: 0.18, 0.34, 0.32
Tasks:   1 total,   0 running,   1 sleeping,   0 stopped,   0 zombie
%Cpu(s):  0.0 us,  0.0 sy,  0.0 ni,100.0 id,  0.0 wa,  0.0 hi,  0.0 si,  0.0 st 
MiB Mem :   7993.6 total,   4422.0 free,   3164.7 used,    802.7 buff/cache     
MiB Swap:   9017.6 total,   9017.6 free,      0.0 used.   4828.9 avail Mem 

    PID USER      PR  NI    VIRT    RES    SHR S  %CPU  %MEM     TIME+ COMMAND
     39 agent     30  10  375728 222084   8544 S   0.0   2.7   0:00.14 agent-l+

[2026-06-04 06:26:07]
top - 06:26:07 up  1:31,  0 user,  load average: 0.18, 0.34, 0.32
Tasks:   1 total,   0 running,   1 sleeping,   0 stopped,   0 zombie
%Cpu(s):  0.0 us,  0.0 sy,  0.0 ni,100.0 id,  0.0 wa,  0.0 hi,  0.0 si,  0.0 st 
MiB Mem :   7993.6 total,   4416.3 free,   3170.2 used,    802.9 buff/cache     
MiB Swap:   9017.6 total,   9017.6 free,      0.0 used.   4823.4 avail Mem 

    PID USER      PR  NI    VIRT    RES    SHR S  %CPU  %MEM     TIME+ COMMAND
     39 agent     30  10  375728 222084   8544 S   0.0   2.7   0:00.15 agent-l+

[2026-06-04 06:26:08]
top - 06:26:09 up  1:31,  0 user,  load average: 0.18, 0.34, 0.32
Tasks:   1 total,   0 running,   1 sleeping,   0 stopped,   0 zombie
%Cpu(s):  0.0 us,  1.0 sy,  0.0 ni, 99.0 id,  0.0 wa,  0.0 hi,  0.0 si,  0.0 st 
MiB Mem :   7993.6 total,   4362.8 free,   3203.8 used,    822.9 buff/cache     
MiB Swap:   9017.6 total,   9017.6 free,      0.0 used.   4789.8 avail Mem 

    PID USER      PR  NI    VIRT    RES    SHR S  %CPU  %MEM     TIME+ COMMAND
     39 agent     30  10  401332 247688   8544 S   0.0   3.0   0:00.16 agent-l+

[2026-06-04 06:26:10]
top - 06:26:10 up  1:31,  0 user,  load average: 0.18, 0.34, 0.32
Tasks:   1 total,   0 running,   1 sleeping,   0 stopped,   0 zombie
%Cpu(s):  0.0 us,  0.0 sy,  0.0 ni,100.0 id,  0.0 wa,  0.0 hi,  0.0 si,  0.0 st 
MiB Mem :   7993.6 total,   4361.1 free,   3205.3 used,    822.9 buff/cache     
MiB Swap:   9017.6 total,   9017.6 free,      0.0 used.   4788.3 avail Mem 

    PID USER      PR  NI    VIRT    RES    SHR S  %CPU  %MEM     TIME+ COMMAND
     39 agent     30  10  401332 247688   8544 S   0.0   3.0   0:00.17 agent-l+

[2026-06-04 06:26:11]
top - 06:26:11 up  1:31,  0 user,  load average: 0.25, 0.35, 0.32
Tasks:   1 total,   0 running,   1 sleeping,   0 stopped,   0 zombie
%Cpu(s):  1.0 us,  1.0 sy,  0.0 ni, 98.0 id,  0.0 wa,  0.0 hi,  0.0 si,  0.0 st 
MiB Mem :   7993.6 total,   4360.2 free,   3206.1 used,    823.1 buff/cache     
MiB Swap:   9017.6 total,   9017.6 free,      0.0 used.   4787.4 avail Mem 

    PID USER      PR  NI    VIRT    RES    SHR S  %CPU  %MEM     TIME+ COMMAND
     39 agent     30  10  401332 247688   8544 S   0.0   3.0   0:00.17 agent-l+

[2026-06-04 06:26:12]
top - 06:26:12 up  1:31,  0 user,  load average: 0.25, 0.35, 0.32
Tasks:   1 total,   0 running,   1 sleeping,   0 stopped,   0 zombie
%Cpu(s):  1.0 us,  1.0 sy,  0.0 ni, 98.1 id,  0.0 wa,  0.0 hi,  0.0 si,  0.0 st 
MiB Mem :   7993.6 total,   4350.9 free,   3215.3 used,    823.2 buff/cache     
MiB Swap:   9017.6 total,   9017.6 free,      0.0 used.   4778.3 avail Mem 

    PID USER      PR  NI    VIRT    RES    SHR S  %CPU  %MEM     TIME+ COMMAND
     39 agent     30  10  426936 273292   8544 S   0.0   3.3   0:00.17 agent-l+

[2026-06-04 06:26:13]
top - 06:26:13 up  1:31,  0 user,  load average: 0.25, 0.35, 0.32
Tasks:   1 total,   0 running,   1 sleeping,   0 stopped,   0 zombie
%Cpu(s):  0.0 us,  0.0 sy,  0.0 ni,100.0 id,  0.0 wa,  0.0 hi,  0.0 si,  0.0 st 
MiB Mem :   7993.6 total,   4350.1 free,   3209.4 used,    829.8 buff/cache     
MiB Swap:   9017.6 total,   9017.6 free,      0.0 used.   4784.1 avail Mem 

    PID USER      PR  NI    VIRT    RES    SHR S  %CPU  %MEM     TIME+ COMMAND
     39 agent     30  10  426936 273292   8544 S   0.0   3.3   0:00.18 agent-l+

[2026-06-04 06:26:15]
top - 06:26:15 up  1:31,  0 user,  load average: 0.25, 0.35, 0.32
Tasks:   1 total,   0 running,   1 sleeping,   0 stopped,   0 zombie
%Cpu(s):  0.0 us,  0.0 sy,  0.0 ni,100.0 id,  0.0 wa,  0.0 hi,  0.0 si,  0.0 st 
MiB Mem :   7993.6 total,   4324.3 free,   3235.1 used,    830.0 buff/cache     
MiB Swap:   9017.6 total,   9017.6 free,      0.0 used.   4758.5 avail Mem 

    PID USER      PR  NI    VIRT    RES    SHR S  %CPU  %MEM     TIME+ COMMAND
     39 agent     30  10  452540 298896   8544 S   0.0   3.7   0:00.19 agent-l+

[2026-06-04 06:26:16]
top - 06:26:16 up  1:31,  0 user,  load average: 0.31, 0.36, 0.32
Tasks:   1 total,   0 running,   1 sleeping,   0 stopped,   0 zombie
%Cpu(s):  1.0 us,  1.0 sy,  0.0 ni, 98.1 id,  0.0 wa,  0.0 hi,  0.0 si,  0.0 st 
MiB Mem :   7993.6 total,   4315.8 free,   3243.3 used,    830.2 buff/cache     
MiB Swap:   9017.6 total,   9017.6 free,      0.0 used.   4750.2 avail Mem 

    PID USER      PR  NI    VIRT    RES    SHR S  %CPU  %MEM     TIME+ COMMAND
     39 agent     30  10  452540 298896   8544 S   0.0   3.7   0:00.20 agent-l+

[2026-06-04 06:26:17]
top - 06:26:17 up  1:31,  0 user,  load average: 0.31, 0.36, 0.32
Tasks:   1 total,   0 running,   1 sleeping,   0 stopped,   0 zombie
%Cpu(s):  0.0 us,  0.0 sy,  0.0 ni,100.0 id,  0.0 wa,  0.0 hi,  0.0 si,  0.0 st 
MiB Mem :   7993.6 total,   4326.9 free,   3232.3 used,    830.2 buff/cache     
MiB Swap:   9017.6 total,   9017.6 free,      0.0 used.   4761.3 avail Mem 

    PID USER      PR  NI    VIRT    RES    SHR S  %CPU  %MEM     TIME+ COMMAND
     39 agent     30  10  452540 298896   8544 S   0.0   3.7   0:00.20 agent-l+

[2026-06-04 06:26:18]
top - 06:26:18 up  1:31,  0 user,  load average: 0.31, 0.36, 0.32
Tasks:   1 total,   0 running,   1 sleeping,   0 stopped,   0 zombie
%Cpu(s):  0.9 us,  0.0 sy,  0.0 ni, 98.1 id,  0.0 wa,  0.0 hi,  0.9 si,  0.0 st 
MiB Mem :   7993.6 total,   4298.2 free,   3260.9 used,    830.2 buff/cache     
MiB Swap:   9017.6 total,   9017.6 free,      0.0 used.   4732.7 avail Mem 

    PID USER      PR  NI    VIRT    RES    SHR S  %CPU  %MEM     TIME+ COMMAND
     39 agent     30  10  478144 324500   8544 S   0.0   4.0   0:00.20 agent-l+

[2026-06-04 06:26:19]
top - 06:26:20 up  1:31,  0 user,  load average: 0.31, 0.36, 0.32
Tasks:   1 total,   0 running,   1 sleeping,   0 stopped,   0 zombie
%Cpu(s):  0.0 us,  0.0 sy,  0.0 ni,100.0 id,  0.0 wa,  0.0 hi,  0.0 si,  0.0 st 
MiB Mem :   7993.6 total,   4294.2 free,   3264.9 used,    830.3 buff/cache     
MiB Swap:   9017.6 total,   9017.6 free,      0.0 used.   4728.7 avail Mem 

    PID USER      PR  NI    VIRT    RES    SHR S  %CPU  %MEM     TIME+ COMMAND
     39 agent     30  10  478144 324500   8544 S   0.0   4.0   0:00.20 agent-l+

[2026-06-04 06:26:21]
top - 06:26:21 up  1:31,  0 user,  load average: 0.29, 0.36, 0.32
Tasks:   1 total,   0 running,   1 sleeping,   0 stopped,   0 zombie
%Cpu(s):  1.0 us,  1.0 sy,  0.0 ni, 98.1 id,  0.0 wa,  0.0 hi,  0.0 si,  0.0 st 
MiB Mem :   7993.6 total,   4266.5 free,   3292.6 used,    830.3 buff/cache     
MiB Swap:   9017.6 total,   9017.6 free,      0.0 used.   4701.0 avail Mem 

    PID USER      PR  NI    VIRT    RES    SHR S  %CPU  %MEM     TIME+ COMMAND
     39 agent     30  10  503748 350104   8544 S   0.0   4.3   0:00.22 agent-l+

[2026-06-04 06:26:22]
top - 06:26:22 up  1:31,  0 user,  load average: 0.29, 0.36, 0.32
Tasks:   1 total,   0 running,   1 sleeping,   0 stopped,   0 zombie
%Cpu(s):  0.0 us,  0.0 sy,  0.0 ni,100.0 id,  0.0 wa,  0.0 hi,  0.0 si,  0.0 st 
MiB Mem :   7993.6 total,   4268.1 free,   3291.0 used,    830.3 buff/cache     
MiB Swap:   9017.6 total,   9017.6 free,      0.0 used.   4702.6 avail Mem 

    PID USER      PR  NI    VIRT    RES    SHR S  %CPU  %MEM     TIME+ COMMAND
     39 agent     30  10  503748 350104   8544 S   0.0   4.3   0:00.23 agent-l+

[2026-06-04 06:26:23]
top - 06:26:23 up  1:31,  0 user,  load average: 0.29, 0.36, 0.32
Tasks:   1 total,   0 running,   1 sleeping,   0 stopped,   0 zombie
%Cpu(s):  0.0 us,  0.0 sy,  0.0 ni,100.0 id,  0.0 wa,  0.0 hi,  0.0 si,  0.0 st 
MiB Mem :   7993.6 total,   4270.6 free,   3288.4 used,    830.3 buff/cache     
MiB Swap:   9017.6 total,   9017.6 free,      0.0 used.   4705.2 avail Mem 

    PID USER      PR  NI    VIRT    RES    SHR S  %CPU  %MEM     TIME+ COMMAND
     39 agent     30  10  503748 350104   8544 S   0.0   4.3   0:00.23 agent-l+

[2026-06-04 06:26:24]
top - 06:26:24 up  1:31,  0 user,  load average: 0.29, 0.36, 0.32
Tasks:   1 total,   0 running,   1 sleeping,   0 stopped,   0 zombie
%Cpu(s):  0.0 us,  0.0 sy,  0.0 ni,100.0 id,  0.0 wa,  0.0 hi,  0.0 si,  0.0 st 
MiB Mem :   7993.6 total,   4248.2 free,   3310.7 used,    830.4 buff/cache     
MiB Swap:   9017.6 total,   9017.6 free,      0.0 used.   4682.9 avail Mem 

    PID USER      PR  NI    VIRT    RES    SHR S  %CPU  %MEM     TIME+ COMMAND
     39 agent     30  10  529352 375708   8544 S   0.0   4.6   0:00.23 agent-l+

[2026-06-04 06:26:25]
top - 06:26:26 up  1:31,  0 user,  load average: 0.29, 0.36, 0.32
Tasks:   1 total,   0 running,   1 sleeping,   0 stopped,   0 zombie
%Cpu(s):  2.0 us,  1.0 sy,  0.0 ni, 96.0 id,  0.0 wa,  0.0 hi,  1.0 si,  0.0 st 
MiB Mem :   7993.6 total,   4241.3 free,   3317.5 used,    830.5 buff/cache     
MiB Swap:   9017.6 total,   9017.6 free,      0.0 used.   4676.1 avail Mem 

    PID USER      PR  NI    VIRT    RES    SHR S  %CPU  %MEM     TIME+ COMMAND
     39 agent     30  10  529352 375708   8544 S   0.0   4.6   0:00.24 agent-l+

[2026-06-04 06:26:27]
top - 06:26:27 up  1:31,  0 user,  load average: 0.26, 0.35, 0.32
Tasks:   1 total,   0 running,   1 sleeping,   0 stopped,   0 zombie
%Cpu(s):  2.8 us,  1.9 sy,  0.0 ni, 94.3 id,  0.0 wa,  0.0 hi,  0.9 si,  0.0 st 
MiB Mem :   7993.6 total,   4214.9 free,   3343.6 used,    830.7 buff/cache     
MiB Swap:   9017.6 total,   9017.6 free,      0.0 used.   4649.9 avail Mem 

    PID USER      PR  NI    VIRT    RES    SHR S  %CPU  %MEM     TIME+ COMMAND
     39 agent     30  10  554956 401312   8544 S   0.0   4.9   0:00.25 agent-l+

[2026-06-04 06:26:28]
top - 06:26:28 up  1:31,  0 user,  load average: 0.26, 0.35, 0.32
Tasks:   1 total,   0 running,   1 sleeping,   0 stopped,   0 zombie
%Cpu(s):  1.0 us,  0.0 sy,  0.0 ni, 99.0 id,  0.0 wa,  0.0 hi,  0.0 si,  0.0 st 
MiB Mem :   7993.6 total,   4209.2 free,   3349.4 used,    830.7 buff/cache     
MiB Swap:   9017.6 total,   9017.6 free,      0.0 used.   4644.1 avail Mem 

    PID USER      PR  NI    VIRT    RES    SHR S  %CPU  %MEM     TIME+ COMMAND
     39 agent     30  10  554956 401312   8544 S   0.0   4.9   0:00.25 agent-l+

[2026-06-04 06:26:29]
top - 06:26:29 up  1:31,  0 user,  load average: 0.26, 0.35, 0.32
Tasks:   1 total,   0 running,   1 sleeping,   0 stopped,   0 zombie
%Cpu(s):  0.0 us,  0.0 sy,  0.0 ni,100.0 id,  0.0 wa,  0.0 hi,  0.0 si,  0.0 st 
MiB Mem :   7993.6 total,   4206.1 free,   3352.5 used,    830.7 buff/cache     
MiB Swap:   9017.6 total,   9017.6 free,      0.0 used.   4641.1 avail Mem 

    PID USER      PR  NI    VIRT    RES    SHR S  %CPU  %MEM     TIME+ COMMAND
     39 agent     30  10  554956 401312   8544 S   0.0   4.9   0:00.25 agent-l+

[2026-06-04 06:26:30]
top - 06:26:31 up  1:31,  0 user,  load average: 0.26, 0.35, 0.32
Tasks:   1 total,   0 running,   1 sleeping,   0 stopped,   0 zombie
%Cpu(s):  0.0 us,  0.0 sy,  0.0 ni,100.0 id,  0.0 wa,  0.0 hi,  0.0 si,  0.0 st 
MiB Mem :   7993.6 total,   4179.8 free,   3378.8 used,    830.8 buff/cache     
MiB Swap:   9017.6 total,   9017.6 free,      0.0 used.   4614.8 avail Mem 

    PID USER      PR  NI    VIRT    RES    SHR S  %CPU  %MEM     TIME+ COMMAND
     39 agent     30  10  580560 426916   8544 S   0.0   5.2   0:00.26 agent-l+

[2026-06-04 06:26:32]
top - 06:26:32 up  1:31,  0 user,  load average: 0.24, 0.34, 0.32
Tasks:   1 total,   0 running,   1 sleeping,   0 stopped,   0 zombie
%Cpu(s):  0.0 us,  0.0 sy,  0.0 ni,100.0 id,  0.0 wa,  0.0 hi,  0.0 si,  0.0 st 
MiB Mem :   7993.6 total,   4183.6 free,   3374.8 used,    830.9 buff/cache     
MiB Swap:   9017.6 total,   9017.6 free,      0.0 used.   4618.8 avail Mem 

    PID USER      PR  NI    VIRT    RES    SHR S  %CPU  %MEM     TIME+ COMMAND
     39 agent     30  10  580560 426916   8544 S   0.0   5.2   0:00.27 agent-l+

[2026-06-04 06:26:33]
top - 06:26:33 up  1:31,  0 user,  load average: 0.24, 0.34, 0.32
Tasks:   1 total,   0 running,   1 sleeping,   0 stopped,   0 zombie
%Cpu(s):  0.0 us,  1.0 sy,  0.0 ni, 99.0 id,  0.0 wa,  0.0 hi,  0.0 si,  0.0 st 
MiB Mem :   7993.6 total,   4158.7 free,   3399.4 used,    831.2 buff/cache     
MiB Swap:   9017.6 total,   9017.6 free,      0.0 used.   4594.1 avail Mem 

    PID USER      PR  NI    VIRT    RES    SHR S  %CPU  %MEM     TIME+ COMMAND
     39 agent     30  10  606164 452520   8544 S   0.0   5.5   0:00.28 agent-l+

[2026-06-04 06:26:34]
top - 06:26:34 up  1:31,  0 user,  load average: 0.24, 0.34, 0.32
Tasks:   1 total,   0 running,   1 sleeping,   0 stopped,   0 zombie
%Cpu(s):  0.0 us,  0.0 sy,  0.0 ni,100.0 id,  0.0 wa,  0.0 hi,  0.0 si,  0.0 st 
MiB Mem :   7993.6 total,   4176.7 free,   3381.2 used,    831.5 buff/cache     
MiB Swap:   9017.6 total,   9017.6 free,      0.0 used.   4612.4 avail Mem 

    PID USER      PR  NI    VIRT    RES    SHR S  %CPU  %MEM     TIME+ COMMAND
     39 agent     30  10  606164 452520   8544 S   0.0   5.5   0:00.28 agent-l+

[2026-06-04 06:26:35]
top - 06:26:35 up  1:31,  0 user,  load average: 0.24, 0.34, 0.32
Tasks:   1 total,   0 running,   1 sleeping,   0 stopped,   0 zombie
%Cpu(s):  0.0 us,  0.0 sy,  0.0 ni,100.0 id,  0.0 wa,  0.0 hi,  0.0 si,  0.0 st 
MiB Mem :   7993.6 total,   4404.2 free,   3390.9 used,    594.2 buff/cache     
MiB Swap:   9017.6 total,   9017.6 free,      0.0 used.   4602.6 avail Mem 

    PID USER      PR  NI    VIRT    RES    SHR S  %CPU  %MEM     TIME+ COMMAND
     39 agent     30  10  606164 449528   5552 S   0.0   5.5   0:00.29 agent-l+

[2026-06-04 06:26:36]
top - 06:26:37 up  1:31,  0 user,  load average: 0.38, 0.37, 0.33
Tasks:   1 total,   0 running,   1 sleeping,   0 stopped,   0 zombie
%Cpu(s):  2.9 us,  2.0 sy,  0.0 ni, 95.1 id,  0.0 wa,  0.0 hi,  0.0 si,  0.0 st 
MiB Mem :   7993.6 total,   4318.7 free,   3415.3 used,    655.3 buff/cache     
MiB Swap:   9017.6 total,   9017.6 free,      0.0 used.   4578.2 avail Mem 

    PID USER      PR  NI    VIRT    RES    SHR S  %CPU  %MEM     TIME+ COMMAND
     39 agent     30  10  631768 476348   6768 S   0.0   5.8   0:00.30 agent-l+

[2026-06-04 06:26:38]
top - 06:26:38 up  1:31,  0 user,  load average: 0.38, 0.37, 0.33
Tasks:   1 total,   0 running,   1 sleeping,   0 stopped,   0 zombie
%Cpu(s):  0.0 us,  0.0 sy,  0.0 ni,100.0 id,  0.0 wa,  0.0 hi,  0.0 si,  0.0 st 
MiB Mem :   7993.6 total,   4250.9 free,   3421.2 used,    717.3 buff/cache     
MiB Swap:   9017.6 total,   9017.6 free,      0.0 used.   4572.3 avail Mem 

    PID USER      PR  NI    VIRT    RES    SHR S  %CPU  %MEM     TIME+ COMMAND
     39 agent     30  10  631768 476348   6768 S   0.0   5.8   0:00.31 agent-l+

[2026-06-04 06:26:39]
top - 06:26:39 up  1:31,  0 user,  load average: 0.38, 0.37, 0.33
Tasks:   1 total,   0 running,   1 sleeping,   0 stopped,   0 zombie
%Cpu(s):  0.0 us,  0.0 sy,  0.0 ni,100.0 id,  0.0 wa,  0.0 hi,  0.0 si,  0.0 st 
MiB Mem :   7993.6 total,   4220.1 free,   3444.7 used,    724.6 buff/cache     
MiB Swap:   9017.6 total,   9017.6 free,      0.0 used.   4548.9 avail Mem 

    PID USER      PR  NI    VIRT    RES    SHR S  %CPU  %MEM     TIME+ COMMAND
     39 agent     30  10  657372 501952   6768 S   0.0   6.1   0:00.31 agent-l+

[2026-06-04 06:26:40]
top - 06:26:40 up  1:31,  0 user,  load average: 0.38, 0.37, 0.33
Tasks:   1 total,   0 running,   1 sleeping,   0 stopped,   0 zombie
%Cpu(s):  0.0 us,  0.0 sy,  0.0 ni,100.0 id,  0.0 wa,  0.0 hi,  0.0 si,  0.0 st 
MiB Mem :   7993.6 total,   4218.0 free,   3446.7 used,    724.7 buff/cache     
MiB Swap:   9017.6 total,   9017.6 free,      0.0 used.   4546.9 avail Mem 

    PID USER      PR  NI    VIRT    RES    SHR S  %CPU  %MEM     TIME+ COMMAND
     39 agent     30  10  657372 501952   6768 S   0.0   6.1   0:00.31 agent-l+

[2026-06-04 06:26:41]
top - 06:26:42 up  1:31,  0 user,  load average: 0.35, 0.37, 0.33
Tasks:   1 total,   0 running,   1 sleeping,   0 stopped,   0 zombie
%Cpu(s):  0.0 us,  0.0 sy,  0.0 ni,100.0 id,  0.0 wa,  0.0 hi,  0.0 si,  0.0 st 
MiB Mem :   7993.6 total,   4214.2 free,   3450.4 used,    724.7 buff/cache     
MiB Swap:   9017.6 total,   9017.6 free,      0.0 used.   4543.2 avail Mem 

    PID USER      PR  NI    VIRT    RES    SHR S  %CPU  %MEM     TIME+ COMMAND
     39 agent     30  10  657372 501952   6768 S   0.0   6.1   0:00.32 agent-l+

[2026-06-04 06:26:43]
top - 06:26:43 up  1:31,  0 user,  load average: 0.35, 0.37, 0.33
Tasks:   1 total,   0 running,   1 sleeping,   0 stopped,   0 zombie
%Cpu(s):  1.9 us,  3.8 sy,  0.0 ni, 92.3 id,  1.9 wa,  0.0 hi,  0.0 si,  0.0 st 
MiB Mem :   7993.6 total,   4189.7 free,   3464.7 used,    734.9 buff/cache     
MiB Swap:   9017.6 total,   9017.6 free,      0.0 used.   4528.8 avail Mem 

    PID USER      PR  NI    VIRT    RES    SHR S  %CPU  %MEM     TIME+ COMMAND
     39 agent     30  10  682976 527556   6768 S   0.0   6.4   0:00.33 agent-l+

[2026-06-04 06:26:44]
top - 06:26:44 up  1:31,  0 user,  load average: 0.35, 0.37, 0.33
Tasks:   1 total,   0 running,   1 sleeping,   0 stopped,   0 zombie
%Cpu(s):  1.0 us,  0.0 sy,  0.0 ni, 98.1 id,  0.0 wa,  0.0 hi,  1.0 si,  0.0 st 
MiB Mem :   7993.6 total,   4191.1 free,   3454.4 used,    743.9 buff/cache     
MiB Swap:   9017.6 total,   9017.6 free,      0.0 used.   4539.1 avail Mem 

    PID USER      PR  NI    VIRT    RES    SHR S  %CPU  %MEM     TIME+ COMMAND
     39 agent     30  10  682976 527556   6768 S   0.0   6.4   0:00.34 agent-l+

[2026-06-04 06:26:45]
top - 06:26:45 up  1:31,  0 user,  load average: 0.35, 0.37, 0.33
Tasks:   1 total,   0 running,   1 sleeping,   0 stopped,   0 zombie
%Cpu(s):  0.0 us,  1.0 sy,  0.0 ni, 99.0 id,  0.0 wa,  0.0 hi,  0.0 si,  0.0 st 
MiB Mem :   7993.6 total,   4674.5 free,   2952.0 used,    763.0 buff/cache     
MiB Swap:   9017.6 total,   9017.6 free,      0.0 used.   5041.6 avail Mem 

    PID USER      PR  NI    VIRT    RES    SHR S  %CPU  %MEM     TIME+ COMMAND
     39 agent     30  10  170896  15604   6896 S   0.0   0.2   0:00.35 agent-l+

[2026-06-04 06:26:46]
top - 06:26:46 up  1:31,  0 user,  load average: 0.32, 0.36, 0.32
Tasks:   1 total,   0 running,   1 sleeping,   0 stopped,   0 zombie
%Cpu(s):  0.0 us,  0.0 sy,  0.0 ni,100.0 id,  0.0 wa,  0.0 hi,  0.0 si,  0.0 st 
MiB Mem :   7993.6 total,   4665.9 free,   2960.5 used,    763.0 buff/cache     
MiB Swap:   9017.6 total,   9017.6 free,      0.0 used.   5033.1 avail Mem 

    PID USER      PR  NI    VIRT    RES    SHR S  %CPU  %MEM     TIME+ COMMAND
     39 agent     30  10  170896  15604   6896 S   0.0   0.2   0:00.35 agent-l+

[2026-06-04 06:26:47]
top - 06:26:48 up  1:31,  0 user,  load average: 0.32, 0.36, 0.32
Tasks:   1 total,   0 running,   1 sleeping,   0 stopped,   0 zombie
%Cpu(s):  0.0 us,  0.0 sy,  0.0 ni, 99.1 id,  0.0 wa,  0.0 hi,  0.9 si,  0.0 st 
MiB Mem :   7993.6 total,   4660.5 free,   2965.5 used,    763.4 buff/cache     
MiB Swap:   9017.6 total,   9017.6 free,      0.0 used.   5028.1 avail Mem 

    PID USER      PR  NI    VIRT    RES    SHR S  %CPU  %MEM     TIME+ COMMAND
     39 agent     30  10  170896  15604   6896 S   0.0   0.2   0:00.36 agent-l+

[2026-06-04 06:26:49]
top - 06:26:49 up  1:31,  0 user,  load average: 0.32, 0.36, 0.32
Tasks:   1 total,   0 running,   1 sleeping,   0 stopped,   0 zombie
%Cpu(s):  0.0 us,  0.0 sy,  0.0 ni,100.0 id,  0.0 wa,  0.0 hi,  0.0 si,  0.0 st 
MiB Mem :   7993.6 total,   4657.6 free,   2968.3 used,    763.4 buff/cache     
MiB Swap:   9017.6 total,   9017.6 free,      0.0 used.   5025.2 avail Mem 

    PID USER      PR  NI    VIRT    RES    SHR S  %CPU  %MEM     TIME+ COMMAND
     39 agent     30  10  170896  15604   6896 S   0.0   0.2   0:00.36 agent-l+

[2026-06-04 06:26:50]
top - 06:26:50 up  1:31,  0 user,  load average: 0.32, 0.36, 0.32
Tasks:   1 total,   0 running,   1 sleeping,   0 stopped,   0 zombie
%Cpu(s):  0.0 us,  0.0 sy,  1.0 ni, 99.0 id,  0.0 wa,  0.0 hi,  0.0 si,  0.0 st 
MiB Mem :   7993.6 total,   4628.2 free,   2996.6 used,    764.6 buff/cache     
MiB Swap:   9017.6 total,   9017.6 free,      0.0 used.   4997.0 avail Mem 

    PID USER      PR  NI    VIRT    RES    SHR S  %CPU  %MEM     TIME+ COMMAND
     39 agent     30  10  170896  41196   6896 S   0.0   0.5   0:00.38 agent-l+

[2026-06-04 06:26:51]
top - 06:26:51 up  1:31,  0 user,  load average: 0.30, 0.35, 0.32
Tasks:   1 total,   0 running,   1 sleeping,   0 stopped,   0 zombie
%Cpu(s):  1.0 us,  0.0 sy,  0.0 ni, 99.0 id,  0.0 wa,  0.0 hi,  0.0 si,  0.0 st 
MiB Mem :   7993.6 total,   4621.1 free,   3003.6 used,    764.7 buff/cache     
MiB Swap:   9017.6 total,   9017.6 free,      0.0 used.   4990.0 avail Mem 

    PID USER      PR  NI    VIRT    RES    SHR S  %CPU  %MEM     TIME+ COMMAND
     39 agent     30  10  170896  41196   6896 S   0.0   0.5   0:00.38 agent-l+

[2026-06-04 06:26:52]
top - 06:26:53 up  1:31,  0 user,  load average: 0.30, 0.35, 0.32
Tasks:   1 total,   0 running,   1 sleeping,   0 stopped,   0 zombie
%Cpu(s):  0.0 us,  0.0 sy,  0.0 ni,100.0 id,  0.0 wa,  0.0 hi,  0.0 si,  0.0 st 
MiB Mem :   7993.6 total,   4627.5 free,   2997.2 used,    764.7 buff/cache     
MiB Swap:   9017.6 total,   9017.6 free,      0.0 used.   4996.4 avail Mem 

    PID USER      PR  NI    VIRT    RES    SHR S  %CPU  %MEM     TIME+ COMMAND
     39 agent     30  10  170896  41196   6896 S   0.0   0.5   0:00.38 agent-l+

[2026-06-04 06:26:54]
top - 06:26:54 up  1:31,  0 user,  load average: 0.30, 0.35, 0.32
Tasks:   1 total,   0 running,   1 sleeping,   0 stopped,   0 zombie
%Cpu(s):  0.0 us,  0.0 sy,  0.0 ni,100.0 id,  0.0 wa,  0.0 hi,  0.0 si,  0.0 st 
MiB Mem :   7993.6 total,   4613.7 free,   3009.8 used,    766.0 buff/cache     
MiB Swap:   9017.6 total,   9017.6 free,      0.0 used.   4983.8 avail Mem 

    PID USER      PR  NI    VIRT    RES    SHR S  %CPU  %MEM     TIME+ COMMAND
     39 agent     30  10  170896  66796   6896 S   0.0   0.8   0:00.41 agent-l+

[2026-06-04 06:26:55]
top - 06:26:55 up  1:31,  0 user,  load average: 0.30, 0.35, 0.32
Tasks:   1 total,   0 running,   1 sleeping,   0 stopped,   0 zombie
%Cpu(s):  0.0 us,  0.0 sy,  0.0 ni,100.0 id,  0.0 wa,  0.0 hi,  0.0 si,  0.0 st 
MiB Mem :   7993.6 total,   4612.6 free,   3010.8 used,    766.0 buff/cache     
MiB Swap:   9017.6 total,   9017.6 free,      0.0 used.   4982.8 avail Mem 

    PID USER      PR  NI    VIRT    RES    SHR S  %CPU  %MEM     TIME+ COMMAND
     39 agent     30  10  170896  66796   6896 S   0.0   0.8   0:00.41 agent-l+

[2026-06-04 06:26:56]
top - 06:26:56 up  1:31,  0 user,  load average: 0.27, 0.35, 0.32
Tasks:   1 total,   0 running,   1 sleeping,   0 stopped,   0 zombie
%Cpu(s):  6.7 us,  1.9 sy,  0.0 ni, 91.3 id,  0.0 wa,  0.0 hi,  0.0 si,  0.0 st 
MiB Mem :   7993.6 total,   4589.7 free,   3033.7 used,    766.0 buff/cache     
MiB Swap:   9017.6 total,   9017.6 free,      0.0 used.   4959.9 avail Mem 

    PID USER      PR  NI    VIRT    RES    SHR S  %CPU  %MEM     TIME+ COMMAND
     39 agent     30  10  236432  92412   6896 S  10.0   1.1   0:00.44 agent-l+

[2026-06-04 06:26:57]
top - 06:26:57 up  1:31,  0 user,  load average: 0.27, 0.35, 0.32
Tasks:   1 total,   0 running,   1 sleeping,   0 stopped,   0 zombie
%Cpu(s):  0.0 us,  0.0 sy,  0.0 ni,100.0 id,  0.0 wa,  0.0 hi,  0.0 si,  0.0 st 
MiB Mem :   7993.6 total,   4589.9 free,   3033.4 used,    766.0 buff/cache     
MiB Swap:   9017.6 total,   9017.6 free,      0.0 used.   4960.1 avail Mem 

    PID USER      PR  NI    VIRT    RES    SHR S  %CPU  %MEM     TIME+ COMMAND
     39 agent     30  10  236432  92412   6896 S   0.0   1.1   0:00.44 agent-l+

[2026-06-04 06:26:58]
top - 06:26:59 up  1:31,  0 user,  load average: 0.27, 0.35, 0.32
Tasks:   1 total,   0 running,   1 sleeping,   0 stopped,   0 zombie
%Cpu(s):  0.0 us,  0.0 sy,  0.0 ni,100.0 id,  0.0 wa,  0.0 hi,  0.0 si,  0.0 st 
MiB Mem :   7993.6 total,   4586.1 free,   3037.2 used,    766.0 buff/cache     
MiB Swap:   9017.6 total,   9017.6 free,      0.0 used.   4956.4 avail Mem 

    PID USER      PR  NI    VIRT    RES    SHR S  %CPU  %MEM     TIME+ COMMAND
     39 agent     30  10  236432  92412   6896 S   0.0   1.1   0:00.44 agent-l+

[2026-06-04 06:27:00]
top - 06:27:00 up  1:32,  0 user,  load average: 0.27, 0.35, 0.32
Tasks:   1 total,   0 running,   1 sleeping,   0 stopped,   0 zombie
%Cpu(s):  0.0 us,  0.0 sy,  0.0 ni,100.0 id,  0.0 wa,  0.0 hi,  0.0 si,  0.0 st 
MiB Mem :   7993.6 total,   4559.8 free,   3063.5 used,    766.1 buff/cache     
MiB Swap:   9017.6 total,   9017.6 free,      0.0 used.   4930.1 avail Mem 

    PID USER      PR  NI    VIRT    RES    SHR S  %CPU  %MEM     TIME+ COMMAND
     39 agent     30  10  236432 118000   6896 S   0.0   1.4   0:00.45 agent-l+

[2026-06-04 06:27:01]
top - 06:27:01 up  1:32,  0 user,  load average: 0.25, 0.34, 0.32
Tasks:   1 total,   0 running,   1 sleeping,   0 stopped,   0 zombie
%Cpu(s):  0.0 us,  0.0 sy,  0.0 ni,100.0 id,  0.0 wa,  0.0 hi,  0.0 si,  0.0 st 
MiB Mem :   7993.6 total,   4557.7 free,   3065.5 used,    766.3 buff/cache     
MiB Swap:   9017.6 total,   9017.6 free,      0.0 used.   4928.1 avail Mem 

    PID USER      PR  NI    VIRT    RES    SHR S  %CPU  %MEM     TIME+ COMMAND
     39 agent     30  10  236432 118000   6896 S   0.0   1.4   0:00.45 agent-l+

[2026-06-04 06:27:02]
top - 06:27:02 up  1:32,  0 user,  load average: 0.25, 0.34, 0.32
Tasks:   1 total,   0 running,   1 sleeping,   0 stopped,   0 zombie
%Cpu(s):  0.0 us,  0.0 sy,  0.0 ni,100.0 id,  0.0 wa,  0.0 hi,  0.0 si,  0.0 st 
MiB Mem :   7993.6 total,   4538.5 free,   3084.6 used,    766.3 buff/cache     
MiB Swap:   9017.6 total,   9017.6 free,      0.0 used.   4909.0 avail Mem 

    PID USER      PR  NI    VIRT    RES    SHR S  %CPU  %MEM     TIME+ COMMAND
     39 agent     30  10  301968 143616   6896 S   0.0   1.8   0:00.46 agent-l+

[2026-06-04 06:27:03]
top - 06:27:03 up  1:32,  0 user,  load average: 0.25, 0.34, 0.32
Tasks:   1 total,   0 running,   1 sleeping,   0 stopped,   0 zombie
%Cpu(s):  1.0 us,  0.0 sy,  0.0 ni, 99.0 id,  0.0 wa,  0.0 hi,  0.0 si,  0.0 st 
MiB Mem :   7993.6 total,   4529.0 free,   3081.4 used,    779.0 buff/cache     
MiB Swap:   9017.6 total,   9017.6 free,      0.0 used.   4912.2 avail Mem 

    PID USER      PR  NI    VIRT    RES    SHR S  %CPU  %MEM     TIME+ COMMAND
     39 agent     30  10  301968 143616   6896 S   0.0   1.8   0:00.46 agent-l+

[2026-06-04 06:27:04]
top - 06:27:05 up  1:32,  0 user,  load average: 0.25, 0.34, 0.32
Tasks:   1 total,   0 running,   1 sleeping,   0 stopped,   0 zombie
%Cpu(s):  0.0 us,  0.0 sy,  0.0 ni,100.0 id,  0.0 wa,  0.0 hi,  0.0 si,  0.0 st 
MiB Mem :   7993.6 total,   4529.7 free,   3080.6 used,    779.0 buff/cache     
MiB Swap:   9017.6 total,   9017.6 free,      0.0 used.   4913.0 avail Mem 

    PID USER      PR  NI    VIRT    RES    SHR S  %CPU  %MEM     TIME+ COMMAND
     39 agent     30  10  301968 143616   6896 S   0.0   1.8   0:00.46 agent-l+

[2026-06-04 06:27:06]
top - 06:27:06 up  1:32,  0 user,  load average: 0.23, 0.33, 0.32
Tasks:   1 total,   0 running,   1 sleeping,   0 stopped,   0 zombie
%Cpu(s):  1.0 us,  1.0 sy,  0.0 ni, 98.1 id,  0.0 wa,  0.0 hi,  0.0 si,  0.0 st 
MiB Mem :   7993.6 total,   4501.5 free,   3108.5 used,    779.4 buff/cache     
MiB Swap:   9017.6 total,   9017.6 free,      0.0 used.   4885.1 avail Mem 

    PID USER      PR  NI    VIRT    RES    SHR S  %CPU  %MEM     TIME+ COMMAND
     39 agent     30  10  301968 169204   6896 S   0.0   2.1   0:00.47 agent-l+

[2026-06-04 06:27:07]
top - 06:27:07 up  1:32,  0 user,  load average: 0.23, 0.33, 0.32
Tasks:   1 total,   0 running,   1 sleeping,   0 stopped,   0 zombie
%Cpu(s):  0.0 us,  1.0 sy,  0.0 ni, 99.0 id,  0.0 wa,  0.0 hi,  0.0 si,  0.0 st 
MiB Mem :   7993.6 total,   4495.3 free,   3108.7 used,    785.4 buff/cache     
MiB Swap:   9017.6 total,   9017.6 free,      0.0 used.   4884.9 avail Mem 

    PID USER      PR  NI    VIRT    RES    SHR S  %CPU  %MEM     TIME+ COMMAND
     39 agent     30  10  301968 169204   6896 S   0.0   2.1   0:00.47 agent-l+

[2026-06-04 06:27:08]
top - 06:27:08 up  1:32,  0 user,  load average: 0.23, 0.33, 0.32
Tasks:   1 total,   0 running,   1 sleeping,   0 stopped,   0 zombie
%Cpu(s):  0.7 us,  0.7 sy,  0.0 ni, 98.5 id,  0.0 wa,  0.0 hi,  0.0 si,  0.0 st 
MiB Mem :   7993.6 total,   4459.5 free,   3144.4 used,    785.4 buff/cache     
MiB Swap:   9017.6 total,   9017.6 free,      0.0 used.   4849.1 avail Mem 

    PID USER      PR  NI    VIRT    RES    SHR S  %CPU  %MEM     TIME+ COMMAND
     39 agent     30  10  367504 194820   6896 S   0.0   2.4   0:00.49 agent-l+

[2026-06-04 06:27:09]
top - 06:27:10 up  1:32,  0 user,  load average: 0.23, 0.33, 0.32
Tasks:   1 total,   0 running,   1 sleeping,   0 stopped,   0 zombie
%Cpu(s):  0.0 us,  1.0 sy,  0.0 ni, 99.0 id,  0.0 wa,  0.0 hi,  0.0 si,  0.0 st 
MiB Mem :   7993.6 total,   4457.8 free,   3146.0 used,    785.5 buff/cache     
MiB Swap:   9017.6 total,   9017.6 free,      0.0 used.   4847.5 avail Mem 

    PID USER      PR  NI    VIRT    RES    SHR S  %CPU  %MEM     TIME+ COMMAND
     39 agent     30  10  367504 194820   6896 S   0.0   2.4   0:00.50 agent-l+

[2026-06-04 06:27:11]
top - 06:27:11 up  1:32,  0 user,  load average: 0.29, 0.35, 0.32
Tasks:   1 total,   0 running,   1 sleeping,   0 stopped,   0 zombie
%Cpu(s):  0.0 us,  0.0 sy,  0.0 ni,100.0 id,  0.0 wa,  0.0 hi,  0.0 si,  0.0 st 
MiB Mem :   7993.6 total,   4455.2 free,   3148.5 used,    785.7 buff/cache     
MiB Swap:   9017.6 total,   9017.6 free,      0.0 used.   4845.1 avail Mem 

    PID USER      PR  NI    VIRT    RES    SHR S  %CPU  %MEM     TIME+ COMMAND
     39 agent     30  10  367504 194820   6896 S   0.0   2.4   0:00.50 agent-l+

[2026-06-04 06:27:12]
top - 06:27:12 up  1:32,  0 user,  load average: 0.29, 0.35, 0.32
Tasks:   1 total,   0 running,   1 sleeping,   0 stopped,   0 zombie
%Cpu(s):  3.8 us,  1.0 sy,  0.0 ni, 94.2 id,  0.0 wa,  0.0 hi,  1.0 si,  0.0 st 
MiB Mem :   7993.6 total,   4441.4 free,   3162.2 used,    785.7 buff/cache     
MiB Swap:   9017.6 total,   9017.6 free,      0.0 used.   4831.3 avail Mem 

    PID USER      PR  NI    VIRT    RES    SHR S  %CPU  %MEM     TIME+ COMMAND
     39 agent     30  10  367504 220408   6896 S   0.0   2.7   0:00.52 agent-l+

