[2026-06-04 06:30:36]
top - 06:30:36 up  1:35,  0 user,  load average: 0.08, 0.21, 0.27
Tasks:   1 total,   0 running,   1 sleeping,   0 stopped,   0 zombie
%Cpu(s):  1.0 us,  0.0 sy,  0.0 ni, 99.0 id,  0.0 wa,  0.0 hi,  0.0 si,  0.0 st 
MiB Mem :   7993.6 total,   4571.4 free,   2968.4 used,    849.6 buff/cache     
MiB Swap:   9017.6 total,   9017.6 free,      0.0 used.   5025.2 avail Mem 

    PID USER      PR  NI    VIRT    RES    SHR S  %CPU  %MEM     TIME+ COMMAND
     39 agent     30  10   22288  17096   8620 S   0.0   0.2   0:00.02 agent-l+

[2026-06-04 06:30:37]
top - 06:30:37 up  1:35,  0 user,  load average: 0.08, 0.21, 0.27
Tasks:   1 total,   0 running,   1 sleeping,   0 stopped,   0 zombie
%Cpu(s):  2.9 us,  1.0 sy,  0.0 ni, 95.1 id,  0.0 wa,  0.0 hi,  1.0 si,  0.0 st 
MiB Mem :   7993.6 total,   4576.3 free,   2963.2 used,    849.8 buff/cache     
MiB Swap:   9017.6 total,   9017.6 free,      0.0 used.   5030.3 avail Mem 

    PID USER      PR  NI    VIRT    RES    SHR S  %CPU  %MEM     TIME+ COMMAND
     39 agent     30  10   22288  17096   8620 S   0.0   0.2   0:00.02 agent-l+

[2026-06-04 06:30:38]
top - 06:30:38 up  1:35,  0 user,  load average: 0.08, 0.21, 0.27
Tasks:   1 total,   0 running,   1 sleeping,   0 stopped,   0 zombie
%Cpu(s):  0.0 us,  1.0 sy,  0.0 ni, 99.0 id,  0.0 wa,  0.0 hi,  0.0 si,  0.0 st 
MiB Mem :   7993.6 total,   4574.0 free,   2965.6 used,    849.8 buff/cache     
MiB Swap:   9017.6 total,   9017.6 free,      0.0 used.   5027.9 avail Mem 

    PID USER      PR  NI    VIRT    RES    SHR S  %CPU  %MEM     TIME+ COMMAND
     39 agent     30  10   22288  17096   8620 S   0.0   0.2   0:00.04 agent-l+

[2026-06-04 06:30:39]
top - 06:30:39 up  1:35,  0 user,  load average: 0.08, 0.21, 0.27
Tasks:   1 total,   0 running,   1 sleeping,   0 stopped,   0 zombie
%Cpu(s):  0.0 us,  0.0 sy,  0.0 ni,100.0 id,  0.0 wa,  0.0 hi,  0.0 si,  0.0 st 
MiB Mem :   7993.6 total,   4542.6 free,   2996.9 used,    849.8 buff/cache     
MiB Swap:   9017.6 total,   9017.6 free,      0.0 used.   4996.6 avail Mem 

    PID USER      PR  NI    VIRT    RES    SHR S  %CPU  %MEM     TIME+ COMMAND
     39 agent     30  10  196500  42932   8620 S   0.0   0.5   0:00.05 agent-l+

[2026-06-04 06:30:40]
top - 06:30:41 up  1:35,  0 user,  load average: 0.08, 0.21, 0.27
Tasks:   1 total,   0 running,   1 sleeping,   0 stopped,   0 zombie
%Cpu(s):  0.0 us,  0.0 sy,  0.0 ni,100.0 id,  0.0 wa,  0.0 hi,  0.0 si,  0.0 st 
MiB Mem :   7993.6 total,   4535.9 free,   3002.4 used,    851.1 buff/cache     
MiB Swap:   9017.6 total,   9017.6 free,      0.0 used.   4991.1 avail Mem 

    PID USER      PR  NI    VIRT    RES    SHR S  %CPU  %MEM     TIME+ COMMAND
     39 agent     30  10  196500  42932   8620 S   0.0   0.5   0:00.05 agent-l+

[2026-06-04 06:30:42]
top - 06:30:42 up  1:35,  0 user,  load average: 0.07, 0.21, 0.26
Tasks:   1 total,   0 running,   1 sleeping,   0 stopped,   0 zombie
%Cpu(s):  0.0 us,  0.0 sy,  0.0 ni,100.0 id,  0.0 wa,  0.0 hi,  0.0 si,  0.0 st 
MiB Mem :   7993.6 total,   4508.6 free,   3029.6 used,    851.1 buff/cache     
MiB Swap:   9017.6 total,   9017.6 free,      0.0 used.   4963.9 avail Mem 

    PID USER      PR  NI    VIRT    RES    SHR S  %CPU  %MEM     TIME+ COMMAND
     39 agent     30  10  222104  68536   8620 S   0.0   0.8   0:00.07 agent-l+

[2026-06-04 06:30:43]
top - 06:30:43 up  1:35,  0 user,  load average: 0.07, 0.21, 0.26
Tasks:   1 total,   0 running,   1 sleeping,   0 stopped,   0 zombie
%Cpu(s):  0.0 us,  0.0 sy,  0.0 ni,100.0 id,  0.0 wa,  0.0 hi,  0.0 si,  0.0 st 
MiB Mem :   7993.6 total,   4505.1 free,   3033.1 used,    851.2 buff/cache     
MiB Swap:   9017.6 total,   9017.6 free,      0.0 used.   4960.4 avail Mem 

    PID USER      PR  NI    VIRT    RES    SHR S  %CPU  %MEM     TIME+ COMMAND
     39 agent     30  10  222104  68536   8620 S   0.0   0.8   0:00.07 agent-l+

[2026-06-04 06:30:44]
top - 06:30:44 up  1:35,  0 user,  load average: 0.07, 0.21, 0.26
Tasks:   1 total,   0 running,   1 sleeping,   0 stopped,   0 zombie
%Cpu(s):  0.0 us,  0.0 sy,  0.0 ni,100.0 id,  0.0 wa,  0.0 hi,  0.0 si,  0.0 st 
MiB Mem :   7993.6 total,   4529.4 free,   3008.4 used,    851.6 buff/cache     
MiB Swap:   9017.6 total,   9017.6 free,      0.0 used.   4985.1 avail Mem 

    PID USER      PR  NI    VIRT    RES    SHR S  %CPU  %MEM     TIME+ COMMAND
     39 agent     30  10  222104  68536   8620 S   0.0   0.8   0:00.07 agent-l+

[2026-06-04 06:30:45]
top - 06:30:46 up  1:35,  0 user,  load average: 0.07, 0.21, 0.26
Tasks:   1 total,   0 running,   1 sleeping,   0 stopped,   0 zombie
%Cpu(s):  0.0 us,  0.0 sy,  0.0 ni,100.0 id,  0.0 wa,  0.0 hi,  0.0 si,  0.0 st 
MiB Mem :   7993.6 total,   4505.1 free,   3032.6 used,    851.7 buff/cache     
MiB Swap:   9017.6 total,   9017.6 free,      0.0 used.   4961.0 avail Mem 

    PID USER      PR  NI    VIRT    RES    SHR S  %CPU  %MEM     TIME+ COMMAND
     39 agent     30  10  247708  94140   8620 S   0.0   1.2   0:00.08 agent-l+

[2026-06-04 06:30:47]
top - 06:30:47 up  1:35,  0 user,  load average: 0.07, 0.21, 0.26
Tasks:   1 total,   0 running,   1 sleeping,   0 stopped,   0 zombie
%Cpu(s):  1.0 us,  0.0 sy,  0.0 ni, 99.0 id,  0.0 wa,  0.0 hi,  0.0 si,  0.0 st 
MiB Mem :   7993.6 total,   4501.8 free,   3035.9 used,    851.7 buff/cache     
MiB Swap:   9017.6 total,   9017.6 free,      0.0 used.   4957.6 avail Mem 

    PID USER      PR  NI    VIRT    RES    SHR S  %CPU  %MEM     TIME+ COMMAND
     39 agent     30  10  247708  94140   8620 S   0.0   1.2   0:00.08 agent-l+

[2026-06-04 06:30:48]
top - 06:30:48 up  1:35,  0 user,  load average: 0.07, 0.21, 0.26
Tasks:   1 total,   0 running,   1 sleeping,   0 stopped,   0 zombie
%Cpu(s):  1.0 us,  0.0 sy,  0.0 ni, 99.0 id,  0.0 wa,  0.0 hi,  0.0 si,  0.0 st 
MiB Mem :   7993.6 total,   4472.8 free,   3065.0 used,    851.7 buff/cache     
MiB Swap:   9017.6 total,   9017.6 free,      0.0 used.   4928.6 avail Mem 

    PID USER      PR  NI    VIRT    RES    SHR S  %CPU  %MEM     TIME+ COMMAND
     39 agent     30  10  273312 119744   8620 S   0.0   1.5   0:00.10 agent-l+

[2026-06-04 06:30:49]
top - 06:30:49 up  1:35,  0 user,  load average: 0.07, 0.21, 0.26
Tasks:   1 total,   0 running,   1 sleeping,   0 stopped,   0 zombie
%Cpu(s):  0.0 us,  0.0 sy,  0.0 ni,100.0 id,  0.0 wa,  0.0 hi,  0.0 si,  0.0 st 
MiB Mem :   7993.6 total,   4472.3 free,   3065.4 used,    851.7 buff/cache     
MiB Swap:   9017.6 total,   9017.6 free,      0.0 used.   4928.2 avail Mem 

    PID USER      PR  NI    VIRT    RES    SHR S  %CPU  %MEM     TIME+ COMMAND
     39 agent     30  10  273312 119744   8620 S   0.0   1.5   0:00.10 agent-l+

[2026-06-04 06:30:50]
top - 06:30:50 up  1:35,  0 user,  load average: 0.07, 0.21, 0.26
Tasks:   1 total,   0 running,   1 sleeping,   0 stopped,   0 zombie
%Cpu(s):  0.0 us,  0.0 sy,  0.0 ni,100.0 id,  0.0 wa,  0.0 hi,  0.0 si,  0.0 st 
MiB Mem :   7993.6 total,   4471.1 free,   3066.6 used,    851.8 buff/cache     
MiB Swap:   9017.6 total,   9017.6 free,      0.0 used.   4927.0 avail Mem 

    PID USER      PR  NI    VIRT    RES    SHR S  %CPU  %MEM     TIME+ COMMAND
     39 agent     30  10  298916 145348   8620 S   0.0   1.8   0:00.10 agent-l+

[2026-06-04 06:30:51]
top - 06:30:52 up  1:35,  0 user,  load average: 0.06, 0.20, 0.26
Tasks:   1 total,   0 running,   1 sleeping,   0 stopped,   0 zombie
%Cpu(s):  0.0 us,  0.0 sy,  0.0 ni,100.0 id,  0.0 wa,  0.0 hi,  0.0 si,  0.0 st 
MiB Mem :   7993.6 total,   4438.2 free,   3099.4 used,    851.8 buff/cache     
MiB Swap:   9017.6 total,   9017.6 free,      0.0 used.   4894.1 avail Mem 

    PID USER      PR  NI    VIRT    RES    SHR S  %CPU  %MEM     TIME+ COMMAND
     39 agent     30  10  298916 145348   8620 S   0.0   1.8   0:00.11 agent-l+

[2026-06-04 06:30:53]
top - 06:30:53 up  1:35,  0 user,  load average: 0.06, 0.20, 0.26
Tasks:   1 total,   0 running,   1 sleeping,   0 stopped,   0 zombie
%Cpu(s):  1.0 us,  1.0 sy,  0.0 ni, 98.0 id,  0.0 wa,  0.0 hi,  0.0 si,  0.0 st 
MiB Mem :   7993.6 total,   4436.7 free,   3100.9 used,    851.8 buff/cache     
MiB Swap:   9017.6 total,   9017.6 free,      0.0 used.   4892.7 avail Mem 

    PID USER      PR  NI    VIRT    RES    SHR S  %CPU  %MEM     TIME+ COMMAND
     39 agent     30  10  298916 145348   8620 S   0.0   1.8   0:00.11 agent-l+

[2026-06-04 06:30:54]
top - 06:30:54 up  1:35,  0 user,  load average: 0.06, 0.20, 0.26
Tasks:   1 total,   0 running,   1 sleeping,   0 stopped,   0 zombie
%Cpu(s):  1.0 us,  0.0 sy,  1.0 ni, 98.1 id,  0.0 wa,  0.0 hi,  0.0 si,  0.0 st 
MiB Mem :   7993.6 total,   4427.6 free,   3110.0 used,    851.8 buff/cache     
MiB Swap:   9017.6 total,   9017.6 free,      0.0 used.   4883.6 avail Mem 

    PID USER      PR  NI    VIRT    RES    SHR S  %CPU  %MEM     TIME+ COMMAND
     39 agent     30  10  324520 170952   8620 S   0.0   2.1   0:00.13 agent-l+

[2026-06-04 06:30:55]
top - 06:30:55 up  1:35,  0 user,  load average: 0.06, 0.20, 0.26
Tasks:   1 total,   0 running,   1 sleeping,   0 stopped,   0 zombie
%Cpu(s):  0.0 us,  0.0 sy,  0.0 ni,100.0 id,  0.0 wa,  0.0 hi,  0.0 si,  0.0 st 
MiB Mem :   7993.6 total,   4428.2 free,   3109.4 used,    851.9 buff/cache     
MiB Swap:   9017.6 total,   9017.6 free,      0.0 used.   4884.2 avail Mem 

    PID USER      PR  NI    VIRT    RES    SHR S  %CPU  %MEM     TIME+ COMMAND
     39 agent     30  10  324520 170952   8620 S   0.0   2.1   0:00.13 agent-l+

[2026-06-04 06:30:56]
top - 06:30:57 up  1:35,  0 user,  load average: 0.06, 0.20, 0.26
Tasks:   1 total,   0 running,   1 sleeping,   0 stopped,   0 zombie
%Cpu(s):  0.0 us,  0.0 sy,  0.0 ni,100.0 id,  0.0 wa,  0.0 hi,  0.0 si,  0.0 st 
MiB Mem :   7993.6 total,   4423.4 free,   3114.1 used,    851.9 buff/cache     
MiB Swap:   9017.6 total,   9017.6 free,      0.0 used.   4879.5 avail Mem 

    PID USER      PR  NI    VIRT    RES    SHR S  %CPU  %MEM     TIME+ COMMAND
     39 agent     30  10  350124 196556   8620 S   0.0   2.4   0:00.13 agent-l+

[2026-06-04 06:30:58]
top - 06:30:58 up  1:35,  0 user,  load average: 0.06, 0.20, 0.26
Tasks:   1 total,   0 running,   1 sleeping,   0 stopped,   0 zombie
%Cpu(s):  1.0 us,  0.0 sy,  0.0 ni, 99.0 id,  0.0 wa,  0.0 hi,  0.0 si,  0.0 st 
MiB Mem :   7993.6 total,   4396.3 free,   3141.4 used,    851.9 buff/cache     
MiB Swap:   9017.6 total,   9017.6 free,      0.0 used.   4852.2 avail Mem 

    PID USER      PR  NI    VIRT    RES    SHR S  %CPU  %MEM     TIME+ COMMAND
     39 agent     30  10  350124 196556   8620 S   0.0   2.4   0:00.14 agent-l+

[2026-06-04 06:30:59]
top - 06:30:59 up  1:35,  0 user,  load average: 0.06, 0.20, 0.26
Tasks:   1 total,   0 running,   1 sleeping,   0 stopped,   0 zombie
%Cpu(s):  2.0 us,  1.0 sy,  0.0 ni, 97.0 id,  0.0 wa,  0.0 hi,  0.0 si,  0.0 st 
MiB Mem :   7993.6 total,   4394.8 free,   3142.6 used,    852.0 buff/cache     
MiB Swap:   9017.6 total,   9017.6 free,      0.0 used.   4850.9 avail Mem 

    PID USER      PR  NI    VIRT    RES    SHR S  %CPU  %MEM     TIME+ COMMAND
     39 agent     30  10  350124 196556   8620 S   0.0   2.4   0:00.14 agent-l+

[2026-06-04 06:31:00]
top - 06:31:00 up  1:36,  0 user,  load average: 0.06, 0.20, 0.26
Tasks:   1 total,   0 running,   1 sleeping,   0 stopped,   0 zombie
%Cpu(s):  0.0 us,  0.0 sy,  0.0 ni,100.0 id,  0.0 wa,  0.0 hi,  0.0 si,  0.0 st 
MiB Mem :   7993.6 total,   4363.5 free,   3168.7 used,    857.3 buff/cache     
MiB Swap:   9017.6 total,   9017.6 free,      0.0 used.   4824.8 avail Mem 

    PID USER      PR  NI    VIRT    RES    SHR S  %CPU  %MEM     TIME+ COMMAND
     39 agent     30  10  375728 222160   8620 S   0.0   2.7   0:00.15 agent-l+

[2026-06-04 06:31:01]
top - 06:31:01 up  1:36,  0 user,  load average: 0.05, 0.20, 0.26
Tasks:   1 total,   0 running,   1 sleeping,   0 stopped,   0 zombie
%Cpu(s):  0.0 us,  0.0 sy,  0.0 ni,100.0 id,  0.0 wa,  0.0 hi,  0.0 si,  0.0 st 
MiB Mem :   7993.6 total,   4361.1 free,   3171.0 used,    857.3 buff/cache     
MiB Swap:   9017.6 total,   9017.6 free,      0.0 used.   4822.5 avail Mem 

    PID USER      PR  NI    VIRT    RES    SHR S  %CPU  %MEM     TIME+ COMMAND
     39 agent     30  10  375728 222160   8620 S   0.0   2.7   0:00.15 agent-l+

[2026-06-04 06:31:02]
top - 06:31:03 up  1:36,  0 user,  load average: 0.05, 0.20, 0.26
Tasks:   1 total,   0 running,   1 sleeping,   0 stopped,   0 zombie
%Cpu(s):  0.0 us,  1.0 sy,  0.0 ni, 99.0 id,  0.0 wa,  0.0 hi,  0.0 si,  0.0 st 
MiB Mem :   7993.6 total,   4334.6 free,   3197.5 used,    857.3 buff/cache     
MiB Swap:   9017.6 total,   9017.6 free,      0.0 used.   4796.0 avail Mem 

    PID USER      PR  NI    VIRT    RES    SHR S  %CPU  %MEM     TIME+ COMMAND
     39 agent     30  10  401332 247764   8620 S   0.0   3.0   0:00.17 agent-l+

[2026-06-04 06:31:04]
top - 06:31:04 up  1:36,  0 user,  load average: 0.05, 0.20, 0.26
Tasks:   1 total,   0 running,   1 sleeping,   0 stopped,   0 zombie
%Cpu(s):  0.0 us,  1.0 sy,  0.0 ni, 99.0 id,  0.0 wa,  0.0 hi,  0.0 si,  0.0 st 
MiB Mem :   7993.6 total,   4335.0 free,   3196.8 used,    857.6 buff/cache     
MiB Swap:   9017.6 total,   9017.6 free,      0.0 used.   4796.7 avail Mem 

    PID USER      PR  NI    VIRT    RES    SHR S  %CPU  %MEM     TIME+ COMMAND
     39 agent     30  10  401332 247764   8620 S   0.0   3.0   0:00.17 agent-l+

[2026-06-04 06:31:05]
top - 06:31:05 up  1:36,  0 user,  load average: 0.05, 0.20, 0.26
Tasks:   1 total,   0 running,   1 sleeping,   0 stopped,   0 zombie
%Cpu(s):  0.0 us,  0.0 sy,  0.0 ni,100.0 id,  0.0 wa,  0.0 hi,  0.0 si,  0.0 st 
MiB Mem :   7993.6 total,   4349.6 free,   3180.7 used,    859.1 buff/cache     
MiB Swap:   9017.6 total,   9017.6 free,      0.0 used.   4812.9 avail Mem 

    PID USER      PR  NI    VIRT    RES    SHR S  %CPU  %MEM     TIME+ COMMAND
     39 agent     30  10  401332 247764   8620 S   0.0   3.0   0:00.17 agent-l+

[2026-06-04 06:31:06]
top - 06:31:06 up  1:36,  0 user,  load average: 0.05, 0.19, 0.26
Tasks:   1 total,   0 running,   1 sleeping,   0 stopped,   0 zombie
%Cpu(s):  0.0 us,  0.9 sy,  0.0 ni, 99.1 id,  0.0 wa,  0.0 hi,  0.0 si,  0.0 st 
MiB Mem :   7993.6 total,   4558.3 free,   3208.6 used,    622.6 buff/cache     
MiB Swap:   9017.6 total,   9017.6 free,      0.0 used.   4784.9 avail Mem 

    PID USER      PR  NI    VIRT    RES    SHR S  %CPU  %MEM     TIME+ COMMAND
     39 agent     30  10  426936 273308   8560 S   0.0   3.3   0:00.20 agent-l+

[2026-06-04 06:31:07]
top - 06:31:08 up  1:36,  0 user,  load average: 0.05, 0.19, 0.26
Tasks:   1 total,   0 running,   1 sleeping,   0 stopped,   0 zombie
%Cpu(s):  0.0 us,  0.0 sy,  0.0 ni,100.0 id,  0.0 wa,  0.0 hi,  0.0 si,  0.0 st 
MiB Mem :   7993.6 total,   4521.6 free,   3211.5 used,    656.4 buff/cache     
MiB Swap:   9017.6 total,   9017.6 free,      0.0 used.   4782.1 avail Mem 

    PID USER      PR  NI    VIRT    RES    SHR S  %CPU  %MEM     TIME+ COMMAND
     39 agent     30  10  426936 273308   8560 S   0.0   3.3   0:00.21 agent-l+

[2026-06-04 06:31:09]
top - 06:31:09 up  1:36,  0 user,  load average: 0.05, 0.19, 0.26
Tasks:   1 total,   0 running,   1 sleeping,   0 stopped,   0 zombie
%Cpu(s):  0.0 us,  0.0 sy,  0.0 ni,100.0 id,  0.0 wa,  0.0 hi,  0.0 si,  0.0 st 
MiB Mem :   7993.6 total,   4435.5 free,   3250.0 used,    703.9 buff/cache     
MiB Swap:   9017.6 total,   9017.6 free,      0.0 used.   4743.6 avail Mem 

    PID USER      PR  NI    VIRT    RES    SHR S  %CPU  %MEM     TIME+ COMMAND
     39 agent     30  10  452540 298912   8560 S   0.0   3.7   0:00.22 agent-l+

[2026-06-04 06:31:10]
top - 06:31:10 up  1:36,  0 user,  load average: 0.05, 0.19, 0.26
Tasks:   1 total,   0 running,   1 sleeping,   0 stopped,   0 zombie
%Cpu(s):  0.0 us,  0.0 sy,  0.0 ni,100.0 id,  0.0 wa,  0.0 hi,  0.0 si,  0.0 st 
MiB Mem :   7993.6 total,   4431.0 free,   3237.2 used,    721.3 buff/cache     
MiB Swap:   9017.6 total,   9017.6 free,      0.0 used.   4756.3 avail Mem 

    PID USER      PR  NI    VIRT    RES    SHR S  %CPU  %MEM     TIME+ COMMAND
     39 agent     30  10  452540 298912   8560 S   0.0   3.7   0:00.22 agent-l+

[2026-06-04 06:31:11]
top - 06:31:11 up  1:36,  0 user,  load average: 0.04, 0.19, 0.25
Tasks:   1 total,   0 running,   1 sleeping,   0 stopped,   0 zombie
%Cpu(s):  0.0 us,  0.0 sy,  0.0 ni,100.0 id,  0.0 wa,  0.0 hi,  0.0 si,  0.0 st 
MiB Mem :   7993.6 total,   4425.7 free,   3242.4 used,    721.5 buff/cache     
MiB Swap:   9017.6 total,   9017.6 free,      0.0 used.   4751.1 avail Mem 

    PID USER      PR  NI    VIRT    RES    SHR S  %CPU  %MEM     TIME+ COMMAND
     39 agent     30  10  452540 298912   8560 S   0.0   3.7   0:00.22 agent-l+

[2026-06-04 06:31:12]
top - 06:31:12 up  1:36,  0 user,  load average: 0.04, 0.19, 0.25
Tasks:   1 total,   0 running,   1 sleeping,   0 stopped,   0 zombie
%Cpu(s):  1.0 us,  1.0 sy,  0.0 ni, 98.0 id,  0.0 wa,  0.0 hi,  0.0 si,  0.0 st 
MiB Mem :   7993.6 total,   4397.1 free,   3271.0 used,    721.5 buff/cache     
MiB Swap:   9017.6 total,   9017.6 free,      0.0 used.   4722.5 avail Mem 

    PID USER      PR  NI    VIRT    RES    SHR S  %CPU  %MEM     TIME+ COMMAND
     39 agent     30  10  478144 324516   8560 S   0.0   4.0   0:00.23 agent-l+

[2026-06-04 06:31:13]
top - 06:31:14 up  1:36,  0 user,  load average: 0.04, 0.19, 0.25
Tasks:   1 total,   0 running,   1 sleeping,   0 stopped,   0 zombie
%Cpu(s):  0.0 us,  0.0 sy,  0.0 ni,100.0 id,  0.0 wa,  0.0 hi,  0.0 si,  0.0 st 
MiB Mem :   7993.6 total,   4393.8 free,   3274.3 used,    721.5 buff/cache     
MiB Swap:   9017.6 total,   9017.6 free,      0.0 used.   4719.2 avail Mem 

    PID USER      PR  NI    VIRT    RES    SHR S  %CPU  %MEM     TIME+ COMMAND
     39 agent     30  10  478144 324516   8560 S   0.0   4.0   0:00.23 agent-l+

[2026-06-04 06:31:15]
top - 06:31:15 up  1:36,  0 user,  load average: 0.04, 0.19, 0.25
Tasks:   1 total,   0 running,   1 sleeping,   0 stopped,   0 zombie
%Cpu(s):  5.9 us,  5.0 sy,  0.0 ni, 89.1 id,  0.0 wa,  0.0 hi,  0.0 si,  0.0 st 
MiB Mem :   7993.6 total,   4350.1 free,   3276.9 used,    762.5 buff/cache     
MiB Swap:   9017.6 total,   9017.6 free,      0.0 used.   4716.6 avail Mem 

    PID USER      PR  NI    VIRT    RES    SHR S  %CPU  %MEM     TIME+ COMMAND
     39 agent     30  10  503748 350120   8560 S   0.0   4.3   0:00.23 agent-l+

[2026-06-04 06:31:16]
top - 06:31:16 up  1:36,  0 user,  load average: 0.04, 0.19, 0.25
Tasks:   1 total,   0 running,   1 sleeping,   0 stopped,   0 zombie
%Cpu(s):  0.0 us,  0.0 sy,  0.0 ni,100.0 id,  0.0 wa,  0.0 hi,  0.0 si,  0.0 st 
MiB Mem :   7993.6 total,   4344.7 free,   3282.1 used,    762.8 buff/cache     
MiB Swap:   9017.6 total,   9017.6 free,      0.0 used.   4711.5 avail Mem 

    PID USER      PR  NI    VIRT    RES    SHR S  %CPU  %MEM     TIME+ COMMAND
     39 agent     30  10  503748 350120   8560 S   0.0   4.3   0:00.24 agent-l+

[2026-06-04 06:31:17]
top - 06:31:17 up  1:36,  0 user,  load average: 0.04, 0.19, 0.25
Tasks:   1 total,   0 running,   1 sleeping,   0 stopped,   0 zombie
%Cpu(s):  3.8 us,  0.9 sy,  0.0 ni, 94.3 id,  0.0 wa,  0.0 hi,  0.9 si,  0.0 st 
MiB Mem :   7993.6 total,   4344.6 free,   3282.0 used,    762.8 buff/cache     
MiB Swap:   9017.6 total,   9017.6 free,      0.0 used.   4711.5 avail Mem 

    PID USER      PR  NI    VIRT    RES    SHR S  %CPU  %MEM     TIME+ COMMAND
     39 agent     30  10  503748 350120   8560 S   0.0   4.3   0:00.24 agent-l+

[2026-06-04 06:31:18]
top - 06:31:19 up  1:36,  0 user,  load average: 0.04, 0.19, 0.25
Tasks:   1 total,   0 running,   1 sleeping,   0 stopped,   0 zombie
%Cpu(s):  0.0 us,  0.0 sy,  0.0 ni,100.0 id,  0.0 wa,  0.0 hi,  0.0 si,  0.0 st 
MiB Mem :   7993.6 total,   4315.2 free,   3308.8 used,    765.7 buff/cache     
MiB Swap:   9017.6 total,   9017.6 free,      0.0 used.   4684.8 avail Mem 

    PID USER      PR  NI    VIRT    RES    SHR S  %CPU  %MEM     TIME+ COMMAND
     39 agent     30  10  529352 375724   8560 S   0.0   4.6   0:00.25 agent-l+

[2026-06-04 06:31:20]
top - 06:31:20 up  1:36,  0 user,  load average: 0.04, 0.19, 0.25
Tasks:   1 total,   0 running,   1 sleeping,   0 stopped,   0 zombie
%Cpu(s):  0.0 us,  0.0 sy,  0.0 ni,100.0 id,  0.0 wa,  0.0 hi,  0.0 si,  0.0 st 
MiB Mem :   7993.6 total,   4308.8 free,   3315.1 used,    765.9 buff/cache     
MiB Swap:   9017.6 total,   9017.6 free,      0.0 used.   4678.5 avail Mem 

    PID USER      PR  NI    VIRT    RES    SHR S  %CPU  %MEM     TIME+ COMMAND
     39 agent     30  10  529352 375724   8560 S   0.0   4.6   0:00.26 agent-l+

[2026-06-04 06:31:21]
top - 06:31:21 up  1:36,  0 user,  load average: 0.04, 0.18, 0.25
Tasks:   1 total,   0 running,   1 sleeping,   0 stopped,   0 zombie
%Cpu(s):  0.0 us,  0.0 sy,  0.0 ni, 99.1 id,  0.0 wa,  0.0 hi,  0.9 si,  0.0 st 
MiB Mem :   7993.6 total,   4277.4 free,   3346.4 used,    765.9 buff/cache     
MiB Swap:   9017.6 total,   9017.6 free,      0.0 used.   4647.1 avail Mem 

    PID USER      PR  NI    VIRT    RES    SHR S  %CPU  %MEM     TIME+ COMMAND
     39 agent     30  10  554956 401328   8560 S   0.0   4.9   0:00.26 agent-l+

[2026-06-04 06:31:22]
top - 06:31:22 up  1:36,  0 user,  load average: 0.04, 0.18, 0.25
Tasks:   1 total,   0 running,   1 sleeping,   0 stopped,   0 zombie
%Cpu(s):  0.0 us,  0.0 sy,  0.0 ni,100.0 id,  0.0 wa,  0.0 hi,  0.0 si,  0.0 st 
MiB Mem :   7993.6 total,   4266.2 free,   3354.5 used,    769.0 buff/cache     
MiB Swap:   9017.6 total,   9017.6 free,      0.0 used.   4639.0 avail Mem 

    PID USER      PR  NI    VIRT    RES    SHR S  %CPU  %MEM     TIME+ COMMAND
     39 agent     30  10  554956 401328   8560 S   9.1   4.9   0:00.27 agent-l+

[2026-06-04 06:31:23]
top - 06:31:23 up  1:36,  0 user,  load average: 0.04, 0.18, 0.25
Tasks:   1 total,   0 running,   1 sleeping,   0 stopped,   0 zombie
%Cpu(s):  0.0 us,  0.0 sy,  0.0 ni,100.0 id,  0.0 wa,  0.0 hi,  0.0 si,  0.0 st 
MiB Mem :   7993.6 total,   4263.3 free,   3357.4 used,    769.0 buff/cache     
MiB Swap:   9017.6 total,   9017.6 free,      0.0 used.   4636.2 avail Mem 

    PID USER      PR  NI    VIRT    RES    SHR S  %CPU  %MEM     TIME+ COMMAND
     39 agent     30  10  554956 401328   8560 S   0.0   4.9   0:00.27 agent-l+

[2026-06-04 06:31:24]
top - 06:31:25 up  1:36,  0 user,  load average: 0.04, 0.18, 0.25
Tasks:   1 total,   0 running,   1 sleeping,   0 stopped,   0 zombie
%Cpu(s):  1.0 us,  0.0 sy,  0.0 ni, 99.0 id,  0.0 wa,  0.0 hi,  0.0 si,  0.0 st 
MiB Mem :   7993.6 total,   4265.6 free,   3355.1 used,    769.1 buff/cache     
MiB Swap:   9017.6 total,   9017.6 free,      0.0 used.   4638.5 avail Mem 

    PID USER      PR  NI    VIRT    RES    SHR S  %CPU  %MEM     TIME+ COMMAND
     39 agent     30  10  580560 426932   8560 S   0.0   5.2   0:00.28 agent-l+

[2026-06-04 06:31:26]
top - 06:31:26 up  1:36,  0 user,  load average: 0.03, 0.18, 0.25
Tasks:   1 total,   0 running,   1 sleeping,   0 stopped,   0 zombie
%Cpu(s):  0.0 us,  0.0 sy,  0.0 ni,100.0 id,  0.0 wa,  0.0 hi,  0.0 si,  0.0 st 
MiB Mem :   7993.6 total,   4249.2 free,   3360.3 used,    780.4 buff/cache     
MiB Swap:   9017.6 total,   9017.6 free,      0.0 used.   4633.3 avail Mem 

    PID USER      PR  NI    VIRT    RES    SHR S  %CPU  %MEM     TIME+ COMMAND
     39 agent     30  10  580560 426932   8560 S   0.0   5.2   0:00.29 agent-l+

[2026-06-04 06:31:27]
top - 06:31:27 up  1:36,  0 user,  load average: 0.03, 0.18, 0.25
Tasks:   1 total,   0 running,   1 sleeping,   0 stopped,   0 zombie
%Cpu(s):  0.0 us,  0.0 sy,  0.0 ni, 99.0 id,  0.0 wa,  0.0 hi,  1.0 si,  0.0 st 
MiB Mem :   7993.6 total,   4214.5 free,   3390.9 used,    784.3 buff/cache     
MiB Swap:   9017.6 total,   9017.6 free,      0.0 used.   4602.7 avail Mem 

    PID USER      PR  NI    VIRT    RES    SHR S  %CPU  %MEM     TIME+ COMMAND
     39 agent     30  10  606164 452536   8560 S   0.0   5.5   0:00.29 agent-l+

[2026-06-04 06:31:28]
top - 06:31:28 up  1:36,  0 user,  load average: 0.03, 0.18, 0.25
Tasks:   1 total,   0 running,   1 sleeping,   0 stopped,   0 zombie
%Cpu(s):  0.9 us,  0.0 sy,  0.0 ni, 99.1 id,  0.0 wa,  0.0 hi,  0.0 si,  0.0 st 
MiB Mem :   7993.6 total,   4212.9 free,   3392.3 used,    784.5 buff/cache     
MiB Swap:   9017.6 total,   9017.6 free,      0.0 used.   4601.2 avail Mem 

    PID USER      PR  NI    VIRT    RES    SHR S  %CPU  %MEM     TIME+ COMMAND
     39 agent     30  10  606164 452536   8560 S   0.0   5.5   0:00.29 agent-l+

[2026-06-04 06:31:29]
top - 06:31:30 up  1:36,  0 user,  load average: 0.03, 0.18, 0.25
Tasks:   1 total,   0 running,   1 sleeping,   0 stopped,   0 zombie
%Cpu(s):  0.0 us,  0.0 sy,  0.0 ni,100.0 id,  0.0 wa,  0.0 hi,  0.0 si,  0.0 st 
MiB Mem :   7993.6 total,   4210.3 free,   3394.9 used,    784.5 buff/cache     
MiB Swap:   9017.6 total,   9017.6 free,      0.0 used.   4598.6 avail Mem 

    PID USER      PR  NI    VIRT    RES    SHR S  %CPU  %MEM     TIME+ COMMAND
     39 agent     30  10  606164 452536   8560 S   0.0   5.5   0:00.30 agent-l+

[2026-06-04 06:31:31]
top - 06:31:31 up  1:36,  0 user,  load average: 0.03, 0.18, 0.25
Tasks:   1 total,   0 running,   1 sleeping,   0 stopped,   0 zombie
%Cpu(s):  0.0 us,  0.0 sy,  0.0 ni,100.0 id,  0.0 wa,  0.0 hi,  0.0 si,  0.0 st 
MiB Mem :   7993.6 total,   4186.3 free,   3418.7 used,    784.5 buff/cache     
MiB Swap:   9017.6 total,   9017.6 free,      0.0 used.   4574.9 avail Mem 

    PID USER      PR  NI    VIRT    RES    SHR S  %CPU  %MEM     TIME+ COMMAND
     39 agent     30  10  631768 478140   8560 S   0.0   5.8   0:00.31 agent-l+

[2026-06-04 06:31:32]
top - 06:31:32 up  1:36,  0 user,  load average: 0.03, 0.18, 0.25
Tasks:   1 total,   0 running,   1 sleeping,   0 stopped,   0 zombie
%Cpu(s):  0.0 us,  0.0 sy,  0.0 ni,100.0 id,  0.0 wa,  0.0 hi,  0.0 si,  0.0 st 
MiB Mem :   7993.6 total,   4181.8 free,   3423.2 used,    784.5 buff/cache     
MiB Swap:   9017.6 total,   9017.6 free,      0.0 used.   4570.4 avail Mem 

    PID USER      PR  NI    VIRT    RES    SHR S  %CPU  %MEM     TIME+ COMMAND
     39 agent     30  10  631768 478140   8560 S   0.0   5.8   0:00.32 agent-l+

[2026-06-04 06:31:33]
top - 06:31:33 up  1:36,  0 user,  load average: 0.03, 0.18, 0.25
Tasks:   1 total,   0 running,   1 sleeping,   0 stopped,   0 zombie
%Cpu(s):  0.0 us,  0.0 sy,  0.0 ni,100.0 id,  0.0 wa,  0.0 hi,  0.0 si,  0.0 st 
MiB Mem :   7993.6 total,   4155.5 free,   3449.4 used,    784.5 buff/cache     
MiB Swap:   9017.6 total,   9017.6 free,      0.0 used.   4544.2 avail Mem 

    PID USER      PR  NI    VIRT    RES    SHR S  %CPU  %MEM     TIME+ COMMAND
     39 agent     30  10  657372 503744   8560 S   0.0   6.2   0:00.32 agent-l+

[2026-06-04 06:31:34]
top - 06:31:34 up  1:36,  0 user,  load average: 0.03, 0.18, 0.25
Tasks:   1 total,   0 running,   1 sleeping,   0 stopped,   0 zombie
%Cpu(s):  0.0 us,  0.0 sy,  0.0 ni,100.0 id,  0.0 wa,  0.0 hi,  0.0 si,  0.0 st 
MiB Mem :   7993.6 total,   4161.3 free,   3443.6 used,    784.5 buff/cache     
MiB Swap:   9017.6 total,   9017.6 free,      0.0 used.   4550.0 avail Mem 

    PID USER      PR  NI    VIRT    RES    SHR S  %CPU  %MEM     TIME+ COMMAND
     39 agent     30  10  657372 503744   8560 S   0.0   6.2   0:00.33 agent-l+

[2026-06-04 06:31:35]
top - 06:31:36 up  1:36,  0 user,  load average: 0.03, 0.18, 0.25
Tasks:   1 total,   0 running,   1 sleeping,   0 stopped,   0 zombie
%Cpu(s):  0.0 us,  0.0 sy,  0.0 ni,100.0 id,  0.0 wa,  0.0 hi,  0.0 si,  0.0 st 
MiB Mem :   7993.6 total,   4162.6 free,   3442.3 used,    784.6 buff/cache     
MiB Swap:   9017.6 total,   9017.6 free,      0.0 used.   4551.2 avail Mem 

    PID USER      PR  NI    VIRT    RES    SHR S  %CPU  %MEM     TIME+ COMMAND
     39 agent     30  10  657372 503744   8560 S   0.0   6.2   0:00.34 agent-l+

[2026-06-04 06:31:37]
top - 06:31:37 up  1:36,  0 user,  load average: 0.03, 0.17, 0.25
Tasks:   1 total,   0 running,   1 sleeping,   0 stopped,   0 zombie
%Cpu(s):  1.0 us,  1.0 sy,  0.0 ni, 98.1 id,  0.0 wa,  0.0 hi,  0.0 si,  0.0 st 
MiB Mem :   7993.6 total,   4133.7 free,   3470.2 used,    785.6 buff/cache     
MiB Swap:   9017.6 total,   9017.6 free,      0.0 used.   4523.4 avail Mem 

    PID USER      PR  NI    VIRT    RES    SHR S  %CPU  %MEM     TIME+ COMMAND
     39 agent     30  10  682976 529348   8560 S   0.0   6.5   0:00.34 agent-l+

[2026-06-04 06:31:38]
top - 06:31:38 up  1:36,  0 user,  load average: 0.03, 0.17, 0.25
Tasks:   1 total,   0 running,   1 sleeping,   0 stopped,   0 zombie
%Cpu(s):  1.9 us,  0.0 sy,  0.0 ni, 98.1 id,  0.0 wa,  0.0 hi,  0.0 si,  0.0 st 
MiB Mem :   7993.6 total,   4135.5 free,   3468.1 used,    785.9 buff/cache     
MiB Swap:   9017.6 total,   9017.6 free,      0.0 used.   4525.5 avail Mem 

    PID USER      PR  NI    VIRT    RES    SHR S  %CPU  %MEM     TIME+ COMMAND
     39 agent     30  10  682976 529348   8560 S   0.0   6.5   0:00.34 agent-l+

[2026-06-04 06:31:39]
top - 06:31:39 up  1:36,  0 user,  load average: 0.03, 0.17, 0.25
Tasks:   1 total,   0 running,   1 sleeping,   0 stopped,   0 zombie
%Cpu(s):  0.0 us,  0.0 sy,  0.0 ni,100.0 id,  0.0 wa,  0.0 hi,  0.0 si,  0.0 st 
MiB Mem :   7993.6 total,   4634.2 free,   2969.3 used,    786.0 buff/cache     
MiB Swap:   9017.6 total,   9017.6 free,      0.0 used.   5024.2 avail Mem 

    PID USER      PR  NI    VIRT    RES    SHR S  %CPU  %MEM     TIME+ COMMAND
     39 agent     30  10  170896  17268   8560 S   0.0   0.2   0:00.36 agent-l+

[2026-06-04 06:31:40]
top - 06:31:40 up  1:36,  0 user,  load average: 0.03, 0.17, 0.25
Tasks:   1 total,   0 running,   1 sleeping,   0 stopped,   0 zombie
%Cpu(s):  0.0 us,  0.0 sy,  0.0 ni,100.0 id,  0.0 wa,  0.0 hi,  0.0 si,  0.0 st 
MiB Mem :   7993.6 total,   4643.8 free,   2959.6 used,    786.0 buff/cache     
MiB Swap:   9017.6 total,   9017.6 free,      0.0 used.   5033.9 avail Mem 

    PID USER      PR  NI    VIRT    RES    SHR S  %CPU  %MEM     TIME+ COMMAND
     39 agent     30  10  170896  17268   8560 S   0.0   0.2   0:00.36 agent-l+

[2026-06-04 06:31:41]
top - 06:31:42 up  1:36,  0 user,  load average: 0.02, 0.17, 0.25
Tasks:   1 total,   0 running,   1 sleeping,   0 stopped,   0 zombie
%Cpu(s):  0.0 us,  0.0 sy,  0.0 ni,100.0 id,  0.0 wa,  0.0 hi,  0.0 si,  0.0 st 
MiB Mem :   7993.6 total,   4638.3 free,   2965.1 used,    786.0 buff/cache     
MiB Swap:   9017.6 total,   9017.6 free,      0.0 used.   5028.5 avail Mem 

    PID USER      PR  NI    VIRT    RES    SHR S  %CPU  %MEM     TIME+ COMMAND
     39 agent     30  10  170896  17268   8560 S   0.0   0.2   0:00.36 agent-l+

[2026-06-04 06:31:43]
top - 06:31:43 up  1:36,  0 user,  load average: 0.02, 0.17, 0.25
Tasks:   1 total,   0 running,   1 sleeping,   0 stopped,   0 zombie
%Cpu(s):  0.0 us,  0.0 sy,  0.0 ni,100.0 id,  0.0 wa,  0.0 hi,  0.0 si,  0.0 st 
MiB Mem :   7993.6 total,   4635.5 free,   2968.0 used,    786.0 buff/cache     
MiB Swap:   9017.6 total,   9017.6 free,      0.0 used.   5025.6 avail Mem 

    PID USER      PR  NI    VIRT    RES    SHR S  %CPU  %MEM     TIME+ COMMAND
     39 agent     30  10  170896  17268   8560 S   0.0   0.2   0:00.36 agent-l+

[2026-06-04 06:31:44]
top - 06:31:44 up  1:36,  0 user,  load average: 0.02, 0.17, 0.25
Tasks:   1 total,   0 running,   1 sleeping,   0 stopped,   0 zombie
%Cpu(s):  0.0 us,  0.0 sy,  1.0 ni, 99.0 id,  0.0 wa,  0.0 hi,  0.0 si,  0.0 st 
MiB Mem :   7993.6 total,   4613.9 free,   2989.5 used,    786.1 buff/cache     
MiB Swap:   9017.6 total,   9017.6 free,      0.0 used.   5004.0 avail Mem 

    PID USER      PR  NI    VIRT    RES    SHR S  %CPU  %MEM     TIME+ COMMAND
     39 agent     30  10  170896  42860   8560 S   0.0   0.5   0:00.37 agent-l+

[2026-06-04 06:31:45]
top - 06:31:45 up  1:36,  0 user,  load average: 0.02, 0.17, 0.25
Tasks:   1 total,   0 running,   1 sleeping,   0 stopped,   0 zombie
%Cpu(s):  0.0 us,  1.0 sy,  0.0 ni, 99.0 id,  0.0 wa,  0.0 hi,  0.0 si,  0.0 st 
MiB Mem :   7993.6 total,   4622.5 free,   2980.8 used,    786.1 buff/cache     
MiB Swap:   9017.6 total,   9017.6 free,      0.0 used.   5012.7 avail Mem 

    PID USER      PR  NI    VIRT    RES    SHR S  %CPU  %MEM     TIME+ COMMAND
     39 agent     30  10  170896  42860   8560 S   0.0   0.5   0:00.37 agent-l+

[2026-06-04 06:31:46]
top - 06:31:47 up  1:36,  0 user,  load average: 0.02, 0.17, 0.24
Tasks:   1 total,   0 running,   1 sleeping,   0 stopped,   0 zombie
%Cpu(s):  0.0 us,  0.0 sy,  0.0 ni,100.0 id,  0.0 wa,  0.0 hi,  0.0 si,  0.0 st 
MiB Mem :   7993.6 total,   4617.0 free,   2986.2 used,    786.3 buff/cache     
MiB Swap:   9017.6 total,   9017.6 free,      0.0 used.   5007.4 avail Mem 

    PID USER      PR  NI    VIRT    RES    SHR S  %CPU  %MEM     TIME+ COMMAND
     39 agent     30  10  170896  42860   8560 S   0.0   0.5   0:00.37 agent-l+

[2026-06-04 06:31:48]
top - 06:31:48 up  1:36,  0 user,  load average: 0.02, 0.17, 0.24
Tasks:   1 total,   0 running,   1 sleeping,   0 stopped,   0 zombie
%Cpu(s):  0.0 us,  0.0 sy,  0.0 ni,100.0 id,  0.0 wa,  0.0 hi,  0.0 si,  0.0 st 
MiB Mem :   7993.6 total,   4594.1 free,   3009.0 used,    786.3 buff/cache     
MiB Swap:   9017.6 total,   9017.6 free,      0.0 used.   4984.6 avail Mem 

    PID USER      PR  NI    VIRT    RES    SHR S  %CPU  %MEM     TIME+ COMMAND
     39 agent     30  10  170896  68460   8560 S   0.0   0.8   0:00.39 agent-l+

[2026-06-04 06:31:49]
top - 06:31:49 up  1:36,  0 user,  load average: 0.02, 0.17, 0.24
Tasks:   1 total,   0 running,   1 sleeping,   0 stopped,   0 zombie
%Cpu(s):  0.0 us,  0.0 sy,  0.0 ni,100.0 id,  0.0 wa,  0.0 hi,  0.0 si,  0.0 st 
MiB Mem :   7993.6 total,   4590.8 free,   3012.3 used,    786.4 buff/cache     
MiB Swap:   9017.6 total,   9017.6 free,      0.0 used.   4981.2 avail Mem 

    PID USER      PR  NI    VIRT    RES    SHR S  %CPU  %MEM     TIME+ COMMAND
     39 agent     30  10  170896  68460   8560 S   0.0   0.8   0:00.39 agent-l+

[2026-06-04 06:31:50]
top - 06:31:50 up  1:36,  0 user,  load average: 0.02, 0.17, 0.24
Tasks:   1 total,   0 running,   1 sleeping,   0 stopped,   0 zombie
%Cpu(s):  1.0 us,  0.0 sy,  0.0 ni, 99.0 id,  0.0 wa,  0.0 hi,  0.0 si,  0.0 st 
MiB Mem :   7993.6 total,   4567.3 free,   3035.8 used,    786.4 buff/cache     
MiB Swap:   9017.6 total,   9017.6 free,      0.0 used.   4957.8 avail Mem 

    PID USER      PR  NI    VIRT    RES    SHR S  %CPU  %MEM     TIME+ COMMAND
     39 agent     30  10  236432  90636   5120 S   0.0   1.1   0:00.39 agent-l+

[2026-06-04 06:31:51]
top - 06:31:51 up  1:36,  0 user,  load average: 0.10, 0.18, 0.25
Tasks:   1 total,   0 running,   1 sleeping,   0 stopped,   0 zombie
%Cpu(s):  0.0 us,  0.0 sy,  0.0 ni,100.0 id,  0.0 wa,  0.0 hi,  0.0 si,  0.0 st 
MiB Mem :   7993.6 total,   4648.8 free,   3041.4 used,    699.3 buff/cache     
MiB Swap:   9017.6 total,   9017.6 free,      0.0 used.   4952.2 avail Mem 

    PID USER      PR  NI    VIRT    RES    SHR S  %CPU  %MEM     TIME+ COMMAND
     39 agent     30  10  236432  92060   6544 S   0.0   1.1   0:00.41 agent-l+

[2026-06-04 06:31:52]
top - 06:31:53 up  1:36,  0 user,  load average: 0.10, 0.18, 0.25
Tasks:   1 total,   0 running,   1 sleeping,   0 stopped,   0 zombie
%Cpu(s):  0.0 us,  0.0 sy,  0.0 ni,100.0 id,  0.0 wa,  0.0 hi,  0.0 si,  0.0 st 
MiB Mem :   7993.6 total,   4644.3 free,   3045.9 used,    699.3 buff/cache     
MiB Swap:   9017.6 total,   9017.6 free,      0.0 used.   4947.6 avail Mem 

    PID USER      PR  NI    VIRT    RES    SHR S  %CPU  %MEM     TIME+ COMMAND
     39 agent     30  10  236432  92124   6608 S   0.0   1.1   0:00.41 agent-l+

[2026-06-04 06:31:54]
top - 06:31:54 up  1:36,  0 user,  load average: 0.10, 0.18, 0.25
Tasks:   1 total,   0 running,   1 sleeping,   0 stopped,   0 zombie
%Cpu(s):  0.0 us,  0.0 sy,  0.0 ni,100.0 id,  0.0 wa,  0.0 hi,  0.0 si,  0.0 st 
MiB Mem :   7993.6 total,   4618.2 free,   3072.0 used,    699.3 buff/cache     
MiB Swap:   9017.6 total,   9017.6 free,      0.0 used.   4921.6 avail Mem 

    PID USER      PR  NI    VIRT    RES    SHR S  %CPU  %MEM     TIME+ COMMAND
     39 agent     30  10  236432 117712   6608 S   0.0   1.4   0:00.41 agent-l+

[2026-06-04 06:31:55]
top - 06:31:55 up  1:36,  0 user,  load average: 0.10, 0.18, 0.25
Tasks:   1 total,   0 running,   1 sleeping,   0 stopped,   0 zombie
%Cpu(s):  0.9 us,  0.0 sy,  0.0 ni, 99.1 id,  0.0 wa,  0.0 hi,  0.0 si,  0.0 st 
MiB Mem :   7993.6 total,   4612.4 free,   3062.3 used,    714.8 buff/cache     
MiB Swap:   9017.6 total,   9017.6 free,      0.0 used.   4931.2 avail Mem 

    PID USER      PR  NI    VIRT    RES    SHR S  %CPU  %MEM     TIME+ COMMAND
     39 agent     30  10  236432 117712   6608 S   0.0   1.4   0:00.41 agent-l+

[2026-06-04 06:31:56]
top - 06:31:56 up  1:36,  0 user,  load average: 0.09, 0.18, 0.25
Tasks:   1 total,   0 running,   1 sleeping,   0 stopped,   0 zombie
%Cpu(s):  1.0 us,  0.0 sy,  0.0 ni, 99.0 id,  0.0 wa,  0.0 hi,  0.0 si,  0.0 st 
MiB Mem :   7993.6 total,   4584.9 free,   3089.8 used,    714.8 buff/cache     
MiB Swap:   9017.6 total,   9017.6 free,      0.0 used.   4903.8 avail Mem 

    PID USER      PR  NI    VIRT    RES    SHR S  %CPU  %MEM     TIME+ COMMAND
     39 agent     30  10  301968 143328   6608 S   0.0   1.8   0:00.43 agent-l+

[2026-06-04 06:31:57]
top - 06:31:58 up  1:36,  0 user,  load average: 0.09, 0.18, 0.25
Tasks:   1 total,   0 running,   1 sleeping,   0 stopped,   0 zombie
%Cpu(s):  2.0 us,  1.0 sy,  0.0 ni, 96.1 id,  0.0 wa,  0.0 hi,  1.0 si,  0.0 st 
MiB Mem :   7993.6 total,   4576.8 free,   3088.3 used,    724.4 buff/cache     
MiB Swap:   9017.6 total,   9017.6 free,      0.0 used.   4905.2 avail Mem 

    PID USER      PR  NI    VIRT    RES    SHR S  %CPU  %MEM     TIME+ COMMAND
     39 agent     30  10  301968 143328   6608 S   0.0   1.8   0:00.44 agent-l+

[2026-06-04 06:31:59]
top - 06:31:59 up  1:36,  0 user,  load average: 0.09, 0.18, 0.25
Tasks:   1 total,   0 running,   1 sleeping,   0 stopped,   0 zombie
%Cpu(s):  0.0 us,  0.0 sy,  0.0 ni,100.0 id,  0.0 wa,  0.0 hi,  0.0 si,  0.0 st 
MiB Mem :   7993.6 total,   4573.0 free,   3083.9 used,    732.7 buff/cache     
MiB Swap:   9017.6 total,   9017.6 free,      0.0 used.   4909.7 avail Mem 

    PID USER      PR  NI    VIRT    RES    SHR S  %CPU  %MEM     TIME+ COMMAND
     39 agent     30  10  301968 143328   6608 S   0.0   1.8   0:00.44 agent-l+

[2026-06-04 06:32:00]
top - 06:32:00 up  1:37,  0 user,  load average: 0.09, 0.18, 0.25
Tasks:   1 total,   0 running,   1 sleeping,   0 stopped,   0 zombie
%Cpu(s):  1.0 us,  0.0 sy,  0.0 ni, 99.0 id,  0.0 wa,  0.0 hi,  0.0 si,  0.0 st 
MiB Mem :   7993.6 total,   4539.3 free,   3115.3 used,    734.9 buff/cache     
MiB Swap:   9017.6 total,   9017.6 free,      0.0 used.   4878.2 avail Mem 

    PID USER      PR  NI    VIRT    RES    SHR S  %CPU  %MEM     TIME+ COMMAND
     39 agent     30  10  301968 168916   6608 S   0.0   2.1   0:00.46 agent-l+

[2026-06-04 06:32:01]
top - 06:32:01 up  1:37,  0 user,  load average: 0.08, 0.17, 0.25
Tasks:   1 total,   0 running,   1 sleeping,   0 stopped,   0 zombie
%Cpu(s):  0.0 us,  0.0 sy,  0.0 ni,100.0 id,  0.0 wa,  0.0 hi,  0.0 si,  0.0 st 
MiB Mem :   7993.6 total,   4536.2 free,   3118.2 used,    735.0 buff/cache     
MiB Swap:   9017.6 total,   9017.6 free,      0.0 used.   4875.4 avail Mem 

    PID USER      PR  NI    VIRT    RES    SHR S  %CPU  %MEM     TIME+ COMMAND
     39 agent     30  10  301968 168916   6608 S   0.0   2.1   0:00.46 agent-l+

[2026-06-04 06:32:02]
top - 06:32:02 up  1:37,  0 user,  load average: 0.08, 0.17, 0.25
Tasks:   1 total,   0 running,   1 sleeping,   0 stopped,   0 zombie
%Cpu(s):  0.9 us,  0.9 sy,  0.0 ni, 98.1 id,  0.0 wa,  0.0 hi,  0.0 si,  0.0 st 
MiB Mem :   7993.6 total,   4507.1 free,   3147.3 used,    735.0 buff/cache     
MiB Swap:   9017.6 total,   9017.6 free,      0.0 used.   4846.2 avail Mem 

    PID USER      PR  NI    VIRT    RES    SHR S  %CPU  %MEM     TIME+ COMMAND
     39 agent     30  10  367504 194532   6608 S   0.0   2.4   0:00.46 agent-l+

[2026-06-04 06:32:03]
top - 06:32:04 up  1:37,  0 user,  load average: 0.08, 0.17, 0.25
Tasks:   1 total,   0 running,   1 sleeping,   0 stopped,   0 zombie
%Cpu(s):  0.0 us,  0.0 sy,  0.0 ni,100.0 id,  0.0 wa,  0.0 hi,  0.0 si,  0.0 st 
MiB Mem :   7993.6 total,   4504.2 free,   3150.2 used,    735.0 buff/cache     
MiB Swap:   9017.6 total,   9017.6 free,      0.0 used.   4843.3 avail Mem 

    PID USER      PR  NI    VIRT    RES    SHR S  %CPU  %MEM     TIME+ COMMAND
     39 agent     30  10  367504 194532   6608 S   0.0   2.4   0:00.46 agent-l+

[2026-06-04 06:32:05]
top - 06:32:05 up  1:37,  0 user,  load average: 0.08, 0.17, 0.25
Tasks:   1 total,   0 running,   1 sleeping,   0 stopped,   0 zombie
%Cpu(s):  0.0 us,  0.0 sy,  0.0 ni,100.0 id,  0.0 wa,  0.0 hi,  0.0 si,  0.0 st 
MiB Mem :   7993.6 total,   4510.5 free,   3141.5 used,    737.5 buff/cache     
MiB Swap:   9017.6 total,   9017.6 free,      0.0 used.   4852.1 avail Mem 

    PID USER      PR  NI    VIRT    RES    SHR S  %CPU  %MEM     TIME+ COMMAND
     39 agent     30  10  367504 194532   6608 S   0.0   2.4   0:00.46 agent-l+

[2026-06-04 06:32:06]
top - 06:32:06 up  1:37,  0 user,  load average: 0.08, 0.17, 0.24
Tasks:   0 total,   0 running,   0 sleeping,   0 stopped,   0 zombie
%Cpu(s):  0.0 us,  0.0 sy,  0.0 ni,100.0 id,  0.0 wa,  0.0 hi,  0.0 si,  0.0 st 
MiB Mem :   7993.6 total,   4496.6 free,   3155.4 used,    737.5 buff/cache     
MiB Swap:   9017.6 total,   9017.6 free,      0.0 used.   4838.2 avail Mem 

    PID USER      PR  NI    VIRT    RES    SHR S  %CPU  %MEM     TIME+ COMMAND

