>>> Starting Agent Boot Sequence...
[1/6] Checking User Account               [OK]
   ... Running as service user 'agent' (uid=1001)
[2/6] Verifying Environment Variables     [OK]
   ... All required Envs correct
[3/6] Checking Required Files             [OK]
   ... Verified 'secret.key' with correct key string.
[4/6] Checking Port Availability          [OK]
   ... Port 15034 is available.
[5/6] Verifying Log Permission            [OK]
   ... Log directory is writable: /tmp/b1-2-agent-cpu-before-20260604-062432/logs
[6/6] Verifying Mission Environment       [OK]
   ... MEMORY_LIMIT=512MB, CPU_MAX_OCCUPY=100%, MULTI_THREAD_ENABLE=False
------------------------------------------------------------
All Boot Checks Passed!
Agent READY
2026-06-04 06:24:32,448 [INFO] [SafetyGuard] Process priority lowered (nice=10).
2026-06-04 06:24:32,449 [INFO] Agent listening at port 15034

==================================================
 [ Agent Initiate ] Resource Check 
==================================================
 [ MEMORY ] Limit: 512MB 		[ OK ]
 [ CPU    ] Limit: 100%  		[ WARNING: Recommend Under 50% ]
 [ THREAD ] Concurrency: False 		[ OK ]
--------------------------------------------------
 >>> SYSTEM STATUS: STABLE. STARTING WORKLOAD MONITORING...
==================================================

2026-06-04 06:24:34,463 [INFO] [CpuWorker] Started. Maximum CPU Limit: 100%
2026-06-04 06:24:34,464 [INFO] [CpuWorker] Current Load: 5.00%
2026-06-04 06:24:37,584 [INFO] [CpuWorker] Current Load: 9.32%
2026-06-04 06:24:40,706 [INFO] [CpuWorker] Current Load: 18.46%
2026-06-04 06:24:43,833 [INFO] [CpuWorker] Current Load: 26.14%
2026-06-04 06:24:46,957 [INFO] [CpuWorker] Current Load: 29.99%
2026-06-04 06:24:50,084 [INFO] [CpuWorker] Current Load: 31.81%
2026-06-04 06:24:53,214 [INFO] [CpuWorker] Current Load: 39.57%
2026-06-04 06:24:56,335 [INFO] [CpuWorker] Current Load: 40.53%
2026-06-04 06:24:59,453 [INFO] [CpuWorker] Current Load: 46.42%
2026-06-04 06:25:02,574 [INFO] [CpuWorker] Current Load: 53.77%
2026-06-04 06:25:02,680 [CRITICAL] [CpuWorker] CPU Threshold Violated! (53.77%).
Terminated
