[2026-06-04 06:24:32]
top - 06:24:33 up  1:29,  0 user,  load average: 0.41, 0.41, 0.34
Tasks:   1 total,   0 running,   1 sleeping,   0 stopped,   0 zombie
%Cpu(s):  0.0 us,  0.0 sy,  0.0 ni,100.0 id,  0.0 wa,  0.0 hi,  0.0 si,  0.0 st 
MiB Mem :   7993.6 total,   4559.9 free,   2972.6 used,    857.0 buff/cache     
MiB Swap:   9017.6 total,   9017.6 free,      0.0 used.   5021.0 avail Mem 

    PID USER      PR  NI    VIRT    RES    SHR S  %CPU  %MEM     TIME+ COMMAND
     39 agent     30  10   22288  17104   8620 S   0.0   0.2   0:00.04 agent-l+

[2026-06-04 06:24:34]
top - 06:24:34 up  1:29,  0 user,  load average: 0.41, 0.41, 0.34
Tasks:   1 total,   0 running,   1 sleeping,   0 stopped,   0 zombie
%Cpu(s):  1.0 us,  0.0 sy,  0.0 ni, 99.0 id,  0.0 wa,  0.0 hi,  0.0 si,  0.0 st 
MiB Mem :   7993.6 total,   4562.5 free,   2969.6 used,    857.3 buff/cache     
MiB Swap:   9017.6 total,   9017.6 free,      0.0 used.   5023.9 avail Mem 

    PID USER      PR  NI    VIRT    RES    SHR S  %CPU  %MEM     TIME+ COMMAND
     39 agent     30  10   22288  17104   8620 S   0.0   0.2   0:00.04 agent-l+

[2026-06-04 06:24:35]
top - 06:24:35 up  1:29,  0 user,  load average: 0.41, 0.41, 0.34
Tasks:   1 total,   0 running,   1 sleeping,   0 stopped,   0 zombie
%Cpu(s):  6.4 us,  2.1 sy,  0.0 ni, 91.5 id,  0.0 wa,  0.0 hi,  0.0 si,  0.0 st 
MiB Mem :   7993.6 total,   4564.4 free,   2967.8 used,    857.3 buff/cache     
MiB Swap:   9017.6 total,   9017.6 free,      0.0 used.   5025.8 avail Mem 

    PID USER      PR  NI    VIRT    RES    SHR S  %CPU  %MEM     TIME+ COMMAND
     39 agent     30  10   23312  17168   8620 S   0.0   0.2   0:00.04 agent-l+

[2026-06-04 06:24:36]
top - 06:24:36 up  1:29,  0 user,  load average: 0.46, 0.42, 0.34
Tasks:   1 total,   0 running,   1 sleeping,   0 stopped,   0 zombie
%Cpu(s):  0.0 us,  0.0 sy,  0.0 ni,100.0 id,  0.0 wa,  0.0 hi,  0.0 si,  0.0 st 
MiB Mem :   7993.6 total,   4558.8 free,   2969.8 used,    860.8 buff/cache     
MiB Swap:   9017.6 total,   9017.6 free,      0.0 used.   5023.8 avail Mem 

    PID USER      PR  NI    VIRT    RES    SHR S  %CPU  %MEM     TIME+ COMMAND
     39 agent     30  10   23312  17168   8620 S   0.0   0.2   0:00.04 agent-l+

[2026-06-04 06:24:37]
top - 06:24:37 up  1:29,  0 user,  load average: 0.46, 0.42, 0.34
Tasks:   1 total,   0 running,   1 sleeping,   0 stopped,   0 zombie
%Cpu(s):  0.0 us,  0.0 sy,  0.0 ni,100.0 id,  0.0 wa,  0.0 hi,  0.0 si,  0.0 st 
MiB Mem :   7993.6 total,   4563.7 free,   2965.0 used,    860.8 buff/cache     
MiB Swap:   9017.6 total,   9017.6 free,      0.0 used.   5028.6 avail Mem 

    PID USER      PR  NI    VIRT    RES    SHR S  %CPU  %MEM     TIME+ COMMAND
     39 agent     30  10   23312  17168   8620 S   0.0   0.2   0:00.05 agent-l+

[2026-06-04 06:24:38]
top - 06:24:39 up  1:29,  0 user,  load average: 0.46, 0.42, 0.34
Tasks:   1 total,   0 running,   1 sleeping,   0 stopped,   0 zombie
%Cpu(s):  0.0 us,  0.0 sy,  0.0 ni,100.0 id,  0.0 wa,  0.0 hi,  0.0 si,  0.0 st 
MiB Mem :   7993.6 total,   4561.3 free,   2967.0 used,    861.2 buff/cache     
MiB Swap:   9017.6 total,   9017.6 free,      0.0 used.   5026.6 avail Mem 

    PID USER      PR  NI    VIRT    RES    SHR S  %CPU  %MEM     TIME+ COMMAND
     39 agent     30  10   23312  17168   8620 S   0.0   0.2   0:00.05 agent-l+

[2026-06-04 06:24:40]
top - 06:24:40 up  1:29,  0 user,  load average: 0.46, 0.42, 0.34
Tasks:   1 total,   0 running,   1 sleeping,   0 stopped,   0 zombie
%Cpu(s):  1.0 us,  0.0 sy,  0.0 ni, 99.0 id,  0.0 wa,  0.0 hi,  0.0 si,  0.0 st 
MiB Mem :   7993.6 total,   4559.7 free,   2968.5 used,    861.3 buff/cache     
MiB Swap:   9017.6 total,   9017.6 free,      0.0 used.   5025.1 avail Mem 

    PID USER      PR  NI    VIRT    RES    SHR S  %CPU  %MEM     TIME+ COMMAND
     39 agent     30  10   23312  17168   8620 S   0.0   0.2   0:00.05 agent-l+

[2026-06-04 06:24:41]
top - 06:24:41 up  1:29,  0 user,  load average: 0.42, 0.42, 0.34
Tasks:   1 total,   0 running,   1 sleeping,   0 stopped,   0 zombie
%Cpu(s):  0.0 us,  0.0 sy,  0.0 ni,100.0 id,  0.0 wa,  0.0 hi,  0.0 si,  0.0 st 
MiB Mem :   7993.6 total,   4564.6 free,   2963.5 used,    861.3 buff/cache     
MiB Swap:   9017.6 total,   9017.6 free,      0.0 used.   5030.1 avail Mem 

    PID USER      PR  NI    VIRT    RES    SHR S  %CPU  %MEM     TIME+ COMMAND
     39 agent     30  10   23312  17168   8620 S   0.0   0.2   0:00.07 agent-l+

[2026-06-04 06:24:42]
top - 06:24:42 up  1:29,  0 user,  load average: 0.42, 0.42, 0.34
Tasks:   1 total,   0 running,   1 sleeping,   0 stopped,   0 zombie
%Cpu(s):  0.0 us,  0.0 sy,  0.0 ni,100.0 id,  0.0 wa,  0.0 hi,  0.0 si,  0.0 st 
MiB Mem :   7993.6 total,   4575.5 free,   2952.6 used,    861.3 buff/cache     
MiB Swap:   9017.6 total,   9017.6 free,      0.0 used.   5041.0 avail Mem 

    PID USER      PR  NI    VIRT    RES    SHR S  %CPU  %MEM     TIME+ COMMAND
     39 agent     30  10   23312  17168   8620 S   0.0   0.2   0:00.07 agent-l+

[2026-06-04 06:24:43]
top - 06:24:44 up  1:29,  0 user,  load average: 0.42, 0.42, 0.34
Tasks:   1 total,   0 running,   1 sleeping,   0 stopped,   0 zombie
%Cpu(s):  1.9 us,  0.9 sy,  0.9 ni, 95.4 id,  0.0 wa,  0.0 hi,  0.9 si,  0.0 st 
MiB Mem :   7993.6 total,   4574.0 free,   2948.9 used,    866.5 buff/cache     
MiB Swap:   9017.6 total,   9017.6 free,      0.0 used.   5044.6 avail Mem 

    PID USER      PR  NI    VIRT    RES    SHR S  %CPU  %MEM     TIME+ COMMAND
     39 agent     30  10   23312  17168   8620 S   0.0   0.2   0:00.10 agent-l+

[2026-06-04 06:24:45]
top - 06:24:45 up  1:29,  0 user,  load average: 0.42, 0.42, 0.34
Tasks:   1 total,   0 running,   1 sleeping,   0 stopped,   0 zombie
%Cpu(s):  0.0 us,  0.0 sy,  0.0 ni,100.0 id,  0.0 wa,  0.0 hi,  0.0 si,  0.0 st 
MiB Mem :   7993.6 total,   4570.9 free,   2952.1 used,    866.5 buff/cache     
MiB Swap:   9017.6 total,   9017.6 free,      0.0 used.   5041.5 avail Mem 

    PID USER      PR  NI    VIRT    RES    SHR S  %CPU  %MEM     TIME+ COMMAND
     39 agent     30  10   23312  17168   8620 S   0.0   0.2   0:00.10 agent-l+

[2026-06-04 06:24:46]
top - 06:24:46 up  1:29,  0 user,  load average: 0.39, 0.41, 0.34
Tasks:   1 total,   0 running,   1 sleeping,   0 stopped,   0 zombie
%Cpu(s):  0.0 us,  0.0 sy,  0.0 ni,100.0 id,  0.0 wa,  0.0 hi,  0.0 si,  0.0 st 
MiB Mem :   7993.6 total,   4569.2 free,   2953.7 used,    866.6 buff/cache     
MiB Swap:   9017.6 total,   9017.6 free,      0.0 used.   5039.9 avail Mem 

    PID USER      PR  NI    VIRT    RES    SHR S  %CPU  %MEM     TIME+ COMMAND
     39 agent     30  10   23312  17168   8620 S   0.0   0.2   0:00.10 agent-l+

[2026-06-04 06:24:47]
top - 06:24:47 up  1:29,  0 user,  load average: 0.39, 0.41, 0.34
Tasks:   1 total,   0 running,   1 sleeping,   0 stopped,   0 zombie
%Cpu(s):  1.0 us,  0.0 sy,  0.0 ni, 99.0 id,  0.0 wa,  0.0 hi,  0.0 si,  0.0 st 
MiB Mem :   7993.6 total,   4568.4 free,   2954.5 used,    866.6 buff/cache     
MiB Swap:   9017.6 total,   9017.6 free,      0.0 used.   5039.1 avail Mem 

    PID USER      PR  NI    VIRT    RES    SHR S  %CPU  %MEM     TIME+ COMMAND
     39 agent     30  10   23312  17168   8620 S   0.0   0.2   0:00.13 agent-l+

[2026-06-04 06:24:48]
top - 06:24:48 up  1:29,  0 user,  load average: 0.39, 0.41, 0.34
Tasks:   1 total,   0 running,   1 sleeping,   0 stopped,   0 zombie
%Cpu(s):  0.0 us,  0.0 sy,  0.0 ni,100.0 id,  0.0 wa,  0.0 hi,  0.0 si,  0.0 st 
MiB Mem :   7993.6 total,   4564.8 free,   2958.1 used,    866.6 buff/cache     
MiB Swap:   9017.6 total,   9017.6 free,      0.0 used.   5035.5 avail Mem 

    PID USER      PR  NI    VIRT    RES    SHR S  %CPU  %MEM     TIME+ COMMAND
     39 agent     30  10   23312  17168   8620 S   0.0   0.2   0:00.13 agent-l+

[2026-06-04 06:24:49]
top - 06:24:50 up  1:29,  0 user,  load average: 0.39, 0.41, 0.34
Tasks:   1 total,   0 running,   1 sleeping,   0 stopped,   0 zombie
%Cpu(s):  0.0 us,  0.0 sy,  0.0 ni,100.0 id,  0.0 wa,  0.0 hi,  0.0 si,  0.0 st 
MiB Mem :   7993.6 total,   4560.8 free,   2961.8 used,    866.8 buff/cache     
MiB Swap:   9017.6 total,   9017.6 free,      0.0 used.   5031.8 avail Mem 

    PID USER      PR  NI    VIRT    RES    SHR S  %CPU  %MEM     TIME+ COMMAND
     39 agent     30  10   23312  17168   8620 S  30.0   0.2   0:00.16 agent-l+

[2026-06-04 06:24:51]
top - 06:24:51 up  1:29,  0 user,  load average: 0.36, 0.40, 0.33
Tasks:   1 total,   0 running,   1 sleeping,   0 stopped,   0 zombie
%Cpu(s):  0.0 us,  0.0 sy,  0.0 ni,100.0 id,  0.0 wa,  0.0 hi,  0.0 si,  0.0 st 
MiB Mem :   7993.6 total,   4557.1 free,   2965.3 used,    866.9 buff/cache     
MiB Swap:   9017.6 total,   9017.6 free,      0.0 used.   5028.2 avail Mem 

    PID USER      PR  NI    VIRT    RES    SHR S  %CPU  %MEM     TIME+ COMMAND
     39 agent     30  10   23312  17168   8620 S   0.0   0.2   0:00.16 agent-l+

[2026-06-04 06:24:52]
top - 06:24:52 up  1:29,  0 user,  load average: 0.36, 0.40, 0.33
Tasks:   1 total,   0 running,   1 sleeping,   0 stopped,   0 zombie
%Cpu(s):  0.0 us,  1.0 sy,  0.0 ni, 99.0 id,  0.0 wa,  0.0 hi,  0.0 si,  0.0 st 
MiB Mem :   7993.6 total,   4561.4 free,   2961.0 used,    866.9 buff/cache     
MiB Swap:   9017.6 total,   9017.6 free,      0.0 used.   5032.6 avail Mem 

    PID USER      PR  NI    VIRT    RES    SHR S  %CPU  %MEM     TIME+ COMMAND
     39 agent     30  10   23312  17168   8620 S   0.0   0.2   0:00.16 agent-l+

[2026-06-04 06:24:53]
top - 06:24:53 up  1:29,  0 user,  load average: 0.36, 0.40, 0.33
Tasks:   1 total,   0 running,   1 sleeping,   0 stopped,   0 zombie
%Cpu(s):  0.0 us,  1.0 sy,  0.0 ni, 99.0 id,  0.0 wa,  0.0 hi,  0.0 si,  0.0 st 
MiB Mem :   7993.6 total,   4569.5 free,   2952.9 used,    866.9 buff/cache     
MiB Swap:   9017.6 total,   9017.6 free,      0.0 used.   5040.6 avail Mem 

    PID USER      PR  NI    VIRT    RES    SHR S  %CPU  %MEM     TIME+ COMMAND
     39 agent     30  10   23312  17168   8620 S   0.0   0.2   0:00.20 agent-l+

[2026-06-04 06:24:54]
top - 06:24:55 up  1:29,  0 user,  load average: 0.36, 0.40, 0.33
Tasks:   1 total,   0 running,   1 sleeping,   0 stopped,   0 zombie
%Cpu(s):  0.0 us,  0.0 sy,  0.0 ni, 99.0 id,  0.0 wa,  0.0 hi,  1.0 si,  0.0 st 
MiB Mem :   7993.6 total,   4562.1 free,   2949.4 used,    877.7 buff/cache     
MiB Swap:   9017.6 total,   9017.6 free,      0.0 used.   5044.2 avail Mem 

    PID USER      PR  NI    VIRT    RES    SHR S  %CPU  %MEM     TIME+ COMMAND
     39 agent     30  10   23312  17168   8620 S   0.0   0.2   0:00.20 agent-l+

[2026-06-04 06:24:56]
top - 06:24:56 up  1:29,  0 user,  load average: 0.33, 0.40, 0.33
Tasks:   1 total,   0 running,   1 sleeping,   0 stopped,   0 zombie
%Cpu(s):  1.0 us,  0.0 sy,  0.0 ni, 99.0 id,  0.0 wa,  0.0 hi,  0.0 si,  0.0 st 
MiB Mem :   7993.6 total,   4555.4 free,   2955.0 used,    878.8 buff/cache     
MiB Swap:   9017.6 total,   9017.6 free,      0.0 used.   5038.5 avail Mem 

    PID USER      PR  NI    VIRT    RES    SHR S  %CPU  %MEM     TIME+ COMMAND
     39 agent     30  10   23312  17168   8620 S   0.0   0.2   0:00.20 agent-l+

[2026-06-04 06:24:57]
top - 06:24:57 up  1:29,  0 user,  load average: 0.33, 0.40, 0.33
Tasks:   1 total,   0 running,   1 sleeping,   0 stopped,   0 zombie
%Cpu(s):  0.0 us,  0.0 sy,  0.0 ni,100.0 id,  0.0 wa,  0.0 hi,  0.0 si,  0.0 st 
MiB Mem :   7993.6 total,   4551.5 free,   2959.0 used,    878.8 buff/cache     
MiB Swap:   9017.6 total,   9017.6 free,      0.0 used.   5034.5 avail Mem 

    PID USER      PR  NI    VIRT    RES    SHR S  %CPU  %MEM     TIME+ COMMAND
     39 agent     30  10   23312  17168   8620 S   0.0   0.2   0:00.24 agent-l+

[2026-06-04 06:24:58]
top - 06:24:58 up  1:29,  0 user,  load average: 0.33, 0.40, 0.33
Tasks:   1 total,   0 running,   1 sleeping,   0 stopped,   0 zombie
%Cpu(s):  0.0 us,  1.0 sy,  0.0 ni, 99.0 id,  0.0 wa,  0.0 hi,  0.0 si,  0.0 st 
MiB Mem :   7993.6 total,   4549.3 free,   2961.2 used,    878.8 buff/cache     
MiB Swap:   9017.6 total,   9017.6 free,      0.0 used.   5032.4 avail Mem 

    PID USER      PR  NI    VIRT    RES    SHR S  %CPU  %MEM     TIME+ COMMAND
     39 agent     30  10   23312  17168   8620 S   0.0   0.2   0:00.24 agent-l+

[2026-06-04 06:24:59]
top - 06:24:59 up  1:29,  0 user,  load average: 0.33, 0.40, 0.33
Tasks:   1 total,   0 running,   1 sleeping,   0 stopped,   0 zombie
%Cpu(s):  0.0 us,  0.0 sy,  0.0 ni,100.0 id,  0.0 wa,  0.0 hi,  0.0 si,  0.0 st 
MiB Mem :   7993.6 total,   4547.0 free,   2963.3 used,    878.9 buff/cache     
MiB Swap:   9017.6 total,   9017.6 free,      0.0 used.   5030.2 avail Mem 

    PID USER      PR  NI    VIRT    RES    SHR S  %CPU  %MEM     TIME+ COMMAND
     39 agent     30  10   23312  17168   8620 S   0.0   0.2   0:00.29 agent-l+

[2026-06-04 06:25:00]
top - 06:25:01 up  1:30,  0 user,  load average: 0.33, 0.40, 0.33
Tasks:   1 total,   0 running,   1 sleeping,   0 stopped,   0 zombie
%Cpu(s):  0.0 us,  1.0 sy,  0.0 ni, 99.0 id,  0.0 wa,  0.0 hi,  0.0 si,  0.0 st 
MiB Mem :   7993.6 total,   4543.7 free,   2966.6 used,    879.0 buff/cache     
MiB Swap:   9017.6 total,   9017.6 free,      0.0 used.   5027.0 avail Mem 

    PID USER      PR  NI    VIRT    RES    SHR S  %CPU  %MEM     TIME+ COMMAND
     39 agent     30  10   23312  17168   8620 S   0.0   0.2   0:00.29 agent-l+

[2026-06-04 06:25:02]
top - 06:25:02 up  1:30,  0 user,  load average: 0.30, 0.39, 0.33
Tasks:   1 total,   0 running,   1 sleeping,   0 stopped,   0 zombie
%Cpu(s):  0.0 us,  0.0 sy,  0.0 ni,100.0 id,  0.0 wa,  0.0 hi,  0.0 si,  0.0 st 
MiB Mem :   7993.6 total,   4547.5 free,   2962.7 used,    879.0 buff/cache     
MiB Swap:   9017.6 total,   9017.6 free,      0.0 used.   5030.8 avail Mem 

    PID USER      PR  NI    VIRT    RES    SHR S  %CPU  %MEM     TIME+ COMMAND
     39 agent     30  10   23312  17168   8620 S   0.0   0.2   0:00.29 agent-l+

