>>> Starting Agent Boot Sequence...
[1/6] Checking User Account               [OK]
   ... Running as service user 'agent' (uid=1001)
[2/6] Verifying Environment Variables     [OK]
   ... All required Envs correct
[3/6] Checking Required Files             [OK]
   ... Verified 'secret.key' with correct key string.
[4/6] Checking Port Availability          [OK]
   ... Port 15034 is available.
[5/6] Verifying Log Permission            [OK]
   ... Log directory is writable: /tmp/b1-2-agent-oom-after-20260604-061853/logs
[6/6] Verifying Mission Environment       [OK]
   ... MEMORY_LIMIT=512MB, CPU_MAX_OCCUPY=100%, MULTI_THREAD_ENABLE=False
------------------------------------------------------------
All Boot Checks Passed!
Agent READY
2026-06-04 06:18:53,531 [INFO] [SafetyGuard] Process priority lowered (nice=10).
2026-06-04 06:18:53,531 [INFO] Agent listening at port 15034

==================================================
 [ Agent Initiate ] Resource Check 
==================================================
 [ MEMORY ] Limit: 512MB 		[ OK ]
 [ CPU    ] Limit: 100%  		[ WARNING: Recommend Under 50% ]
 [ THREAD ] Concurrency: False 		[ OK ]
--------------------------------------------------
 >>> SYSTEM STATUS: STABLE. STARTING WORKLOAD MONITORING...
==================================================

2026-06-04 06:18:55,547 [INFO] [CpuWorker] Started. Maximum CPU Limit: 100%
2026-06-04 06:18:55,547 [INFO] [CpuWorker] Current Load: 5.00%
2026-06-04 06:18:58,668 [INFO] [CpuWorker] Current Load: 9.73%
2026-06-04 06:19:01,789 [INFO] [CpuWorker] Current Load: 12.61%
2026-06-04 06:19:04,904 [INFO] [CpuWorker] Current Load: 14.25%
Terminated
