[2026-06-04 06:18:53]
top - 06:18:53 up  1:23,  0 user,  load average: 0.59, 0.53, 0.34
Tasks:   1 total,   0 running,   1 sleeping,   0 stopped,   0 zombie
%Cpu(s): 10.7 us,  6.2 sy,  0.0 ni, 81.2 id,  0.0 wa,  0.0 hi,  1.8 si,  0.0 st 
MiB Mem :   7993.6 total,   4574.4 free,   2963.7 used,    850.9 buff/cache     
MiB Swap:   9017.6 total,   9017.6 free,      0.0 used.   5029.9 avail Mem 

    PID USER      PR  NI    VIRT    RES    SHR S  %CPU  %MEM     TIME+ COMMAND
     29 agent     20   0    2800   1840   1604 S   0.0   0.0   0:00.07 agent-l+

[2026-06-04 06:18:54]
top - 06:18:54 up  1:23,  0 user,  load average: 0.59, 0.53, 0.34
Tasks:   1 total,   0 running,   1 sleeping,   0 stopped,   0 zombie
%Cpu(s):  0.0 us,  0.0 sy,  0.0 ni,100.0 id,  0.0 wa,  0.0 hi,  0.0 si,  0.0 st 
MiB Mem :   7993.6 total,   4569.9 free,   2968.1 used,    850.9 buff/cache     
MiB Swap:   9017.6 total,   9017.6 free,      0.0 used.   5025.5 avail Mem 

    PID USER      PR  NI    VIRT    RES    SHR S  %CPU  %MEM     TIME+ COMMAND
     29 agent     20   0    2800   1840   1604 S   0.0   0.0   0:00.07 agent-l+

[2026-06-04 06:18:55]
top - 06:18:56 up  1:23,  0 user,  load average: 0.59, 0.53, 0.34
Tasks:   1 total,   0 running,   1 sleeping,   0 stopped,   0 zombie
%Cpu(s):  0.0 us,  0.0 sy,  0.0 ni,100.0 id,  0.0 wa,  0.0 hi,  0.0 si,  0.0 st 
MiB Mem :   7993.6 total,   4572.5 free,   2965.4 used,    851.2 buff/cache     
MiB Swap:   9017.6 total,   9017.6 free,      0.0 used.   5028.1 avail Mem 

    PID USER      PR  NI    VIRT    RES    SHR S  %CPU  %MEM     TIME+ COMMAND
     29 agent     20   0    2800   1840   1604 S   0.0   0.0   0:00.07 agent-l+

[2026-06-04 06:18:57]
top - 06:18:57 up  1:23,  0 user,  load average: 0.55, 0.52, 0.34
Tasks:   1 total,   0 running,   1 sleeping,   0 stopped,   0 zombie
%Cpu(s):  0.0 us,  0.0 sy,  0.0 ni,100.0 id,  0.0 wa,  0.0 hi,  0.0 si,  0.0 st 
MiB Mem :   7993.6 total,   4573.1 free,   2964.8 used,    851.2 buff/cache     
MiB Swap:   9017.6 total,   9017.6 free,      0.0 used.   5028.7 avail Mem 

    PID USER      PR  NI    VIRT    RES    SHR S  %CPU  %MEM     TIME+ COMMAND
     29 agent     20   0    2800   1840   1604 S   0.0   0.0   0:00.07 agent-l+

[2026-06-04 06:18:58]
top - 06:18:58 up  1:23,  0 user,  load average: 0.55, 0.52, 0.34
Tasks:   1 total,   0 running,   1 sleeping,   0 stopped,   0 zombie
%Cpu(s):  0.0 us,  0.0 sy,  0.0 ni,100.0 id,  0.0 wa,  0.0 hi,  0.0 si,  0.0 st 
MiB Mem :   7993.6 total,   4567.7 free,   2970.3 used,    851.2 buff/cache     
MiB Swap:   9017.6 total,   9017.6 free,      0.0 used.   5023.3 avail Mem 

    PID USER      PR  NI    VIRT    RES    SHR S  %CPU  %MEM     TIME+ COMMAND
     29 agent     20   0    2800   1840   1604 S   0.0   0.0   0:00.07 agent-l+

[2026-06-04 06:18:59]
top - 06:18:59 up  1:23,  0 user,  load average: 0.55, 0.52, 0.34
Tasks:   1 total,   0 running,   1 sleeping,   0 stopped,   0 zombie
%Cpu(s):  1.0 us,  0.0 sy,  0.0 ni, 99.0 id,  0.0 wa,  0.0 hi,  0.0 si,  0.0 st 
MiB Mem :   7993.6 total,   4563.2 free,   2974.7 used,    851.2 buff/cache     
MiB Swap:   9017.6 total,   9017.6 free,      0.0 used.   5018.8 avail Mem 

    PID USER      PR  NI    VIRT    RES    SHR S  %CPU  %MEM     TIME+ COMMAND
     29 agent     20   0    2800   1840   1604 S   0.0   0.0   0:00.07 agent-l+

[2026-06-04 06:19:00]
top - 06:19:00 up  1:24,  0 user,  load average: 0.55, 0.52, 0.34
Tasks:   1 total,   0 running,   1 sleeping,   0 stopped,   0 zombie
%Cpu(s):  1.0 us,  0.0 sy,  0.0 ni, 99.0 id,  0.0 wa,  0.0 hi,  0.0 si,  0.0 st 
MiB Mem :   7993.6 total,   4573.4 free,   2964.5 used,    851.3 buff/cache     
MiB Swap:   9017.6 total,   9017.6 free,      0.0 used.   5029.1 avail Mem 

    PID USER      PR  NI    VIRT    RES    SHR S  %CPU  %MEM     TIME+ COMMAND
     29 agent     20   0    2800   1840   1604 S   0.0   0.0   0:00.07 agent-l+

[2026-06-04 06:19:01]
top - 06:19:02 up  1:24,  0 user,  load average: 0.50, 0.51, 0.34
Tasks:   1 total,   0 running,   1 sleeping,   0 stopped,   0 zombie
%Cpu(s):  0.0 us,  0.0 sy,  0.0 ni,100.0 id,  0.0 wa,  0.0 hi,  0.0 si,  0.0 st 
MiB Mem :   7993.6 total,   4570.6 free,   2967.2 used,    851.3 buff/cache     
MiB Swap:   9017.6 total,   9017.6 free,      0.0 used.   5026.4 avail Mem 

    PID USER      PR  NI    VIRT    RES    SHR S  %CPU  %MEM     TIME+ COMMAND
     29 agent     20   0    2800   1840   1604 S   0.0   0.0   0:00.07 agent-l+

[2026-06-04 06:19:03]
top - 06:19:03 up  1:24,  0 user,  load average: 0.50, 0.51, 0.34
Tasks:   1 total,   0 running,   1 sleeping,   0 stopped,   0 zombie
%Cpu(s):  0.0 us,  0.0 sy,  0.0 ni, 99.0 id,  0.0 wa,  0.0 hi,  1.0 si,  0.0 st 
MiB Mem :   7993.6 total,   4576.4 free,   2961.4 used,    851.3 buff/cache     
MiB Swap:   9017.6 total,   9017.6 free,      0.0 used.   5032.2 avail Mem 

    PID USER      PR  NI    VIRT    RES    SHR S  %CPU  %MEM     TIME+ COMMAND
     29 agent     20   0    2800   1840   1604 S   0.0   0.0   0:00.07 agent-l+

[2026-06-04 06:19:04]
top - 06:19:04 up  1:24,  0 user,  load average: 0.50, 0.51, 0.34
Tasks:   1 total,   0 running,   1 sleeping,   0 stopped,   0 zombie
%Cpu(s):  1.0 us,  0.0 sy,  0.0 ni, 99.0 id,  0.0 wa,  0.0 hi,  0.0 si,  0.0 st 
MiB Mem :   7993.6 total,   4574.4 free,   2963.4 used,    851.3 buff/cache     
MiB Swap:   9017.6 total,   9017.6 free,      0.0 used.   5030.2 avail Mem 

    PID USER      PR  NI    VIRT    RES    SHR S  %CPU  %MEM     TIME+ COMMAND
     29 agent     20   0    2800   1840   1604 S   0.0   0.0   0:00.07 agent-l+

