[2026-06-04 06:19:51]
top - 06:19:51 up  1:24,  0 user,  load average: 0.29, 0.46, 0.33
Tasks:   1 total,   0 running,   1 sleeping,   0 stopped,   0 zombie
%Cpu(s):  0.0 us,  0.0 sy,  0.0 ni,100.0 id,  0.0 wa,  0.0 hi,  0.0 si,  0.0 st 
MiB Mem :   7993.6 total,   4584.2 free,   2971.6 used,    833.3 buff/cache     
MiB Swap:   9017.6 total,   9017.6 free,      0.0 used.   5022.0 avail Mem 

    PID USER      PR  NI    VIRT    RES    SHR S  %CPU  %MEM     TIME+ COMMAND
     39 agent     30  10   22288  17096   8616 S   0.0   0.2   0:00.03 agent-l+

[2026-06-04 06:19:52]
top - 06:19:52 up  1:24,  0 user,  load average: 0.29, 0.46, 0.33
Tasks:   1 total,   0 running,   1 sleeping,   0 stopped,   0 zombie
%Cpu(s):  3.0 us,  1.0 sy,  0.0 ni, 95.0 id,  0.0 wa,  0.0 hi,  1.0 si,  0.0 st 
MiB Mem :   7993.6 total,   4558.1 free,   2978.0 used,    853.0 buff/cache     
MiB Swap:   9017.6 total,   9017.6 free,      0.0 used.   5015.6 avail Mem 

    PID USER      PR  NI    VIRT    RES    SHR S  %CPU  %MEM     TIME+ COMMAND
     39 agent     30  10   22288  17096   8616 S   0.0   0.2   0:00.03 agent-l+

[2026-06-04 06:19:53]
top - 06:19:54 up  1:24,  0 user,  load average: 0.29, 0.46, 0.33
Tasks:   1 total,   0 running,   1 sleeping,   0 stopped,   0 zombie
%Cpu(s):  5.0 us,  3.0 sy,  0.0 ni, 91.1 id,  0.0 wa,  0.0 hi,  1.0 si,  0.0 st 
MiB Mem :   7993.6 total,   4536.0 free,   2986.8 used,    866.2 buff/cache     
MiB Swap:   9017.6 total,   9017.6 free,      0.0 used.   5006.8 avail Mem 

    PID USER      PR  NI    VIRT    RES    SHR S  %CPU  %MEM     TIME+ COMMAND
     39 agent     30  10   47892  42700   8616 S   0.0   0.5   0:00.04 agent-l+

[2026-06-04 06:19:55]
top - 06:19:55 up  1:24,  0 user,  load average: 0.29, 0.46, 0.33
Tasks:   1 total,   0 running,   1 sleeping,   0 stopped,   0 zombie
%Cpu(s):  0.9 us,  0.0 sy,  0.0 ni, 99.1 id,  0.0 wa,  0.0 hi,  0.0 si,  0.0 st 
MiB Mem :   7993.6 total,   4532.7 free,   2989.1 used,    867.3 buff/cache     
MiB Swap:   9017.6 total,   9017.6 free,      0.0 used.   5004.4 avail Mem 

    PID USER      PR  NI    VIRT    RES    SHR S  %CPU  %MEM     TIME+ COMMAND
     39 agent     30  10   47892  42700   8616 S   0.0   0.5   0:00.04 agent-l+

[2026-06-04 06:19:56]
top - 06:19:56 up  1:24,  0 user,  load average: 0.27, 0.45, 0.33
Tasks:   1 total,   0 running,   1 sleeping,   0 stopped,   0 zombie
%Cpu(s):  0.0 us,  0.0 sy,  0.0 ni,100.0 id,  0.0 wa,  0.0 hi,  0.0 si,  0.0 st 
MiB Mem :   7993.6 total,   4504.7 free,   3016.7 used,    867.5 buff/cache     
MiB Swap:   9017.6 total,   9017.6 free,      0.0 used.   4976.8 avail Mem 

    PID USER      PR  NI    VIRT    RES    SHR S  %CPU  %MEM     TIME+ COMMAND
     39 agent     30  10   73496  68304   8616 S   0.0   0.8   0:00.05 agent-l+

[2026-06-04 06:19:57]
top - 06:19:57 up  1:24,  0 user,  load average: 0.27, 0.45, 0.33
Tasks:   1 total,   0 running,   1 sleeping,   0 stopped,   0 zombie
%Cpu(s):  0.0 us,  0.0 sy,  0.0 ni,100.0 id,  0.0 wa,  0.0 hi,  0.0 si,  0.0 st 
MiB Mem :   7993.6 total,   4504.0 free,   3017.5 used,    867.5 buff/cache     
MiB Swap:   9017.6 total,   9017.6 free,      0.0 used.   4976.1 avail Mem 

    PID USER      PR  NI    VIRT    RES    SHR S  %CPU  %MEM     TIME+ COMMAND
     39 agent     30  10   73496  68304   8616 S   0.0   0.8   0:00.05 agent-l+

[2026-06-04 06:19:58]
top - 06:19:58 up  1:24,  0 user,  load average: 0.27, 0.45, 0.33
Tasks:   1 total,   0 running,   1 sleeping,   0 stopped,   0 zombie
%Cpu(s):  3.0 us,  0.0 sy,  0.0 ni, 97.0 id,  0.0 wa,  0.0 hi,  0.0 si,  0.0 st 
MiB Mem :   7993.6 total,   4506.9 free,   3014.6 used,    867.6 buff/cache     
MiB Swap:   9017.6 total,   9017.6 free,      0.0 used.   4979.0 avail Mem 

    PID USER      PR  NI    VIRT    RES    SHR S  %CPU  %MEM     TIME+ COMMAND
     39 agent     30  10   73496  68304   8616 S   0.0   0.8   0:00.05 agent-l+

[2026-06-04 06:19:59]
top - 06:20:00 up  1:25,  0 user,  load average: 0.27, 0.45, 0.33
Tasks:   1 total,   0 running,   1 sleeping,   0 stopped,   0 zombie
%Cpu(s):  1.0 us,  0.0 sy,  0.0 ni, 99.0 id,  0.0 wa,  0.0 hi,  0.0 si,  0.0 st 
MiB Mem :   7993.6 total,   4476.9 free,   3044.5 used,    867.7 buff/cache     
MiB Swap:   9017.6 total,   9017.6 free,      0.0 used.   4949.1 avail Mem 

    PID USER      PR  NI    VIRT    RES    SHR S  %CPU  %MEM     TIME+ COMMAND
     39 agent     30  10   99100  93908   8616 S   0.0   1.1   0:00.05 agent-l+

[2026-06-04 06:20:01]
top - 06:20:01 up  1:25,  0 user,  load average: 0.33, 0.46, 0.33
Tasks:   1 total,   0 running,   1 sleeping,   0 stopped,   0 zombie
%Cpu(s):  0.0 us,  0.0 sy,  0.0 ni,100.0 id,  0.0 wa,  0.0 hi,  0.0 si,  0.0 st 
MiB Mem :   7993.6 total,   4475.0 free,   3046.2 used,    867.8 buff/cache     
MiB Swap:   9017.6 total,   9017.6 free,      0.0 used.   4947.3 avail Mem 

    PID USER      PR  NI    VIRT    RES    SHR S  %CPU  %MEM     TIME+ COMMAND
     39 agent     30  10   99100  93908   8616 S   0.0   1.1   0:00.05 agent-l+

[2026-06-04 06:20:02]
top - 06:20:02 up  1:25,  0 user,  load average: 0.33, 0.46, 0.33
Tasks:   1 total,   0 running,   1 sleeping,   0 stopped,   0 zombie
%Cpu(s):  0.0 us,  1.0 sy,  0.0 ni, 99.0 id,  0.0 wa,  0.0 hi,  0.0 si,  0.0 st 
MiB Mem :   7993.6 total,   4454.0 free,   3067.2 used,    867.8 buff/cache     
MiB Swap:   9017.6 total,   9017.6 free,      0.0 used.   4926.3 avail Mem 

    PID USER      PR  NI    VIRT    RES    SHR S  %CPU  %MEM     TIME+ COMMAND
     39 agent     30  10  124704 119512   8616 S   0.0   1.5   0:00.05 agent-l+

[2026-06-04 06:20:03]
top - 06:20:03 up  1:25,  0 user,  load average: 0.33, 0.46, 0.33
Tasks:   1 total,   0 running,   1 sleeping,   0 stopped,   0 zombie
%Cpu(s):  0.0 us,  1.0 sy,  0.0 ni, 99.0 id,  0.0 wa,  0.0 hi,  0.0 si,  0.0 st 
MiB Mem :   7993.6 total,   4460.8 free,   3060.5 used,    867.8 buff/cache     
MiB Swap:   9017.6 total,   9017.6 free,      0.0 used.   4933.0 avail Mem 

    PID USER      PR  NI    VIRT    RES    SHR S  %CPU  %MEM     TIME+ COMMAND
     39 agent     30  10  124704 119512   8616 S   0.0   1.5   0:00.05 agent-l+

[2026-06-04 06:20:04]
top - 06:20:05 up  1:25,  0 user,  load average: 0.33, 0.46, 0.33
Tasks:   1 total,   0 running,   1 sleeping,   0 stopped,   0 zombie
%Cpu(s):  0.0 us,  0.0 sy,  0.0 ni,100.0 id,  0.0 wa,  0.0 hi,  0.0 si,  0.0 st 
MiB Mem :   7993.6 total,   4454.0 free,   3064.3 used,    870.7 buff/cache     
MiB Swap:   9017.6 total,   9017.6 free,      0.0 used.   4929.3 avail Mem 

    PID USER      PR  NI    VIRT    RES    SHR S  %CPU  %MEM     TIME+ COMMAND
     39 agent     30  10  124704 119512   8616 S   0.0   1.5   0:00.05 agent-l+

[2026-06-04 06:20:06]
top - 06:20:06 up  1:25,  0 user,  load average: 0.30, 0.45, 0.33
Tasks:   1 total,   0 running,   1 sleeping,   0 stopped,   0 zombie
%Cpu(s):  0.0 us,  0.0 sy,  0.0 ni,100.0 id,  0.0 wa,  0.0 hi,  0.0 si,  0.0 st 
MiB Mem :   7993.6 total,   4422.9 free,   3095.4 used,    870.7 buff/cache     
MiB Swap:   9017.6 total,   9017.6 free,      0.0 used.   4898.2 avail Mem 

    PID USER      PR  NI    VIRT    RES    SHR S  %CPU  %MEM     TIME+ COMMAND
     39 agent     30  10  150308 145116   8616 S   0.0   1.8   0:00.06 agent-l+

[2026-06-04 06:20:07]
top - 06:20:07 up  1:25,  0 user,  load average: 0.30, 0.45, 0.33
Tasks:   1 total,   0 running,   1 sleeping,   0 stopped,   0 zombie
%Cpu(s):  0.0 us,  0.0 sy,  0.0 ni,100.0 id,  0.0 wa,  0.0 hi,  0.0 si,  0.0 st 
MiB Mem :   7993.6 total,   4420.0 free,   3098.2 used,    870.8 buff/cache     
MiB Swap:   9017.6 total,   9017.6 free,      0.0 used.   4895.3 avail Mem 

    PID USER      PR  NI    VIRT    RES    SHR S  %CPU  %MEM     TIME+ COMMAND
     39 agent     30  10  150308 145116   8616 S   0.0   1.8   0:00.06 agent-l+

