[2026-06-04 06:27:34]
top - 06:27:34 up  1:32,  0 user,  load average: 0.28, 0.34, 0.32
Tasks:   1 total,   0 running,   1 sleeping,   0 stopped,   0 zombie
%Cpu(s):  0.0 us,  0.0 sy,  0.0 ni,100.0 id,  0.0 wa,  0.0 hi,  0.0 si,  0.0 st 
MiB Mem :   7993.6 total,   4578.4 free,   2957.4 used,    853.6 buff/cache     
MiB Swap:   9017.6 total,   9017.6 free,      0.0 used.   5036.2 avail Mem 

    PID USER      PR  NI    VIRT    RES    SHR S  %CPU  %MEM     TIME+ COMMAND
     39 agent     30  10   22288  17108   8620 S   0.0   0.2   0:00.04 agent-l+

[2026-06-04 06:27:35]
top - 06:27:36 up  1:32,  0 user,  load average: 0.28, 0.34, 0.32
Tasks:   1 total,   0 running,   1 sleeping,   0 stopped,   0 zombie
%Cpu(s):  1.0 us,  1.0 sy,  0.0 ni, 98.1 id,  0.0 wa,  0.0 hi,  0.0 si,  0.0 st 
MiB Mem :   7993.6 total,   4576.2 free,   2959.5 used,    853.7 buff/cache     
MiB Swap:   9017.6 total,   9017.6 free,      0.0 used.   5034.0 avail Mem 

    PID USER      PR  NI    VIRT    RES    SHR S  %CPU  %MEM     TIME+ COMMAND
     39 agent     30  10   22288  17108   8620 S   0.0   0.2   0:00.04 agent-l+

[2026-06-04 06:27:37]
top - 06:27:37 up  1:32,  0 user,  load average: 0.25, 0.33, 0.32
Tasks:   1 total,   0 running,   1 sleeping,   0 stopped,   0 zombie
%Cpu(s):  7.8 us,  2.0 sy,  0.0 ni, 89.2 id,  0.0 wa,  0.0 hi,  1.0 si,  0.0 st 
MiB Mem :   7993.6 total,   4572.2 free,   2963.3 used,    853.8 buff/cache     
MiB Swap:   9017.6 total,   9017.6 free,      0.0 used.   5030.3 avail Mem 

    PID USER      PR  NI    VIRT    RES    SHR S  %CPU  %MEM     TIME+ COMMAND
     39 agent     30  10   23312  17172   8620 S   0.0   0.2   0:00.04 agent-l+

[2026-06-04 06:27:38]
top - 06:27:38 up  1:32,  0 user,  load average: 0.25, 0.33, 0.32
Tasks:   1 total,   0 running,   1 sleeping,   0 stopped,   0 zombie
%Cpu(s):  0.0 us,  0.0 sy,  0.0 ni,100.0 id,  0.0 wa,  0.0 hi,  0.0 si,  0.0 st 
MiB Mem :   7993.6 total,   4576.1 free,   2959.4 used,    853.9 buff/cache     
MiB Swap:   9017.6 total,   9017.6 free,      0.0 used.   5034.1 avail Mem 

    PID USER      PR  NI    VIRT    RES    SHR S  %CPU  %MEM     TIME+ COMMAND
     39 agent     30  10   23312  17172   8620 S   0.0   0.2   0:00.04 agent-l+

[2026-06-04 06:27:39]
top - 06:27:39 up  1:32,  0 user,  load average: 0.25, 0.33, 0.32
Tasks:   1 total,   0 running,   1 sleeping,   0 stopped,   0 zombie
%Cpu(s):  0.0 us,  0.0 sy,  0.0 ni,100.0 id,  0.0 wa,  0.0 hi,  0.0 si,  0.0 st 
MiB Mem :   7993.6 total,   4573.9 free,   2961.6 used,    853.9 buff/cache     
MiB Swap:   9017.6 total,   9017.6 free,      0.0 used.   5032.0 avail Mem 

    PID USER      PR  NI    VIRT    RES    SHR S  %CPU  %MEM     TIME+ COMMAND
     39 agent     30  10   23312  17172   8620 S   0.0   0.2   0:00.05 agent-l+

[2026-06-04 06:27:40]
top - 06:27:40 up  1:32,  0 user,  load average: 0.25, 0.33, 0.32
Tasks:   1 total,   0 running,   1 sleeping,   0 stopped,   0 zombie
%Cpu(s):  0.0 us,  0.0 sy,  0.0 ni,100.0 id,  0.0 wa,  0.0 hi,  0.0 si,  0.0 st 
MiB Mem :   7993.6 total,   4569.7 free,   2965.8 used,    854.0 buff/cache     
MiB Swap:   9017.6 total,   9017.6 free,      0.0 used.   5027.8 avail Mem 

    PID USER      PR  NI    VIRT    RES    SHR S  %CPU  %MEM     TIME+ COMMAND
     39 agent     30  10   23312  17172   8620 S   0.0   0.2   0:00.05 agent-l+

[2026-06-04 06:27:41]
top - 06:27:42 up  1:32,  0 user,  load average: 0.23, 0.33, 0.31
Tasks:   1 total,   0 running,   1 sleeping,   0 stopped,   0 zombie
%Cpu(s):  0.0 us,  0.0 sy,  0.0 ni,100.0 id,  0.0 wa,  0.0 hi,  0.0 si,  0.0 st 
MiB Mem :   7993.6 total,   4567.6 free,   2967.8 used,    854.0 buff/cache     
MiB Swap:   9017.6 total,   9017.6 free,      0.0 used.   5025.7 avail Mem 

    PID USER      PR  NI    VIRT    RES    SHR S  %CPU  %MEM     TIME+ COMMAND
     39 agent     30  10   23312  17172   8620 S   0.0   0.2   0:00.05 agent-l+

[2026-06-04 06:27:43]
top - 06:27:43 up  1:32,  0 user,  load average: 0.23, 0.33, 0.31
Tasks:   1 total,   0 running,   1 sleeping,   0 stopped,   0 zombie
%Cpu(s):  0.0 us,  0.0 sy,  0.0 ni,100.0 id,  0.0 wa,  0.0 hi,  0.0 si,  0.0 st 
MiB Mem :   7993.6 total,   4570.0 free,   2965.3 used,    854.0 buff/cache     
MiB Swap:   9017.6 total,   9017.6 free,      0.0 used.   5028.2 avail Mem 

    PID USER      PR  NI    VIRT    RES    SHR S  %CPU  %MEM     TIME+ COMMAND
     39 agent     30  10   23312  17172   8620 S   0.0   0.2   0:00.08 agent-l+

[2026-06-04 06:27:44]
top - 06:27:44 up  1:32,  0 user,  load average: 0.23, 0.33, 0.31
Tasks:   1 total,   0 running,   1 sleeping,   0 stopped,   0 zombie
%Cpu(s):  1.0 us,  0.0 sy,  0.0 ni, 99.0 id,  0.0 wa,  0.0 hi,  0.0 si,  0.0 st 
MiB Mem :   7993.6 total,   4585.3 free,   2950.0 used,    854.0 buff/cache     
MiB Swap:   9017.6 total,   9017.6 free,      0.0 used.   5043.5 avail Mem 

    PID USER      PR  NI    VIRT    RES    SHR S  %CPU  %MEM     TIME+ COMMAND
     39 agent     30  10   23312  17172   8620 S   0.0   0.2   0:00.08 agent-l+

[2026-06-04 06:27:45]
top - 06:27:45 up  1:32,  0 user,  load average: 0.23, 0.33, 0.31
Tasks:   1 total,   0 running,   1 sleeping,   0 stopped,   0 zombie
%Cpu(s):  0.0 us,  0.0 sy,  1.0 ni, 99.0 id,  0.0 wa,  0.0 hi,  0.0 si,  0.0 st 
MiB Mem :   7993.6 total,   4582.0 free,   2953.3 used,    854.1 buff/cache     
MiB Swap:   9017.6 total,   9017.6 free,      0.0 used.   5040.2 avail Mem 

    PID USER      PR  NI    VIRT    RES    SHR S  %CPU  %MEM     TIME+ COMMAND
     39 agent     30  10   23312  17172   8620 S   0.0   0.2   0:00.09 agent-l+

[2026-06-04 06:27:46]
top - 06:27:47 up  1:32,  0 user,  load average: 0.21, 0.32, 0.31
Tasks:   1 total,   0 running,   1 sleeping,   0 stopped,   0 zombie
%Cpu(s):  0.0 us,  0.0 sy,  0.0 ni,100.0 id,  0.0 wa,  0.0 hi,  0.0 si,  0.0 st 
MiB Mem :   7993.6 total,   4581.5 free,   2953.8 used,    854.1 buff/cache     
MiB Swap:   9017.6 total,   9017.6 free,      0.0 used.   5039.7 avail Mem 

    PID USER      PR  NI    VIRT    RES    SHR S  %CPU  %MEM     TIME+ COMMAND
     39 agent     30  10   23312  17172   8620 S   0.0   0.2   0:00.09 agent-l+

[2026-06-04 06:27:48]
top - 06:27:48 up  1:32,  0 user,  load average: 0.21, 0.32, 0.31
Tasks:   1 total,   0 running,   1 sleeping,   0 stopped,   0 zombie
%Cpu(s):  0.0 us,  0.0 sy,  0.0 ni,100.0 id,  0.0 wa,  0.0 hi,  0.0 si,  0.0 st 
MiB Mem :   7993.6 total,   4572.7 free,   2962.6 used,    854.1 buff/cache     
MiB Swap:   9017.6 total,   9017.6 free,      0.0 used.   5030.9 avail Mem 

    PID USER      PR  NI    VIRT    RES    SHR S  %CPU  %MEM     TIME+ COMMAND
     39 agent     30  10   23312  17172   8620 S   0.0   0.2   0:00.09 agent-l+

[2026-06-04 06:27:49]
top - 06:27:49 up  1:32,  0 user,  load average: 0.21, 0.32, 0.31
Tasks:   1 total,   0 running,   1 sleeping,   0 stopped,   0 zombie
%Cpu(s):  1.0 us,  0.0 sy,  0.0 ni, 99.0 id,  0.0 wa,  0.0 hi,  0.0 si,  0.0 st 
MiB Mem :   7993.6 total,   4568.9 free,   2966.3 used,    854.1 buff/cache     
MiB Swap:   9017.6 total,   9017.6 free,      0.0 used.   5027.2 avail Mem 

    PID USER      PR  NI    VIRT    RES    SHR S  %CPU  %MEM     TIME+ COMMAND
     39 agent     30  10   23312  17172   8620 S   0.0   0.2   0:00.11 agent-l+

[2026-06-04 06:27:50]
top - 06:27:50 up  1:32,  0 user,  load average: 0.21, 0.32, 0.31
Tasks:   1 total,   0 running,   1 sleeping,   0 stopped,   0 zombie
%Cpu(s):  0.0 us,  0.0 sy,  0.0 ni,100.0 id,  0.0 wa,  0.0 hi,  0.0 si,  0.0 st 
MiB Mem :   7993.6 total,   4565.6 free,   2969.6 used,    854.2 buff/cache     
MiB Swap:   9017.6 total,   9017.6 free,      0.0 used.   5024.0 avail Mem 

    PID USER      PR  NI    VIRT    RES    SHR S  %CPU  %MEM     TIME+ COMMAND
     39 agent     30  10   23312  17172   8620 S   0.0   0.2   0:00.11 agent-l+

[2026-06-04 06:27:51]
top - 06:27:51 up  1:32,  0 user,  load average: 0.20, 0.32, 0.31
Tasks:   1 total,   1 running,   0 sleeping,   0 stopped,   0 zombie
%Cpu(s):  0.0 us,  0.0 sy,  0.0 ni,100.0 id,  0.0 wa,  0.0 hi,  0.0 si,  0.0 st 
MiB Mem :   7993.6 total,   4559.0 free,   2976.1 used,    854.2 buff/cache     
MiB Swap:   9017.6 total,   9017.6 free,      0.0 used.   5017.5 avail Mem 

    PID USER      PR  NI    VIRT    RES    SHR S  %CPU  %MEM     TIME+ COMMAND
     39 agent     30  10   23312  17172   8620 R  20.0   0.2   0:00.13 agent-l+

[2026-06-04 06:27:52]
top - 06:27:53 up  1:32,  0 user,  load average: 0.20, 0.32, 0.31
Tasks:   1 total,   0 running,   1 sleeping,   0 stopped,   0 zombie
%Cpu(s):  0.0 us,  0.0 sy,  0.0 ni, 99.0 id,  0.0 wa,  0.0 hi,  1.0 si,  0.0 st 
MiB Mem :   7993.6 total,   4569.3 free,   2965.9 used,    854.3 buff/cache     
MiB Swap:   9017.6 total,   9017.6 free,      0.0 used.   5027.7 avail Mem 

    PID USER      PR  NI    VIRT    RES    SHR S  %CPU  %MEM     TIME+ COMMAND
     39 agent     30  10   23312  17172   8620 S   0.0   0.2   0:00.14 agent-l+

[2026-06-04 06:27:54]
top - 06:27:54 up  1:32,  0 user,  load average: 0.20, 0.32, 0.31
Tasks:   1 total,   0 running,   1 sleeping,   0 stopped,   0 zombie
%Cpu(s):  0.0 us,  0.0 sy,  0.0 ni,100.0 id,  0.0 wa,  0.0 hi,  0.0 si,  0.0 st 
MiB Mem :   7993.6 total,   4582.5 free,   2952.6 used,    854.3 buff/cache     
MiB Swap:   9017.6 total,   9017.6 free,      0.0 used.   5040.9 avail Mem 

    PID USER      PR  NI    VIRT    RES    SHR S  %CPU  %MEM     TIME+ COMMAND
     39 agent     30  10   23312  17172   8620 S   0.0   0.2   0:00.14 agent-l+

[2026-06-04 06:27:55]
top - 06:27:55 up  1:32,  0 user,  load average: 0.20, 0.32, 0.31
Tasks:   1 total,   0 running,   1 sleeping,   0 stopped,   0 zombie
%Cpu(s):  1.0 us,  0.0 sy,  0.0 ni, 98.1 id,  0.0 wa,  0.0 hi,  1.0 si,  0.0 st 
MiB Mem :   7993.6 total,   4578.1 free,   2957.1 used,    854.3 buff/cache     
MiB Swap:   9017.6 total,   9017.6 free,      0.0 used.   5036.5 avail Mem 

    PID USER      PR  NI    VIRT    RES    SHR S  %CPU  %MEM     TIME+ COMMAND
     39 agent     30  10   23312  17172   8620 S   0.0   0.2   0:00.18 agent-l+

[2026-06-04 06:27:56]
top - 06:27:56 up  1:32,  0 user,  load average: 0.18, 0.31, 0.31
Tasks:   1 total,   0 running,   1 sleeping,   0 stopped,   0 zombie
%Cpu(s):  1.0 us,  0.0 sy,  0.0 ni, 99.0 id,  0.0 wa,  0.0 hi,  0.0 si,  0.0 st 
MiB Mem :   7993.6 total,   4573.3 free,   2961.8 used,    854.3 buff/cache     
MiB Swap:   9017.6 total,   9017.6 free,      0.0 used.   5031.8 avail Mem 

    PID USER      PR  NI    VIRT    RES    SHR S  %CPU  %MEM     TIME+ COMMAND
     39 agent     30  10   23312  17172   8620 S   0.0   0.2   0:00.18 agent-l+

[2026-06-04 06:27:57]
top - 06:27:58 up  1:32,  0 user,  load average: 0.18, 0.31, 0.31
Tasks:   1 total,   0 running,   1 sleeping,   0 stopped,   0 zombie
%Cpu(s):  1.0 us,  1.0 sy,  0.0 ni, 98.1 id,  0.0 wa,  0.0 hi,  0.0 si,  0.0 st 
MiB Mem :   7993.6 total,   4566.1 free,   2967.5 used,    855.8 buff/cache     
MiB Swap:   9017.6 total,   9017.6 free,      0.0 used.   5026.1 avail Mem 

    PID USER      PR  NI    VIRT    RES    SHR S  %CPU  %MEM     TIME+ COMMAND
     39 agent     30  10   23312  17172   8620 S   0.0   0.2   0:00.18 agent-l+

[2026-06-04 06:27:59]
top - 06:27:59 up  1:32,  0 user,  load average: 0.18, 0.31, 0.31
Tasks:   1 total,   0 running,   1 sleeping,   0 stopped,   0 zombie
%Cpu(s):  0.0 us,  0.0 sy,  0.0 ni,100.0 id,  0.0 wa,  0.0 hi,  0.0 si,  0.0 st 
MiB Mem :   7993.6 total,   4563.5 free,   2970.1 used,    855.8 buff/cache     
MiB Swap:   9017.6 total,   9017.6 free,      0.0 used.   5023.5 avail Mem 

    PID USER      PR  NI    VIRT    RES    SHR S  %CPU  %MEM     TIME+ COMMAND
     39 agent     30  10   23312  17172   8620 S   0.0   0.2   0:00.22 agent-l+

[2026-06-04 06:28:00]
top - 06:28:00 up  1:33,  0 user,  load average: 0.18, 0.31, 0.31
Tasks:   1 total,   0 running,   1 sleeping,   0 stopped,   0 zombie
%Cpu(s):  0.0 us,  0.0 sy,  0.0 ni,100.0 id,  0.0 wa,  0.0 hi,  0.0 si,  0.0 st 
MiB Mem :   7993.6 total,   4559.7 free,   2973.9 used,    855.8 buff/cache     
MiB Swap:   9017.6 total,   9017.6 free,      0.0 used.   5019.7 avail Mem 

    PID USER      PR  NI    VIRT    RES    SHR S  %CPU  %MEM     TIME+ COMMAND
     39 agent     30  10   23312  17172   8620 S   0.0   0.2   0:00.22 agent-l+

[2026-06-04 06:28:01]
top - 06:28:01 up  1:33,  0 user,  load average: 0.17, 0.31, 0.31
Tasks:   1 total,   0 running,   1 sleeping,   0 stopped,   0 zombie
%Cpu(s):  0.0 us,  0.0 sy,  0.0 ni,100.0 id,  0.0 wa,  0.0 hi,  0.0 si,  0.0 st 
MiB Mem :   7993.6 total,   4558.5 free,   2975.0 used,    855.9 buff/cache     
MiB Swap:   9017.6 total,   9017.6 free,      0.0 used.   5018.6 avail Mem 

    PID USER      PR  NI    VIRT    RES    SHR S  %CPU  %MEM     TIME+ COMMAND
     39 agent     30  10   23312  17172   8620 S   0.0   0.2   0:00.27 agent-l+

[2026-06-04 06:28:02]
top - 06:28:02 up  1:33,  0 user,  load average: 0.17, 0.31, 0.31
Tasks:   1 total,   0 running,   1 sleeping,   0 stopped,   0 zombie
%Cpu(s): 11.8 us,  2.0 sy,  0.0 ni, 86.3 id,  0.0 wa,  0.0 hi,  0.0 si,  0.0 st 
MiB Mem :   7993.6 total,   4556.1 free,   2977.4 used,    855.9 buff/cache     
MiB Swap:   9017.6 total,   9017.6 free,      0.0 used.   5016.2 avail Mem 

    PID USER      PR  NI    VIRT    RES    SHR S  %CPU  %MEM     TIME+ COMMAND
     39 agent     30  10   23312  17172   8620 S   0.0   0.2   0:00.27 agent-l+

[2026-06-04 06:28:03]
top - 06:28:04 up  1:33,  0 user,  load average: 0.17, 0.31, 0.31
Tasks:   1 total,   0 running,   1 sleeping,   0 stopped,   0 zombie
%Cpu(s):  0.0 us,  1.0 sy,  0.0 ni, 99.0 id,  0.0 wa,  0.0 hi,  0.0 si,  0.0 st 
MiB Mem :   7993.6 total,   4576.4 free,   2956.9 used,    856.1 buff/cache     
MiB Swap:   9017.6 total,   9017.6 free,      0.0 used.   5036.7 avail Mem 

    PID USER      PR  NI    VIRT    RES    SHR S  %CPU  %MEM     TIME+ COMMAND
     39 agent     30  10   23312  17172   8620 S   0.0   0.2   0:00.27 agent-l+

[2026-06-04 06:28:05]
top - 06:28:05 up  1:33,  0 user,  load average: 0.17, 0.31, 0.31
Tasks:   1 total,   0 running,   1 sleeping,   0 stopped,   0 zombie
%Cpu(s):  0.0 us,  0.0 sy,  0.0 ni,100.0 id,  0.0 wa,  0.0 hi,  0.0 si,  0.0 st 
MiB Mem :   7993.6 total,   4580.5 free,   2952.1 used,    856.7 buff/cache     
MiB Swap:   9017.6 total,   9017.6 free,      0.0 used.   5041.4 avail Mem 

    PID USER      PR  NI    VIRT    RES    SHR S  %CPU  %MEM     TIME+ COMMAND
     39 agent     30  10   23312  17172   8620 S   0.0   0.2   0:00.32 agent-l+

[2026-06-04 06:28:06]
top - 06:28:06 up  1:33,  0 user,  load average: 0.15, 0.30, 0.30
Tasks:   1 total,   0 running,   1 sleeping,   0 stopped,   0 zombie
%Cpu(s):  0.9 us,  0.0 sy,  0.0 ni, 99.1 id,  0.0 wa,  0.0 hi,  0.0 si,  0.0 st 
MiB Mem :   7993.6 total,   4811.9 free,   2962.9 used,    614.8 buff/cache     
MiB Swap:   9017.6 total,   9017.6 free,      0.0 used.   5030.6 avail Mem 

    PID USER      PR  NI    VIRT    RES    SHR S  %CPU  %MEM     TIME+ COMMAND
     39 agent     30  10   23312  13800   5248 S  10.0   0.2   0:00.33 agent-l+

[2026-06-04 06:28:07]
