[2026-06-04 06:20:50]
top - 06:20:50 up  1:25,  0 user,  load average: 0.15, 0.39, 0.31
Tasks:   1 total,   0 running,   1 sleeping,   0 stopped,   0 zombie
%Cpu(s):  0.0 us,  0.0 sy,  0.0 ni,100.0 id,  0.0 wa,  0.0 hi,  0.0 si,  0.0 st 
MiB Mem :   7993.6 total,   4542.3 free,   2971.4 used,    875.6 buff/cache     
MiB Swap:   9017.6 total,   9017.6 free,      0.0 used.   5022.2 avail Mem 

    PID USER      PR  NI    VIRT    RES    SHR S  %CPU  %MEM     TIME+ COMMAND
     39 agent     30  10   22288  17104   8616 S   0.0   0.2   0:00.04 agent-l+

[2026-06-04 06:20:51]
top - 06:20:51 up  1:25,  0 user,  load average: 0.14, 0.39, 0.31
Tasks:   1 total,   0 running,   1 sleeping,   0 stopped,   0 zombie
%Cpu(s):  0.0 us,  0.0 sy,  0.0 ni,100.0 id,  0.0 wa,  0.0 hi,  0.0 si,  0.0 st 
MiB Mem :   7993.6 total,   4533.2 free,   2975.7 used,    880.1 buff/cache     
MiB Swap:   9017.6 total,   9017.6 free,      0.0 used.   5017.8 avail Mem 

    PID USER      PR  NI    VIRT    RES    SHR S  %CPU  %MEM     TIME+ COMMAND
     39 agent     30  10   22288  17104   8616 S   0.0   0.2   0:00.04 agent-l+

[2026-06-04 06:20:52]
top - 06:20:52 up  1:25,  0 user,  load average: 0.14, 0.39, 0.31
Tasks:   1 total,   0 running,   1 sleeping,   0 stopped,   0 zombie
%Cpu(s):  0.0 us,  0.0 sy,  0.0 ni,100.0 id,  0.0 wa,  0.0 hi,  0.0 si,  0.0 st 
MiB Mem :   7993.6 total,   4525.2 free,   2983.8 used,    880.1 buff/cache     
MiB Swap:   9017.6 total,   9017.6 free,      0.0 used.   5009.8 avail Mem 

    PID USER      PR  NI    VIRT    RES    SHR S  %CPU  %MEM     TIME+ COMMAND
     39 agent     30  10   47892  42708   8616 S   0.0   0.5   0:00.05 agent-l+

[2026-06-04 06:20:53]
top - 06:20:53 up  1:25,  0 user,  load average: 0.14, 0.39, 0.31
Tasks:   1 total,   0 running,   1 sleeping,   0 stopped,   0 zombie
%Cpu(s):  1.9 us,  1.0 sy,  0.0 ni, 97.1 id,  0.0 wa,  0.0 hi,  0.0 si,  0.0 st 
MiB Mem :   7993.6 total,   4525.3 free,   2983.7 used,    880.1 buff/cache     
MiB Swap:   9017.6 total,   9017.6 free,      0.0 used.   5009.9 avail Mem 

    PID USER      PR  NI    VIRT    RES    SHR S  %CPU  %MEM     TIME+ COMMAND
     39 agent     30  10   47892  42708   8616 S   0.0   0.5   0:00.05 agent-l+

