[2026-06-04 06:17:55]
top - 06:17:55 up  1:22,  0 user,  load average: 0.99, 0.56, 0.34
Tasks:   1 total,   0 running,   1 sleeping,   0 stopped,   0 zombie
%Cpu(s):  0.0 us,  0.0 sy,  0.0 ni, 99.0 id,  0.0 wa,  0.0 hi,  1.0 si,  0.0 st 
MiB Mem :   7993.6 total,   4552.0 free,   2967.3 used,    869.9 buff/cache     
MiB Swap:   9017.6 total,   9017.6 free,      0.0 used.   5026.3 avail Mem 

    PID USER      PR  NI    VIRT    RES    SHR S  %CPU  %MEM     TIME+ COMMAND
     30 agent     20   0    2800   1836   1608 S   0.0   0.0   0:00.06 agent-l+

[2026-06-04 06:17:56]
top - 06:17:56 up  1:22,  0 user,  load average: 0.91, 0.55, 0.33
Tasks:   1 total,   0 running,   1 sleeping,   0 stopped,   0 zombie
%Cpu(s):  5.8 us,  1.0 sy,  0.0 ni, 93.3 id,  0.0 wa,  0.0 hi,  0.0 si,  0.0 st 
MiB Mem :   7993.6 total,   4551.2 free,   2968.1 used,    869.9 buff/cache     
MiB Swap:   9017.6 total,   9017.6 free,      0.0 used.   5025.4 avail Mem 

    PID USER      PR  NI    VIRT    RES    SHR S  %CPU  %MEM     TIME+ COMMAND
     30 agent     20   0    2800   1836   1608 S   0.0   0.0   0:00.06 agent-l+

[2026-06-04 06:17:57]
top - 06:17:58 up  1:22,  0 user,  load average: 0.91, 0.55, 0.33
Tasks:   1 total,   0 running,   1 sleeping,   0 stopped,   0 zombie
%Cpu(s):  0.0 us,  1.0 sy,  0.0 ni, 99.0 id,  0.0 wa,  0.0 hi,  0.0 si,  0.0 st 
MiB Mem :   7993.6 total,   4531.7 free,   2987.6 used,    869.9 buff/cache     
MiB Swap:   9017.6 total,   9017.6 free,      0.0 used.   5005.9 avail Mem 

    PID USER      PR  NI    VIRT    RES    SHR S  %CPU  %MEM     TIME+ COMMAND
     30 agent     20   0    2800   1836   1608 S   0.0   0.0   0:00.06 agent-l+

[2026-06-04 06:17:59]
top - 06:17:59 up  1:22,  0 user,  load average: 0.91, 0.55, 0.33
Tasks:   1 total,   0 running,   1 sleeping,   0 stopped,   0 zombie
%Cpu(s):  0.9 us,  0.0 sy,  0.0 ni, 99.1 id,  0.0 wa,  0.0 hi,  0.0 si,  0.0 st 
MiB Mem :   7993.6 total,   4528.4 free,   2990.9 used,    870.1 buff/cache     
MiB Swap:   9017.6 total,   9017.6 free,      0.0 used.   5002.7 avail Mem 

    PID USER      PR  NI    VIRT    RES    SHR S  %CPU  %MEM     TIME+ COMMAND
     30 agent     20   0    2800   1836   1608 S   0.0   0.0   0:00.06 agent-l+

[2026-06-04 06:18:00]
top - 06:18:00 up  1:23,  0 user,  load average: 0.91, 0.55, 0.33
Tasks:   1 total,   0 running,   1 sleeping,   0 stopped,   0 zombie
%Cpu(s):  0.0 us,  0.0 sy,  0.0 ni, 99.1 id,  0.0 wa,  0.0 hi,  0.9 si,  0.0 st 
MiB Mem :   7993.6 total,   4503.4 free,   3014.8 used,    871.0 buff/cache     
MiB Swap:   9017.6 total,   9017.6 free,      0.0 used.   4978.8 avail Mem 

    PID USER      PR  NI    VIRT    RES    SHR S  %CPU  %MEM     TIME+ COMMAND
     30 agent     20   0    2800   1836   1608 S   0.0   0.0   0:00.06 agent-l+

[2026-06-04 06:18:01]
top - 06:18:01 up  1:23,  0 user,  load average: 1.08, 0.59, 0.35
Tasks:   1 total,   0 running,   1 sleeping,   0 stopped,   0 zombie
%Cpu(s):  0.0 us,  0.0 sy,  0.0 ni,100.0 id,  0.0 wa,  0.0 hi,  0.0 si,  0.0 st 
MiB Mem :   7993.6 total,   4511.8 free,   3006.4 used,    871.0 buff/cache     
MiB Swap:   9017.6 total,   9017.6 free,      0.0 used.   4987.2 avail Mem 

    PID USER      PR  NI    VIRT    RES    SHR S  %CPU  %MEM     TIME+ COMMAND
     30 agent     20   0    2800   1836   1608 S   0.0   0.0   0:00.06 agent-l+

[2026-06-04 06:18:02]
top - 06:18:03 up  1:23,  0 user,  load average: 1.08, 0.59, 0.35
Tasks:   1 total,   0 running,   1 sleeping,   0 stopped,   0 zombie
%Cpu(s):  5.7 us,  2.9 sy,  0.0 ni, 90.5 id,  0.0 wa,  0.0 hi,  1.0 si,  0.0 st 
MiB Mem :   7993.6 total,   4516.2 free,   3001.0 used,    872.1 buff/cache     
MiB Swap:   9017.6 total,   9017.6 free,      0.0 used.   4992.6 avail Mem 

    PID USER      PR  NI    VIRT    RES    SHR S  %CPU  %MEM     TIME+ COMMAND
     30 agent     20   0    2800   1836   1608 S   0.0   0.0   0:00.06 agent-l+

[2026-06-04 06:18:04]
top - 06:18:04 up  1:23,  0 user,  load average: 1.08, 0.59, 0.35
Tasks:   1 total,   0 running,   1 sleeping,   0 stopped,   0 zombie
%Cpu(s):  0.0 us,  0.0 sy,  0.0 ni,100.0 id,  0.0 wa,  0.0 hi,  0.0 si,  0.0 st 
MiB Mem :   7993.6 total,   4486.7 free,   3030.5 used,    872.1 buff/cache     
MiB Swap:   9017.6 total,   9017.6 free,      0.0 used.   4963.1 avail Mem 

    PID USER      PR  NI    VIRT    RES    SHR S  %CPU  %MEM     TIME+ COMMAND
     30 agent     20   0    2800   1836   1608 S   0.0   0.0   0:00.06 agent-l+

[2026-06-04 06:18:05]
top - 06:18:05 up  1:23,  0 user,  load average: 1.08, 0.59, 0.35
Tasks:   1 total,   0 running,   1 sleeping,   0 stopped,   0 zombie
%Cpu(s):  0.0 us,  0.0 sy,  0.0 ni,100.0 id,  0.0 wa,  0.0 hi,  0.0 si,  0.0 st 
MiB Mem :   7993.6 total,   4486.7 free,   3030.4 used,    872.1 buff/cache     
MiB Swap:   9017.6 total,   9017.6 free,      0.0 used.   4963.1 avail Mem 

    PID USER      PR  NI    VIRT    RES    SHR S  %CPU  %MEM     TIME+ COMMAND
     30 agent     20   0    2800   1836   1608 S   0.0   0.0   0:00.06 agent-l+

[2026-06-04 06:18:06]
top - 06:18:06 up  1:23,  0 user,  load average: 0.99, 0.58, 0.35
Tasks:   1 total,   0 running,   1 sleeping,   0 stopped,   0 zombie
%Cpu(s):  0.0 us,  0.0 sy,  0.0 ni,100.0 id,  0.0 wa,  0.0 hi,  0.0 si,  0.0 st 
MiB Mem :   7993.6 total,   4459.4 free,   3057.7 used,    872.1 buff/cache     
MiB Swap:   9017.6 total,   9017.6 free,      0.0 used.   4935.8 avail Mem 

    PID USER      PR  NI    VIRT    RES    SHR S  %CPU  %MEM     TIME+ COMMAND
     30 agent     20   0    2800   1836   1608 S   0.0   0.0   0:00.06 agent-l+

[2026-06-04 06:18:07]
top - 06:18:07 up  1:23,  0 user,  load average: 0.99, 0.58, 0.35
Tasks:   1 total,   0 running,   1 sleeping,   0 stopped,   0 zombie
%Cpu(s):  0.0 us,  0.0 sy,  0.0 ni,100.0 id,  0.0 wa,  0.0 hi,  0.0 si,  0.0 st 
MiB Mem :   7993.6 total,   4454.2 free,   3062.7 used,    872.6 buff/cache     
MiB Swap:   9017.6 total,   9017.6 free,      0.0 used.   4930.9 avail Mem 

    PID USER      PR  NI    VIRT    RES    SHR S  %CPU  %MEM     TIME+ COMMAND
     30 agent     20   0    2800   1836   1608 S   0.0   0.0   0:00.06 agent-l+

[2026-06-04 06:18:08]
top - 06:18:09 up  1:23,  0 user,  load average: 0.99, 0.58, 0.35
Tasks:   1 total,   0 running,   1 sleeping,   0 stopped,   0 zombie
%Cpu(s):  1.0 us,  0.0 sy,  0.0 ni, 99.0 id,  0.0 wa,  0.0 hi,  0.0 si,  0.0 st 
MiB Mem :   7993.6 total,   4453.5 free,   3063.4 used,    872.6 buff/cache     
MiB Swap:   9017.6 total,   9017.6 free,      0.0 used.   4930.2 avail Mem 

    PID USER      PR  NI    VIRT    RES    SHR S  %CPU  %MEM     TIME+ COMMAND
     30 agent     20   0    2800   1836   1608 S   0.0   0.0   0:00.06 agent-l+

[2026-06-04 06:18:10]
top - 06:18:10 up  1:23,  0 user,  load average: 0.99, 0.58, 0.35
Tasks:   1 total,   0 running,   1 sleeping,   0 stopped,   0 zombie
%Cpu(s):  0.0 us,  0.0 sy,  0.0 ni,100.0 id,  0.0 wa,  0.0 hi,  0.0 si,  0.0 st 
MiB Mem :   7993.6 total,   4438.2 free,   3078.2 used,    873.1 buff/cache     
MiB Swap:   9017.6 total,   9017.6 free,      0.0 used.   4915.4 avail Mem 

    PID USER      PR  NI    VIRT    RES    SHR S  %CPU  %MEM     TIME+ COMMAND
     30 agent     20   0    2800   1836   1608 S   0.0   0.0   0:00.06 agent-l+

[2026-06-04 06:18:11]
top - 06:18:11 up  1:23,  0 user,  load average: 0.91, 0.57, 0.35
Tasks:   1 total,   0 running,   1 sleeping,   0 stopped,   0 zombie
%Cpu(s):  0.0 us,  0.0 sy,  0.0 ni,100.0 id,  0.0 wa,  0.0 hi,  0.0 si,  0.0 st 
MiB Mem :   7993.6 total,   4438.8 free,   3077.4 used,    873.2 buff/cache     
MiB Swap:   9017.6 total,   9017.6 free,      0.0 used.   4916.1 avail Mem 

    PID USER      PR  NI    VIRT    RES    SHR S  %CPU  %MEM     TIME+ COMMAND
     30 agent     20   0    2800   1836   1608 S   0.0   0.0   0:00.06 agent-l+

