[2026-06-04 06:28:41]
    PID     TID STAT %CPU %MEM COMMAND
     38      38 SN    6.9  0.2 agent-leak-app-

[2026-06-04 06:28:43]
    PID     TID STAT %CPU %MEM COMMAND
     38      38 SN    1.8  0.2 agent-leak-app-

[2026-06-04 06:28:44]
    PID     TID STAT %CPU %MEM COMMAND
     38      38 SN    1.0  0.2 agent-leak-app-

[2026-06-04 06:28:45]
    PID     TID STAT %CPU %MEM COMMAND
     38      38 SN    0.7  0.2 agent-leak-app-

[2026-06-04 06:28:46]
    PID     TID STAT %CPU %MEM COMMAND
     38      38 SN    0.5  0.2 agent-leak-app-

[2026-06-04 06:28:48]
    PID     TID STAT %CPU %MEM COMMAND
     38      38 SN    0.4  0.2 agent-leak-app-

[2026-06-04 06:28:49]
    PID     TID STAT %CPU %MEM COMMAND
     38      38 SNl   0.5  0.2 agent-leak-app-
     38     120 SNl   0.0  0.2 agent-leak-app-
     38     121 SNl   0.0  0.2 agent-leak-app-

[2026-06-04 06:28:50]
    PID     TID STAT %CPU %MEM COMMAND
     38      38 SNl   0.4  0.2 agent-leak-app-
     38     120 SNl   0.0  0.2 agent-leak-app-
     38     121 SNl   0.0  0.2 agent-leak-app-

[2026-06-04 06:28:51]
    PID     TID STAT %CPU %MEM COMMAND
     38      38 SNl   0.3  0.2 agent-leak-app-
     38     120 SNl   0.0  0.2 agent-leak-app-
     38     121 SNl   0.0  0.2 agent-leak-app-

[2026-06-04 06:28:52]
    PID     TID STAT %CPU %MEM COMMAND
     38      38 SNl   0.3  0.2 agent-leak-app-
     38     120 SNl   0.0  0.2 agent-leak-app-
     38     121 SNl   0.0  0.2 agent-leak-app-

[2026-06-04 06:28:54]
    PID     TID STAT %CPU %MEM COMMAND
     38      38 SNl   0.3  0.2 agent-leak-app-
     38     120 SNl   0.0  0.2 agent-leak-app-
     38     121 SNl   0.0  0.2 agent-leak-app-

[2026-06-04 06:28:55]
    PID     TID STAT %CPU %MEM COMMAND
     38      38 SNl   0.2  0.2 agent-leak-app-
     38     120 SNl   0.0  0.2 agent-leak-app-
     38     121 SNl   0.0  0.2 agent-leak-app-

[2026-06-04 06:28:56]
    PID     TID STAT %CPU %MEM COMMAND
     38      38 SNl   0.2  0.2 agent-leak-app-
     38     120 SNl   0.0  0.2 agent-leak-app-
     38     121 SNl   0.0  0.2 agent-leak-app-

[2026-06-04 06:28:57]
    PID     TID STAT %CPU %MEM COMMAND
     38      38 SNl   0.2  0.2 agent-leak-app-
     38     120 SNl   0.0  0.2 agent-leak-app-
     38     121 SNl   0.0  0.2 agent-leak-app-

[2026-06-04 06:28:58]
    PID     TID STAT %CPU %MEM COMMAND
     38      38 SNl   0.2  0.2 agent-leak-app-
     38     120 SNl   0.0  0.2 agent-leak-app-
     38     121 SNl   0.0  0.2 agent-leak-app-

[2026-06-04 06:29:00]
    PID     TID STAT %CPU %MEM COMMAND
     38      38 SNl   0.2  0.2 agent-leak-app-
     38     120 SNl   0.0  0.2 agent-leak-app-
     38     121 SNl   0.0  0.2 agent-leak-app-

[2026-06-04 06:29:01]
    PID     TID STAT %CPU %MEM COMMAND
     38      38 SNl   0.2  0.2 agent-leak-app-
     38     120 SNl   0.0  0.2 agent-leak-app-
     38     121 SNl   0.0  0.2 agent-leak-app-

[2026-06-04 06:29:02]
    PID     TID STAT %CPU %MEM COMMAND
     38      38 SNl   0.1  0.2 agent-leak-app-
     38     120 SNl   0.0  0.2 agent-leak-app-
     38     121 SNl   0.0  0.2 agent-leak-app-

[2026-06-04 06:29:03]
    PID     TID STAT %CPU %MEM COMMAND
     38      38 SNl   0.1  0.2 agent-leak-app-
     38     120 SNl   0.0  0.2 agent-leak-app-
     38     121 SNl   0.0  0.2 agent-leak-app-

[2026-06-04 06:29:05]
    PID     TID STAT %CPU %MEM COMMAND
     38      38 SNl   0.1  0.2 agent-leak-app-
     38     120 SNl   0.0  0.2 agent-leak-app-
     38     121 SNl   0.0  0.2 agent-leak-app-

[2026-06-04 06:29:06]
    PID     TID STAT %CPU %MEM COMMAND
     38      38 SNl   0.1  0.2 agent-leak-app-
     38     120 SNl   0.0  0.2 agent-leak-app-
     38     121 SNl   0.0  0.2 agent-leak-app-

[2026-06-04 06:29:07]
    PID     TID STAT %CPU %MEM COMMAND
     38      38 SNl   0.1  0.2 agent-leak-app-
     38     120 SNl   0.0  0.2 agent-leak-app-
     38     121 SNl   0.0  0.2 agent-leak-app-

[2026-06-04 06:29:08]
    PID     TID STAT %CPU %MEM COMMAND
     38      38 SNl   0.1  0.2 agent-leak-app-
     38     120 SNl   0.0  0.2 agent-leak-app-
     38     121 SNl   0.0  0.2 agent-leak-app-

[2026-06-04 06:29:10]
    PID     TID STAT %CPU %MEM COMMAND
     38      38 SNl   0.1  0.2 agent-leak-app-
     38     120 SNl   0.0  0.2 agent-leak-app-
     38     121 SNl   0.0  0.2 agent-leak-app-

[2026-06-04 06:29:11]
    PID     TID STAT %CPU %MEM COMMAND
     38      38 SNl   0.1  0.2 agent-leak-app-
     38     120 SNl   0.0  0.2 agent-leak-app-
     38     121 SNl   0.0  0.2 agent-leak-app-

[2026-06-04 06:29:12]
    PID     TID STAT %CPU %MEM COMMAND
     38      38 SNl   0.1  0.2 agent-leak-app-
     38     120 SNl   0.0  0.2 agent-leak-app-
     38     121 SNl   0.0  0.2 agent-leak-app-

[2026-06-04 06:29:13]
    PID     TID STAT %CPU %MEM COMMAND
     38      38 SNl   0.1  0.2 agent-leak-app-
     38     120 SNl   0.0  0.2 agent-leak-app-
     38     121 SNl   0.0  0.2 agent-leak-app-

[2026-06-04 06:29:14]
    PID     TID STAT %CPU %MEM COMMAND
     38      38 SNl   0.1  0.2 agent-leak-app-
     38     120 SNl   0.0  0.2 agent-leak-app-
     38     121 SNl   0.0  0.2 agent-leak-app-

[2026-06-04 06:29:16]
    PID     TID STAT %CPU %MEM COMMAND
     38      38 SNl   0.1  0.2 agent-leak-app-
     38     120 SNl   0.0  0.2 agent-leak-app-
     38     121 SNl   0.0  0.2 agent-leak-app-

[2026-06-04 06:29:17]
    PID     TID STAT %CPU %MEM COMMAND
     38      38 SNl   0.1  0.2 agent-leak-app-
     38     120 SNl   0.0  0.2 agent-leak-app-
     38     121 SNl   0.0  0.2 agent-leak-app-

[2026-06-04 06:29:18]
    PID     TID STAT %CPU %MEM COMMAND
     38      38 SNl   0.1  0.2 agent-leak-app-
     38     120 SNl   0.0  0.2 agent-leak-app-
     38     121 SNl   0.0  0.2 agent-leak-app-

[2026-06-04 06:29:19]
    PID     TID STAT %CPU %MEM COMMAND
     38      38 SNl   0.1  0.2 agent-leak-app-
     38     120 SNl   0.0  0.2 agent-leak-app-
     38     121 SNl   0.0  0.2 agent-leak-app-

[2026-06-04 06:29:20]
    PID     TID STAT %CPU %MEM COMMAND
     38      38 SNl   0.1  0.2 agent-leak-app-
     38     120 SNl   0.0  0.2 agent-leak-app-
     38     121 SNl   0.0  0.2 agent-leak-app-

[2026-06-04 06:29:22]
    PID     TID STAT %CPU %MEM COMMAND
     38      38 SNl   0.0  0.2 agent-leak-app-
     38     120 SNl   0.0  0.2 agent-leak-app-
     38     121 SNl   0.0  0.2 agent-leak-app-

[2026-06-04 06:29:23]
    PID     TID STAT %CPU %MEM COMMAND
     38      38 SNl   0.0  0.2 agent-leak-app-
     38     120 SNl   0.0  0.2 agent-leak-app-
     38     121 SNl   0.0  0.2 agent-leak-app-

[2026-06-04 06:29:24]
    PID     TID STAT %CPU %MEM COMMAND
     38      38 SNl   0.0  0.2 agent-leak-app-
     38     120 SNl   0.0  0.2 agent-leak-app-
     38     121 SNl   0.0  0.2 agent-leak-app-

[2026-06-04 06:29:25]
    PID     TID STAT %CPU %MEM COMMAND
     38      38 SNl   0.0  0.2 agent-leak-app-
     38     120 SNl   0.0  0.2 agent-leak-app-
     38     121 SNl   0.0  0.2 agent-leak-app-

[2026-06-04 06:29:27]
    PID     TID STAT %CPU %MEM COMMAND
     38      38 SNl   0.0  0.2 agent-leak-app-
     38     120 SNl   0.0  0.2 agent-leak-app-
     38     121 SNl   0.0  0.2 agent-leak-app-

[2026-06-04 06:29:28]
    PID     TID STAT %CPU %MEM COMMAND
     38      38 SNl   0.0  0.2 agent-leak-app-
     38     120 SNl   0.0  0.2 agent-leak-app-
     38     121 SNl   0.0  0.2 agent-leak-app-

[2026-06-04 06:29:29]
    PID     TID STAT %CPU %MEM COMMAND
     38      38 SNl   0.0  0.2 agent-leak-app-
     38     120 SNl   0.0  0.2 agent-leak-app-
     38     121 SNl   0.0  0.2 agent-leak-app-

[2026-06-04 06:29:30]
    PID     TID STAT %CPU %MEM COMMAND
     38      38 SNl   0.0  0.2 agent-leak-app-
     38     120 SNl   0.0  0.2 agent-leak-app-
     38     121 SNl   0.0  0.2 agent-leak-app-

[2026-06-04 06:29:31]
    PID     TID STAT %CPU %MEM COMMAND
     38      38 SNl   0.0  0.2 agent-leak-app-
     38     120 SNl   0.0  0.2 agent-leak-app-
     38     121 SNl   0.0  0.2 agent-leak-app-

[2026-06-04 06:29:33]
    PID     TID STAT %CPU %MEM COMMAND
     38      38 SNl   0.0  0.2 agent-leak-app-
     38     120 SNl   0.0  0.2 agent-leak-app-
     38     121 SNl   0.0  0.2 agent-leak-app-

[2026-06-04 06:29:34]
    PID     TID STAT %CPU %MEM COMMAND
     38      38 SNl   0.0  0.2 agent-leak-app-
     38     120 SNl   0.0  0.2 agent-leak-app-
     38     121 SNl   0.0  0.2 agent-leak-app-

[2026-06-04 06:29:35]
    PID     TID STAT %CPU %MEM COMMAND
     38      38 SNl   0.0  0.1 agent-leak-app-
     38     120 SNl   0.0  0.1 agent-leak-app-
     38     121 SNl   0.0  0.1 agent-leak-app-

[2026-06-04 06:29:36]
    PID     TID STAT %CPU %MEM COMMAND
     38      38 SNl   0.0  0.1 agent-leak-app-
     38     120 SNl   0.0  0.1 agent-leak-app-
     38     121 SNl   0.0  0.1 agent-leak-app-

[2026-06-04 06:29:38]
    PID     TID STAT %CPU %MEM COMMAND
     38      38 SNl   0.0  0.1 agent-leak-app-
     38     120 SNl   0.0  0.1 agent-leak-app-
     38     121 SNl   0.0  0.1 agent-leak-app-

[2026-06-04 06:29:39]
    PID     TID STAT %CPU %MEM COMMAND
     38      38 SNl   0.0  0.1 agent-leak-app-
     38     120 SNl   0.0  0.1 agent-leak-app-
     38     121 SNl   0.0  0.1 agent-leak-app-

[2026-06-04 06:29:40]
    PID     TID STAT %CPU %MEM COMMAND
     38      38 SNl   0.0  0.1 agent-leak-app-
     38     120 SNl   0.0  0.1 agent-leak-app-
     38     121 SNl   0.0  0.1 agent-leak-app-

[2026-06-04 06:29:41]
    PID     TID STAT %CPU %MEM COMMAND
     38      38 SNl   0.0  0.1 agent-leak-app-
     38     120 SNl   0.0  0.1 agent-leak-app-
     38     121 SNl   0.0  0.1 agent-leak-app-

[2026-06-04 06:29:42]
    PID     TID STAT %CPU %MEM COMMAND
     38      38 SNl   0.0  0.1 agent-leak-app-
     38     120 SNl   0.0  0.1 agent-leak-app-
     38     121 SNl   0.0  0.1 agent-leak-app-

[2026-06-04 06:29:44]
    PID     TID STAT %CPU %MEM COMMAND
     38      38 SNl   0.0  0.1 agent-leak-app-
     38     120 SNl   0.0  0.1 agent-leak-app-
     38     121 SNl   0.0  0.1 agent-leak-app-

[2026-06-04 06:29:45]
    PID     TID STAT %CPU %MEM COMMAND
     38      38 SNl   0.0  0.1 agent-leak-app-
     38     120 SNl   0.0  0.1 agent-leak-app-
     38     121 SNl   0.0  0.1 agent-leak-app-

[2026-06-04 06:29:46]
    PID     TID STAT %CPU %MEM COMMAND
     38      38 SNl   0.0  0.1 agent-leak-app-
     38     120 SNl   0.0  0.1 agent-leak-app-
     38     121 SNl   0.0  0.1 agent-leak-app-

[2026-06-04 06:29:47]
    PID     TID STAT %CPU %MEM COMMAND
     38      38 SNl   0.0  0.1 agent-leak-app-
     38     120 SNl   0.0  0.1 agent-leak-app-
     38     121 SNl   0.0  0.1 agent-leak-app-

[2026-06-04 06:29:48]
    PID     TID STAT %CPU %MEM COMMAND
     38      38 SNl   0.0  0.1 agent-leak-app-
     38     120 SNl   0.0  0.1 agent-leak-app-
     38     121 SNl   0.0  0.1 agent-leak-app-

[2026-06-04 06:29:50]
    PID     TID STAT %CPU %MEM COMMAND
     38      38 SNl   0.0  0.1 agent-leak-app-
     38     120 SNl   0.0  0.1 agent-leak-app-
     38     121 SNl   0.0  0.1 agent-leak-app-

[2026-06-04 06:29:51]
    PID     TID STAT %CPU %MEM COMMAND
     38      38 SNl   0.0  0.1 agent-leak-app-
     38     120 SNl   0.0  0.1 agent-leak-app-
     38     121 SNl   0.0  0.1 agent-leak-app-

[2026-06-04 06:29:52]
    PID     TID STAT %CPU %MEM COMMAND
     38      38 SNl   0.0  0.1 agent-leak-app-
     38     120 SNl   0.0  0.1 agent-leak-app-
     38     121 SNl   0.0  0.1 agent-leak-app-

[2026-06-04 06:29:53]
    PID     TID STAT %CPU %MEM COMMAND
     38      38 SNl   0.0  0.1 agent-leak-app-
     38     120 SNl   0.0  0.1 agent-leak-app-
     38     121 SNl   0.0  0.1 agent-leak-app-

[2026-06-04 06:29:55]
    PID     TID STAT %CPU %MEM COMMAND
     38      38 SNl   0.0  0.1 agent-leak-app-
     38     120 SNl   0.0  0.1 agent-leak-app-
     38     121 SNl   0.0  0.1 agent-leak-app-

[2026-06-04 06:29:56]
    PID     TID STAT %CPU %MEM COMMAND
     38      38 SNl   0.0  0.1 agent-leak-app-
     38     120 SNl   0.0  0.1 agent-leak-app-
     38     121 SNl   0.0  0.1 agent-leak-app-

[2026-06-04 06:29:57]
    PID     TID STAT %CPU %MEM COMMAND
     38      38 SNl   0.0  0.1 agent-leak-app-
     38     120 SNl   0.0  0.1 agent-leak-app-
     38     121 SNl   0.0  0.1 agent-leak-app-

[2026-06-04 06:29:58]
    PID     TID STAT %CPU %MEM COMMAND
     38      38 SNl   0.0  0.1 agent-leak-app-
     38     120 SNl   0.0  0.1 agent-leak-app-
     38     121 SNl   0.0  0.1 agent-leak-app-

[2026-06-04 06:29:59]
    PID     TID STAT %CPU %MEM COMMAND
     38      38 SNl   0.0  0.1 agent-leak-app-
     38     120 SNl   0.0  0.1 agent-leak-app-
     38     121 SNl   0.0  0.1 agent-leak-app-

[2026-06-04 06:30:01]
    PID     TID STAT %CPU %MEM COMMAND
     38      38 SNl   0.0  0.1 agent-leak-app-
     38     120 SNl   0.0  0.1 agent-leak-app-
     38     121 SNl   0.0  0.1 agent-leak-app-

[2026-06-04 06:30:02]
    PID     TID STAT %CPU %MEM COMMAND
     38      38 SNl   0.0  0.1 agent-leak-app-
     38     120 SNl   0.0  0.1 agent-leak-app-
     38     121 SNl   0.0  0.1 agent-leak-app-

[2026-06-04 06:30:03]
    PID     TID STAT %CPU %MEM COMMAND
     38      38 SNl   0.0  0.1 agent-leak-app-
     38     120 SNl   0.0  0.1 agent-leak-app-
     38     121 SNl   0.0  0.1 agent-leak-app-

[2026-06-04 06:30:04]
    PID     TID STAT %CPU %MEM COMMAND
     38      38 SNl   0.0  0.1 agent-leak-app-
     38     120 SNl   0.0  0.1 agent-leak-app-
     38     121 SNl   0.0  0.1 agent-leak-app-

[2026-06-04 06:30:05]
    PID     TID STAT %CPU %MEM COMMAND
     38      38 SNl   0.0  0.1 agent-leak-app-
     38     120 SNl   0.0  0.1 agent-leak-app-
     38     121 SNl   0.0  0.1 agent-leak-app-

[2026-06-04 06:30:07]
    PID     TID STAT %CPU %MEM COMMAND
     38      38 SNl   0.0  0.1 agent-leak-app-
     38     120 SNl   0.0  0.1 agent-leak-app-
     38     121 SNl   0.0  0.1 agent-leak-app-

[2026-06-04 06:30:08]
    PID     TID STAT %CPU %MEM COMMAND
     38      38 SNl   0.0  0.1 agent-leak-app-
     38     120 SNl   0.0  0.1 agent-leak-app-
     38     121 SNl   0.0  0.1 agent-leak-app-

[2026-06-04 06:30:09]
    PID     TID STAT %CPU %MEM COMMAND
     38      38 SNl   0.0  0.1 agent-leak-app-
     38     120 SNl   0.0  0.1 agent-leak-app-
     38     121 SNl   0.0  0.1 agent-leak-app-

[2026-06-04 06:30:10]
    PID     TID STAT %CPU %MEM COMMAND
     38      38 SNl   0.0  0.1 agent-leak-app-
     38     120 SNl   0.0  0.1 agent-leak-app-
     38     121 SNl   0.0  0.1 agent-leak-app-

