[2026-06-04 06:28:41]
top - 06:28:42 up  1:33,  0 user,  load average: 0.16, 0.28, 0.30
Tasks:   1 total,   0 running,   1 sleeping,   0 stopped,   0 zombie
%Cpu(s):  0.0 us,  1.0 sy,  0.0 ni, 99.0 id,  0.0 wa,  0.0 hi,  0.0 si,  0.0 st 
MiB Mem :   7993.6 total,   4583.8 free,   2978.1 used,    827.5 buff/cache     
MiB Swap:   9017.6 total,   9017.6 free,      0.0 used.   5015.5 avail Mem 

    PID USER      PR  NI    VIRT    RES    SHR S  %CPU  %MEM     TIME+ COMMAND
     38 agent     30  10   22288  17108   8620 S   0.0   0.2   0:00.03 agent-l+

[2026-06-04 06:28:43]
top - 06:28:43 up  1:33,  0 user,  load average: 0.16, 0.28, 0.30
Tasks:   1 total,   0 running,   1 sleeping,   0 stopped,   0 zombie
%Cpu(s):  2.9 us,  1.0 sy,  0.0 ni, 96.1 id,  0.0 wa,  0.0 hi,  0.0 si,  0.0 st 
MiB Mem :   7993.6 total,   4598.9 free,   2963.0 used,    827.5 buff/cache     
MiB Swap:   9017.6 total,   9017.6 free,      0.0 used.   5030.6 avail Mem 

    PID USER      PR  NI    VIRT    RES    SHR S  %CPU  %MEM     TIME+ COMMAND
     38 agent     30  10   22288  17108   8620 S   0.0   0.2   0:00.03 agent-l+

[2026-06-04 06:28:44]
top - 06:28:44 up  1:33,  0 user,  load average: 0.16, 0.28, 0.30
Tasks:   1 total,   0 running,   1 sleeping,   0 stopped,   0 zombie
%Cpu(s):  0.0 us,  0.0 sy,  0.0 ni,100.0 id,  0.0 wa,  0.0 hi,  0.0 si,  0.0 st 
MiB Mem :   7993.6 total,   4605.5 free,   2956.3 used,    827.5 buff/cache     
MiB Swap:   9017.6 total,   9017.6 free,      0.0 used.   5037.2 avail Mem 

    PID USER      PR  NI    VIRT    RES    SHR S  %CPU  %MEM     TIME+ COMMAND
     38 agent     30  10   22288  17108   8620 S   0.0   0.2   0:00.03 agent-l+

[2026-06-04 06:28:45]
top - 06:28:45 up  1:33,  0 user,  load average: 0.16, 0.28, 0.30
Tasks:   1 total,   0 running,   1 sleeping,   0 stopped,   0 zombie
%Cpu(s):  0.0 us,  0.0 sy,  0.0 ni,100.0 id,  0.0 wa,  0.0 hi,  0.0 si,  0.0 st 
MiB Mem :   7993.6 total,   4599.0 free,   2955.9 used,    834.4 buff/cache     
MiB Swap:   9017.6 total,   9017.6 free,      0.0 used.   5037.7 avail Mem 

    PID USER      PR  NI    VIRT    RES    SHR S  %CPU  %MEM     TIME+ COMMAND
     38 agent     30  10   22288  17108   8620 S   0.0   0.2   0:00.03 agent-l+

[2026-06-04 06:28:46]
top - 06:28:46 up  1:33,  0 user,  load average: 0.15, 0.28, 0.29
Tasks:   1 total,   0 running,   1 sleeping,   0 stopped,   0 zombie
%Cpu(s):  3.0 us,  0.0 sy,  0.0 ni, 96.0 id,  0.0 wa,  0.0 hi,  1.0 si,  0.0 st 
MiB Mem :   7993.6 total,   4597.4 free,   2957.5 used,    834.4 buff/cache     
MiB Swap:   9017.6 total,   9017.6 free,      0.0 used.   5036.0 avail Mem 

    PID USER      PR  NI    VIRT    RES    SHR S  %CPU  %MEM     TIME+ COMMAND
     38 agent     30  10   22288  17108   8620 S   0.0   0.2   0:00.03 agent-l+

[2026-06-04 06:28:48]
top - 06:28:48 up  1:33,  0 user,  load average: 0.15, 0.28, 0.29
Tasks:   1 total,   0 running,   1 sleeping,   0 stopped,   0 zombie
%Cpu(s):  3.8 us,  1.9 sy,  0.0 ni, 92.4 id,  1.0 wa,  0.0 hi,  1.0 si,  0.0 st 
MiB Mem :   7993.6 total,   4592.2 free,   2962.7 used,    834.5 buff/cache     
MiB Swap:   9017.6 total,   9017.6 free,      0.0 used.   5030.9 avail Mem 

    PID USER      PR  NI    VIRT    RES    SHR S  %CPU  %MEM     TIME+ COMMAND
     38 agent     30  10   22288  17108   8620 S   0.0   0.2   0:00.03 agent-l+

[2026-06-04 06:28:49]
top - 06:28:49 up  1:33,  0 user,  load average: 0.15, 0.28, 0.29
Tasks:   1 total,   0 running,   1 sleeping,   0 stopped,   0 zombie
%Cpu(s):  0.0 us,  0.0 sy,  0.0 ni,100.0 id,  0.0 wa,  0.0 hi,  0.0 si,  0.0 st 
MiB Mem :   7993.6 total,   4593.9 free,   2961.0 used,    834.5 buff/cache     
MiB Swap:   9017.6 total,   9017.6 free,      0.0 used.   5032.6 avail Mem 

    PID USER      PR  NI    VIRT    RES    SHR S  %CPU  %MEM     TIME+ COMMAND
     38 agent     30  10  169872  17196   8620 S   0.0   0.2   0:00.04 agent-l+

[2026-06-04 06:28:50]
top - 06:28:50 up  1:33,  0 user,  load average: 0.15, 0.28, 0.29
Tasks:   1 total,   0 running,   1 sleeping,   0 stopped,   0 zombie
%Cpu(s):  0.0 us,  1.9 sy,  0.0 ni, 97.1 id,  1.0 wa,  0.0 hi,  0.0 si,  0.0 st 
MiB Mem :   7993.6 total,   4707.7 free,   2969.1 used,    712.6 buff/cache     
MiB Swap:   9017.6 total,   9017.6 free,      0.0 used.   5024.4 avail Mem 

    PID USER      PR  NI    VIRT    RES    SHR S  %CPU  %MEM     TIME+ COMMAND
     38 agent     30  10  169872  17132   8556 S   0.0   0.2   0:00.04 agent-l+

[2026-06-04 06:28:51]
top - 06:28:51 up  1:33,  0 user,  load average: 0.14, 0.27, 0.29
Tasks:   1 total,   0 running,   1 sleeping,   0 stopped,   0 zombie
%Cpu(s):  1.0 us,  0.0 sy,  0.0 ni, 99.0 id,  0.0 wa,  0.0 hi,  0.0 si,  0.0 st 
MiB Mem :   7993.6 total,   4692.8 free,   2976.8 used,    719.7 buff/cache     
MiB Swap:   9017.6 total,   9017.6 free,      0.0 used.   5016.8 avail Mem 

    PID USER      PR  NI    VIRT    RES    SHR S  %CPU  %MEM     TIME+ COMMAND
     38 agent     30  10  169872  17132   8556 S   0.0   0.2   0:00.04 agent-l+

[2026-06-04 06:28:52]
top - 06:28:53 up  1:33,  0 user,  load average: 0.14, 0.27, 0.29
Tasks:   1 total,   0 running,   1 sleeping,   0 stopped,   0 zombie
%Cpu(s):  0.0 us,  0.0 sy,  0.0 ni,100.0 id,  0.0 wa,  0.0 hi,  0.0 si,  0.0 st 
MiB Mem :   7993.6 total,   4684.4 free,   2972.2 used,    732.8 buff/cache     
MiB Swap:   9017.6 total,   9017.6 free,      0.0 used.   5021.4 avail Mem 

    PID USER      PR  NI    VIRT    RES    SHR S  %CPU  %MEM     TIME+ COMMAND
     38 agent     30  10  169872  17132   8556 S   0.0   0.2   0:00.04 agent-l+

[2026-06-04 06:28:54]
top - 06:28:54 up  1:33,  0 user,  load average: 0.14, 0.27, 0.29
Tasks:   1 total,   0 running,   1 sleeping,   0 stopped,   0 zombie
%Cpu(s):  0.0 us,  0.0 sy,  0.0 ni, 99.0 id,  1.0 wa,  0.0 hi,  0.0 si,  0.0 st 
MiB Mem :   7993.6 total,   4656.8 free,   2972.1 used,    760.4 buff/cache     
MiB Swap:   9017.6 total,   9017.6 free,      0.0 used.   5021.4 avail Mem 

    PID USER      PR  NI    VIRT    RES    SHR S  %CPU  %MEM     TIME+ COMMAND
     38 agent     30  10  169872  17132   8556 S   0.0   0.2   0:00.04 agent-l+

[2026-06-04 06:28:55]
top - 06:28:55 up  1:33,  0 user,  load average: 0.14, 0.27, 0.29
Tasks:   1 total,   0 running,   1 sleeping,   0 stopped,   0 zombie
%Cpu(s):  0.0 us,  0.0 sy,  0.0 ni,100.0 id,  0.0 wa,  0.0 hi,  0.0 si,  0.0 st 
MiB Mem :   7993.6 total,   4615.9 free,   2971.0 used,    802.5 buff/cache     
MiB Swap:   9017.6 total,   9017.6 free,      0.0 used.   5022.5 avail Mem 

    PID USER      PR  NI    VIRT    RES    SHR S  %CPU  %MEM     TIME+ COMMAND
     38 agent     30  10  169872  17132   8556 S   0.0   0.2   0:00.04 agent-l+

[2026-06-04 06:28:56]
top - 06:28:56 up  1:33,  0 user,  load average: 0.13, 0.27, 0.29
Tasks:   1 total,   0 running,   1 sleeping,   0 stopped,   0 zombie
%Cpu(s):  0.0 us,  0.0 sy,  0.0 ni,100.0 id,  0.0 wa,  0.0 hi,  0.0 si,  0.0 st 
MiB Mem :   7993.6 total,   4611.6 free,   2975.2 used,    802.6 buff/cache     
MiB Swap:   9017.6 total,   9017.6 free,      0.0 used.   5018.3 avail Mem 

    PID USER      PR  NI    VIRT    RES    SHR S  %CPU  %MEM     TIME+ COMMAND
     38 agent     30  10  169872  17132   8556 S   0.0   0.2   0:00.04 agent-l+

[2026-06-04 06:28:57]
top - 06:28:57 up  1:33,  0 user,  load average: 0.13, 0.27, 0.29
Tasks:   1 total,   0 running,   1 sleeping,   0 stopped,   0 zombie
%Cpu(s):  2.9 us,  1.0 sy,  0.0 ni, 96.2 id,  0.0 wa,  0.0 hi,  0.0 si,  0.0 st 
MiB Mem :   7993.6 total,   4616.3 free,   2970.5 used,    802.6 buff/cache     
MiB Swap:   9017.6 total,   9017.6 free,      0.0 used.   5023.0 avail Mem 

    PID USER      PR  NI    VIRT    RES    SHR S  %CPU  %MEM     TIME+ COMMAND
     38 agent     30  10  169872  17132   8556 S   0.0   0.2   0:00.04 agent-l+

[2026-06-04 06:28:58]
top - 06:28:59 up  1:33,  0 user,  load average: 0.13, 0.27, 0.29
Tasks:   1 total,   0 running,   1 sleeping,   0 stopped,   0 zombie
%Cpu(s):  0.0 us,  0.0 sy,  0.0 ni,100.0 id,  0.0 wa,  0.0 hi,  0.0 si,  0.0 st 
MiB Mem :   7993.6 total,   4614.7 free,   2967.1 used,    807.6 buff/cache     
MiB Swap:   9017.6 total,   9017.6 free,      0.0 used.   5026.4 avail Mem 

    PID USER      PR  NI    VIRT    RES    SHR S  %CPU  %MEM     TIME+ COMMAND
     38 agent     30  10  169872  17132   8556 S   0.0   0.2   0:00.04 agent-l+

[2026-06-04 06:29:00]
top - 06:29:00 up  1:34,  0 user,  load average: 0.13, 0.27, 0.29
Tasks:   1 total,   0 running,   1 sleeping,   0 stopped,   0 zombie
%Cpu(s):  0.0 us,  0.0 sy,  0.0 ni,100.0 id,  0.0 wa,  0.0 hi,  0.0 si,  0.0 st 
MiB Mem :   7993.6 total,   4612.5 free,   2969.3 used,    807.6 buff/cache     
MiB Swap:   9017.6 total,   9017.6 free,      0.0 used.   5024.3 avail Mem 

    PID USER      PR  NI    VIRT    RES    SHR S  %CPU  %MEM     TIME+ COMMAND
     38 agent     30  10  169872  17132   8556 S   0.0   0.2   0:00.04 agent-l+

[2026-06-04 06:29:01]
top - 06:29:01 up  1:34,  0 user,  load average: 0.20, 0.28, 0.29
Tasks:   1 total,   0 running,   1 sleeping,   0 stopped,   0 zombie
%Cpu(s):  0.0 us,  0.0 sy,  0.0 ni,100.0 id,  0.0 wa,  0.0 hi,  0.0 si,  0.0 st 
MiB Mem :   7993.6 total,   4609.2 free,   2972.5 used,    807.7 buff/cache     
MiB Swap:   9017.6 total,   9017.6 free,      0.0 used.   5021.0 avail Mem 

    PID USER      PR  NI    VIRT    RES    SHR S  %CPU  %MEM     TIME+ COMMAND
     38 agent     30  10  169872  17132   8556 S   0.0   0.2   0:00.04 agent-l+

[2026-06-04 06:29:02]
top - 06:29:02 up  1:34,  0 user,  load average: 0.20, 0.28, 0.29
Tasks:   1 total,   0 running,   1 sleeping,   0 stopped,   0 zombie
%Cpu(s):  2.0 us,  1.0 sy,  0.0 ni, 96.1 id,  1.0 wa,  0.0 hi,  0.0 si,  0.0 st 
MiB Mem :   7993.6 total,   4605.6 free,   2976.1 used,    807.7 buff/cache     
MiB Swap:   9017.6 total,   9017.6 free,      0.0 used.   5017.5 avail Mem 

    PID USER      PR  NI    VIRT    RES    SHR S  %CPU  %MEM     TIME+ COMMAND
     38 agent     30  10  169872  17132   8556 S   0.0   0.2   0:00.04 agent-l+

[2026-06-04 06:29:03]
top - 06:29:04 up  1:34,  0 user,  load average: 0.20, 0.28, 0.29
Tasks:   1 total,   0 running,   1 sleeping,   0 stopped,   0 zombie
%Cpu(s):  2.9 us,  1.0 sy,  0.0 ni, 95.1 id,  0.0 wa,  0.0 hi,  1.0 si,  0.0 st 
MiB Mem :   7993.6 total,   4615.2 free,   2966.4 used,    807.7 buff/cache     
MiB Swap:   9017.6 total,   9017.6 free,      0.0 used.   5027.1 avail Mem 

    PID USER      PR  NI    VIRT    RES    SHR S  %CPU  %MEM     TIME+ COMMAND
     38 agent     30  10  169872  17132   8556 S   0.0   0.2   0:00.04 agent-l+

[2026-06-04 06:29:05]
top - 06:29:05 up  1:34,  0 user,  load average: 0.20, 0.28, 0.29
Tasks:   1 total,   0 running,   1 sleeping,   0 stopped,   0 zombie
%Cpu(s):  1.0 us,  0.0 sy,  0.0 ni, 99.0 id,  0.0 wa,  0.0 hi,  0.0 si,  0.0 st 
MiB Mem :   7993.6 total,   4623.3 free,   2953.8 used,    812.3 buff/cache     
MiB Swap:   9017.6 total,   9017.6 free,      0.0 used.   5039.8 avail Mem 

    PID USER      PR  NI    VIRT    RES    SHR S  %CPU  %MEM     TIME+ COMMAND
     38 agent     30  10  169872  17132   8556 S   0.0   0.2   0:00.04 agent-l+

[2026-06-04 06:29:06]
top - 06:29:06 up  1:34,  0 user,  load average: 0.18, 0.28, 0.29
Tasks:   1 total,   0 running,   1 sleeping,   0 stopped,   0 zombie
%Cpu(s):  0.0 us,  0.0 sy,  0.0 ni, 99.0 id,  0.0 wa,  0.0 hi,  1.0 si,  0.0 st 
MiB Mem :   7993.6 total,   4614.7 free,   2958.4 used,    816.4 buff/cache     
MiB Swap:   9017.6 total,   9017.6 free,      0.0 used.   5035.2 avail Mem 

    PID USER      PR  NI    VIRT    RES    SHR S  %CPU  %MEM     TIME+ COMMAND
     38 agent     30  10  169872  17132   8556 S   0.0   0.2   0:00.04 agent-l+

[2026-06-04 06:29:07]
top - 06:29:07 up  1:34,  0 user,  load average: 0.18, 0.28, 0.29
Tasks:   1 total,   0 running,   1 sleeping,   0 stopped,   0 zombie
%Cpu(s):  0.0 us,  0.0 sy,  0.0 ni,100.0 id,  0.0 wa,  0.0 hi,  0.0 si,  0.0 st 
MiB Mem :   7993.6 total,   4611.3 free,   2961.5 used,    816.5 buff/cache     
MiB Swap:   9017.6 total,   9017.6 free,      0.0 used.   5032.0 avail Mem 

    PID USER      PR  NI    VIRT    RES    SHR S  %CPU  %MEM     TIME+ COMMAND
     38 agent     30  10  169872  17132   8556 S   0.0   0.2   0:00.04 agent-l+

[2026-06-04 06:29:08]
top - 06:29:09 up  1:34,  0 user,  load average: 0.18, 0.28, 0.29
Tasks:   1 total,   0 running,   1 sleeping,   0 stopped,   0 zombie
%Cpu(s):  0.9 us,  0.0 sy,  0.0 ni, 99.1 id,  0.0 wa,  0.0 hi,  0.0 si,  0.0 st 
MiB Mem :   7993.6 total,   4602.4 free,   2970.5 used,    816.6 buff/cache     
MiB Swap:   9017.6 total,   9017.6 free,      0.0 used.   5023.1 avail Mem 

    PID USER      PR  NI    VIRT    RES    SHR S  %CPU  %MEM     TIME+ COMMAND
     38 agent     30  10  169872  17132   8556 S   0.0   0.2   0:00.04 agent-l+

[2026-06-04 06:29:10]
top - 06:29:10 up  1:34,  0 user,  load average: 0.18, 0.28, 0.29
Tasks:   1 total,   0 running,   1 sleeping,   0 stopped,   0 zombie
%Cpu(s):  1.0 us,  1.0 sy,  0.0 ni, 98.1 id,  0.0 wa,  0.0 hi,  0.0 si,  0.0 st 
MiB Mem :   7993.6 total,   4600.0 free,   2972.8 used,    816.6 buff/cache     
MiB Swap:   9017.6 total,   9017.6 free,      0.0 used.   5020.7 avail Mem 

    PID USER      PR  NI    VIRT    RES    SHR S  %CPU  %MEM     TIME+ COMMAND
     38 agent     30  10  169872  17132   8556 S   0.0   0.2   0:00.04 agent-l+

[2026-06-04 06:29:11]
top - 06:29:11 up  1:34,  0 user,  load average: 0.17, 0.27, 0.29
Tasks:   1 total,   0 running,   1 sleeping,   0 stopped,   0 zombie
%Cpu(s):  1.0 us,  0.0 sy,  0.0 ni, 99.0 id,  0.0 wa,  0.0 hi,  0.0 si,  0.0 st 
MiB Mem :   7993.6 total,   4596.8 free,   2975.8 used,    816.7 buff/cache     
MiB Swap:   9017.6 total,   9017.6 free,      0.0 used.   5017.7 avail Mem 

    PID USER      PR  NI    VIRT    RES    SHR S  %CPU  %MEM     TIME+ COMMAND
     38 agent     30  10  169872  17132   8556 S   0.0   0.2   0:00.04 agent-l+

[2026-06-04 06:29:12]
top - 06:29:12 up  1:34,  0 user,  load average: 0.17, 0.27, 0.29
Tasks:   1 total,   0 running,   1 sleeping,   0 stopped,   0 zombie
%Cpu(s):  0.0 us,  1.0 sy,  0.0 ni, 96.2 id,  2.9 wa,  0.0 hi,  0.0 si,  0.0 st 
MiB Mem :   7993.6 total,   4595.1 free,   2976.2 used,    818.0 buff/cache     
MiB Swap:   9017.6 total,   9017.6 free,      0.0 used.   5017.3 avail Mem 

    PID USER      PR  NI    VIRT    RES    SHR S  %CPU  %MEM     TIME+ COMMAND
     38 agent     30  10  169872  17132   8556 S   0.0   0.2   0:00.04 agent-l+

[2026-06-04 06:29:13]
top - 06:29:13 up  1:34,  0 user,  load average: 0.17, 0.27, 0.29
Tasks:   1 total,   0 running,   1 sleeping,   0 stopped,   0 zombie
%Cpu(s):  0.0 us,  0.9 sy,  0.0 ni, 99.1 id,  0.0 wa,  0.0 hi,  0.0 si,  0.0 st 
MiB Mem :   7993.6 total,   4596.7 free,   2974.6 used,    818.0 buff/cache     
MiB Swap:   9017.6 total,   9017.6 free,      0.0 used.   5019.0 avail Mem 

    PID USER      PR  NI    VIRT    RES    SHR S  %CPU  %MEM     TIME+ COMMAND
     38 agent     30  10  169872  17132   8556 S   0.0   0.2   0:00.04 agent-l+

[2026-06-04 06:29:14]
top - 06:29:15 up  1:34,  0 user,  load average: 0.17, 0.27, 0.29
Tasks:   1 total,   0 running,   1 sleeping,   0 stopped,   0 zombie
%Cpu(s):  6.0 us,  3.0 sy,  0.0 ni, 90.0 id,  0.0 wa,  0.0 hi,  1.0 si,  0.0 st 
MiB Mem :   7993.6 total,   4617.1 free,   2954.0 used,    818.3 buff/cache     
MiB Swap:   9017.6 total,   9017.6 free,      0.0 used.   5039.6 avail Mem 

    PID USER      PR  NI    VIRT    RES    SHR S  %CPU  %MEM     TIME+ COMMAND
     38 agent     30  10  169872  17132   8556 S   0.0   0.2   0:00.04 agent-l+

[2026-06-04 06:29:16]
top - 06:29:16 up  1:34,  0 user,  load average: 0.15, 0.27, 0.29
Tasks:   1 total,   0 running,   1 sleeping,   0 stopped,   0 zombie
%Cpu(s):  0.0 us,  0.0 sy,  0.0 ni,100.0 id,  0.0 wa,  0.0 hi,  0.0 si,  0.0 st 
MiB Mem :   7993.6 total,   4610.2 free,   2960.8 used,    818.3 buff/cache     
MiB Swap:   9017.6 total,   9017.6 free,      0.0 used.   5032.7 avail Mem 

    PID USER      PR  NI    VIRT    RES    SHR S  %CPU  %MEM     TIME+ COMMAND
     38 agent     30  10  169872  17132   8556 S   0.0   0.2   0:00.04 agent-l+

[2026-06-04 06:29:17]
top - 06:29:17 up  1:34,  0 user,  load average: 0.15, 0.27, 0.29
Tasks:   1 total,   0 running,   1 sleeping,   0 stopped,   0 zombie
%Cpu(s):  0.0 us,  0.0 sy,  0.0 ni,100.0 id,  0.0 wa,  0.0 hi,  0.0 si,  0.0 st 
MiB Mem :   7993.6 total,   4609.3 free,   2961.6 used,    818.5 buff/cache     
MiB Swap:   9017.6 total,   9017.6 free,      0.0 used.   5032.0 avail Mem 

    PID USER      PR  NI    VIRT    RES    SHR S  %CPU  %MEM     TIME+ COMMAND
     38 agent     30  10  169872  17132   8556 S   0.0   0.2   0:00.04 agent-l+

[2026-06-04 06:29:18]
top - 06:29:18 up  1:34,  0 user,  load average: 0.15, 0.27, 0.29
Tasks:   1 total,   0 running,   1 sleeping,   0 stopped,   0 zombie
%Cpu(s):  7.8 us,  2.9 sy,  0.0 ni, 89.2 id,  0.0 wa,  0.0 hi,  0.0 si,  0.0 st 
MiB Mem :   7993.6 total,   4589.8 free,   2981.0 used,    818.6 buff/cache     
MiB Swap:   9017.6 total,   9017.6 free,      0.0 used.   5012.6 avail Mem 

    PID USER      PR  NI    VIRT    RES    SHR S  %CPU  %MEM     TIME+ COMMAND
     38 agent     30  10  169872  17132   8556 S   0.0   0.2   0:00.04 agent-l+

[2026-06-04 06:29:19]
top - 06:29:19 up  1:34,  0 user,  load average: 0.15, 0.27, 0.29
Tasks:   1 total,   0 running,   1 sleeping,   0 stopped,   0 zombie
%Cpu(s):  0.0 us,  0.0 sy,  0.0 ni,100.0 id,  0.0 wa,  0.0 hi,  0.0 si,  0.0 st 
MiB Mem :   7993.6 total,   4602.5 free,   2968.3 used,    818.6 buff/cache     
MiB Swap:   9017.6 total,   9017.6 free,      0.0 used.   5025.3 avail Mem 

    PID USER      PR  NI    VIRT    RES    SHR S  %CPU  %MEM     TIME+ COMMAND
     38 agent     30  10  169872  17132   8556 S   0.0   0.2   0:00.04 agent-l+

[2026-06-04 06:29:20]
top - 06:29:21 up  1:34,  0 user,  load average: 0.15, 0.27, 0.29
Tasks:   1 total,   0 running,   1 sleeping,   0 stopped,   0 zombie
%Cpu(s):  0.0 us,  0.0 sy,  0.0 ni,100.0 id,  0.0 wa,  0.0 hi,  0.0 si,  0.0 st 
MiB Mem :   7993.6 total,   4599.6 free,   2971.2 used,    818.6 buff/cache     
MiB Swap:   9017.6 total,   9017.6 free,      0.0 used.   5022.4 avail Mem 

    PID USER      PR  NI    VIRT    RES    SHR S  %CPU  %MEM     TIME+ COMMAND
     38 agent     30  10  169872  17132   8556 S   0.0   0.2   0:00.04 agent-l+

[2026-06-04 06:29:22]
top - 06:29:22 up  1:34,  0 user,  load average: 0.14, 0.26, 0.29
Tasks:   1 total,   0 running,   1 sleeping,   0 stopped,   0 zombie
%Cpu(s):  1.0 us,  1.0 sy,  0.0 ni, 98.1 id,  0.0 wa,  0.0 hi,  0.0 si,  0.0 st 
MiB Mem :   7993.6 total,   4596.5 free,   2974.2 used,    818.6 buff/cache     
MiB Swap:   9017.6 total,   9017.6 free,      0.0 used.   5019.3 avail Mem 

    PID USER      PR  NI    VIRT    RES    SHR S  %CPU  %MEM     TIME+ COMMAND
     38 agent     30  10  169872  17132   8556 S   0.0   0.2   0:00.04 agent-l+

[2026-06-04 06:29:23]
top - 06:29:23 up  1:34,  0 user,  load average: 0.14, 0.26, 0.29
Tasks:   1 total,   0 running,   1 sleeping,   0 stopped,   0 zombie
%Cpu(s):  1.0 us,  1.0 sy,  0.0 ni, 98.0 id,  0.0 wa,  0.0 hi,  0.0 si,  0.0 st 
MiB Mem :   7993.6 total,   4593.2 free,   2977.5 used,    818.6 buff/cache     
MiB Swap:   9017.6 total,   9017.6 free,      0.0 used.   5016.0 avail Mem 

    PID USER      PR  NI    VIRT    RES    SHR S  %CPU  %MEM     TIME+ COMMAND
     38 agent     30  10  169872  17132   8556 S   0.0   0.2   0:00.04 agent-l+

[2026-06-04 06:29:24]
top - 06:29:24 up  1:34,  0 user,  load average: 0.14, 0.26, 0.29
Tasks:   1 total,   0 running,   1 sleeping,   0 stopped,   0 zombie
%Cpu(s):  0.0 us,  0.0 sy,  0.0 ni,100.0 id,  0.0 wa,  0.0 hi,  0.0 si,  0.0 st 
MiB Mem :   7993.6 total,   4611.6 free,   2959.1 used,    818.7 buff/cache     
MiB Swap:   9017.6 total,   9017.6 free,      0.0 used.   5034.4 avail Mem 

    PID USER      PR  NI    VIRT    RES    SHR S  %CPU  %MEM     TIME+ COMMAND
     38 agent     30  10  169872  17132   8556 S   0.0   0.2   0:00.04 agent-l+

[2026-06-04 06:29:25]
top - 06:29:26 up  1:34,  0 user,  load average: 0.14, 0.26, 0.29
Tasks:   1 total,   0 running,   1 sleeping,   0 stopped,   0 zombie
%Cpu(s):  0.0 us,  0.0 sy,  0.0 ni,100.0 id,  0.0 wa,  0.0 hi,  0.0 si,  0.0 st 
MiB Mem :   7993.6 total,   4584.4 free,   2966.3 used,    838.7 buff/cache     
MiB Swap:   9017.6 total,   9017.6 free,      0.0 used.   5027.2 avail Mem 

    PID USER      PR  NI    VIRT    RES    SHR S  %CPU  %MEM     TIME+ COMMAND
     38 agent     30  10  169872  17132   8556 S   0.0   0.2   0:00.04 agent-l+

[2026-06-04 06:29:27]
top - 06:29:27 up  1:34,  0 user,  load average: 0.13, 0.26, 0.28
Tasks:   1 total,   0 running,   1 sleeping,   0 stopped,   0 zombie
%Cpu(s):  1.0 us,  0.0 sy,  0.0 ni, 99.0 id,  0.0 wa,  0.0 hi,  0.0 si,  0.0 st 
MiB Mem :   7993.6 total,   4580.8 free,   2969.8 used,    838.7 buff/cache     
MiB Swap:   9017.6 total,   9017.6 free,      0.0 used.   5023.7 avail Mem 

    PID USER      PR  NI    VIRT    RES    SHR S  %CPU  %MEM     TIME+ COMMAND
     38 agent     30  10  169872  17132   8556 S   0.0   0.2   0:00.04 agent-l+

[2026-06-04 06:29:28]
top - 06:29:28 up  1:34,  0 user,  load average: 0.13, 0.26, 0.28
Tasks:   1 total,   0 running,   1 sleeping,   0 stopped,   0 zombie
%Cpu(s):  5.6 us,  1.9 sy,  0.0 ni, 92.5 id,  0.0 wa,  0.0 hi,  0.0 si,  0.0 st 
MiB Mem :   7993.6 total,   4583.8 free,   2966.8 used,    838.8 buff/cache     
MiB Swap:   9017.6 total,   9017.6 free,      0.0 used.   5026.7 avail Mem 

    PID USER      PR  NI    VIRT    RES    SHR S  %CPU  %MEM     TIME+ COMMAND
     38 agent     30  10  169872  17132   8556 S   0.0   0.2   0:00.04 agent-l+

[2026-06-04 06:29:29]
top - 06:29:29 up  1:34,  0 user,  load average: 0.13, 0.26, 0.28
Tasks:   1 total,   0 running,   1 sleeping,   0 stopped,   0 zombie
%Cpu(s):  0.0 us,  0.0 sy,  0.0 ni,100.0 id,  0.0 wa,  0.0 hi,  0.0 si,  0.0 st 
MiB Mem :   7993.6 total,   4576.6 free,   2970.5 used,    842.3 buff/cache     
MiB Swap:   9017.6 total,   9017.6 free,      0.0 used.   5023.1 avail Mem 

    PID USER      PR  NI    VIRT    RES    SHR S  %CPU  %MEM     TIME+ COMMAND
     38 agent     30  10  169872  17132   8556 S   0.0   0.2   0:00.04 agent-l+

[2026-06-04 06:29:30]
top - 06:29:30 up  1:34,  0 user,  load average: 0.13, 0.26, 0.28
Tasks:   1 total,   0 running,   1 sleeping,   0 stopped,   0 zombie
%Cpu(s):  0.0 us,  0.0 sy,  0.0 ni,100.0 id,  0.0 wa,  0.0 hi,  0.0 si,  0.0 st 
MiB Mem :   7993.6 total,   4573.2 free,   2973.8 used,    842.4 buff/cache     
MiB Swap:   9017.6 total,   9017.6 free,      0.0 used.   5019.8 avail Mem 

    PID USER      PR  NI    VIRT    RES    SHR S  %CPU  %MEM     TIME+ COMMAND
     38 agent     30  10  169872  17132   8556 S   0.0   0.2   0:00.04 agent-l+

[2026-06-04 06:29:31]
top - 06:29:32 up  1:34,  0 user,  load average: 0.12, 0.25, 0.28
Tasks:   1 total,   0 running,   1 sleeping,   0 stopped,   0 zombie
%Cpu(s):  0.0 us,  0.0 sy,  0.0 ni,100.0 id,  0.0 wa,  0.0 hi,  0.0 si,  0.0 st 
MiB Mem :   7993.6 total,   4571.1 free,   2975.9 used,    842.4 buff/cache     
MiB Swap:   9017.6 total,   9017.6 free,      0.0 used.   5017.7 avail Mem 

    PID USER      PR  NI    VIRT    RES    SHR S  %CPU  %MEM     TIME+ COMMAND
     38 agent     30  10  169872  17132   8556 S   0.0   0.2   0:00.04 agent-l+

[2026-06-04 06:29:33]
top - 06:29:33 up  1:34,  0 user,  load average: 0.12, 0.25, 0.28
Tasks:   1 total,   0 running,   1 sleeping,   0 stopped,   0 zombie
%Cpu(s):  0.0 us,  0.0 sy,  0.0 ni,100.0 id,  0.0 wa,  0.0 hi,  0.0 si,  0.0 st 
MiB Mem :   7993.6 total,   4568.4 free,   2978.3 used,    842.6 buff/cache     
MiB Swap:   9017.6 total,   9017.6 free,      0.0 used.   5015.2 avail Mem 

    PID USER      PR  NI    VIRT    RES    SHR S  %CPU  %MEM     TIME+ COMMAND
     38 agent     30  10  169872  17132   8556 S   0.0   0.2   0:00.04 agent-l+

[2026-06-04 06:29:34]
top - 06:29:34 up  1:34,  0 user,  load average: 0.12, 0.25, 0.28
Tasks:   1 total,   0 running,   1 sleeping,   0 stopped,   0 zombie
%Cpu(s):  0.0 us,  0.0 sy,  0.0 ni,100.0 id,  0.0 wa,  0.0 hi,  0.0 si,  0.0 st 
MiB Mem :   7993.6 total,   4595.4 free,   2951.4 used,    842.6 buff/cache     
MiB Swap:   9017.6 total,   9017.6 free,      0.0 used.   5042.2 avail Mem 

    PID USER      PR  NI    VIRT    RES    SHR S  %CPU  %MEM     TIME+ COMMAND
     38 agent     30  10  169872  17132   8556 S   0.0   0.2   0:00.04 agent-l+

[2026-06-04 06:29:35]
top - 06:29:35 up  1:34,  0 user,  load average: 0.12, 0.25, 0.28
Tasks:   1 total,   0 running,   1 sleeping,   0 stopped,   0 zombie
%Cpu(s):  0.0 us,  0.0 sy,  0.0 ni,100.0 id,  0.0 wa,  0.0 hi,  0.0 si,  0.0 st 
MiB Mem :   7993.6 total,   4804.5 free,   2960.5 used,    624.4 buff/cache     
MiB Swap:   9017.6 total,   9017.6 free,      0.0 used.   5033.1 avail Mem 

    PID USER      PR  NI    VIRT    RES    SHR S  %CPU  %MEM     TIME+ COMMAND
     38 agent     30  10  169872  13772   5196 S   0.0   0.2   0:00.04 agent-l+

[2026-06-04 06:29:36]
top - 06:29:37 up  1:34,  0 user,  load average: 0.11, 0.25, 0.28
Tasks:   1 total,   0 running,   1 sleeping,   0 stopped,   0 zombie
%Cpu(s):  0.0 us,  0.0 sy,  0.0 ni,100.0 id,  0.0 wa,  0.0 hi,  0.0 si,  0.0 st 
MiB Mem :   7993.6 total,   4796.0 free,   2965.2 used,    628.2 buff/cache     
MiB Swap:   9017.6 total,   9017.6 free,      0.0 used.   5028.4 avail Mem 

    PID USER      PR  NI    VIRT    RES    SHR S  %CPU  %MEM     TIME+ COMMAND
     38 agent     30  10  169872  13772   5196 S   0.0   0.2   0:00.04 agent-l+

[2026-06-04 06:29:38]
top - 06:29:38 up  1:34,  0 user,  load average: 0.11, 0.25, 0.28
Tasks:   1 total,   0 running,   1 sleeping,   0 stopped,   0 zombie
%Cpu(s):  0.0 us,  0.0 sy,  0.0 ni,100.0 id,  0.0 wa,  0.0 hi,  0.0 si,  0.0 st 
MiB Mem :   7993.6 total,   4688.7 free,   2964.1 used,    736.7 buff/cache     
MiB Swap:   9017.6 total,   9017.6 free,      0.0 used.   5029.4 avail Mem 

    PID USER      PR  NI    VIRT    RES    SHR S  %CPU  %MEM     TIME+ COMMAND
     38 agent     30  10  169872  13772   5196 S   0.0   0.2   0:00.04 agent-l+

[2026-06-04 06:29:39]
top - 06:29:39 up  1:34,  0 user,  load average: 0.11, 0.25, 0.28
Tasks:   1 total,   0 running,   1 sleeping,   0 stopped,   0 zombie
%Cpu(s):  0.0 us,  0.0 sy,  0.0 ni,100.0 id,  0.0 wa,  0.0 hi,  0.0 si,  0.0 st 
MiB Mem :   7993.6 total,   4644.8 free,   2968.2 used,    776.4 buff/cache     
MiB Swap:   9017.6 total,   9017.6 free,      0.0 used.   5025.4 avail Mem 

    PID USER      PR  NI    VIRT    RES    SHR S  %CPU  %MEM     TIME+ COMMAND
     38 agent     30  10  169872  13772   5196 S   0.0   0.2   0:00.04 agent-l+

[2026-06-04 06:29:40]
top - 06:29:40 up  1:34,  0 user,  load average: 0.11, 0.25, 0.28
Tasks:   1 total,   0 running,   1 sleeping,   0 stopped,   0 zombie
%Cpu(s):  0.0 us,  0.0 sy,  0.0 ni, 99.0 id,  1.0 wa,  0.0 hi,  0.0 si,  0.0 st 
MiB Mem :   7993.6 total,   4640.8 free,   2972.2 used,    776.5 buff/cache     
MiB Swap:   9017.6 total,   9017.6 free,      0.0 used.   5021.3 avail Mem 

    PID USER      PR  NI    VIRT    RES    SHR S  %CPU  %MEM     TIME+ COMMAND
     38 agent     30  10  169872  13772   5196 S   0.0   0.2   0:00.04 agent-l+

[2026-06-04 06:29:41]
top - 06:29:41 up  1:34,  0 user,  load average: 0.10, 0.24, 0.28
Tasks:   1 total,   0 running,   1 sleeping,   0 stopped,   0 zombie
%Cpu(s):  0.0 us,  0.0 sy,  0.0 ni,100.0 id,  0.0 wa,  0.0 hi,  0.0 si,  0.0 st 
MiB Mem :   7993.6 total,   4635.3 free,   2977.6 used,    776.5 buff/cache     
MiB Swap:   9017.6 total,   9017.6 free,      0.0 used.   5015.9 avail Mem 

    PID USER      PR  NI    VIRT    RES    SHR S  %CPU  %MEM     TIME+ COMMAND
     38 agent     30  10  169872  13772   5196 S   0.0   0.2   0:00.04 agent-l+

[2026-06-04 06:29:42]
top - 06:29:43 up  1:34,  0 user,  load average: 0.10, 0.24, 0.28
Tasks:   1 total,   0 running,   1 sleeping,   0 stopped,   0 zombie
%Cpu(s):  0.0 us,  0.0 sy,  0.0 ni,100.0 id,  0.0 wa,  0.0 hi,  0.0 si,  0.0 st 
MiB Mem :   7993.6 total,   4634.8 free,   2978.1 used,    776.5 buff/cache     
MiB Swap:   9017.6 total,   9017.6 free,      0.0 used.   5015.5 avail Mem 

    PID USER      PR  NI    VIRT    RES    SHR S  %CPU  %MEM     TIME+ COMMAND
     38 agent     30  10  169872  13772   5196 S   0.0   0.2   0:00.04 agent-l+

[2026-06-04 06:29:44]
top - 06:29:44 up  1:34,  0 user,  load average: 0.10, 0.24, 0.28
Tasks:   1 total,   0 running,   1 sleeping,   0 stopped,   0 zombie
%Cpu(s):  1.0 us,  1.0 sy,  0.0 ni, 98.1 id,  0.0 wa,  0.0 hi,  0.0 si,  0.0 st 
MiB Mem :   7993.6 total,   4641.7 free,   2959.5 used,    788.2 buff/cache     
MiB Swap:   9017.6 total,   9017.6 free,      0.0 used.   5034.0 avail Mem 

    PID USER      PR  NI    VIRT    RES    SHR S  %CPU  %MEM     TIME+ COMMAND
     38 agent     30  10  169872  13772   5196 S   0.0   0.2   0:00.04 agent-l+

[2026-06-04 06:29:45]
top - 06:29:45 up  1:34,  0 user,  load average: 0.10, 0.24, 0.28
Tasks:   1 total,   0 running,   1 sleeping,   0 stopped,   0 zombie
%Cpu(s):  0.0 us,  1.0 sy,  0.0 ni, 99.0 id,  0.0 wa,  0.0 hi,  0.0 si,  0.0 st 
MiB Mem :   7993.6 total,   4622.7 free,   2961.2 used,    805.8 buff/cache     
MiB Swap:   9017.6 total,   9017.6 free,      0.0 used.   5032.4 avail Mem 

    PID USER      PR  NI    VIRT    RES    SHR S  %CPU  %MEM     TIME+ COMMAND
     38 agent     30  10  169872  13772   5196 S   0.0   0.2   0:00.04 agent-l+

[2026-06-04 06:29:46]
top - 06:29:46 up  1:34,  0 user,  load average: 0.09, 0.24, 0.28
Tasks:   1 total,   0 running,   1 sleeping,   0 stopped,   0 zombie
%Cpu(s):  0.0 us,  0.0 sy,  0.0 ni,100.0 id,  0.0 wa,  0.0 hi,  0.0 si,  0.0 st 
MiB Mem :   7993.6 total,   4621.0 free,   2962.1 used,    806.6 buff/cache     
MiB Swap:   9017.6 total,   9017.6 free,      0.0 used.   5031.5 avail Mem 

    PID USER      PR  NI    VIRT    RES    SHR S  %CPU  %MEM     TIME+ COMMAND
     38 agent     30  10  169872  13772   5196 S   0.0   0.2   0:00.04 agent-l+

[2026-06-04 06:29:47]
top - 06:29:47 up  1:34,  0 user,  load average: 0.09, 0.24, 0.28
Tasks:   1 total,   0 running,   1 sleeping,   0 stopped,   0 zombie
%Cpu(s):  0.0 us,  1.0 sy,  0.0 ni, 99.0 id,  0.0 wa,  0.0 hi,  0.0 si,  0.0 st 
MiB Mem :   7993.6 total,   4618.6 free,   2959.2 used,    811.9 buff/cache     
MiB Swap:   9017.6 total,   9017.6 free,      0.0 used.   5034.4 avail Mem 

    PID USER      PR  NI    VIRT    RES    SHR S  %CPU  %MEM     TIME+ COMMAND
     38 agent     30  10  169872  13772   5196 S   0.0   0.2   0:00.04 agent-l+

[2026-06-04 06:29:48]
top - 06:29:49 up  1:34,  0 user,  load average: 0.09, 0.24, 0.28
Tasks:   1 total,   0 running,   1 sleeping,   0 stopped,   0 zombie
%Cpu(s):  6.8 us,  1.9 sy,  0.0 ni, 90.3 id,  0.0 wa,  0.0 hi,  1.0 si,  0.0 st 
MiB Mem :   7993.6 total,   4592.2 free,   2981.2 used,    816.0 buff/cache     
MiB Swap:   9017.6 total,   9017.6 free,      0.0 used.   5012.4 avail Mem 

    PID USER      PR  NI    VIRT    RES    SHR S  %CPU  %MEM     TIME+ COMMAND
     38 agent     30  10  169872  13772   5196 S   0.0   0.2   0:00.04 agent-l+

[2026-06-04 06:29:50]
top - 06:29:50 up  1:34,  0 user,  load average: 0.09, 0.24, 0.28
Tasks:   1 total,   0 running,   1 sleeping,   0 stopped,   0 zombie
%Cpu(s):  0.0 us,  0.0 sy,  0.0 ni,100.0 id,  0.0 wa,  0.0 hi,  0.0 si,  0.0 st 
MiB Mem :   7993.6 total,   4576.4 free,   2973.0 used,    840.1 buff/cache     
MiB Swap:   9017.6 total,   9017.6 free,      0.0 used.   5020.5 avail Mem 

    PID USER      PR  NI    VIRT    RES    SHR S  %CPU  %MEM     TIME+ COMMAND
     38 agent     30  10  169872  13772   5196 S   0.0   0.2   0:00.04 agent-l+

[2026-06-04 06:29:51]
top - 06:29:51 up  1:34,  0 user,  load average: 0.08, 0.23, 0.27
Tasks:   1 total,   0 running,   1 sleeping,   0 stopped,   0 zombie
%Cpu(s):  4.8 us,  1.0 sy,  0.0 ni, 94.3 id,  0.0 wa,  0.0 hi,  0.0 si,  0.0 st 
MiB Mem :   7993.6 total,   4568.8 free,   2980.4 used,    840.1 buff/cache     
MiB Swap:   9017.6 total,   9017.6 free,      0.0 used.   5013.1 avail Mem 

    PID USER      PR  NI    VIRT    RES    SHR S  %CPU  %MEM     TIME+ COMMAND
     38 agent     30  10  169872  13772   5196 S   0.0   0.2   0:00.04 agent-l+

[2026-06-04 06:29:52]
top - 06:29:52 up  1:34,  0 user,  load average: 0.08, 0.23, 0.27
Tasks:   1 total,   0 running,   1 sleeping,   0 stopped,   0 zombie
%Cpu(s):  0.0 us,  0.0 sy,  0.0 ni,100.0 id,  0.0 wa,  0.0 hi,  0.0 si,  0.0 st 
MiB Mem :   7993.6 total,   4567.9 free,   2981.4 used,    840.1 buff/cache     
MiB Swap:   9017.6 total,   9017.6 free,      0.0 used.   5012.1 avail Mem 

    PID USER      PR  NI    VIRT    RES    SHR S  %CPU  %MEM     TIME+ COMMAND
     38 agent     30  10  169872  13772   5196 S   0.0   0.2   0:00.04 agent-l+

[2026-06-04 06:29:53]
top - 06:29:54 up  1:34,  0 user,  load average: 0.08, 0.23, 0.27
Tasks:   1 total,   0 running,   1 sleeping,   0 stopped,   0 zombie
%Cpu(s):  0.0 us,  0.0 sy,  0.0 ni,100.0 id,  0.0 wa,  0.0 hi,  0.0 si,  0.0 st 
MiB Mem :   7993.6 total,   4573.1 free,   2976.2 used,    840.1 buff/cache     
MiB Swap:   9017.6 total,   9017.6 free,      0.0 used.   5017.4 avail Mem 

    PID USER      PR  NI    VIRT    RES    SHR S  %CPU  %MEM     TIME+ COMMAND
     38 agent     30  10  169872  13772   5196 S   0.0   0.2   0:00.04 agent-l+

[2026-06-04 06:29:55]
top - 06:29:55 up  1:34,  0 user,  load average: 0.08, 0.23, 0.27
Tasks:   1 total,   0 running,   1 sleeping,   0 stopped,   0 zombie
%Cpu(s):  0.0 us,  0.0 sy,  0.0 ni,100.0 id,  0.0 wa,  0.0 hi,  0.0 si,  0.0 st 
MiB Mem :   7993.6 total,   4595.5 free,   2953.7 used,    840.2 buff/cache     
MiB Swap:   9017.6 total,   9017.6 free,      0.0 used.   5039.9 avail Mem 

    PID USER      PR  NI    VIRT    RES    SHR S  %CPU  %MEM     TIME+ COMMAND
     38 agent     30  10  169872  13772   5196 S   0.0   0.2   0:00.04 agent-l+

[2026-06-04 06:29:56]
top - 06:29:56 up  1:34,  0 user,  load average: 0.16, 0.25, 0.28
Tasks:   1 total,   0 running,   1 sleeping,   0 stopped,   0 zombie
%Cpu(s):  0.0 us,  0.0 sy,  0.0 ni,100.0 id,  0.0 wa,  0.0 hi,  0.0 si,  0.0 st 
MiB Mem :   7993.6 total,   4591.9 free,   2957.1 used,    840.4 buff/cache     
MiB Swap:   9017.6 total,   9017.6 free,      0.0 used.   5036.5 avail Mem 

    PID USER      PR  NI    VIRT    RES    SHR S  %CPU  %MEM     TIME+ COMMAND
     38 agent     30  10  169872  13772   5196 S   0.0   0.2   0:00.04 agent-l+

[2026-06-04 06:29:57]
top - 06:29:57 up  1:34,  0 user,  load average: 0.16, 0.25, 0.28
Tasks:   1 total,   0 running,   1 sleeping,   0 stopped,   0 zombie
%Cpu(s):  0.0 us,  1.0 sy,  0.0 ni, 99.0 id,  0.0 wa,  0.0 hi,  0.0 si,  0.0 st 
MiB Mem :   7993.6 total,   4588.8 free,   2960.2 used,    840.4 buff/cache     
MiB Swap:   9017.6 total,   9017.6 free,      0.0 used.   5033.4 avail Mem 

    PID USER      PR  NI    VIRT    RES    SHR S  %CPU  %MEM     TIME+ COMMAND
     38 agent     30  10  169872  13772   5196 S   0.0   0.2   0:00.04 agent-l+

[2026-06-04 06:29:58]
top - 06:29:58 up  1:34,  0 user,  load average: 0.16, 0.25, 0.28
Tasks:   1 total,   0 running,   1 sleeping,   0 stopped,   0 zombie
%Cpu(s):  1.0 us,  0.0 sy,  0.0 ni, 98.0 id,  0.0 wa,  0.0 hi,  1.0 si,  0.0 st 
MiB Mem :   7993.6 total,   4573.5 free,   2973.7 used,    842.2 buff/cache     
MiB Swap:   9017.6 total,   9017.6 free,      0.0 used.   5019.8 avail Mem 

    PID USER      PR  NI    VIRT    RES    SHR S  %CPU  %MEM     TIME+ COMMAND
     38 agent     30  10  169872  13772   5196 S   0.0   0.2   0:00.04 agent-l+

[2026-06-04 06:29:59]
top - 06:30:00 up  1:34,  0 user,  load average: 0.16, 0.25, 0.28
Tasks:   1 total,   0 running,   1 sleeping,   0 stopped,   0 zombie
%Cpu(s):  0.0 us,  0.0 sy,  0.0 ni,100.0 id,  0.0 wa,  0.0 hi,  0.0 si,  0.0 st 
MiB Mem :   7993.6 total,   4579.4 free,   2967.6 used,    842.4 buff/cache     
MiB Swap:   9017.6 total,   9017.6 free,      0.0 used.   5025.9 avail Mem 

    PID USER      PR  NI    VIRT    RES    SHR S  %CPU  %MEM     TIME+ COMMAND
     38 agent     30  10  169872  13772   5196 S   0.0   0.2   0:00.04 agent-l+

[2026-06-04 06:30:01]
top - 06:30:01 up  1:35,  0 user,  load average: 0.14, 0.24, 0.28
Tasks:   1 total,   0 running,   1 sleeping,   0 stopped,   0 zombie
%Cpu(s):  0.0 us,  0.0 sy,  0.0 ni,100.0 id,  0.0 wa,  0.0 hi,  0.0 si,  0.0 st 
MiB Mem :   7993.6 total,   4577.5 free,   2969.3 used,    842.6 buff/cache     
MiB Swap:   9017.6 total,   9017.6 free,      0.0 used.   5024.2 avail Mem 

    PID USER      PR  NI    VIRT    RES    SHR S  %CPU  %MEM     TIME+ COMMAND
     38 agent     30  10  169872  13772   5196 S   0.0   0.2   0:00.04 agent-l+

[2026-06-04 06:30:02]
top - 06:30:02 up  1:35,  0 user,  load average: 0.14, 0.24, 0.28
Tasks:   1 total,   0 running,   1 sleeping,   0 stopped,   0 zombie
%Cpu(s):  0.0 us,  1.0 sy,  0.0 ni, 99.0 id,  0.0 wa,  0.0 hi,  0.0 si,  0.0 st 
MiB Mem :   7993.6 total,   4573.1 free,   2973.6 used,    842.9 buff/cache     
MiB Swap:   9017.6 total,   9017.6 free,      0.0 used.   5020.0 avail Mem 

    PID USER      PR  NI    VIRT    RES    SHR S  %CPU  %MEM     TIME+ COMMAND
     38 agent     30  10  169872  13772   5196 S   0.0   0.2   0:00.04 agent-l+

[2026-06-04 06:30:03]
top - 06:30:03 up  1:35,  0 user,  load average: 0.14, 0.24, 0.28
Tasks:   1 total,   0 running,   1 sleeping,   0 stopped,   0 zombie
%Cpu(s):  0.0 us,  0.9 sy,  0.0 ni, 99.1 id,  0.0 wa,  0.0 hi,  0.0 si,  0.0 st 
MiB Mem :   7993.6 total,   4569.7 free,   2974.6 used,    845.1 buff/cache     
MiB Swap:   9017.6 total,   9017.6 free,      0.0 used.   5018.9 avail Mem 

    PID USER      PR  NI    VIRT    RES    SHR S  %CPU  %MEM     TIME+ COMMAND
     38 agent     30  10  169872  13772   5196 S   0.0   0.2   0:00.04 agent-l+

[2026-06-04 06:30:04]
top - 06:30:04 up  1:35,  0 user,  load average: 0.14, 0.24, 0.28
Tasks:   1 total,   0 running,   1 sleeping,   0 stopped,   0 zombie
%Cpu(s):  0.0 us,  0.0 sy,  0.0 ni, 99.0 id,  0.0 wa,  0.0 hi,  1.0 si,  0.0 st 
MiB Mem :   7993.6 total,   4595.4 free,   2948.9 used,    845.1 buff/cache     
MiB Swap:   9017.6 total,   9017.6 free,      0.0 used.   5044.6 avail Mem 

    PID USER      PR  NI    VIRT    RES    SHR S  %CPU  %MEM     TIME+ COMMAND
     38 agent     30  10  169872  13772   5196 S   0.0   0.2   0:00.04 agent-l+

[2026-06-04 06:30:05]
top - 06:30:06 up  1:35,  0 user,  load average: 0.14, 0.24, 0.28
Tasks:   1 total,   0 running,   1 sleeping,   0 stopped,   0 zombie
%Cpu(s):  0.0 us,  0.0 sy,  0.0 ni, 99.0 id,  0.0 wa,  0.0 hi,  1.0 si,  0.0 st 
MiB Mem :   7993.6 total,   4593.2 free,   2951.1 used,    845.2 buff/cache     
MiB Swap:   9017.6 total,   9017.6 free,      0.0 used.   5042.5 avail Mem 

    PID USER      PR  NI    VIRT    RES    SHR S  %CPU  %MEM     TIME+ COMMAND
     38 agent     30  10  169872  13772   5196 S   0.0   0.2   0:00.04 agent-l+

[2026-06-04 06:30:07]
top - 06:30:07 up  1:35,  0 user,  load average: 0.13, 0.24, 0.27
Tasks:   1 total,   0 running,   1 sleeping,   0 stopped,   0 zombie
%Cpu(s):  3.9 us,  2.0 sy,  0.0 ni, 93.1 id,  0.0 wa,  0.0 hi,  1.0 si,  0.0 st 
MiB Mem :   7993.6 total,   4588.8 free,   2955.1 used,    845.5 buff/cache     
MiB Swap:   9017.6 total,   9017.6 free,      0.0 used.   5038.5 avail Mem 

    PID USER      PR  NI    VIRT    RES    SHR S  %CPU  %MEM     TIME+ COMMAND
     38 agent     30  10  169872  13772   5196 S   0.0   0.2   0:00.04 agent-l+

[2026-06-04 06:30:08]
top - 06:30:08 up  1:35,  0 user,  load average: 0.13, 0.24, 0.27
Tasks:   1 total,   0 running,   1 sleeping,   0 stopped,   0 zombie
%Cpu(s):  0.0 us,  0.0 sy,  0.0 ni,100.0 id,  0.0 wa,  0.0 hi,  0.0 si,  0.0 st 
MiB Mem :   7993.6 total,   4588.6 free,   2955.2 used,    845.5 buff/cache     
MiB Swap:   9017.6 total,   9017.6 free,      0.0 used.   5038.3 avail Mem 

    PID USER      PR  NI    VIRT    RES    SHR S  %CPU  %MEM     TIME+ COMMAND
     38 agent     30  10  169872  13772   5196 S   0.0   0.2   0:00.04 agent-l+

[2026-06-04 06:30:09]
top - 06:30:09 up  1:35,  0 user,  load average: 0.13, 0.24, 0.27
Tasks:   1 total,   0 running,   1 sleeping,   0 stopped,   0 zombie
%Cpu(s):  0.9 us,  1.9 sy,  0.0 ni, 96.3 id,  0.0 wa,  0.0 hi,  0.9 si,  0.0 st 
MiB Mem :   7993.6 total,   4549.5 free,   2974.9 used,    865.1 buff/cache     
MiB Swap:   9017.6 total,   9017.6 free,      0.0 used.   5018.7 avail Mem 

    PID USER      PR  NI    VIRT    RES    SHR S  %CPU  %MEM     TIME+ COMMAND
     38 agent     30  10  169872  13772   5196 S   0.0   0.2   0:00.04 agent-l+

[2026-06-04 06:30:10]
top - 06:30:11 up  1:35,  0 user,  load average: 0.13, 0.24, 0.27
Tasks:   1 total,   0 running,   1 sleeping,   0 stopped,   0 zombie
%Cpu(s):  0.0 us,  0.0 sy,  0.0 ni,100.0 id,  0.0 wa,  0.0 hi,  0.0 si,  0.0 st 
MiB Mem :   7993.6 total,   4544.5 free,   2979.6 used,    865.3 buff/cache     
MiB Swap:   9017.6 total,   9017.6 free,      0.0 used.   5013.9 avail Mem 

    PID USER      PR  NI    VIRT    RES    SHR S  %CPU  %MEM     TIME+ COMMAND
     38 agent     30  10  169872  13772   5196 S   0.0   0.2   0:00.04 agent-l+

